
ROM used:   624/32768 (2%)
            624/32768 (2%) including unused fragments

            0.4 Average locations per line
            2.2 Average locations per statement

RAM used:   33/2048 (2%) at main() level
            53/2048 (3%) worst case

Stack used: 0 worst case (0 in main + 0 for interrupts)
Stack size: 31

Lines Stmts  %   Files
----- ----- ---  -----
   47    40  14  BT312.c
  703   244  86  TV_PICKIT2_SHIFT_1.c
  852     0   0  ..\..\..\..\MPLABX\PICC\Devices\18F4550.H
  168     0   0  ..\..\..\..\MPLABX\PICC\Drivers\stdint.h
----- -----
 1770   284 Total

Page ROM  %  RAM    Vol Diff  Functions:
---- --- --- ---    --- ----  ----------
0     38   3    1             @delay_ms1
0     42   3    3    271  4.3  XUAT_1BYTE
0     44   4    4    231  2.3  XUAT_32LED_DON_4BYTE
0     36   3    8    245  3.1  XUAT_32LED_DON_2WORD
0     30   2    0    152  1.8  SET_UP_PORT_IC_CHOT
0     48   4    0    119  1.7  MO_IC_74573_A_THONG_DL
0    148  12    5    430  7.5  left_to_right_reserver
0    146  12    5    428  7.0  right_to_left_reserver
0     88   7    0     70  1.9  MAIN
 Inline         0             @cinit1

Program metrics:
    Functions               8
    Statements              284
    Comments                358
    Volume (V)              3051
    Difficulty (D)          29.6
    Effort to implement (E) 90280
    Time to implement (T)   1 hours, 24 minutes
    Est Delivered Bugs (B)  1
    Cyclomatic Complexity   9
    Maintainability (MI)    42

 Segment     Used  Free
-----------  ----  ----
00000-00002     4  0  
00004-07FFE   620  32144  



