CCS PCH C Compiler, Version 5.078, 43599               19-Oct-20 15:39

               Filename:   D:\Document\TTVXL\TH_VDK_PIC_N1_SANG_THU_2\WEEK4\422\422.lst

               ROM used:   2322 bytes (7%)
                           Largest free fragment is 30446
               RAM used:   98 (5%) at main() level
                           123 (6%) worst case
               Stack used: 5 locations
               Stack size: 31

*
0000:  GOTO   06F6
.................... #include "TV_PICKIT2_SHIFT_1.c" 
.................... #include    <18f4550.h> 
.................... //////////// Standard Header file for the PIC18F4550 device //////////////// 
.................... /////////////////////////////////////////////////////////////////////////// 
.................... ////        (C) Copyright 1996, 2014 Custom Computer Services          //// 
.................... //// This source code may only be used by licensed users of the CCS C  //// 
.................... //// compiler.  This source code may only be distributed to other      //// 
.................... //// licensed users of the CCS C compiler.  No other use, reproduction //// 
.................... //// or distribution is permitted without written permission.          //// 
.................... //// Derivative programs created using this software in object code    //// 
.................... //// form are not restricted in any way.                               //// 
.................... /////////////////////////////////////////////////////////////////////////// 
.................... #device PIC18F4550 
0004:  CLRF   FF7
0006:  ADDLW  14
0008:  MOVWF  FF6
000A:  MOVLW  00
000C:  ADDWFC FF7,F
000E:  TBLRD*+
0010:  MOVF   FF5,W
0012:  RETURN 0
0014:  DATA C0,F9
0016:  DATA A4,B0
0018:  DATA 99,92
001A:  DATA 82,F8
001C:  DATA 80,90
001E:  DATA 88,83
0020:  DATA C6,A1
0022:  DATA 86,8E
0024:  CLRF   FF7
0026:  ADDLW  34
0028:  MOVWF  FF6
002A:  MOVLW  00
002C:  ADDWFC FF7,F
002E:  TBLRD*+
0030:  MOVF   FF5,W
0032:  RETURN 0
0034:  DATA 7F,BF
0036:  DATA DF,EF
0038:  DATA F7,FB
003A:  DATA FD,FE
*
00B6:  CLRF   01
00B8:  CLRF   02
00BA:  CLRF   00
00BC:  CLRF   03
00BE:  MOVF   x69,W
00C0:  BNZ   00C6
00C2:  MOVF   x68,W
00C4:  BZ    00F6
00C6:  MOVLW  10
00C8:  MOVWF  x6A
00CA:  BCF    FD8.0
00CC:  RLCF   x66,F
00CE:  RLCF   x67,F
00D0:  RLCF   00,F
00D2:  RLCF   03,F
00D4:  MOVF   x69,W
00D6:  SUBWF  03,W
00D8:  BNZ   00DE
00DA:  MOVF   x68,W
00DC:  SUBWF  00,W
00DE:  BNC   00EE
00E0:  MOVF   x68,W
00E2:  SUBWF  00,F
00E4:  BTFSS  FD8.0
00E6:  DECF   03,F
00E8:  MOVF   x69,W
00EA:  SUBWF  03,F
00EC:  BSF    FD8.0
00EE:  RLCF   01,F
00F0:  RLCF   02,F
00F2:  DECFSZ x6A,F
00F4:  BRA    00CA
00F6:  RETURN 0
....................  
.................... #list 
....................  
.................... #device     adc=10 
.................... #fuses      nowdt,put,hs,noprotect,nolvp,cpudiv1 
.................... #use        delay(clock=20000000) 
*
005A:  CLRF   FEA
005C:  MOVLW  67
005E:  MOVWF  FE9
0060:  MOVF   FEF,W
0062:  BZ    007E
0064:  MOVLW  06
0066:  MOVWF  01
0068:  CLRF   00
006A:  DECFSZ 00,F
006C:  BRA    006A
006E:  DECFSZ 01,F
0070:  BRA    0068
0072:  MOVLW  7B
0074:  MOVWF  00
0076:  DECFSZ 00,F
0078:  BRA    0076
007A:  DECFSZ FEF,F
007C:  BRA    0064
007E:  RETURN 0
.................... #use        i2c(master,slow,sda=pin_b0,scl=pin_b1) 
....................  
.................... //#use        rs232(baud=9600, xmit=pin_c6,rcv=pin_c7) 
.................... //nut nhan: 
.................... #define  bt0     pin_b5 
.................... #define  bt1     pin_b4 
.................... #define  bt2     pin_b3 
.................... #define  bt3     pin_b2 
....................  
.................... #define  on      bt0       //dk led don, motor 
.................... #define  off     bt1 
.................... #define  inv     bt2 
....................  
.................... #define  up      bt0    //dk led don 
.................... #define  dw      bt1 
.................... #define  clr     bt2 
.................... #define  mod     bt3 
....................  
.................... #define  stop    bt3 
....................  
.................... #define  on1     bt0      
.................... #define  off1    bt1 
.................... #define  on2     bt2        
.................... #define  off2    bt3 
....................  
....................  
.................... #define     trigger      pin_e2 
.................... #define     echo         pin_e1 
.................... //   ic74138_a    pin_b6   //output giai ma 2 sang 4 tich cuc muc 0 
.................... //   ic74138_b    pin_b7   //output giai ma 2 sang 4 tich cuc muc 0 
....................  
.................... //          encoder  pin_c0   //rc0/t13cki 
....................  
.................... //          cb_kc    pin_a2   //ra2/an2 
.................... //          pir      pin_a3   //ra3/an3 
.................... //          cbxung   pin_a4   //ra4/t0cki 
.................... //          ledthu   pin_a4   //ra4/t0cki//sw802 
....................  
.................... //          cb_kcsa_trigger  pin_e2   //re2/sdo  dung chung 
.................... //          cb_kcsa_rcho     pin_e1   //re1 
....................  
.................... //          cb_tcs3200_out    pin_e1   //re1 //cam bien mau tcs3200 
.................... //          cb_tcs3200_s0     b12      //lay tu mbi5026 
.................... //          cb_tcs3200_s1     b13      //lay tu mbi5026 
.................... //          cb_tcs3200_s2     b14      //lay tu mbi5026 
.................... //          cb_tcs3200_s3     b15      //lay tu mbi5026 
....................  
.................... //          cb_power  sw803 
.................... //          cb_gas      ain3_pcf8591t   //re1 
.................... //          cb_quang    ain2_pcf8591t    
.................... //          cb_lm35b    ain1_pcf8591t   //ra1/an1 
.................... //          cb_lm35a    ain0_pcf8591t   //re1/an0 
....................  
.................... //xxxxxxxxxxxxxxxxxxxxxxxxxxxxxxxxxxxxxxxxxxxxxxxxx 
.................... #define      enable_573a      pin_d1         //cs0 cua a 
.................... #define      enable_573b      pin_d0         //cs1 cua b 
.................... //xxxxxxxxxxxxxxxxxxxxxxxxxxxxxxxxxxxxxxxxxxxxxxxxx 
.................... #define      ssdo             pin_e2         //chung tat ca 
.................... #define      ssck             pin_e0         //chung tat ca 
.................... //xxxxxxxxxxxxxxxxxxxxxxxxxxxxxxxxxxxxxxxxxxxxxxxxx 
.................... #define      rck_4led7doan    pin_d7         //a - 4 byte 
.................... #define      g_4led7doan      pin_d6         //a - 4 byte 
.................... //xxxxxxxxxxxxxxxxxxxxxxxxxxxxxxxxxxxxxxxxxxxx     
.................... #define      rck_matranled    pin_d7         //b - 3 byte dao 
.................... #define      g_matranled      pin_d6         //b - 3 byte dao 
.................... //xxxxxxxxxxxxxxxxxxxxxxxxxxxxxxxxxxxxxxxxxxxxxxxxx 
.................... #define      rck_32led        pin_d5         //a - 4 byte 
.................... #define      g_32led          pin_d4         //a - 4 byte 
.................... //xxxxxxxxxxxxxxxxxxxxxxxxxxxxxxxxxxxxxxxxxxxx  
.................... #define      rck_8ledquet     pin_d5         //b - 2 byte dao 
.................... #define      g_8ledquet       pin_d4         //b - 2 byte dao 
.................... //xxxxxxxxxxxxxxxxxxxxxxxxxxxxxxxxxxxxxxxxxxxxxxxxx 
.................... #define      rck_lcd20x4      pin_d3         //a - 2 byte dao 
.................... #define      g_lcd20x4         pin_d2         //a - 2 byte dao 
.................... //xxxxxxxxxxxxxxxxxxxxxxxxxxxxxxxxxxxxxxxxxxxx  
.................... #define      rck_buzerelay    pin_d3     //b - 1 byte  
.................... #define      g_buzerelay      pin_d2         //b - 1 byte  
....................  
.................... void xuat_lcd20x4(unsigned int8 lcd_signal,lcd_ins_hthi); 
....................  
.................... void xuat_buzzer_relay(); 
.................... //xxxxxxxxxxxxxxxxxxxxxxxxxxxxxxxxxxxxxxxxxxxx    
.................... #define     chot_2_ic_74573_a_b  output_d(0xfc) 
....................  
.................... unsigned int8 tin_hieu_dk_74573_a; 
.................... #bit g_4a         = tin_hieu_dk_74573_a.6 
.................... #bit g_32a        = tin_hieu_dk_74573_a.4 
.................... #bit g_lcda       = tin_hieu_dk_74573_a.2 
.................... //xxxxxxxxxxxxxxxxxxxxxxxxxxxxxxxxxxxxxxxxxxxx          
.................... #define     mo_32_led_don        g_32a=0; //output_low(g_32led)  
.................... #define     tat_32_led_don       g_32a=1; //output_high(g_32led)  
.................... //xxxxxxxxxxxxxxxxxxxxxxxxxxxxxxxxxxxxxxxxxxxx          
.................... #define     mo_4_led_7doan       g_4a=0;  //output_low(g_4led7doan) 
.................... #define     tat_4_led_7doan      g_4a=1;  //output_high(g_4led7doan) 
.................... //xxxxxxxxxxxxxxxxxxxxxxxxxxxxxxxxxxxxxxxxxxxx  
.................... #define     mo_glcd_lcd           g_lcda=0;   //output_low(g_lcd20x4) 
.................... #define     tat_glcd_lcd          g_lcda=1;   // output_low(g_lcd20x4) 
....................  
.................... unsigned int8 tin_hieu_dk_74573_b;   
.................... #bit g_mtb        = tin_hieu_dk_74573_b.6 
.................... #bit g_8b         = tin_hieu_dk_74573_b.4 
.................... #bit g_rbdcb      = tin_hieu_dk_74573_b.2 
.................... //xxxxxxxxxxxxxxxxxxxxxxxxxxxxxxxxxxxxxxxxxxxx  
.................... #define     mo_led_matran        g_mtb=0; //output_low(g_matranled) 
.................... #define     tat_led_matran       g_mtb=1; //output_low(g_matranled) 
.................... //xxxxxxxxxxxxxxxxxxxxxxxxxxxxxxxxxxxxxxxxxxxx        
.................... #define     mo_8_led_quet        g_8b=0;  //output_low(g_8ledquet) 
.................... #define     tat_8_led_quet       g_8b=1;  //output_low(g_8ledquet) 
.................... //xxxxxxxxxxxxxxxxxxxxxxxxxxxxxxxxxxxxxxxxxxxx          
.................... #define     mo_relay_buzzer_dc   g_rbdcb=0;  //output_low(g_buzerelay) 
.................... #define     tat_relay_buzzer_dc  g_rbdcb=1;  //output_low(g_buzerelay) 
....................  
.................... //xxxxxxxxxxxxxxxxxxxxxxxxxxxxxxxxxxxxxxxxxxxx 
.................... //chuong trinh kiem tra phim bt1 
.................... //xxxxxxxxxxxxxxxxxxxxxxxxxxxxxxxxxxxxxxxxxxxx 
.................... unsigned int8 dl_btn=0; 
.................... int1 phim_bt0(unsigned int16 dl) 
.................... {   
....................     if (!input(bt0)) 
....................     {   
....................       dl_btn++; 
....................        
....................       if (dl_btn>= dl) 
....................          { 
....................             dl_btn =0; 
....................             return(1); 
....................          } 
....................       else return(0); 
....................     } 
....................     else    return(0); 
.................... }  
.................... //xxxxxxxxxxxxxxxxxxxxxxxxxxxxxxxxxxxxxxxxxxxx 
.................... //chuong trinh kiem tra phim bt1 
.................... //xxxxxxxxxxxxxxxxxxxxxxxxxxxxxxxxxxxxxxxxxxxx 
.................... int1 phim_bt1(unsigned int16 dl ) 
.................... {   
....................     if (!input(bt1)) 
....................     {   
....................       dl_btn++; 
....................        
....................       if (dl_btn>= dl) 
....................          { 
....................             dl_btn =0; 
....................             return(1); 
....................          } 
....................       else return(0); 
....................     } 
....................     else    return(0); 
.................... }  
.................... //xxxxxxxxxxxxxxxxxxxxxxxxxxxxxxxxxxxxxxxxxxxx 
.................... //chuong trinh kiem tra phim bt2       
.................... //xxxxxxxxxxxxxxxxxxxxxxxxxxxxxxxxxxxxxxxxxxxx                                     
.................... int1 phim_bt2(unsigned int16 dl ) 
.................... {                                         
....................     if (!input(bt2)) 
....................     {   
....................       dl_btn++; 
....................        
....................       if (dl_btn>= dl) 
....................          { 
....................             dl_btn =0; 
....................             return(1); 
....................          } 
....................       else return(0); 
....................     } 
....................     else    return(0); 
....................                                           
.................... }       
....................  
.................... //xxxxxxxxxxxxxxxxxxxxxxxxxxxxxxxxxxxxxxxxxxxx 
.................... //chuong trinh kiem tra phim bt3 
.................... //xxxxxxxxxxxxxxxxxxxxxxxxxxxxxxxxxxxxxxxxxxxx 
.................... int1 phim_bt3(unsigned int16 dl,  unsigned int8 solan  ) 
.................... {   
....................     if (!input(bt3)) 
....................     {   
....................       dl_btn++; 
....................       if(dl_btn==1) return(1); 
....................       else 
....................       { 
....................          if (dl_btn>= dl) 
....................          dl_btn =solan; 
....................       } 
....................     } 
....................     else    
....................     { 
....................       //dl_btn =0; 
....................       return(0); 
....................     } 
.................... }  
.................... //xxxxxxxxxxxxxxxxxxxxxxxxxxxxxxxxxxxxxxxxxxxx 
.................... //khai bao du lieu 16 bit cho module relay, triac, buzzer, dong co 
.................... //xxxxxxxxxxxxxxxxxxxxxxxxxxxxxxxxxxxxxxxxxxxx 
.................... unsigned int16 rbdc; 
.................... #bit step_motor_enable  = rbdc.0    //1=ena,0=dis 
.................... #bit step_motor_in1     = rbdc.1     
.................... #bit step_motor_in2     = rbdc.2 
.................... #bit step_motor_in3     = rbdc.3 
.................... #bit step_motor_in4     = rbdc.4 
.................... #bit dc_enable          = rbdc.5    //1=ena,0=dis 
.................... #bit pwrkey             = rbdc.6    //khoi tao sim900 
....................  
.................... #bit buzzer             = rbdc.8    //1=on,0=off 
.................... #bit triac_1            = rbdc.9    //1=on,0=off 
.................... #bit triac_2            = rbdc.10   //1=on,0=off 
.................... #bit relay_1            = rbdc.11   //0=on,1=off 
.................... #bit relay_2            = rbdc.12   //0=on,1=off 
....................  
.................... //ham 103 
.................... //xxxxxxxxxxxxxxxxxxxxxxxxxxxxxxxxxxxxxxxxxxxx 
.................... //chuong trinh con khoi tao ic chot 
.................... //xxxxxxxxxxxxxxxxxxxxxxxxxxxxxxxxxxxxxxxxxxxx          
.................... #define     cho_ic_74573_a_goi_du_lieu     output_high(enable_573a) 
.................... #define     chot_ic_74573_a_goi_du_lieu    output_low(enable_573a) 
....................  
.................... #define     cho_ic_74573_b_goi_du_lieu     output_high(enable_573b) 
.................... #define     chot_ic_74573_b_goi_du_lieu    output_low(enable_573b) 
.................... void mo_ic_74573_a_thong_dl(); 
....................  
.................... //xxxxxxxxxxxxxxxxxxxxxxxxxxxxxxxxxxxxxxxxxxxx    
.................... const unsigned char ma7doan[16]= {0xc0,0xf9,0xa4,0xb0,0x99,0x92,0x82,0xf8, 
.................... 0x80,0x90,0x88, 0x83, 0xc6, 0xa1, 0x86, 0x8e}; 
.................... #define     maso0    0xc0 
.................... #define     maso1    0xf9 
.................... #define     maso2    0xa4 
.................... #define     maso3    0xb0 
.................... #define     maso4    0x99 
.................... #define     maso5    0x92 
.................... #define     maso6    0x82 
.................... #define     maso7    0xf8 
....................  
.................... //xxxxxxxxxxxxxxxxxxxxxxxxxxxxxxxxxxxxxxxxxxxx  
.................... //ham 102 
.................... //xxxxxxxxxxxxxxxxxxxxxxxxxxxxxxxxxxxxxxxxxxxx     
.................... //xuat 1 byte ra thanh ghi dich 
.................... //xxxxxxxxxxxxxxxxxxxxxxxxxxxxxxxxxxxxxxxxxxxx     
.................... void xuat_1byte(unsigned int8 bytexuat) 
.................... { 
....................    unsigned int8   sb,x;    
....................    #bit bseri  = x.7 
....................    x = bytexuat; 
*
00F8:  MOVFF  78,7A
....................    for (sb=0;sb<8;sb++) 
00FC:  CLRF   x79
00FE:  MOVF   x79,W
0100:  SUBLW  07
0102:  BNC   0120
....................       {                                                  
....................          output_bit(ssdo,bseri);     
0104:  BTFSC  x7A.7
0106:  BRA    010C
0108:  BCF    F8D.2
010A:  BRA    010E
010C:  BSF    F8D.2
010E:  BCF    F96.2
....................          output_low(ssck); output_high(ssck); 
0110:  BCF    F96.0
0112:  BCF    F8D.0
0114:  BCF    F96.0
0116:  BSF    F8D.0
....................          x= x<<1;          
0118:  BCF    FD8.0
011A:  RLCF   x7A,F
011C:  INCF   x79,F
011E:  BRA    00FE
....................      } 
0120:  RETURN 0
.................... } 
.................... //xxxxxxxxxxxxxxxxxxxxxxxxxxxxxxxxxxxxxxxxxxxx  
.................... //ham 301 
.................... //xxxxxxxxxxxxxxxxxxxxxxxxxxxxxxxxxxxxxxxxxxxx 
.................... //chuong trinh con xuat 4 byte ra 32 led don 
.................... //xxxxxxxxxxxxxxxxxxxxxxxxxxxxxxxxxxxxxxxxxxxx 
.................... void xuat_32led_don_4byte(unsigned int8 bld3,bld2,bld1,bld0) 
.................... {      
....................       xuat_1byte(bld3);           
*
027C:  MOVFF  74,78
0280:  RCALL  00F8
....................       xuat_1byte(bld2); 
0282:  MOVFF  75,78
0286:  RCALL  00F8
....................       xuat_1byte(bld1);           
0288:  MOVFF  76,78
028C:  RCALL  00F8
....................       xuat_1byte(bld0);             
028E:  MOVFF  77,78
0292:  RCALL  00F8
....................       mo_32_led_don;       
0294:  BCF    04.4
....................       mo_ic_74573_a_thong_dl();             
0296:  RCALL  0122
....................       output_high(rck_32led);    output_low(rck_32led); 
0298:  BCF    F95.5
029A:  BSF    F8C.5
029C:  BCF    F95.5
029E:  BCF    F8C.5
....................       chot_ic_74573_a_goi_du_lieu;       
02A0:  BCF    F95.1
02A2:  BCF    F8C.1
02A4:  GOTO   02CA (RETURN)
.................... } 
.................... //ham 302 
.................... //xxxxxxxxxxxxxxxxxxxxxxxxxxxxxxxxxxxxxxxxxxxx 
.................... //chuong trinh con xuat 2 word 16 bitra 32 led don 
.................... //xxxxxxxxxxxxxxxxxxxxxxxxxxxxxxxxxxxxxxxxxxxx 
.................... void xuat_32led_don_2word(unsigned int16 wld1, unsigned int16 wld0) 
.................... {      
....................      unsigned int8  b3,b2,b1,b0; 
....................      b3 = wld1>>8;  b2 = wld1;  
02A8:  MOVFF  6D,70
02AC:  MOVFF  6C,71
....................      b1 = wld0>>8;  b0 = wld0; 
02B0:  MOVFF  6F,72
02B4:  MOVFF  6E,73
....................      xuat_32led_don_4byte(b3,b2,b1,b0); 
02B8:  MOVFF  70,74
02BC:  MOVFF  71,75
02C0:  MOVFF  72,76
02C4:  MOVFF  73,77
02C8:  BRA    027C
02CA:  RETURN 0
.................... } 
.................... //ham 303 
.................... //xxxxxxxxxxxxxxxxxxxxxxxxxxxxxxxxxxxxxxxxxxxx 
.................... //chuong trinh con xuat 1 double word ra 32 led don 
.................... //xxxxxxxxxxxxxxxxxxxxxxxxxxxxxxxxxxxxxxxxxxxx 
.................... void xuat_32led_don_1dw(unsigned long long dwld) 
.................... {      
....................      unsigned int16  wd1,wd0; 
....................      wd1 = dwld>>16;  wd0 = dwld; 
02CC:  MOVFF  66,68
02D0:  MOVFF  67,69
02D4:  MOVFF  65,6B
02D8:  MOVFF  64,6A
....................      xuat_32led_don_2word(wd1,wd0); 
02DC:  MOVFF  69,6D
02E0:  MOVFF  68,6C
02E4:  MOVFF  6B,6F
02E8:  MOVFF  6A,6E
02EC:  RCALL  02A8
02EE:  RETURN 0
.................... } 
....................  
.................... //ham 304 
.................... //xxxxxxxxxxxxxxxxxxxxxxxxxxxxxxxxxxxxxxxxxxxx 
.................... //chuong trinh con mo 32 led don sang 
.................... //xxxxxxxxxxxxxxxxxxxxxxxxxxxxxxxxxxxxxxxxxxxx 
.................... void mo_32led_don() 
.................... {         
....................      xuat_32led_don_1dw(0xffffffff); 
.................... } 
.................... //ham 305 
.................... //xxxxxxxxxxxxxxxxxxxxxxxxxxxxxxxxxxxxxxxxxxxx 
.................... //chuong trinh con tat 32 led don  
.................... //xxxxxxxxxxxxxxxxxxxxxxxxxxxxxxxxxxxxxxxxxxxx 
.................... void tat_32led_don() 
.................... {         
....................      xuat_32led_don_1dw(0); 
.................... } 
.................... //xxxxxxxxxxxxxxxxxxxxxxxxxxxxxxxxxxxxxxxxxxxx     
.................... //xuat 1 bit roi tra lai ket qua sau khi dich di 1 bit 
.................... //xxxxxxxxxxxxxxxxxxxxxxxxxxxxxxxxxxxxxxxxxxxx     
.................... unsigned  int8 xuat_1bit(unsigned int8 bytexuat) 
.................... { 
....................       unsigned int8   xbitx;    
....................       #bit bserix  = xbitx.0 
....................       xbitx = bytexuat; 
....................                                              
....................       output_bit(ssdo,bserix);     
....................       output_low(ssck); output_high(ssck); 
....................       xbitx= xbitx>>1;    
....................       return(xbitx);   
.................... } 
.................... //xxxxxxxxxxxxxxxxxxxxxxxxxxxxxxxxxxxxxxxxxxxx  
.................... //ham 101 
.................... //xxxxxxxxxxxxxxxxxxxxxxxxxxxxxxxxxxxxxxxxxxxx     
.................... //ham khoi tao cac port va ic chot 
.................... //xxxxxxxxxxxxxxxxxxxxxxxxxxxxxxxxxxxxxxxxxxxx     
....................    void set_up_port_ic_chot() 
.................... {      
....................       set_tris_d(0x00);     
*
003C:  MOVLW  00
003E:  MOVWF  F95
....................       set_tris_e(0x00); 
0040:  MOVWF  F96
....................       output_d(0xff); 
0042:  CLRF   F95
0044:  SETF   F8C
....................       tin_hieu_dk_74573_a=0xff;   
0046:  SETF   04
....................       tin_hieu_dk_74573_b=0xff;       
0048:  SETF   05
....................       chot_ic_74573_a_goi_du_lieu; 
004A:  BCF    F95.1
004C:  BCF    F8C.1
....................       chot_ic_74573_b_goi_du_lieu;   
004E:  BCF    F95.0
0050:  BCF    F8C.0
....................       rbdc=0; 
0052:  CLRF   08
0054:  CLRF   07
0056:  GOTO   07DC (RETURN)
.................... } 
.................... //ham 104 
.................... //xxxxxxxxxxxxxxxxxxxxxxxxxxxxxxxxxxxxxxxxxxxx     
.................... //xuat các thieu dieu khien  
.................... //giu nguyen cac trang thai cua 2 module khac 
.................... //xxxxxxxxxxxxxxxxxxxxxxxxxxxxxxxxxxxxxxxxxxxx     
.................... void mo_ic_74573_a_thong_dl() 
.................... {      
....................       output_d(0x00); 
*
0122:  CLRF   F95
0124:  CLRF   F8C
....................       output_bit(g_32led,g_32a); 
0126:  BTFSC  04.4
0128:  BRA    012E
012A:  BCF    F8C.4
012C:  BRA    0130
012E:  BSF    F8C.4
0130:  BCF    F95.4
....................       output_bit(g_4led7doan,g_4a); 
0132:  BTFSC  04.6
0134:  BRA    013A
0136:  BCF    F8C.6
0138:  BRA    013C
013A:  BSF    F8C.6
013C:  BCF    F95.6
....................       output_bit(g_lcd20x4,g_lcda);   
013E:  BTFSC  04.2
0140:  BRA    0146
0142:  BCF    F8C.2
0144:  BRA    0148
0146:  BSF    F8C.2
0148:  BCF    F95.2
....................       cho_ic_74573_a_goi_du_lieu; 
014A:  BCF    F95.1
014C:  BSF    F8C.1
014E:  RETURN 0
.................... } 
.................... void mo_ic_74573_b_thong_dl() 
.................... {      
....................       output_d(0x00); 
*
03BE:  CLRF   F95
03C0:  CLRF   F8C
....................       output_bit(g_matranled,g_mtb); 
03C2:  BTFSC  05.6
03C4:  BRA    03CA
03C6:  BCF    F8C.6
03C8:  BRA    03CC
03CA:  BSF    F8C.6
03CC:  BCF    F95.6
....................       output_bit(g_8ledquet,g_8b); 
03CE:  BTFSC  05.4
03D0:  BRA    03D6
03D2:  BCF    F8C.4
03D4:  BRA    03D8
03D6:  BSF    F8C.4
03D8:  BCF    F95.4
....................       output_bit(g_buzerelay,g_rbdcb);  
03DA:  BTFSC  05.2
03DC:  BRA    03E2
03DE:  BCF    F8C.2
03E0:  BRA    03E4
03E2:  BSF    F8C.2
03E4:  BCF    F95.2
....................       cho_ic_74573_b_goi_du_lieu; 
03E6:  BCF    F95.0
03E8:  BSF    F8C.0
03EA:  RETURN 0
.................... } 
.................... //ham 401 
.................... //xxxxxxxxxxxxxxxxxxxxxxxxxxxxxxxxxxxxxxxxxxxx 
.................... //chuong trinh con xuat 4 byte ra 4 led 7 doan 
.................... //xxxxxxxxxxxxxxxxxxxxxxxxxxxxxxxxxxxxxxxxxxxx 
.................... void xuat_4led_7doan_4so(unsigned int bl743,bl742,bl741,bl740) 
.................... {      
....................       xuat_1byte(bl740);   xuat_1byte(bl741); 
*
0150:  MOVFF  67,78
0154:  RCALL  00F8
0156:  MOVFF  66,78
015A:  RCALL  00F8
....................       xuat_1byte(bl742);   xuat_1byte(bl743); 
015C:  MOVFF  65,78
0160:  RCALL  00F8
0162:  MOVFF  64,78
0166:  RCALL  00F8
....................        
....................       mo_4_led_7doan; 
0168:  BCF    04.6
....................       mo_ic_74573_a_thong_dl(); 
016A:  RCALL  0122
....................         
....................       output_low(rck_4led7doan);   output_high(rck_4led7doan);  
016C:  BCF    F95.7
016E:  BCF    F8C.7
0170:  BCF    F95.7
0172:  BSF    F8C.7
....................       chot_ic_74573_a_goi_du_lieu; 
0174:  BCF    F95.1
0176:  BCF    F8C.1
0178:  GOTO   0278 (RETURN)
.................... } 
.................... //ham 404 
.................... void xuat_4led_7doan_3so(unsigned int bl742,bl741,bl740) 
.................... {      
....................      xuat_4led_7doan_4so(0xff,bl742,bl741,bl740); 
.................... } 
.................... //ham 403 
.................... void xuat_4led_7doan_2so(unsigned int bl741,bl740) 
.................... {      
....................      xuat_4led_7doan_4so(0xff,0xff,bl741,bl740); 
.................... } 
.................... //ham 402 
.................... void xuat_4led_7doan_1so(unsigned int bl740) 
.................... {      
....................      xuat_4led_7doan_4so(0xff,0xff,0xff,bl740); 
.................... } 
....................  
.................... //ham 405 
.................... //xxxxxxxxxxxxxxxxxxxxxxxxxxxxxxxxxxxxxxxxxxxxxxxxxxxxxxxxxxxxx 
.................... //chuong trinh con hien thi du lieu 16 bit tren 4 led 7 doan 
.................... //xxxxxxxxxxxxxxxxxxxxxxxxxxxxxxxxxxxxxxxxxxxxxxxxxxxxxxxxxxxxx 
.................... unsigned char donvi4,chuc4,tram4,ngan4; 
.................... void  xuat_4led_7doan_giaima_xoa_so0 (unsigned int16 tam) 
.................... {          
....................       donvi4 = ma7doan[tam %10];          
017C:  MOVFF  63,67
0180:  MOVFF  62,66
0184:  CLRF   x69
0186:  MOVLW  0A
0188:  MOVWF  x68
018A:  RCALL  00B6
018C:  MOVFF  00,64
0190:  MOVFF  03,65
0194:  MOVFF  03,03
0198:  MOVF   00,W
019A:  RCALL  0004
019C:  MOVWF  09
....................       chuc4  = ma7doan[tam/10%10]; 
019E:  MOVFF  63,67
01A2:  MOVFF  62,66
01A6:  CLRF   x69
01A8:  MOVLW  0A
01AA:  MOVWF  x68
01AC:  RCALL  00B6
01AE:  MOVFF  02,65
01B2:  MOVFF  01,64
01B6:  MOVFF  02,67
01BA:  MOVFF  01,66
01BE:  CLRF   x69
01C0:  MOVLW  0A
01C2:  MOVWF  x68
01C4:  RCALL  00B6
01C6:  MOVFF  00,64
01CA:  MOVFF  03,65
01CE:  MOVFF  03,03
01D2:  MOVF   00,W
01D4:  RCALL  0004
01D6:  MOVWF  0A
....................       tram4  = ma7doan[tam/100%10];  
01D8:  MOVFF  63,67
01DC:  MOVFF  62,66
01E0:  CLRF   x69
01E2:  MOVLW  64
01E4:  MOVWF  x68
01E6:  RCALL  00B6
01E8:  MOVFF  02,65
01EC:  MOVFF  01,64
01F0:  MOVFF  02,67
01F4:  MOVFF  01,66
01F8:  CLRF   x69
01FA:  MOVLW  0A
01FC:  MOVWF  x68
01FE:  RCALL  00B6
0200:  MOVFF  00,64
0204:  MOVFF  03,65
0208:  MOVFF  03,03
020C:  MOVF   00,W
020E:  RCALL  0004
0210:  MOVWF  0B
....................       ngan4  = ma7doan[tam/1000%10];        
0212:  MOVFF  63,67
0216:  MOVFF  62,66
021A:  MOVLW  03
021C:  MOVWF  x69
021E:  MOVLW  E8
0220:  MOVWF  x68
0222:  RCALL  00B6
0224:  MOVFF  02,65
0228:  MOVFF  01,64
022C:  MOVFF  02,67
0230:  MOVFF  01,66
0234:  CLRF   x69
0236:  MOVLW  0A
0238:  MOVWF  x68
023A:  RCALL  00B6
023C:  MOVFF  00,64
0240:  MOVFF  03,65
0244:  MOVFF  03,03
0248:  MOVF   00,W
024A:  RCALL  0004
024C:  MOVWF  0C
....................       if (ngan4==0xc0) 
024E:  MOVF   0C,W
0250:  SUBLW  C0
0252:  BNZ   0266
....................       { 
....................          ngan4=0xff; 
0254:  SETF   0C
....................          if (tram4==0xc0) 
0256:  MOVF   0B,W
0258:  SUBLW  C0
025A:  BNZ   0266
....................          { 
....................             tram4=0xff; 
025C:  SETF   0B
....................             if (chuc4==0xc0)   chuc4=0xff; 
025E:  MOVF   0A,W
0260:  SUBLW  C0
0262:  BNZ   0266
0264:  SETF   0A
....................          } 
....................       } 
....................       xuat_4led_7doan_4so(ngan4,tram4,chuc4,donvi4);    
0266:  MOVFF  0C,64
026A:  MOVFF  0B,65
026E:  MOVFF  0A,66
0272:  MOVFF  09,67
0276:  BRA    0150
0278:  GOTO   0826 (RETURN)
.................... } 
.................... unsigned int8 lcddata=0;  
.................... unsigned int8 lcdcontrol=0; 
.................... unsigned int8 glcddata=0; 
.................... unsigned int8 glcdcontrol=0;  
.................... //ham 701 
.................... //xxxxxxxxxxxxxxxxxxxxxxxxxxxxxxxxxxxxxxxxxxxxxxxxxxxxxxxxxxxxx 
.................... //chuong trinh con xuat du lieu 4 byte ra glcd va lcd 
.................... //xxxxxxxxxxxxxxxxxxxxxxxxxxxxxxxxxxxxxxxxxxxxxxxxxxxxxxxxxxxxx 
.................... void xuat_glcd_lcd() 
.................... {       
....................     xuat_1byte(glcdcontrol);              
....................     xuat_1byte(glcddata); 
....................     xuat_1byte(lcdcontrol);        
....................     xuat_1byte(lcddata);       
....................        
....................     mo_glcd_lcd; 
....................     mo_ic_74573_a_thong_dl();             
....................     output_high(rck_lcd20x4);      
....................     output_low(rck_lcd20x4); 
....................     chot_ic_74573_a_goi_du_lieu; 
.................... } 
.................... //ham 702 
.................... void xuat_lcd20x4(unsigned int8 lcd_signal,lcd_ins_hthi) 
.................... {      
....................     lcdcontrol = ~lcd_signal; 
....................     lcddata    = ~lcd_ins_hthi;       
....................     xuat_glcd_lcd(); 
.................... } 
.................... //ham 703 
.................... void xuat_glcd128x64(unsigned int8 glcd_signal,glcd_ins_hthi) 
.................... {      
....................     glcdcontrol = ~glcd_signal; 
....................     glcddata    = ~glcd_ins_hthi;      
....................     xuat_glcd_lcd(); 
.................... } 
.................... //ham 501 
.................... //xxxxxxxxxxxxxxxxxxxxxxxxxxxxxxxxxxxxxxxxxxxx 
.................... //chuong trinh con xuat 2 byte ra dk 1 led quet sang 
.................... //xxxxxxxxxxxxxxxxxxxxxxxxxxxxxxxxxxxxxxxxxxxx 
.................... void xuat_8led_7doan_quet_1(unsigned int ma,so_hthi) 
.................... {      
....................       xuat_1byte(~ma);   xuat_1byte(~so_hthi); 
*
041E:  MOVF   x68,W
0420:  MOVWF  x6A
0422:  COMF   x6A,F
0424:  MOVFF  6A,78
0428:  RCALL  00F8
042A:  MOVFF  69,6A
042E:  COMF   x6A,F
0430:  MOVFF  6A,78
0434:  RCALL  00F8
....................        
....................       mo_8_led_quet; 
0436:  BCF    05.4
....................       mo_ic_74573_b_thong_dl(); 
0438:  RCALL  03BE
....................        
....................       output_high(rck_8ledquet); output_low(rck_8ledquet); 
043A:  BCF    F95.5
043C:  BSF    F8C.5
043E:  BCF    F95.5
0440:  BCF    F8C.5
....................       chot_ic_74573_b_goi_du_lieu; 
0442:  BCF    F95.0
0444:  BCF    F8C.0
0446:  GOTO   0450 (RETURN)
.................... } 
.................... //ham 502 
.................... //xxxxxxxxxxxxxxxxxxxxxxxxxxxxxxxxxxxxxxxxxxxx 
.................... //chuong trinh con xuat 2 byte ra tat 8 led quet 
.................... //xxxxxxxxxxxxxxxxxxxxxxxxxxxxxxxxxxxxxxxxxxxx 
.................... void xuat_8led_7doan_quet_tat_led() 
.................... { 
....................    xuat_8led_7doan_quet_1(0xff,0xff); 
044A:  SETF   x68
044C:  SETF   x69
044E:  BRA    041E
0450:  GOTO   0480 (RETURN)
.................... } 
.................... //ham 503 
.................... //xxxxxxxxxxxxxxxxxxxxxxxxxxxxxxxxxxxxxxxxxxxx 
.................... //chuong trinh con hien thi led theo thu tu 
.................... //xxxxxxxxxxxxxxxxxxxxxxxxxxxxxxxxxxxxxxxxxxxx 
.................... const unsigned char ttledquet[8]= {0x7f,0xbf,0xdf,0xef,0xf7,0xfb,0xfd,0xfe}; 
.................... void xuat_8led_7doan_quet_2(unsigned int thutuled,so_hthi) 
.................... {          
....................       xuat_1byte(~ (ttledquet[thutuled]));   xuat_1byte(~so_hthi);      
*
03EC:  CLRF   03
03EE:  MOVF   x69,W
03F0:  RCALL  0024
03F2:  MOVWF  01
03F4:  MOVWF  x6B
03F6:  COMF   x6B,F
03F8:  MOVFF  6B,78
03FC:  RCALL  00F8
03FE:  MOVFF  6A,6B
0402:  COMF   x6B,F
0404:  MOVFF  6B,78
0408:  RCALL  00F8
....................       mo_8_led_quet; 
040A:  BCF    05.4
....................       mo_ic_74573_b_thong_dl(); 
040C:  RCALL  03BE
....................       output_high(rck_8ledquet); output_low(rck_8ledquet); 
040E:  BCF    F95.5
0410:  BSF    F8C.5
0412:  BCF    F95.5
0414:  BCF    F8C.5
....................       chot_ic_74573_b_goi_du_lieu; 
0416:  BCF    F95.0
0418:  BCF    F8C.0
041A:  GOTO   0474 (RETURN)
.................... } 
.................... //ham 504 
.................... //xxxxxxxxxxxxxxxxxxxxxxxxxxxxxxxxxxxxxxxxxxxx 
.................... //chuong trinh con hien thi 8 so tren 8 led quet - co kiem tra 
.................... //xxxxxxxxxxxxxxxxxxxxxxxxxxxxxxxxxxxxxxxxxxxx 
.................... unsigned int8 led_7dq[8]={0xff,0xff,0xff,0xff,0xff,0xff,0xff,0xff}; 
.................... unsigned int8 tt8led=0; 
.................... void hien_thi_8led_7doan_quet() 
.................... {      
....................       for(tt8led=0;tt8led<8;tt8led++) 
....................          if (led_7dq[tt8led]!=0xff) 
....................          {            
....................             xuat_8led_7doan_quet_2(tt8led, led_7dq[tt8led]); 
....................             delay_us(100); 
....................             xuat_8led_7doan_quet_tat_led();            
....................             } 
.................... } 
.................... //ham 505 
.................... //xxxxxxxxxxxxxxxxxxxxxxxxxxxxxxxxxxxxxxxxxxxx 
.................... //chuong trinh con hien thi 8 so tren 8 led quet - khong kiem tra 
.................... //xxxxxxxxxxxxxxxxxxxxxxxxxxxxxxxxxxxxxxxxxxxx 
.................... void hien_thi_8led_7doan_quet_all() 
.................... {      
....................       for(tt8led=0;tt8led<8;tt8led++)          
*
0454:  CLRF   19
0456:  MOVF   19,W
0458:  SUBLW  07
045A:  BNC   0484
....................          {            
....................             xuat_8led_7doan_quet_2(tt8led, led_7dq[tt8led]); 
045C:  CLRF   03
045E:  MOVF   19,W
0460:  ADDLW  11
0462:  MOVWF  FE9
0464:  MOVLW  00
0466:  ADDWFC 03,W
0468:  MOVWF  FEA
046A:  MOVFF  FEF,6A
046E:  MOVFF  19,69
0472:  BRA    03EC
....................             delay_us(100); 
0474:  MOVLW  A6
0476:  MOVWF  00
0478:  DECFSZ 00,F
047A:  BRA    0478
047C:  NOP   
....................             xuat_8led_7doan_quet_tat_led();            
047E:  BRA    044A
0480:  INCF   19,F
0482:  BRA    0456
....................             } 
0484:  GOTO   0492 (RETURN)
.................... } 
....................  
.................... void delay_quet_8led(unsigned int16 dl) 
.................... {  
....................       unsigned int8 i; 
....................       for (i=0; i<dl;i++) 
....................       hien_thi_8led_7doan_quet_all(); 
.................... }  
....................  
.................... void giai_ma_gan_cho_8led_quet_16_xoa(unsigned int16 x) 
.................... {      
....................       led_7dq[0]= ma7doan [x %10];     
....................       led_7dq[1]= ma7doan [x/10%10]; 
....................       led_7dq[2]= ma7doan [x/100%10];     
....................       led_7dq[3]= ma7doan [x/1000%10]; 
....................       led_7dq[4]= ma7doan [x/10000%10]; 
....................       if (led_7dq[4]==maso0)  
....................       { 
....................             led_7dq[4]=0xff; 
....................             if (led_7dq[3]==maso0)  
....................             { 
....................                led_7dq[3]=0xff; 
....................                if (led_7dq[2]==maso0)  
....................                { 
....................                   led_7dq[2]=0xff; 
....................                   if (led_7dq[1]==maso0)  
....................                   { 
....................                      led_7dq[1]=0xff; 
....................                   } 
....................                } 
....................             } 
....................       } 
....................              
.................... } 
.................... //xxxxxxxxxxxxxxxxxxxxxxxxxxxxxxxxxxxxxxxxxxxx          
.................... void xuat_2byte(unsigned int16 byte2xuat) 
.................... { 
....................    int8 sbb; 
....................    unsigned int16   xx;   //short  bseri; 
....................    #bit bserix  = xx.15 
....................    xx = byte2xuat; 
....................    for (sbb=0;sbb<16;sbb++) 
....................       {                                                  
....................          output_bit(ssdo,bserix);     
....................          output_low(ssck);          
....................          output_high(ssck); 
....................          xx= xx<<1;          
....................      } 
.................... } 
.................... //xxxxxxxxxxxxxxxxxxxxxxxxxxxxxxxxxxxxxxxxxxxx 
.................... //chuong trinh con xuat ra led ma tran 
.................... //xxxxxxxxxxxxxxxxxxxxxxxxxxxxxxxxxxxxxxxxxxxx 
.................... void xuat_matranled(unsigned int16 mahang,unsigned int16 macot1, 
.................... unsigned int16 macot2,unsigned int16 macot3) 
.................... {       
....................       xuat_2byte(macot3); 
....................       xuat_2byte(macot2); 
....................       xuat_2byte(macot1); 
....................       xuat_2byte(mahang); 
....................        
....................       mo_led_matran; 
....................       mo_ic_74573_b_thong_dl(); 
....................        
....................       output_high(rck_matranled); output_low(rck_matranled);  
....................       chot_ic_74573_b_goi_du_lieu; 
.................... } 
.................... //xxxxxxxxxxxxxxxxxxxxxxxxxxxxxxxxxxxxxxxxxxxx 
.................... //chuong trinh con xuat ra led ma tran 
.................... //xxxxxxxxxxxxxxxxxxxxxxxxxxxxxxxxxxxxxxxxxxxx 
.................... void tat_matranled() 
.................... {       
....................       xuat_2byte(0); 
....................       xuat_2byte(0); 
....................       xuat_2byte(0); 
....................       xuat_2byte(0);            
....................       output_high(rck_matranled);  
....................       output_low(rck_matranled); 
.................... } 
.................... unsigned  int8 hieu_chinh_4bit_cao(unsigned int8 xzy) 
.................... { 
....................       int1  btg; 
....................       unsigned int8   bx;    
....................       #bit bit4  = bx.4 
....................       #bit bit5  = bx.5 
....................       #bit bit6  = bx.6 
....................       #bit bit7  = bx.7 
....................       bx=xzy; 
....................       btg=bit4;   bit4=bit7;  bit7=btg; 
....................       btg=bit5;   bit5=bit6;  bit6=btg;       
....................       return(bx);   
.................... } 
.................... //ham 601 
.................... //xxxxxxxxxxxxxxxxxxxxxxxxxxxxxxxxxxxxxxxxxxxxxxxxxxxx 
.................... //module dieu khien relay,triac, buzzer, dong co, sim 
.................... //xxxxxxxxxxxxxxxxxxxxxxxxxxxxxxxxxxxxxxxxxxxxxxxxxxxx 
.................... void xuat_buzzer_relay() 
.................... {      
....................    unsigned int8 rbdc1,rbdc2; 
....................       rbdc1=rbdc; rbdc2=rbdc>>8;       
....................       xuat_1byte(rbdc2);       
....................       xuat_1byte(rbdc1); 
....................       mo_relay_buzzer_dc; 
....................       mo_ic_74573_b_thong_dl(); 
....................        
....................       output_high(rck_buzerelay);   output_low(rck_buzerelay); 
....................       chot_ic_74573_b_goi_du_lieu; 
.................... } 
.................... //ham 602 
.................... //xxxxxxxxxxxxxxxxxxxxxxxxxxxxxxxxxxxxxxxxxxxxxxxxxxxx 
.................... void buzzer_on() 
.................... {     
....................       buzzer=1; 
....................       xuat_buzzer_relay();          
.................... } 
.................... //ham 603 
.................... //xxxxxxxxxxxxxxxxxxxxxxxxxxxxxxxxxxxxxxxxxxxxxxxxxxxx 
.................... void buzzer_off() 
.................... {      
....................       buzzer=0; 
....................       xuat_buzzer_relay(); 
.................... } 
.................... //ham 604 
.................... //xxxxxxxxxxxxxxxxxxxxxxxxxxxxxxxxxxxxxxxxxxxxxxxxxxxx 
.................... void relay_1_on() 
.................... {     
....................       relay_1=1; 
....................       xuat_buzzer_relay();          
.................... } 
.................... //ham 603 
.................... //xxxxxxxxxxxxxxxxxxxxxxxxxxxxxxxxxxxxxxxxxxxxxxxxxxxx 
.................... void relay_1_off() 
.................... {     
....................       relay_1=0; 
....................       xuat_buzzer_relay();          
.................... } 
.................... //ham 604 
.................... //xxxxxxxxxxxxxxxxxxxxxxxxxxxxxxxxxxxxxxxxxxxxxxxxxxxx 
.................... void relay_2_on() 
.................... {     
....................       relay_2=1; 
....................       xuat_buzzer_relay();          
.................... } 
.................... //ham 607 
.................... //xxxxxxxxxxxxxxxxxxxxxxxxxxxxxxxxxxxxxxxxxxxxxxxxxxxx 
.................... void relay_2_off() 
.................... {     
....................       relay_2=0; 
....................       xuat_buzzer_relay();          
.................... } 
.................... //ham 608 
.................... //xxxxxxxxxxxxxxxxxxxxxxxxxxxxxxxxxxxxxxxxxxxxxxxxxxxx 
.................... void relay_1_relay_2_on() 
.................... {     
....................       relay_1=1;  relay_2=1; 
....................       xuat_buzzer_relay();          
.................... } 
.................... //ham 609 
.................... //xxxxxxxxxxxxxxxxxxxxxxxxxxxxxxxxxxxxxxxxxxxxxxxxxxxx 
.................... void relay_1_relay_2_off() 
.................... {     
....................       relay_1=0;  relay_2=0; 
....................       xuat_buzzer_relay();          
.................... } 
.................... //ham 610 
.................... //xxxxxxxxxxxxxxxxxxxxxxxxxxxxxxxxxxxxxxxxxxxxxxxxxxxx 
.................... void triac_1_on() 
.................... {     
....................       triac_1=1; 
....................       xuat_buzzer_relay();          
.................... } 
.................... //ham 611 
.................... //xxxxxxxxxxxxxxxxxxxxxxxxxxxxxxxxxxxxxxxxxxxxxxxxxxxx 
.................... void triac_1_off() 
.................... {     
....................       triac_1=0; 
....................       xuat_buzzer_relay();          
.................... } 
.................... //ham 612 
.................... //xxxxxxxxxxxxxxxxxxxxxxxxxxxxxxxxxxxxxxxxxxxxxxxxxxxx 
.................... void triac_2_on() 
.................... {     
....................       triac_2=1; 
....................       xuat_buzzer_relay();          
.................... } 
.................... //ham 613 
.................... //xxxxxxxxxxxxxxxxxxxxxxxxxxxxxxxxxxxxxxxxxxxxxxxxxxxx 
.................... void triac_2_off() 
.................... {     
....................       triac_2=0; 
....................       xuat_buzzer_relay();          
.................... } 
.................... //xxxxxxxxxxxxxxxxxxxxxxxxxxxxxxxxxxxxxxxxxxxx 
....................  
....................  
....................  
.................... #include "TV_PICKIT2_SHIFT_KEY4X4_138.c" 
.................... const unsigned char maquetkey[4]= {0x3f,0x7f,0xbf,0xff}; 
.................... unsigned int8  mpt1=0,mpt2=0;   
.................... unsigned int key_nhan() 
.................... {     signed int8 maphim,hang,cot; 
....................       maphim=hang=0xff; 
....................       for(cot=0;cot<4;cot++) 
....................             {    
....................                output_b(maquetkey[cot]); 
....................                if         (!input(pin_b2))      {hang=3;   break;} 
....................                else    if (!input(pin_b3))      {hang=2;   break;} 
....................                else    if (!input(pin_b4))      {hang=1;   break;} 
....................                else    if (!input(pin_b5))      {hang=0;   break;} 
....................             }           
....................          if (hang!=0xff)   maphim   = cot*4 + hang; 
....................          return(maphim); 
.................... } 
.................... unsigned int key_4x4_dw() 
.................... {      
....................       mpt1=key_nhan();          
....................       if (mpt1!=0xff)    
....................       {  delay_ms(1);   
....................          mpt1=key_nhan(); 
....................          do{mpt2=key_nhan();} 
....................          while (mpt2==mpt1); 
....................       }              
....................       return(mpt1); 
.................... } 
....................  
.................... unsigned int key_4x4_up() 
.................... {             
....................       mpt1=key_nhan(); 
....................       if (mpt1!=0xff)    
....................       {   
....................          if (mpt1!=mpt2) 
....................             { 
....................                mpt2=mpt1; 
....................                return(mpt1);  //phim moi 
....................             } 
....................          else 
....................          { 
....................             delay_ms(1); 
....................             mpt1=key_nhan(); 
....................             do 
....................             { 
....................                mpt2=key_nhan(); 
....................                } 
....................             while (mpt2!=mpt1); 
.................... 			mpt2=mpt1; 
....................             return(mpt1);     //thoat vi trung ma phim da nhan 
....................                            
....................          } 
....................       }   
....................       else  
....................       { 
.................... 		   mpt2=mpt1; 
....................          return(mpt1);  //thoat vi khong nhan 
....................           
....................       }       
.................... } 
....................  
....................  
....................  
.................... #include "TV_PICKIT2_SHIFT_32LED_DON.c" 
.................... unsigned int32    y=0,yp_chay=1,yt_chay=0x80000000,y_codinh=0; 
.................... unsigned int16 zt,zt_chay_t=0x8000,zt_chay_p=1,zt_codinh=0; 
.................... unsigned int16 zp,zp_chay_t=0x8000,zp_chay_p=1,zp_codinh=0; 
....................  
.................... unsigned int16 tgdlay=0; 
.................... unsigned int8 dem_led=0;  
.................... signed i32=32,j32=0,ttct_td=1,i16=16,j16=0; 
....................  
.................... unsigned int32    za=1,ya=1,xa=0xfffffffe,zb=0x80000000,yb=0x80000000,xb=0x7fffffff;    
.................... signed ia=1,ja=1;   
.................... void reset_toan_bo_bien() 
.................... {  
....................       ttct_td++;     //chuyen chuong trinh cho tu dong 
*
030C:  INCF   41,F
....................       y=0;      yp_chay=1;      yt_chay=0x80000000;      y_codinh=0; 
030E:  CLRF   1F
0310:  CLRF   1E
0312:  CLRF   1D
0314:  CLRF   1C
0316:  CLRF   23
0318:  CLRF   22
031A:  CLRF   21
031C:  MOVLW  01
031E:  MOVWF  20
0320:  MOVLW  80
0322:  MOVWF  27
0324:  CLRF   26
0326:  CLRF   25
0328:  CLRF   24
032A:  CLRF   2B
032C:  CLRF   2A
032E:  CLRF   29
0330:  CLRF   28
....................       zt_chay_t=0x8000;    zt_chay_p=1;   zt_codinh=0; 
0332:  MOVWF  2F
0334:  CLRF   2E
0336:  CLRF   31
0338:  MOVLW  01
033A:  MOVWF  30
033C:  CLRF   33
033E:  CLRF   32
....................       zp_chay_t=0x8000;    zp_chay_p=1;   zp_codinh=0; 
0340:  MOVLW  80
0342:  MOVWF  37
0344:  CLRF   36
0346:  CLRF   39
0348:  MOVLW  01
034A:  MOVWF  38
034C:  CLRF   3B
034E:  CLRF   3A
....................       zt=zp=0; 
0350:  CLRF   35
0352:  CLRF   34
0354:  MOVFF  35,2D
0358:  MOVFF  34,2C
....................       i32=32;j32=0;i16=16,j16=0; 
035C:  MOVLW  20
035E:  MOVWF  3F
0360:  CLRF   40
0362:  MOVLW  10
0364:  MOVWF  42
0366:  CLRF   43
....................       dem_led=0; 
0368:  CLRF   3E
....................        
....................       za=1;    ya=1;    xa=0xfffffffe;     ia=1;    ja=1; 
036A:  CLRF   47
036C:  CLRF   46
036E:  CLRF   45
0370:  MOVLW  01
0372:  MOVWF  44
0374:  CLRF   4B
0376:  CLRF   4A
0378:  CLRF   49
037A:  MOVWF  48
037C:  SETF   4F
037E:  SETF   4E
0380:  SETF   4D
0382:  MOVLW  FE
0384:  MOVWF  4C
0386:  MOVLW  01
0388:  MOVWF  5C
038A:  MOVWF  5D
....................      zb=0x80000000;    yb=0x80000000;    xb=0x7fffffff; 
038C:  MOVLW  80
038E:  MOVWF  53
0390:  CLRF   52
0392:  CLRF   51
0394:  CLRF   50
0396:  MOVWF  57
0398:  CLRF   56
039A:  CLRF   55
039C:  CLRF   54
039E:  MOVLW  7F
03A0:  MOVWF  5B
03A2:  SETF   5A
03A4:  SETF   59
03A6:  SETF   58
....................      tgdlay = 0; 
03A8:  CLRF   3D
03AA:  CLRF   3C
03AC:  RETURN 0
.................... }  
....................  
.................... void tang_dem_led_delay_1(unsigned int8 dl) 
.................... {  
....................       unsigned int8 i; 
....................       for (i=0; i<dl;i++) 
*
0488:  CLRF   x67
048A:  MOVF   x66,W
048C:  SUBWF  x67,W
048E:  BC    0496
....................       hien_thi_8led_7doan_quet_all(); 
0490:  BRA    0454
0492:  INCF   x67,F
0494:  BRA    048A
....................       dem_led++; 
0496:  INCF   3E,F
0498:  GOTO   04AE (RETURN)
.................... }  
....................  
.................... void tang_dem_led_delay_0(unsigned int8 dl) 
.................... {  
....................       if (dl>0)      delay_ms(dl);  
*
03AE:  MOVF   x66,F
03B0:  BZ    03B8
03B2:  MOVFF  66,67
03B6:  RCALL  005A
....................       dem_led++; 
03B8:  INCF   3E,F
03BA:  GOTO   04AE (RETURN)
.................... }  
....................  
.................... void delay_chon(unsigned int8 dl,chondelay) 
.................... {     
....................    if (!chondelay)   tang_dem_led_delay_0(dl); 
*
049C:  MOVF   x65,F
049E:  BNZ   04A8
04A0:  MOVFF  64,66
04A4:  BRA    03AE
04A6:  BRA    04AE
....................    else              tang_dem_led_delay_1(dl); 
04A8:  MOVFF  64,66
04AC:  BRA    0488
04AE:  RETURN 0
.................... } 
.................... //xxxxxxxxxxxxxxxxxxxxxxxxxxxxxxxxxxxxxxxxxxxx 
.................... //32 led: sang don  phai sang trai 
.................... //xxxxxxxxxxxxxxxxxxxxxxxxxxxxxxxxxxxxxxxxxxxx 
.................... void diem_sang_dich_trai_mat_dan_32led(unsigned int8 dl,chondelay) 
.................... {        
....................    if(ia<33) 
....................    { 
....................       if(ja>0) 
....................       { 
....................          zb = (zb << 1); 
....................          y = xb|zb;         
....................          xuat_32led_don_1dw(y); 
....................          delay_chon(dl,chondelay); 
....................          ja--; 
....................       } 
....................       else  
....................       { 
....................          ia++; 
....................          ja=ia;       
....................          yb = yb>>1; 
....................          xb = xb>>1; 
....................          zb = yb; 
....................       } 
....................    } 
....................    else reset_toan_bo_bien(); 
.................... }   
.................... //xxxxxxxxxxxxxxxxxxxxxxxxxxxxxxxxxxxxxxxxxxxx 
.................... //32 led: sang don  trai sang phai 
.................... //xxxxxxxxxxxxxxxxxxxxxxxxxxxxxxxxxxxxxxxxxxxx 
.................... void diem_sang_dich_phai_mat_dan_32led(unsigned int8 dl,chondelay) 
.................... {        
....................    if(ia<33) 
....................    { 
....................       if(ja>0) 
....................       { 
....................          za = (za >> 1); 
....................          y = xa|za;         
....................          xuat_32led_don_1dw(y); 
....................          delay_chon(dl,chondelay); 
....................          ja--; 
....................       } 
....................       else  
....................       { 
....................          ia++; 
....................          ja=ia;       
....................          ya = ya<<1; 
....................          xa = xa <<1; 
....................          za = ya; 
....................       } 
....................    } 
....................    else reset_toan_bo_bien(); 
.................... }   
.................... //xxxxxxxxxxxxxxxxxxxxxxxxxxxxxxxxxxxxxxxxxxxx 
.................... //32 led: chop tat  
.................... //xxxxxxxxxxxxxxxxxxxxxxxxxxxxxxxxxxxxxxxxxxxx 
.................... void dao_dl_32bit_va_xuat() 
.................... { 
....................    y=~y; 
*
02F0:  COMF   1C,F
02F2:  COMF   1D,F
02F4:  COMF   1E,F
02F6:  COMF   1F,F
....................    xuat_32led_don_1dw(y);  
02F8:  MOVFF  1F,67
02FC:  MOVFF  1E,66
0300:  MOVFF  1D,65
0304:  MOVFF  1C,64
0308:  RCALL  02CC
030A:  RETURN 0
.................... } 
.................... void sang_tat_32led(unsigned int8 dl,chondelay) 
.................... {         
....................       if (tgdlay==1)          xuat_32led_don_1dw(y);  
*
04B0:  DECFSZ 3C,W
04B2:  BRA    04CC
04B4:  MOVF   3D,F
04B6:  BNZ   04CC
04B8:  MOVFF  1F,67
04BC:  MOVFF  1E,66
04C0:  MOVFF  1D,65
04C4:  MOVFF  1C,64
04C8:  RCALL  02CC
04CA:  BRA    0502
....................       else if (tgdlay==50)    dao_dl_32bit_va_xuat(); 
04CC:  MOVF   3C,W
04CE:  SUBLW  32
04D0:  BNZ   04DA
04D2:  MOVF   3D,F
04D4:  BNZ   04DA
04D6:  RCALL  02F0
04D8:  BRA    0502
....................       else if (tgdlay==100)   dao_dl_32bit_va_xuat();           
04DA:  MOVF   3C,W
04DC:  SUBLW  64
04DE:  BNZ   04E8
04E0:  MOVF   3D,F
04E2:  BNZ   04E8
04E4:  RCALL  02F0
04E6:  BRA    0502
....................       else if (tgdlay==150)   dao_dl_32bit_va_xuat();                  
04E8:  MOVF   3C,W
04EA:  SUBLW  96
04EC:  BNZ   04F6
04EE:  MOVF   3D,F
04F0:  BNZ   04F6
04F2:  RCALL  02F0
04F4:  BRA    0502
....................       else if (tgdlay==200)   
04F6:  MOVF   3C,W
04F8:  SUBLW  C8
04FA:  BNZ   0502
04FC:  MOVF   3D,F
04FE:  BNZ   0502
....................       { 
.................... //!         ttct_td++;   y=0;        tgdlay=0; 
....................             reset_toan_bo_bien(); 
0500:  RCALL  030C
....................       } 
....................       tgdlay++; 
0502:  INCF   3C,F
0504:  BTFSC  FD8.2
0506:  INCF   3D,F
....................       delay_chon(dl,chondelay); 
0508:  MOVFF  62,64
050C:  MOVFF  63,65
0510:  RCALL  049C
0512:  RETURN 0
.................... } 
.................... //xxxxxxxxxxxxxxxxxxxxxxxxxxxxxxxxxxxxxxxxxxxx 
.................... //32 led: sang dan roi tat dan tu ngoai vao 
.................... //xxxxxxxxxxxxxxxxxxxxxxxxxxxxxxxxxxxxxxxxxxxx 
.................... void sang_tat_dan_ngoai_vao_32led(unsigned int8 dl,chondelay) 
.................... {   
....................    if (dem_led<16) 
0514:  MOVF   3E,W
0516:  SUBLW  0F
0518:  BNC   055E
....................    {   
....................       xuat_32led_don_2word(zp,zt);         
051A:  MOVFF  35,6D
051E:  MOVFF  34,6C
0522:  MOVFF  2D,6F
0526:  MOVFF  2C,6E
052A:  RCALL  02A8
....................       zp= (zp<<1)+1;  
052C:  BCF    FD8.0
052E:  RLCF   34,W
0530:  MOVWF  x64
0532:  RLCF   35,W
0534:  MOVWF  x65
0536:  MOVLW  01
0538:  ADDWF  x64,W
053A:  MOVWF  34
053C:  MOVLW  00
053E:  ADDWFC x65,W
0540:  MOVWF  35
....................       zt= (zt>>1)+0x8000; 
0542:  BCF    FD8.0
0544:  RRCF   2D,W
0546:  MOVWF  x65
0548:  RRCF   2C,W
054A:  MOVWF  2C
054C:  MOVLW  80
054E:  ADDWF  x65,W
0550:  MOVWF  2D
....................       delay_chon(dl,chondelay); 
0552:  MOVFF  62,64
0556:  MOVFF  63,65
055A:  RCALL  049C
....................    } 
055C:  BRA    0590
....................    else  if (dem_led<32) 
055E:  MOVF   3E,W
0560:  SUBLW  1F
0562:  BNC   058E
....................    {   
....................       xuat_32led_don_2word(zp,zt); 
0564:  MOVFF  35,6D
0568:  MOVFF  34,6C
056C:  MOVFF  2D,6F
0570:  MOVFF  2C,6E
0574:  RCALL  02A8
....................       zp= (zp<<1);  
0576:  BCF    FD8.0
0578:  RLCF   34,F
057A:  RLCF   35,F
....................       zt= (zt>>1); 
057C:  BCF    FD8.0
057E:  RRCF   2D,F
0580:  RRCF   2C,F
....................       delay_chon(dl,chondelay); 
0582:  MOVFF  62,64
0586:  MOVFF  63,65
058A:  RCALL  049C
....................    } 
058C:  BRA    0590
....................    else reset_toan_bo_bien(); 
058E:  RCALL  030C
0590:  RETURN 0
....................  
.................... }    
.................... //xxxxxxxxxxxxxxxxxxxxxxxxxxxxxxxxxxxxxxxxxxxx 
.................... //32 led: sang dan roi tat dan tu trong ra 
.................... //xxxxxxxxxxxxxxxxxxxxxxxxxxxxxxxxxxxxxxxxxxxx 
.................... void sang_tat_dan_trong_ra_32led(unsigned int8 dl,chondelay) 
.................... {   
....................    if (dem_led<16) 
....................    {    
....................       xuat_32led_don_2word(zp,zt);  
....................       zp= (zp>>1)+0x8000;  
....................       zt= (zt<<1)+1; 
....................       delay_chon(dl,chondelay); 
....................    } 
....................    else  if (dem_led<32) 
....................    {   
....................       xuat_32led_don_2word(zp,zt); 
....................       zp= (zp>>1);  
....................       zt= (zt<<1); 
....................       delay_chon(dl,chondelay); 
....................     } 
....................    else reset_toan_bo_bien(); 
....................          
.................... }    
.................... //xxxxxxxxxxxxxxxxxxxxxxxxxxxxxxxxxxxxxxxxxxxx 
.................... //32 led: 2nhom 16 led sang dan roi tat dan tu phai sang trai 
.................... //xxxxxxxxxxxxxxxxxxxxxxxxxxxxxxxxxxxxxxxxxxxx 
.................... void sang_tat_dan_phai_sang_trai_2x16led(unsigned int8 dl,chondelay) 
.................... {   
....................    if (dem_led<16) 
*
0694:  MOVF   3E,W
0696:  SUBLW  0F
0698:  BNC   06C8
....................    {    
....................       xuat_32led_don_2word(zp,zp); 
069A:  MOVFF  35,6D
069E:  MOVFF  34,6C
06A2:  MOVFF  35,6F
06A6:  MOVFF  34,6E
06AA:  RCALL  02A8
....................       zp= (zp>>1)+0x8000; 
06AC:  BCF    FD8.0
06AE:  RRCF   35,W
06B0:  MOVWF  x65
06B2:  RRCF   34,W
06B4:  MOVWF  34
06B6:  MOVLW  80
06B8:  ADDWF  x65,W
06BA:  MOVWF  35
....................       delay_chon(dl,chondelay); 
06BC:  MOVFF  62,64
06C0:  MOVFF  63,65
06C4:  RCALL  049C
....................    } 
06C6:  BRA    06F4
....................    else  if (dem_led<32) 
06C8:  MOVF   3E,W
06CA:  SUBLW  1F
06CC:  BNC   06F2
....................    {   
....................       xuat_32led_don_2word(zp,zp); 
06CE:  MOVFF  35,6D
06D2:  MOVFF  34,6C
06D6:  MOVFF  35,6F
06DA:  MOVFF  34,6E
06DE:  RCALL  02A8
....................       zp= (zp>>1); 
06E0:  BCF    FD8.0
06E2:  RRCF   35,F
06E4:  RRCF   34,F
....................       delay_chon(dl,chondelay); 
06E6:  MOVFF  62,64
06EA:  MOVFF  63,65
06EE:  RCALL  049C
....................     } 
06F0:  BRA    06F4
....................    else reset_toan_bo_bien(); 
06F2:  RCALL  030C
06F4:  RETURN 0
....................        
.................... }    
.................... //xxxxxxxxxxxxxxxxxxxxxxxxxxxxxxxxxxxxxxxxxxxx 
.................... //32 led: 2nhom 16 led sang dan roi tat dan tu trai sang phai 
.................... //xxxxxxxxxxxxxxxxxxxxxxxxxxxxxxxxxxxxxxxxxxxx 
.................... void sang_tat_dan_trai_sang_phai_2x16led(unsigned int8 dl,chondelay) 
.................... {   
....................    if (dem_led<16) 
....................    {    
....................       xuat_32led_don_2word(zt,zt);   
....................       zt= (zt<<1)+1; 
....................       delay_chon(dl,chondelay); 
....................    } 
....................    else  if (dem_led<32) 
....................    {   
....................       xuat_32led_don_2word(zt,zt); 
....................       zt= (zt<<1); 
....................       delay_chon(dl,chondelay); 
....................     } 
....................    else reset_toan_bo_bien(); 
....................          
.................... }    
.................... //xxxxxxxxxxxxxxxxxxxxxxxxxxxxxxxxxxxxxxxxxxxx 
.................... //32 led: sang dan roi tat dan tu phai sang trai 
.................... //xxxxxxxxxxxxxxxxxxxxxxxxxxxxxxxxxxxxxxxxxxxx 
.................... void sang_tat_dan_pst_32led(unsigned int8 dl,chondelay) 
.................... {         
....................    if (dem_led<32) 
*
0614:  MOVF   3E,W
0616:  SUBLW  1F
0618:  BNC   0662
....................    {   
....................       xuat_32led_don_1dw(y); 
061A:  MOVFF  1F,67
061E:  MOVFF  1E,66
0622:  MOVFF  1D,65
0626:  MOVFF  1C,64
062A:  RCALL  02CC
....................       y= (y<<1)+1; 
062C:  BCF    FD8.0
062E:  RLCF   1C,W
0630:  MOVWF  x65
0632:  RLCF   1D,W
0634:  MOVWF  x66
0636:  RLCF   1E,W
0638:  MOVWF  x67
063A:  RLCF   1F,W
063C:  MOVWF  x68
063E:  MOVLW  01
0640:  ADDWF  x65,W
0642:  MOVWF  1C
0644:  MOVLW  00
0646:  ADDWFC x66,W
0648:  MOVWF  1D
064A:  MOVLW  00
064C:  ADDWFC x67,W
064E:  MOVWF  1E
0650:  MOVLW  00
0652:  ADDWFC x68,W
0654:  MOVWF  1F
....................       delay_chon(dl,chondelay); 
0656:  MOVFF  62,64
065A:  MOVFF  63,65
065E:  RCALL  049C
....................    } 
0660:  BRA    0692
....................    else  if (dem_led<64) 
0662:  MOVF   3E,W
0664:  SUBLW  3F
0666:  BNC   0690
....................    {   
....................       xuat_32led_don_1dw(y);    
0668:  MOVFF  1F,67
066C:  MOVFF  1E,66
0670:  MOVFF  1D,65
0674:  MOVFF  1C,64
0678:  RCALL  02CC
....................       y= (y<<1);  
067A:  BCF    FD8.0
067C:  RLCF   1C,F
067E:  RLCF   1D,F
0680:  RLCF   1E,F
0682:  RLCF   1F,F
....................       delay_chon(dl,chondelay); 
0684:  MOVFF  62,64
0688:  MOVFF  63,65
068C:  RCALL  049C
....................    }  
068E:  BRA    0692
....................    else reset_toan_bo_bien(); 
0690:  RCALL  030C
0692:  RETURN 0
....................  
.................... }     
.................... //xxxxxxxxxxxxxxxxxxxxxxxxxxxxxxxxxxxxxxxxxxxx 
.................... //32 led: sang dan roi tat dan tu trai sang phai 
.................... //xxxxxxxxxxxxxxxxxxxxxxxxxxxxxxxxxxxxxxxxxxxx 
.................... void sang_tat_dan_tsp_32led(unsigned int8 dl,chondelay) 
.................... {            
....................       if (dem_led<32) 
....................       {   
....................          xuat_32led_don_1dw(y); 
....................          y= (y>>1)+0x80000000;  
....................          delay_chon(dl,chondelay);       
....................       } 
....................       else 
....................       if (dem_led<64) 
....................       {   
....................          xuat_32led_don_1dw(y);  
....................          y= (y>>1); 
....................          delay_chon(dl,chondelay); 
....................       }  
....................       else reset_toan_bo_bien(); 
....................      
.................... }          
.................... //xxxxxxxxxxxxxxxxxxxxxxxxxxxxxxxxxxxxxxxxxxxx 
.................... //32 led: diem sang di chueyn tu phai sang trai 
.................... //xxxxxxxxxxxxxxxxxxxxxxxxxxxxxxxxxxxxxxxxxxxx 
.................... void diem_sang_di_chuyen_pst_32led(unsigned int8 dl,chondelay) 
.................... {         
....................    if (dem_led==0) 
....................    {   
....................       y=1; 
....................       xuat_32led_don_1dw(y); 
....................       y= (y<<1); 
....................       delay_chon(dl,chondelay); 
....................    } 
....................    else  if (dem_led<33) 
....................    {   
....................       xuat_32led_don_1dw(y);    
....................       y= (y<<1);  
....................       delay_chon(dl,chondelay); 
....................    }  
....................    else  reset_toan_bo_bien(); 
.................... }     
....................  
.................... //xxxxxxxxxxxxxxxxxxxxxxxxxxxxxxxxxxxxxxxxxxxx 
.................... //32 led: diem sang di chueyn tu trai sang phai 
.................... //xxxxxxxxxxxxxxxxxxxxxxxxxxxxxxxxxxxxxxxxxxxx 
.................... void diem_sang_di_chuyen_tsp_32led(unsigned int8 dl,chondelay) 
.................... {         
....................    if (dem_led==0) 
....................    {   
....................       y=0x80000000; 
....................       xuat_32led_don_1dw(y); 
....................       y= (y>>1); 
....................       delay_chon(dl,chondelay); 
....................    } 
....................    else  if (dem_led<33) 
....................    {   
....................       xuat_32led_don_1dw(y);    
....................       y= (y>>1);  
....................       delay_chon(dl,chondelay); 
....................    }  
....................    else reset_toan_bo_bien(); 
....................  
.................... }  
.................... //xxxxxxxxxxxxxxxxxxxxxxxxxxxxxxxxxxxxxxxxxxxx 
.................... //32 led: sang don  phai sang trai 
.................... //xxxxxxxxxxxxxxxxxxxxxxxxxxxxxxxxxxxxxxxxxxxx 
.................... void sang_don_pst_32led(unsigned int8 dl,chondelay) 
.................... {        
....................    if(i32>0) 
*
0592:  BTFSC  3F.7
0594:  BRA    0610
0596:  MOVF   3F,W
0598:  SUBLW  00
059A:  BC    0610
....................    { 
....................       if(j32<i32) 
059C:  MOVF   40,W
059E:  XORLW  80
05A0:  MOVWF  00
05A2:  MOVF   3F,W
05A4:  XORLW  80
05A6:  SUBWF  00,W
05A8:  BC    05EA
....................       { 
....................          y = y_codinh|yp_chay; 
05AA:  MOVF   28,W
05AC:  IORWF  20,W
05AE:  MOVWF  1C
05B0:  MOVF   29,W
05B2:  IORWF  21,W
05B4:  MOVWF  1D
05B6:  MOVF   2A,W
05B8:  IORWF  22,W
05BA:  MOVWF  1E
05BC:  MOVF   2B,W
05BE:  IORWF  23,W
05C0:  MOVWF  1F
....................          xuat_32led_don_1dw(y); 
05C2:  MOVFF  1F,67
05C6:  MOVFF  1E,66
05CA:  MOVFF  1D,65
05CE:  MOVFF  1C,64
05D2:  RCALL  02CC
....................          delay_chon(dl,chondelay);        
05D4:  MOVFF  62,64
05D8:  MOVFF  63,65
05DC:  RCALL  049C
....................          yp_chay = yp_chay <<1; 
05DE:  BCF    FD8.0
05E0:  RLCF   20,F
05E2:  RLCF   21,F
05E4:  RLCF   22,F
05E6:  RLCF   23,F
....................          j32++; 
05E8:  INCF   40,F
....................       } 
....................       if (j32==i32)  
05EA:  MOVF   3F,W
05EC:  SUBWF  40,W
05EE:  BNZ   060E
....................       { 
....................          i32--; 
05F0:  DECF   3F,F
....................          j32=0;          
05F2:  CLRF   40
....................          y_codinh=y; 
05F4:  MOVFF  1F,2B
05F8:  MOVFF  1E,2A
05FC:  MOVFF  1D,29
0600:  MOVFF  1C,28
....................          yp_chay = 1; 
0604:  CLRF   23
0606:  CLRF   22
0608:  CLRF   21
060A:  MOVLW  01
060C:  MOVWF  20
....................       } 
....................    } 
060E:  BRA    0612
....................    else reset_toan_bo_bien(); 
0610:  RCALL  030C
0612:  RETURN 0
.................... }    
.................... //xxxxxxxxxxxxxxxxxxxxxxxxxxxxxxxxxxxxxxxxxxxx 
.................... //32 led: sang don  phai sang trai 
.................... //xxxxxxxxxxxxxxxxxxxxxxxxxxxxxxxxxxxxxxxxxxxx 
.................... void sang_don_tsp_32led(unsigned int8 dl,chondelay) 
.................... {        
....................    if(i32>0) 
....................    { 
....................       if(j32<i32) 
....................       { 
....................          y = y_codinh|yt_chay; 
....................          xuat_32led_don_1dw(y); 
....................          delay_chon(dl,chondelay); 
....................          yt_chay = yt_chay >>1; 
....................          j32++; 
....................       } 
....................       if (j32==i32)  
....................       { 
....................          i32--; 
....................          j32=0;          
....................          y_codinh=y; 
....................          yt_chay = 0x80000000; 
....................       } 
....................    } 
....................    else reset_toan_bo_bien(); 
....................  
.................... }   
.................... //xxxxxxxxxxxxxxxxxxxxxxxxxxxxxxxxxxxxxxxxxxxx 
.................... //32 led: sang don  tu ngoai vao 
.................... //xxxxxxxxxxxxxxxxxxxxxxxxxxxxxxxxxxxxxxxxxxxx 
.................... void sang_don_tnt_32led(unsigned int8 dl,chondelay) 
.................... {        
....................    if(i16>0) 
....................    { 
....................       if(j16<i16) 
....................       { 
....................          zp = zp_codinh|zp_chay_p; 
....................          zt = zt_codinh|zt_chay_t; 
....................          xuat_32led_don_2word(zt,zp); 
....................          delay_chon(dl,chondelay); 
....................  
....................          zp_chay_p = zp_chay_p <<1;          
....................          zt_chay_t = zt_chay_t >>1; 
....................          j16++; 
....................       } 
....................       if (j16==i16)  
....................       { 
....................          i16--; 
....................          j16=0;          
....................          zt_codinh=zt;  zp_codinh=zp;          
....................          zp_chay_p = 1;   zt_chay_t = 0x8000; 
....................       } 
....................    } 
....................    else reset_toan_bo_bien(); 
....................  
.................... }    
....................  
.................... //xxxxxxxxxxxxxxxxxxxxxxxxxxxxxxxxxxxxxxxxxxxx 
.................... //32 led: sang don  tu ngoai vao 
.................... //xxxxxxxxxxxxxxxxxxxxxxxxxxxxxxxxxxxxxxxxxxxx 
.................... void sang_don_ttr_32led(unsigned int8 dl,chondelay) 
.................... {        
....................    if(i16>0) 
....................    { 
....................       if(j16<i16) 
....................       { 
....................          zp = zp_codinh|zp_chay_t; 
....................          zt = zt_codinh|zt_chay_p; 
....................          xuat_32led_don_2word(zt,zp); 
....................          delay_chon(dl,chondelay); 
....................          zp_chay_t = zp_chay_t >>1;          
....................          zt_chay_p = zt_chay_p <<1; 
....................          j16++; 
....................       } 
....................       if (j16==i16)  
....................       { 
....................          i16--; 
....................          j16=0;          
....................          zt_codinh=zt;   
....................          zp_codinh=zp; 
....................          zp_chay_t = 0x8000;   zt_chay_p = 1; 
....................       } 
....................    } 
....................    else reset_toan_bo_bien(); 
.................... }    
....................  
.................... #include "18F4550.h" 
.................... //////////// Standard Header file for the PIC18F4550 device //////////////// 
.................... /////////////////////////////////////////////////////////////////////////// 
.................... ////        (C) Copyright 1996, 2014 Custom Computer Services          //// 
.................... //// This source code may only be used by licensed users of the CCS C  //// 
.................... //// compiler.  This source code may only be distributed to other      //// 
.................... //// licensed users of the CCS C compiler.  No other use, reproduction //// 
.................... //// or distribution is permitted without written permission.          //// 
.................... //// Derivative programs created using this software in object code    //// 
.................... //// form are not restricted in any way.                               //// 
.................... /////////////////////////////////////////////////////////////////////////// 
.................... #device PIC18F4550 
....................  
.................... #list 
....................  
....................  
.................... unsigned int16 dem; 
.................... unsigned int flag=0; 
.................... int8 tt = 0; 
....................  
....................  
.................... void phim_on() { 
....................    if(!input(on)){ 
*
0080:  BSF    F93.5
0082:  BTFSC  F81.5
0084:  BRA    0098
....................       delay_ms(20); 
0086:  MOVLW  14
0088:  MOVWF  x67
008A:  RCALL  005A
....................       while (!input(on)) 
008C:  BSF    F93.5
008E:  BTFSC  F81.5
0090:  BRA    0098
....................       flag = 1; 
0092:  MOVLW  01
0094:  MOVWF  x60
0096:  BRA    008C
....................       //xuat_32led_don_4byte(0xff,0xff,0xff,0xff); 
....................    } 
0098:  GOTO   07EA (RETURN)
.................... } 
....................  
....................  
....................  
.................... void phim_off() { 
....................    if(!input(off)){ 
009C:  BSF    F93.4
009E:  BTFSC  F81.4
00A0:  BRA    00B2
....................       delay_ms(20); 
00A2:  MOVLW  14
00A4:  MOVWF  x67
00A6:  RCALL  005A
....................       while (!input(off)) 
00A8:  BSF    F93.4
00AA:  BTFSC  F81.4
00AC:  BRA    00B2
....................       flag = 0; 
00AE:  CLRF   x60
00B0:  BRA    00A8
....................       //xuat_32led_don_4byte(0,0,0,0); 
....................    } 
00B2:  GOTO   07EC (RETURN)
.................... } 
....................  
....................  
.................... void main() 
*
06F6:  CLRF   FF8
06F8:  BCF    FD0.7
06FA:  BSF    F93.1
06FC:  BSF    F93.0
06FE:  MOVLW  31
0700:  MOVWF  FC8
0702:  MOVLW  28
0704:  MOVWF  FC6
0706:  BSF    FC7.7
0708:  BCF    FC7.6
070A:  CLRF   06
070C:  CLRF   0D
070E:  CLRF   0E
0710:  CLRF   0F
0712:  CLRF   10
0714:  CLRF   19
0716:  CLRF   1A
0718:  CLRF   1B
071A:  CLRF   1F
071C:  CLRF   1E
071E:  CLRF   1D
0720:  CLRF   1C
0722:  CLRF   23
0724:  CLRF   22
0726:  CLRF   21
0728:  MOVLW  01
072A:  MOVWF  20
072C:  MOVLW  80
072E:  MOVWF  27
0730:  CLRF   26
0732:  CLRF   25
0734:  CLRF   24
0736:  CLRF   2B
0738:  CLRF   2A
073A:  CLRF   29
073C:  CLRF   28
073E:  MOVWF  2F
0740:  CLRF   2E
0742:  CLRF   31
0744:  MOVLW  01
0746:  MOVWF  30
0748:  CLRF   33
074A:  CLRF   32
074C:  MOVLW  80
074E:  MOVWF  37
0750:  CLRF   36
0752:  CLRF   39
0754:  MOVLW  01
0756:  MOVWF  38
0758:  CLRF   3B
075A:  CLRF   3A
075C:  CLRF   3D
075E:  CLRF   3C
0760:  CLRF   3E
0762:  MOVLW  20
0764:  MOVWF  3F
0766:  CLRF   40
0768:  MOVLW  01
076A:  MOVWF  41
076C:  MOVLW  10
076E:  MOVWF  42
0770:  CLRF   43
0772:  CLRF   47
0774:  CLRF   46
0776:  CLRF   45
0778:  MOVLW  01
077A:  MOVWF  44
077C:  CLRF   4B
077E:  CLRF   4A
0780:  CLRF   49
0782:  MOVWF  48
0784:  SETF   4F
0786:  SETF   4E
0788:  SETF   4D
078A:  MOVLW  FE
078C:  MOVWF  4C
078E:  MOVLW  80
0790:  MOVWF  53
0792:  CLRF   52
0794:  CLRF   51
0796:  CLRF   50
0798:  MOVWF  57
079A:  CLRF   56
079C:  CLRF   55
079E:  CLRF   54
07A0:  MOVLW  7F
07A2:  MOVWF  5B
07A4:  SETF   5A
07A6:  SETF   59
07A8:  SETF   58
07AA:  MOVLW  01
07AC:  MOVWF  5C
07AE:  MOVWF  5D
07B0:  CLRF   x60
07B2:  CLRF   x61
07B4:  MOVF   FC1,W
07B6:  ANDLW  C0
07B8:  IORLW  0F
07BA:  MOVWF  FC1
07BC:  MOVLW  07
07BE:  MOVWF  FB4
07C0:  SETF   11
07C2:  SETF   12
07C4:  SETF   13
07C6:  SETF   14
07C8:  SETF   15
07CA:  SETF   16
07CC:  SETF   17
07CE:  SETF   18
.................... { 
....................    setup_timer_0(T0_EXT_L_TO_H|T0_DIV_1); 
07D0:  MOVLW  A8
07D2:  MOVWF  FD5
....................    set_timer0(90); 
07D4:  CLRF   FD7
07D6:  MOVLW  5A
07D8:  MOVWF  FD6
....................    set_up_port_ic_chot(); 
07DA:  BRA    003C
....................    set_tris_b(0x3c); 
07DC:  MOVLW  3C
07DE:  MOVWF  F93
....................    dem = get_timer0(); 
07E0:  MOVF   FD6,W
07E2:  MOVWF  5E
07E4:  MOVFF  FD7,5F
....................    while(TRUE) 
....................    { 
....................       phim_on(); 
07E8:  BRA    0080
....................       phim_off(); 
07EA:  BRA    009C
....................       if (flag==1) { 
07EC:  DECFSZ x60,W
07EE:  BRA    0828
....................          if (dem != get_timer0()) { 
07F0:  MOVF   FD6,W
07F2:  MOVFF  FD7,03
07F6:  SUBWF  5E,W
07F8:  BNZ   0800
07FA:  MOVF   03,W
07FC:  SUBWF  5F,W
07FE:  BZ    0826
....................             dem = get_timer0(); 
0800:  MOVF   FD6,W
0802:  MOVWF  5E
0804:  MOVFF  FD7,5F
....................             if(dem>=101) {set_timer0(90); dem=0;} 
0808:  MOVF   5F,F
080A:  BNZ   0812
080C:  MOVF   5E,W
080E:  SUBLW  64
0810:  BC    081C
0812:  CLRF   FD7
0814:  MOVLW  5A
0816:  MOVWF  FD6
0818:  CLRF   5F
081A:  CLRF   5E
....................             xuat_4led_7doan_giaima_xoa_so0(dem); 
081C:  MOVFF  5F,63
0820:  MOVFF  5E,62
0824:  BRA    017C
....................          } 
....................       } 
0826:  BRA    0830
....................       else 
....................       { 
....................         set_timer0(dem); 
0828:  MOVFF  5F,FD7
082C:  MOVFF  5E,FD6
....................       } 
....................       tt = ttct_td; 
0830:  MOVFF  41,61
....................       if(tt==1) sang_tat_32led(10,0); 
0834:  DECFSZ x61,W
0836:  BRA    0840
0838:  MOVLW  0A
083A:  MOVWF  x62
083C:  CLRF   x63
083E:  RCALL  04B0
....................       if(tt==2) sang_tat_dan_ngoai_vao_32led(10,0); 
0840:  MOVF   x61,W
0842:  SUBLW  02
0844:  BNZ   084E
0846:  MOVLW  0A
0848:  MOVWF  x62
084A:  CLRF   x63
084C:  RCALL  0514
....................       if(tt==3) sang_don_pst_32led(10,0); 
084E:  MOVF   x61,W
0850:  SUBLW  03
0852:  BNZ   085C
0854:  MOVLW  0A
0856:  MOVWF  x62
0858:  CLRF   x63
085A:  RCALL  0592
....................       if(tt==4) sang_tat_dan_pst_32led(10,0); 
085C:  MOVF   x61,W
085E:  SUBLW  04
0860:  BNZ   086A
0862:  MOVLW  0A
0864:  MOVWF  x62
0866:  CLRF   x63
0868:  RCALL  0614
....................       if(tt==5) sang_tat_dan_phai_sang_trai_2x16led(10,0); 
086A:  MOVF   x61,W
086C:  SUBLW  05
086E:  BNZ   0878
0870:  MOVLW  0A
0872:  MOVWF  x62
0874:  CLRF   x63
0876:  RCALL  0694
....................       if(tt==6) sang_don_pst_32led(10,0); 
0878:  MOVF   x61,W
087A:  SUBLW  06
087C:  BNZ   0886
087E:  MOVLW  0A
0880:  MOVWF  x62
0882:  CLRF   x63
0884:  RCALL  0592
....................       if(tt==7) sang_don_pst_32led(10,0); 
0886:  MOVF   x61,W
0888:  SUBLW  07
088A:  BNZ   0894
088C:  MOVLW  0A
088E:  MOVWF  x62
0890:  CLRF   x63
0892:  RCALL  0592
....................       if(tt==8) sang_tat_32led(10,0); 
0894:  MOVF   x61,W
0896:  SUBLW  08
0898:  BNZ   08A2
089A:  MOVLW  0A
089C:  MOVWF  x62
089E:  CLRF   x63
08A0:  RCALL  04B0
....................       if(tt==9) sang_tat_dan_ngoai_vao_32led(10,0); 
08A2:  MOVF   x61,W
08A4:  SUBLW  09
08A6:  BNZ   08B0
08A8:  MOVLW  0A
08AA:  MOVWF  x62
08AC:  CLRF   x63
08AE:  RCALL  0514
....................       if(tt==10) sang_don_pst_32led(10,0); 
08B0:  MOVF   x61,W
08B2:  SUBLW  0A
08B4:  BNZ   08BE
08B6:  MOVLW  0A
08B8:  MOVWF  x62
08BA:  CLRF   x63
08BC:  RCALL  0592
....................       if(tt==11) sang_tat_dan_pst_32led(10,0); 
08BE:  MOVF   x61,W
08C0:  SUBLW  0B
08C2:  BNZ   08CC
08C4:  MOVLW  0A
08C6:  MOVWF  x62
08C8:  CLRF   x63
08CA:  RCALL  0614
....................       if(tt==12) sang_tat_dan_phai_sang_trai_2x16led(10,0); 
08CC:  MOVF   x61,W
08CE:  SUBLW  0C
08D0:  BNZ   08DA
08D2:  MOVLW  0A
08D4:  MOVWF  x62
08D6:  CLRF   x63
08D8:  RCALL  0694
....................       if(tt==13) sang_don_pst_32led(10,0); 
08DA:  MOVF   x61,W
08DC:  SUBLW  0D
08DE:  BNZ   08E8
08E0:  MOVLW  0A
08E2:  MOVWF  x62
08E4:  CLRF   x63
08E6:  RCALL  0592
....................       if(tt==14) sang_don_pst_32led(10,0); 
08E8:  MOVF   x61,W
08EA:  SUBLW  0E
08EC:  BNZ   08F6
08EE:  MOVLW  0A
08F0:  MOVWF  x62
08F2:  CLRF   x63
08F4:  RCALL  0592
....................       if(tt==15) sang_don_pst_32led(10,0); 
08F6:  MOVF   x61,W
08F8:  SUBLW  0F
08FA:  BNZ   0904
08FC:  MOVLW  0A
08FE:  MOVWF  x62
0900:  CLRF   x63
0902:  RCALL  0592
....................       if(tt>15) ttct_td =1; 
0904:  MOVF   x61,W
0906:  SUBLW  0F
0908:  BC    090E
090A:  MOVLW  01
090C:  MOVWF  41
090E:  BRA    07E8
....................    } 
.................... } 
....................  
0910:  SLEEP 

Configuration Fuses:
   Word  1: CC27   PLL12 CPUDIV1 USBDIV HS FCMEN IESO
   Word  2: 1E3E   PUT BROWNOUT BORV21 VREGEN NOWDT WDT32768
   Word  3: 8700   CCP2C1 PBADEN LPT1OSC MCLR
   Word  4: 00A1   STVREN NOLVP ICSP2 NOXINST NODEBUG
   Word  5: C00F   NOPROTECT NOCPB NOCPD
   Word  6: E00F   NOWRT NOWRTC NOWRTB NOWRTD
   Word  7: 400F   NOEBTR NOEBTRB
