CCS PCH C Compiler, Version 5.078, 43599               12-Oct-20 15:28

               Filename:   D:\Document\TTVXL\TH_VDK_PIC_N1_SANG_THU_2\WEEK3\337\337.lst

               ROM used:   1884 bytes (6%)
                           Largest free fragment is 30884
               RAM used:   96 (5%) at main() level
                           120 (6%) worst case
               Stack used: 0 locations
               Stack size: 31

*
0000:  GOTO   05FE
.................... #include "TV_PICKIT2_SHIFT_1.c" 
.................... #include    <18f4550.h> 
.................... //////////// Standard Header file for the PIC18F4550 device //////////////// 
.................... /////////////////////////////////////////////////////////////////////////// 
.................... ////        (C) Copyright 1996, 2014 Custom Computer Services          //// 
.................... //// This source code may only be used by licensed users of the CCS C  //// 
.................... //// compiler.  This source code may only be distributed to other      //// 
.................... //// licensed users of the CCS C compiler.  No other use, reproduction //// 
.................... //// or distribution is permitted without written permission.          //// 
.................... //// Derivative programs created using this software in object code    //// 
.................... //// form are not restricted in any way.                               //// 
.................... /////////////////////////////////////////////////////////////////////////// 
.................... #device PIC18F4550 
0004:  CLRF   FF7
0006:  ADDLW  14
0008:  MOVWF  FF6
000A:  MOVLW  00
000C:  ADDWFC FF7,F
000E:  TBLRD*+
0010:  MOVF   FF5,W
0012:  RETURN 0
0014:  DATA C0,F9
0016:  DATA A4,B0
0018:  DATA 99,92
001A:  DATA 82,F8
001C:  DATA 80,90
001E:  DATA 88,83
0020:  DATA C6,A1
0022:  DATA 86,8E
0024:  CLRF   FF7
0026:  ADDLW  34
0028:  MOVWF  FF6
002A:  MOVLW  00
002C:  ADDWFC FF7,F
002E:  TBLRD*+
0030:  MOVF   FF5,W
0032:  RETURN 0
0034:  DATA 7F,BF
0036:  DATA DF,EF
0038:  DATA F7,FB
003A:  DATA FD,FE
....................  
.................... #list 
....................  
.................... #device     adc=10 
.................... #fuses      nowdt,put,hs,noprotect,nolvp,cpudiv1 
.................... #use        delay(clock=20000000) 
*
021E:  CLRF   FEA
0220:  MOVLW  64
0222:  MOVWF  FE9
0224:  MOVF   FEF,W
0226:  BZ    0242
0228:  MOVLW  06
022A:  MOVWF  01
022C:  CLRF   00
022E:  DECFSZ 00,F
0230:  BRA    022E
0232:  DECFSZ 01,F
0234:  BRA    022C
0236:  MOVLW  7B
0238:  MOVWF  00
023A:  DECFSZ 00,F
023C:  BRA    023A
023E:  DECFSZ FEF,F
0240:  BRA    0228
0242:  RETURN 0
.................... #use        i2c(master,slow,sda=pin_b0,scl=pin_b1) 
....................  
.................... //#use        rs232(baud=9600, xmit=pin_c6,rcv=pin_c7) 
.................... //nut nhan: 
.................... #define  bt0     pin_b5 
.................... #define  bt1     pin_b4 
.................... #define  bt2     pin_b3 
.................... #define  bt3     pin_b2 
....................  
.................... #define  on      bt0       //dk led don, motor 
.................... #define  off     bt1 
.................... #define  inv     bt2 
....................  
.................... #define  up      bt0    //dk led don 
.................... #define  dw      bt1 
.................... #define  clr     bt2 
.................... #define  mod     bt3 
....................  
.................... #define  stop    bt3 
....................  
.................... #define  on1     bt0      
.................... #define  off1    bt1 
.................... #define  on2     bt2        
.................... #define  off2    bt3 
....................  
....................  
.................... #define     trigger      pin_e2 
.................... #define     echo         pin_e1 
.................... //   ic74138_a    pin_b6   //output giai ma 2 sang 4 tich cuc muc 0 
.................... //   ic74138_b    pin_b7   //output giai ma 2 sang 4 tich cuc muc 0 
....................  
.................... //          encoder  pin_c0   //rc0/t13cki 
....................  
.................... //          cb_kc    pin_a2   //ra2/an2 
.................... //          pir      pin_a3   //ra3/an3 
.................... //          cbxung   pin_a4   //ra4/t0cki 
.................... //          ledthu   pin_a4   //ra4/t0cki//sw802 
....................  
.................... //          cb_kcsa_trigger  pin_e2   //re2/sdo  dung chung 
.................... //          cb_kcsa_rcho     pin_e1   //re1 
....................  
.................... //          cb_tcs3200_out    pin_e1   //re1 //cam bien mau tcs3200 
.................... //          cb_tcs3200_s0     b12      //lay tu mbi5026 
.................... //          cb_tcs3200_s1     b13      //lay tu mbi5026 
.................... //          cb_tcs3200_s2     b14      //lay tu mbi5026 
.................... //          cb_tcs3200_s3     b15      //lay tu mbi5026 
....................  
.................... //          cb_power  sw803 
.................... //          cb_gas      ain3_pcf8591t   //re1 
.................... //          cb_quang    ain2_pcf8591t    
.................... //          cb_lm35b    ain1_pcf8591t   //ra1/an1 
.................... //          cb_lm35a    ain0_pcf8591t   //re1/an0 
....................  
.................... //xxxxxxxxxxxxxxxxxxxxxxxxxxxxxxxxxxxxxxxxxxxxxxxxx 
.................... #define      enable_573a      pin_d1         //cs0 cua a 
.................... #define      enable_573b      pin_d0         //cs1 cua b 
.................... //xxxxxxxxxxxxxxxxxxxxxxxxxxxxxxxxxxxxxxxxxxxxxxxxx 
.................... #define      ssdo             pin_e2         //chung tat ca 
.................... #define      ssck             pin_e0         //chung tat ca 
.................... //xxxxxxxxxxxxxxxxxxxxxxxxxxxxxxxxxxxxxxxxxxxxxxxxx 
.................... #define      rck_4led7doan    pin_d7         //a - 4 byte 
.................... #define      g_4led7doan      pin_d6         //a - 4 byte 
.................... //xxxxxxxxxxxxxxxxxxxxxxxxxxxxxxxxxxxxxxxxxxxx     
.................... #define      rck_matranled    pin_d7         //b - 3 byte dao 
.................... #define      g_matranled      pin_d6         //b - 3 byte dao 
.................... //xxxxxxxxxxxxxxxxxxxxxxxxxxxxxxxxxxxxxxxxxxxxxxxxx 
.................... #define      rck_32led        pin_d5         //a - 4 byte 
.................... #define      g_32led          pin_d4         //a - 4 byte 
.................... //xxxxxxxxxxxxxxxxxxxxxxxxxxxxxxxxxxxxxxxxxxxx  
.................... #define      rck_8ledquet     pin_d5         //b - 2 byte dao 
.................... #define      g_8ledquet       pin_d4         //b - 2 byte dao 
.................... //xxxxxxxxxxxxxxxxxxxxxxxxxxxxxxxxxxxxxxxxxxxxxxxxx 
.................... #define      rck_lcd20x4      pin_d3         //a - 2 byte dao 
.................... #define      g_lcd20x4         pin_d2         //a - 2 byte dao 
.................... //xxxxxxxxxxxxxxxxxxxxxxxxxxxxxxxxxxxxxxxxxxxx  
.................... #define      rck_buzerelay    pin_d3     //b - 1 byte  
.................... #define      g_buzerelay      pin_d2         //b - 1 byte  
....................  
.................... void xuat_lcd20x4(unsigned int8 lcd_signal,lcd_ins_hthi); 
....................  
.................... void xuat_buzzer_relay(); 
.................... //xxxxxxxxxxxxxxxxxxxxxxxxxxxxxxxxxxxxxxxxxxxx    
.................... #define     chot_2_ic_74573_a_b  output_d(0xfc) 
....................  
.................... unsigned int8 tin_hieu_dk_74573_a; 
.................... #bit g_4a         = tin_hieu_dk_74573_a.6 
.................... #bit g_32a        = tin_hieu_dk_74573_a.4 
.................... #bit g_lcda       = tin_hieu_dk_74573_a.2 
.................... //xxxxxxxxxxxxxxxxxxxxxxxxxxxxxxxxxxxxxxxxxxxx          
.................... #define     mo_32_led_don        g_32a=0; //output_low(g_32led)  
.................... #define     tat_32_led_don       g_32a=1; //output_high(g_32led)  
.................... //xxxxxxxxxxxxxxxxxxxxxxxxxxxxxxxxxxxxxxxxxxxx          
.................... #define     mo_4_led_7doan       g_4a=0;  //output_low(g_4led7doan) 
.................... #define     tat_4_led_7doan      g_4a=1;  //output_high(g_4led7doan) 
.................... //xxxxxxxxxxxxxxxxxxxxxxxxxxxxxxxxxxxxxxxxxxxx  
.................... #define     mo_glcd_lcd           g_lcda=0;   //output_low(g_lcd20x4) 
.................... #define     tat_glcd_lcd          g_lcda=1;   // output_low(g_lcd20x4) 
....................  
.................... unsigned int8 tin_hieu_dk_74573_b;   
.................... #bit g_mtb        = tin_hieu_dk_74573_b.6 
.................... #bit g_8b         = tin_hieu_dk_74573_b.4 
.................... #bit g_rbdcb      = tin_hieu_dk_74573_b.2 
.................... //xxxxxxxxxxxxxxxxxxxxxxxxxxxxxxxxxxxxxxxxxxxx  
.................... #define     mo_led_matran        g_mtb=0; //output_low(g_matranled) 
.................... #define     tat_led_matran       g_mtb=1; //output_low(g_matranled) 
.................... //xxxxxxxxxxxxxxxxxxxxxxxxxxxxxxxxxxxxxxxxxxxx        
.................... #define     mo_8_led_quet        g_8b=0;  //output_low(g_8ledquet) 
.................... #define     tat_8_led_quet       g_8b=1;  //output_low(g_8ledquet) 
.................... //xxxxxxxxxxxxxxxxxxxxxxxxxxxxxxxxxxxxxxxxxxxx          
.................... #define     mo_relay_buzzer_dc   g_rbdcb=0;  //output_low(g_buzerelay) 
.................... #define     tat_relay_buzzer_dc  g_rbdcb=1;  //output_low(g_buzerelay) 
....................  
.................... //xxxxxxxxxxxxxxxxxxxxxxxxxxxxxxxxxxxxxxxxxxxx 
.................... //chuong trinh kiem tra phim bt1 
.................... //xxxxxxxxxxxxxxxxxxxxxxxxxxxxxxxxxxxxxxxxxxxx 
.................... unsigned int8 dl_btn=0; 
.................... int1 phim_bt0(unsigned int16 dl) 
.................... {   
....................     if (!input(bt0)) 
....................     {   
....................       dl_btn++; 
....................        
....................       if (dl_btn>= dl) 
....................          { 
....................             dl_btn =0; 
....................             return(1); 
....................          } 
....................       else return(0); 
....................     } 
....................     else    return(0); 
.................... }  
.................... //xxxxxxxxxxxxxxxxxxxxxxxxxxxxxxxxxxxxxxxxxxxx 
.................... //chuong trinh kiem tra phim bt1 
.................... //xxxxxxxxxxxxxxxxxxxxxxxxxxxxxxxxxxxxxxxxxxxx 
.................... int1 phim_bt1(unsigned int16 dl ) 
.................... {   
....................     if (!input(bt1)) 
....................     {   
....................       dl_btn++; 
....................        
....................       if (dl_btn>= dl) 
....................          { 
....................             dl_btn =0; 
....................             return(1); 
....................          } 
....................       else return(0); 
....................     } 
....................     else    return(0); 
.................... }  
.................... //xxxxxxxxxxxxxxxxxxxxxxxxxxxxxxxxxxxxxxxxxxxx 
.................... //chuong trinh kiem tra phim bt2       
.................... //xxxxxxxxxxxxxxxxxxxxxxxxxxxxxxxxxxxxxxxxxxxx                                     
.................... int1 phim_bt2(unsigned int16 dl ) 
.................... {                                         
....................     if (!input(bt2)) 
....................     {   
....................       dl_btn++; 
....................        
....................       if (dl_btn>= dl) 
....................          { 
....................             dl_btn =0; 
....................             return(1); 
....................          } 
....................       else return(0); 
....................     } 
....................     else    return(0); 
....................                                           
.................... }       
....................  
.................... //xxxxxxxxxxxxxxxxxxxxxxxxxxxxxxxxxxxxxxxxxxxx 
.................... //chuong trinh kiem tra phim bt3 
.................... //xxxxxxxxxxxxxxxxxxxxxxxxxxxxxxxxxxxxxxxxxxxx 
.................... int1 phim_bt3(unsigned int16 dl,  unsigned int8 solan  ) 
.................... {   
....................     if (!input(bt3)) 
....................     {   
....................       dl_btn++; 
....................       if(dl_btn==1) return(1); 
....................       else 
....................       { 
....................          if (dl_btn>= dl) 
....................          dl_btn =solan; 
....................       } 
....................     } 
....................     else    
....................     { 
....................       //dl_btn =0; 
....................       return(0); 
....................     } 
.................... }  
.................... //xxxxxxxxxxxxxxxxxxxxxxxxxxxxxxxxxxxxxxxxxxxx 
.................... //khai bao du lieu 16 bit cho module relay, triac, buzzer, dong co 
.................... //xxxxxxxxxxxxxxxxxxxxxxxxxxxxxxxxxxxxxxxxxxxx 
.................... unsigned int16 rbdc; 
.................... #bit step_motor_enable  = rbdc.0    //1=ena,0=dis 
.................... #bit step_motor_in1     = rbdc.1     
.................... #bit step_motor_in2     = rbdc.2 
.................... #bit step_motor_in3     = rbdc.3 
.................... #bit step_motor_in4     = rbdc.4 
.................... #bit dc_enable          = rbdc.5    //1=ena,0=dis 
.................... #bit pwrkey             = rbdc.6    //khoi tao sim900 
....................  
.................... #bit buzzer             = rbdc.8    //1=on,0=off 
.................... #bit triac_1            = rbdc.9    //1=on,0=off 
.................... #bit triac_2            = rbdc.10   //1=on,0=off 
.................... #bit relay_1            = rbdc.11   //0=on,1=off 
.................... #bit relay_2            = rbdc.12   //0=on,1=off 
....................  
.................... //ham 103 
.................... //xxxxxxxxxxxxxxxxxxxxxxxxxxxxxxxxxxxxxxxxxxxx 
.................... //chuong trinh con khoi tao ic chot 
.................... //xxxxxxxxxxxxxxxxxxxxxxxxxxxxxxxxxxxxxxxxxxxx          
.................... #define     cho_ic_74573_a_goi_du_lieu     output_high(enable_573a) 
.................... #define     chot_ic_74573_a_goi_du_lieu    output_low(enable_573a) 
....................  
.................... #define     cho_ic_74573_b_goi_du_lieu     output_high(enable_573b) 
.................... #define     chot_ic_74573_b_goi_du_lieu    output_low(enable_573b) 
.................... void mo_ic_74573_a_thong_dl(); 
....................  
.................... //xxxxxxxxxxxxxxxxxxxxxxxxxxxxxxxxxxxxxxxxxxxx    
.................... const unsigned char ma7doan[16]= {0xc0,0xf9,0xa4,0xb0,0x99,0x92,0x82,0xf8, 
.................... 0x80,0x90,0x88, 0x83, 0xc6, 0xa1, 0x86, 0x8e}; 
.................... #define     maso0    0xc0 
.................... #define     maso1    0xf9 
.................... #define     maso2    0xa4 
.................... #define     maso3    0xb0 
.................... #define     maso4    0x99 
.................... #define     maso5    0x92 
.................... #define     maso6    0x82 
.................... #define     maso7    0xf8 
....................  
.................... //xxxxxxxxxxxxxxxxxxxxxxxxxxxxxxxxxxxxxxxxxxxx  
.................... //ham 102 
.................... //xxxxxxxxxxxxxxxxxxxxxxxxxxxxxxxxxxxxxxxxxxxx     
.................... //xuat 1 byte ra thanh ghi dich 
.................... //xxxxxxxxxxxxxxxxxxxxxxxxxxxxxxxxxxxxxxxxxxxx     
.................... void xuat_1byte(unsigned int8 bytexuat) 
.................... { 
....................    unsigned int8   sb,x;    
....................    #bit bseri  = x.7 
....................    x = bytexuat; 
*
005A:  MOVFF  75,77
....................    for (sb=0;sb<8;sb++) 
005E:  CLRF   x76
0060:  MOVF   x76,W
0062:  SUBLW  07
0064:  BNC   0082
....................       {                                                  
....................          output_bit(ssdo,bseri);     
0066:  BTFSC  x77.7
0068:  BRA    006E
006A:  BCF    F8D.2
006C:  BRA    0070
006E:  BSF    F8D.2
0070:  BCF    F96.2
....................          output_low(ssck); output_high(ssck); 
0072:  BCF    F96.0
0074:  BCF    F8D.0
0076:  BCF    F96.0
0078:  BSF    F8D.0
....................          x= x<<1;          
007A:  BCF    FD8.0
007C:  RLCF   x77,F
007E:  INCF   x76,F
0080:  BRA    0060
....................      } 
0082:  RETURN 0
.................... } 
.................... //xxxxxxxxxxxxxxxxxxxxxxxxxxxxxxxxxxxxxxxxxxxx  
.................... //ham 301 
.................... //xxxxxxxxxxxxxxxxxxxxxxxxxxxxxxxxxxxxxxxxxxxx 
.................... //chuong trinh con xuat 4 byte ra 32 led don 
.................... //xxxxxxxxxxxxxxxxxxxxxxxxxxxxxxxxxxxxxxxxxxxx 
.................... void xuat_32led_don_4byte(unsigned int8 bld3,bld2,bld1,bld0) 
.................... {      
....................       xuat_1byte(bld3);           
*
00B2:  MOVFF  71,75
00B6:  RCALL  005A
....................       xuat_1byte(bld2); 
00B8:  MOVFF  72,75
00BC:  RCALL  005A
....................       xuat_1byte(bld1);           
00BE:  MOVFF  73,75
00C2:  RCALL  005A
....................       xuat_1byte(bld0);             
00C4:  MOVFF  74,75
00C8:  RCALL  005A
....................       mo_32_led_don;       
00CA:  BCF    04.4
....................       mo_ic_74573_a_thong_dl();             
00CC:  RCALL  0084
....................       output_high(rck_32led);    output_low(rck_32led); 
00CE:  BCF    F95.5
00D0:  BSF    F8C.5
00D2:  BCF    F95.5
00D4:  BCF    F8C.5
....................       chot_ic_74573_a_goi_du_lieu;       
00D6:  BCF    F95.1
00D8:  BCF    F8C.1
00DA:  RETURN 0
.................... } 
.................... //ham 302 
.................... //xxxxxxxxxxxxxxxxxxxxxxxxxxxxxxxxxxxxxxxxxxxx 
.................... //chuong trinh con xuat 2 word 16 bitra 32 led don 
.................... //xxxxxxxxxxxxxxxxxxxxxxxxxxxxxxxxxxxxxxxxxxxx 
.................... void xuat_32led_don_2word(unsigned int16 wld1, unsigned int16 wld0) 
.................... {      
....................      unsigned int8  b3,b2,b1,b0; 
....................      b3 = wld1>>8;  b2 = wld1;  
*
0118:  MOVFF  6A,6D
011C:  MOVFF  69,6E
....................      b1 = wld0>>8;  b0 = wld0; 
0120:  MOVFF  6C,6F
0124:  MOVFF  6B,70
....................      xuat_32led_don_4byte(b3,b2,b1,b0); 
0128:  MOVFF  6D,71
012C:  MOVFF  6E,72
0130:  MOVFF  6F,73
0134:  MOVFF  70,74
0138:  RCALL  00B2
013A:  RETURN 0
.................... } 
.................... //ham 303 
.................... //xxxxxxxxxxxxxxxxxxxxxxxxxxxxxxxxxxxxxxxxxxxx 
.................... //chuong trinh con xuat 1 double word ra 32 led don 
.................... //xxxxxxxxxxxxxxxxxxxxxxxxxxxxxxxxxxxxxxxxxxxx 
.................... void xuat_32led_don_1dw(unsigned long long dwld) 
.................... {      
....................      unsigned int16  wd1,wd0; 
....................      wd1 = dwld>>16;  wd0 = dwld; 
013C:  MOVFF  63,65
0140:  MOVFF  64,66
0144:  MOVFF  62,68
0148:  MOVFF  61,67
....................      xuat_32led_don_2word(wd1,wd0); 
014C:  MOVFF  66,6A
0150:  MOVFF  65,69
0154:  MOVFF  68,6C
0158:  MOVFF  67,6B
015C:  RCALL  0118
015E:  RETURN 0
.................... } 
....................  
.................... //ham 304 
.................... //xxxxxxxxxxxxxxxxxxxxxxxxxxxxxxxxxxxxxxxxxxxx 
.................... //chuong trinh con mo 32 led don sang 
.................... //xxxxxxxxxxxxxxxxxxxxxxxxxxxxxxxxxxxxxxxxxxxx 
.................... void mo_32led_don() 
.................... {         
....................      xuat_32led_don_1dw(0xffffffff); 
.................... } 
.................... //ham 305 
.................... //xxxxxxxxxxxxxxxxxxxxxxxxxxxxxxxxxxxxxxxxxxxx 
.................... //chuong trinh con tat 32 led don  
.................... //xxxxxxxxxxxxxxxxxxxxxxxxxxxxxxxxxxxxxxxxxxxx 
.................... void tat_32led_don() 
.................... {         
....................      xuat_32led_don_1dw(0); 
.................... } 
.................... //xxxxxxxxxxxxxxxxxxxxxxxxxxxxxxxxxxxxxxxxxxxx     
.................... //xuat 1 bit roi tra lai ket qua sau khi dich di 1 bit 
.................... //xxxxxxxxxxxxxxxxxxxxxxxxxxxxxxxxxxxxxxxxxxxx     
.................... unsigned  int8 xuat_1bit(unsigned int8 bytexuat) 
.................... { 
....................       unsigned int8   xbitx;    
....................       #bit bserix  = xbitx.0 
....................       xbitx = bytexuat; 
....................                                              
....................       output_bit(ssdo,bserix);     
....................       output_low(ssck); output_high(ssck); 
....................       xbitx= xbitx>>1;    
....................       return(xbitx);   
.................... } 
.................... //xxxxxxxxxxxxxxxxxxxxxxxxxxxxxxxxxxxxxxxxxxxx  
.................... //ham 101 
.................... //xxxxxxxxxxxxxxxxxxxxxxxxxxxxxxxxxxxxxxxxxxxx     
.................... //ham khoi tao cac port va ic chot 
.................... //xxxxxxxxxxxxxxxxxxxxxxxxxxxxxxxxxxxxxxxxxxxx     
....................    void set_up_port_ic_chot() 
.................... {      
....................       set_tris_d(0x00);     
*
003C:  MOVLW  00
003E:  MOVWF  F95
....................       set_tris_e(0x00); 
0040:  MOVWF  F96
....................       output_d(0xff); 
0042:  CLRF   F95
0044:  SETF   F8C
....................       tin_hieu_dk_74573_a=0xff;   
0046:  SETF   04
....................       tin_hieu_dk_74573_b=0xff;       
0048:  SETF   05
....................       chot_ic_74573_a_goi_du_lieu; 
004A:  BCF    F95.1
004C:  BCF    F8C.1
....................       chot_ic_74573_b_goi_du_lieu;   
004E:  BCF    F95.0
0050:  BCF    F8C.0
....................       rbdc=0; 
0052:  CLRF   08
0054:  CLRF   07
0056:  GOTO   06D8 (RETURN)
.................... } 
.................... //ham 104 
.................... //xxxxxxxxxxxxxxxxxxxxxxxxxxxxxxxxxxxxxxxxxxxx     
.................... //xuat các thieu dieu khien  
.................... //giu nguyen cac trang thai cua 2 module khac 
.................... //xxxxxxxxxxxxxxxxxxxxxxxxxxxxxxxxxxxxxxxxxxxx     
.................... void mo_ic_74573_a_thong_dl() 
.................... {      
....................       output_d(0x00); 
*
0084:  CLRF   F95
0086:  CLRF   F8C
....................       output_bit(g_32led,g_32a); 
0088:  BTFSC  04.4
008A:  BRA    0090
008C:  BCF    F8C.4
008E:  BRA    0092
0090:  BSF    F8C.4
0092:  BCF    F95.4
....................       output_bit(g_4led7doan,g_4a); 
0094:  BTFSC  04.6
0096:  BRA    009C
0098:  BCF    F8C.6
009A:  BRA    009E
009C:  BSF    F8C.6
009E:  BCF    F95.6
....................       output_bit(g_lcd20x4,g_lcda);   
00A0:  BTFSC  04.2
00A2:  BRA    00A8
00A4:  BCF    F8C.2
00A6:  BRA    00AA
00A8:  BSF    F8C.2
00AA:  BCF    F95.2
....................       cho_ic_74573_a_goi_du_lieu; 
00AC:  BCF    F95.1
00AE:  BSF    F8C.1
00B0:  RETURN 0
.................... } 
.................... void mo_ic_74573_b_thong_dl() 
.................... {      
....................       output_d(0x00); 
*
0254:  CLRF   F95
0256:  CLRF   F8C
....................       output_bit(g_matranled,g_mtb); 
0258:  BTFSC  05.6
025A:  BRA    0260
025C:  BCF    F8C.6
025E:  BRA    0262
0260:  BSF    F8C.6
0262:  BCF    F95.6
....................       output_bit(g_8ledquet,g_8b); 
0264:  BTFSC  05.4
0266:  BRA    026C
0268:  BCF    F8C.4
026A:  BRA    026E
026C:  BSF    F8C.4
026E:  BCF    F95.4
....................       output_bit(g_buzerelay,g_rbdcb);  
0270:  BTFSC  05.2
0272:  BRA    0278
0274:  BCF    F8C.2
0276:  BRA    027A
0278:  BSF    F8C.2
027A:  BCF    F95.2
....................       cho_ic_74573_b_goi_du_lieu; 
027C:  BCF    F95.0
027E:  BSF    F8C.0
0280:  RETURN 0
.................... } 
.................... //ham 401 
.................... //xxxxxxxxxxxxxxxxxxxxxxxxxxxxxxxxxxxxxxxxxxxx 
.................... //chuong trinh con xuat 4 byte ra 4 led 7 doan 
.................... //xxxxxxxxxxxxxxxxxxxxxxxxxxxxxxxxxxxxxxxxxxxx 
.................... void xuat_4led_7doan_4so(unsigned int bl743,bl742,bl741,bl740) 
.................... {      
....................       xuat_1byte(bl740);   xuat_1byte(bl741); 
*
00DC:  MOVFF  64,75
00E0:  RCALL  005A
00E2:  MOVFF  63,75
00E6:  RCALL  005A
....................       xuat_1byte(bl742);   xuat_1byte(bl743); 
00E8:  MOVFF  62,75
00EC:  RCALL  005A
00EE:  MOVFF  61,75
00F2:  RCALL  005A
....................        
....................       mo_4_led_7doan; 
00F4:  BCF    04.6
....................       mo_ic_74573_a_thong_dl(); 
00F6:  RCALL  0084
....................         
....................       output_low(rck_4led7doan);   output_high(rck_4led7doan);  
00F8:  BCF    F95.7
00FA:  BCF    F8C.7
00FC:  BCF    F95.7
00FE:  BSF    F8C.7
....................       chot_ic_74573_a_goi_du_lieu; 
0100:  BCF    F95.1
0102:  BCF    F8C.1
0104:  GOTO   0114 (RETURN)
.................... } 
.................... //ham 404 
.................... void xuat_4led_7doan_3so(unsigned int bl742,bl741,bl740) 
.................... {      
....................      xuat_4led_7doan_4so(0xff,bl742,bl741,bl740); 
.................... } 
.................... //ham 403 
.................... void xuat_4led_7doan_2so(unsigned int bl741,bl740) 
.................... {      
....................      xuat_4led_7doan_4so(0xff,0xff,bl741,bl740); 
.................... } 
.................... //ham 402 
.................... void xuat_4led_7doan_1so(unsigned int bl740) 
.................... {      
....................      xuat_4led_7doan_4so(0xff,0xff,0xff,bl740); 
0108:  SETF   x61
010A:  SETF   x62
010C:  SETF   x63
010E:  MOVFF  60,64
0112:  BRA    00DC
0114:  GOTO   06F2 (RETURN)
.................... } 
....................  
.................... //ham 405 
.................... //xxxxxxxxxxxxxxxxxxxxxxxxxxxxxxxxxxxxxxxxxxxxxxxxxxxxxxxxxxxxx 
.................... //chuong trinh con hien thi du lieu 16 bit tren 4 led 7 doan 
.................... //xxxxxxxxxxxxxxxxxxxxxxxxxxxxxxxxxxxxxxxxxxxxxxxxxxxxxxxxxxxxx 
.................... unsigned char donvi4,chuc4,tram4,ngan4; 
.................... void  xuat_4led_7doan_giaima_xoa_so0 (unsigned int16 tam) 
.................... {          
....................       donvi4 = ma7doan[tam %10];          
....................       chuc4  = ma7doan[tam/10%10]; 
....................       tram4  = ma7doan[tam/100%10];  
....................       ngan4  = ma7doan[tam/1000%10];        
....................       if (ngan4==0xc0) 
....................       { 
....................          ngan4=0xff; 
....................          if (tram4==0xc0) 
....................          { 
....................             tram4=0xff; 
....................             if (chuc4==0xc0)   chuc4=0xff; 
....................          } 
....................       } 
....................       xuat_4led_7doan_4so(ngan4,tram4,chuc4,donvi4);    
.................... } 
.................... unsigned int8 lcddata=0;  
.................... unsigned int8 lcdcontrol=0; 
.................... unsigned int8 glcddata=0; 
.................... unsigned int8 glcdcontrol=0;  
.................... //ham 701 
.................... //xxxxxxxxxxxxxxxxxxxxxxxxxxxxxxxxxxxxxxxxxxxxxxxxxxxxxxxxxxxxx 
.................... //chuong trinh con xuat du lieu 4 byte ra glcd va lcd 
.................... //xxxxxxxxxxxxxxxxxxxxxxxxxxxxxxxxxxxxxxxxxxxxxxxxxxxxxxxxxxxxx 
.................... void xuat_glcd_lcd() 
.................... {       
....................     xuat_1byte(glcdcontrol);              
....................     xuat_1byte(glcddata); 
....................     xuat_1byte(lcdcontrol);        
....................     xuat_1byte(lcddata);       
....................        
....................     mo_glcd_lcd; 
....................     mo_ic_74573_a_thong_dl();             
....................     output_high(rck_lcd20x4);      
....................     output_low(rck_lcd20x4); 
....................     chot_ic_74573_a_goi_du_lieu; 
.................... } 
.................... //ham 702 
.................... void xuat_lcd20x4(unsigned int8 lcd_signal,lcd_ins_hthi) 
.................... {      
....................     lcdcontrol = ~lcd_signal; 
....................     lcddata    = ~lcd_ins_hthi;       
....................     xuat_glcd_lcd(); 
.................... } 
.................... //ham 703 
.................... void xuat_glcd128x64(unsigned int8 glcd_signal,glcd_ins_hthi) 
.................... {      
....................     glcdcontrol = ~glcd_signal; 
....................     glcddata    = ~glcd_ins_hthi;      
....................     xuat_glcd_lcd(); 
.................... } 
.................... //ham 501 
.................... //xxxxxxxxxxxxxxxxxxxxxxxxxxxxxxxxxxxxxxxxxxxx 
.................... //chuong trinh con xuat 2 byte ra dk 1 led quet sang 
.................... //xxxxxxxxxxxxxxxxxxxxxxxxxxxxxxxxxxxxxxxxxxxx 
.................... void xuat_8led_7doan_quet_1(unsigned int ma,so_hthi) 
.................... {      
....................       xuat_1byte(~ma);   xuat_1byte(~so_hthi); 
*
02B4:  MOVF   x65,W
02B6:  MOVWF  x67
02B8:  COMF   x67,F
02BA:  MOVFF  67,75
02BE:  RCALL  005A
02C0:  MOVFF  66,67
02C4:  COMF   x67,F
02C6:  MOVFF  67,75
02CA:  RCALL  005A
....................        
....................       mo_8_led_quet; 
02CC:  BCF    05.4
....................       mo_ic_74573_b_thong_dl(); 
02CE:  RCALL  0254
....................        
....................       output_high(rck_8ledquet); output_low(rck_8ledquet); 
02D0:  BCF    F95.5
02D2:  BSF    F8C.5
02D4:  BCF    F95.5
02D6:  BCF    F8C.5
....................       chot_ic_74573_b_goi_du_lieu; 
02D8:  BCF    F95.0
02DA:  BCF    F8C.0
02DC:  GOTO   02E6 (RETURN)
.................... } 
.................... //ham 502 
.................... //xxxxxxxxxxxxxxxxxxxxxxxxxxxxxxxxxxxxxxxxxxxx 
.................... //chuong trinh con xuat 2 byte ra tat 8 led quet 
.................... //xxxxxxxxxxxxxxxxxxxxxxxxxxxxxxxxxxxxxxxxxxxx 
.................... void xuat_8led_7doan_quet_tat_led() 
.................... { 
....................    xuat_8led_7doan_quet_1(0xff,0xff); 
02E0:  SETF   x65
02E2:  SETF   x66
02E4:  BRA    02B4
02E6:  GOTO   0316 (RETURN)
.................... } 
.................... //ham 503 
.................... //xxxxxxxxxxxxxxxxxxxxxxxxxxxxxxxxxxxxxxxxxxxx 
.................... //chuong trinh con hien thi led theo thu tu 
.................... //xxxxxxxxxxxxxxxxxxxxxxxxxxxxxxxxxxxxxxxxxxxx 
.................... const unsigned char ttledquet[8]= {0x7f,0xbf,0xdf,0xef,0xf7,0xfb,0xfd,0xfe}; 
.................... void xuat_8led_7doan_quet_2(unsigned int thutuled,so_hthi) 
.................... {          
....................       xuat_1byte(~ (ttledquet[thutuled]));   xuat_1byte(~so_hthi);      
*
0282:  CLRF   03
0284:  MOVF   x66,W
0286:  RCALL  0024
0288:  MOVWF  01
028A:  MOVWF  x68
028C:  COMF   x68,F
028E:  MOVFF  68,75
0292:  RCALL  005A
0294:  MOVFF  67,68
0298:  COMF   x68,F
029A:  MOVFF  68,75
029E:  RCALL  005A
....................       mo_8_led_quet; 
02A0:  BCF    05.4
....................       mo_ic_74573_b_thong_dl(); 
02A2:  RCALL  0254
....................       output_high(rck_8ledquet); output_low(rck_8ledquet); 
02A4:  BCF    F95.5
02A6:  BSF    F8C.5
02A8:  BCF    F95.5
02AA:  BCF    F8C.5
....................       chot_ic_74573_b_goi_du_lieu; 
02AC:  BCF    F95.0
02AE:  BCF    F8C.0
02B0:  GOTO   030A (RETURN)
.................... } 
.................... //ham 504 
.................... //xxxxxxxxxxxxxxxxxxxxxxxxxxxxxxxxxxxxxxxxxxxx 
.................... //chuong trinh con hien thi 8 so tren 8 led quet - co kiem tra 
.................... //xxxxxxxxxxxxxxxxxxxxxxxxxxxxxxxxxxxxxxxxxxxx 
.................... unsigned int8 led_7dq[8]={0xff,0xff,0xff,0xff,0xff,0xff,0xff,0xff}; 
.................... unsigned int8 tt8led=0; 
.................... void hien_thi_8led_7doan_quet() 
.................... {      
....................       for(tt8led=0;tt8led<8;tt8led++) 
....................          if (led_7dq[tt8led]!=0xff) 
....................          {            
....................             xuat_8led_7doan_quet_2(tt8led, led_7dq[tt8led]); 
....................             delay_us(100); 
....................             xuat_8led_7doan_quet_tat_led();            
....................             } 
.................... } 
.................... //ham 505 
.................... //xxxxxxxxxxxxxxxxxxxxxxxxxxxxxxxxxxxxxxxxxxxx 
.................... //chuong trinh con hien thi 8 so tren 8 led quet - khong kiem tra 
.................... //xxxxxxxxxxxxxxxxxxxxxxxxxxxxxxxxxxxxxxxxxxxx 
.................... void hien_thi_8led_7doan_quet_all() 
.................... {      
....................       for(tt8led=0;tt8led<8;tt8led++)          
*
02EA:  CLRF   19
02EC:  MOVF   19,W
02EE:  SUBLW  07
02F0:  BNC   031A
....................          {            
....................             xuat_8led_7doan_quet_2(tt8led, led_7dq[tt8led]); 
02F2:  CLRF   03
02F4:  MOVF   19,W
02F6:  ADDLW  11
02F8:  MOVWF  FE9
02FA:  MOVLW  00
02FC:  ADDWFC 03,W
02FE:  MOVWF  FEA
0300:  MOVFF  FEF,67
0304:  MOVFF  19,66
0308:  BRA    0282
....................             delay_us(100); 
030A:  MOVLW  A6
030C:  MOVWF  00
030E:  DECFSZ 00,F
0310:  BRA    030E
0312:  NOP   
....................             xuat_8led_7doan_quet_tat_led();            
0314:  BRA    02E0
0316:  INCF   19,F
0318:  BRA    02EC
....................             } 
031A:  GOTO   0328 (RETURN)
.................... } 
....................  
.................... void delay_quet_8led(unsigned int16 dl) 
.................... {  
....................       unsigned int8 i; 
....................       for (i=0; i<dl;i++) 
....................       hien_thi_8led_7doan_quet_all(); 
.................... }  
....................  
.................... void giai_ma_gan_cho_8led_quet_16_xoa(unsigned int16 x) 
.................... {      
....................       led_7dq[0]= ma7doan [x %10];     
....................       led_7dq[1]= ma7doan [x/10%10]; 
....................       led_7dq[2]= ma7doan [x/100%10];     
....................       led_7dq[3]= ma7doan [x/1000%10]; 
....................       led_7dq[4]= ma7doan [x/10000%10]; 
....................       if (led_7dq[4]==maso0)  
....................       { 
....................             led_7dq[4]=0xff; 
....................             if (led_7dq[3]==maso0)  
....................             { 
....................                led_7dq[3]=0xff; 
....................                if (led_7dq[2]==maso0)  
....................                { 
....................                   led_7dq[2]=0xff; 
....................                   if (led_7dq[1]==maso0)  
....................                   { 
....................                      led_7dq[1]=0xff; 
....................                   } 
....................                } 
....................             } 
....................       } 
....................              
.................... } 
.................... //xxxxxxxxxxxxxxxxxxxxxxxxxxxxxxxxxxxxxxxxxxxx          
.................... void xuat_2byte(unsigned int16 byte2xuat) 
.................... { 
....................    int8 sbb; 
....................    unsigned int16   xx;   //short  bseri; 
....................    #bit bserix  = xx.15 
....................    xx = byte2xuat; 
....................    for (sbb=0;sbb<16;sbb++) 
....................       {                                                  
....................          output_bit(ssdo,bserix);     
....................          output_low(ssck);          
....................          output_high(ssck); 
....................          xx= xx<<1;          
....................      } 
.................... } 
.................... //xxxxxxxxxxxxxxxxxxxxxxxxxxxxxxxxxxxxxxxxxxxx 
.................... //chuong trinh con xuat ra led ma tran 
.................... //xxxxxxxxxxxxxxxxxxxxxxxxxxxxxxxxxxxxxxxxxxxx 
.................... void xuat_matranled(unsigned int16 mahang,unsigned int16 macot1, 
.................... unsigned int16 macot2,unsigned int16 macot3) 
.................... {       
....................       xuat_2byte(macot3); 
....................       xuat_2byte(macot2); 
....................       xuat_2byte(macot1); 
....................       xuat_2byte(mahang); 
....................        
....................       mo_led_matran; 
....................       mo_ic_74573_b_thong_dl(); 
....................        
....................       output_high(rck_matranled); output_low(rck_matranled);  
....................       chot_ic_74573_b_goi_du_lieu; 
.................... } 
.................... //xxxxxxxxxxxxxxxxxxxxxxxxxxxxxxxxxxxxxxxxxxxx 
.................... //chuong trinh con xuat ra led ma tran 
.................... //xxxxxxxxxxxxxxxxxxxxxxxxxxxxxxxxxxxxxxxxxxxx 
.................... void tat_matranled() 
.................... {       
....................       xuat_2byte(0); 
....................       xuat_2byte(0); 
....................       xuat_2byte(0); 
....................       xuat_2byte(0);            
....................       output_high(rck_matranled);  
....................       output_low(rck_matranled); 
.................... } 
.................... unsigned  int8 hieu_chinh_4bit_cao(unsigned int8 xzy) 
.................... { 
....................       int1  btg; 
....................       unsigned int8   bx;    
....................       #bit bit4  = bx.4 
....................       #bit bit5  = bx.5 
....................       #bit bit6  = bx.6 
....................       #bit bit7  = bx.7 
....................       bx=xzy; 
....................       btg=bit4;   bit4=bit7;  bit7=btg; 
....................       btg=bit5;   bit5=bit6;  bit6=btg;       
....................       return(bx);   
.................... } 
.................... //ham 601 
.................... //xxxxxxxxxxxxxxxxxxxxxxxxxxxxxxxxxxxxxxxxxxxxxxxxxxxx 
.................... //module dieu khien relay,triac, buzzer, dong co, sim 
.................... //xxxxxxxxxxxxxxxxxxxxxxxxxxxxxxxxxxxxxxxxxxxxxxxxxxxx 
.................... void xuat_buzzer_relay() 
.................... {      
....................    unsigned int8 rbdc1,rbdc2; 
....................       rbdc1=rbdc; rbdc2=rbdc>>8;       
....................       xuat_1byte(rbdc2);       
....................       xuat_1byte(rbdc1); 
....................       mo_relay_buzzer_dc; 
....................       mo_ic_74573_b_thong_dl(); 
....................        
....................       output_high(rck_buzerelay);   output_low(rck_buzerelay); 
....................       chot_ic_74573_b_goi_du_lieu; 
.................... } 
.................... //ham 602 
.................... //xxxxxxxxxxxxxxxxxxxxxxxxxxxxxxxxxxxxxxxxxxxxxxxxxxxx 
.................... void buzzer_on() 
.................... {     
....................       buzzer=1; 
....................       xuat_buzzer_relay();          
.................... } 
.................... //ham 603 
.................... //xxxxxxxxxxxxxxxxxxxxxxxxxxxxxxxxxxxxxxxxxxxxxxxxxxxx 
.................... void buzzer_off() 
.................... {      
....................       buzzer=0; 
....................       xuat_buzzer_relay(); 
.................... } 
.................... //ham 604 
.................... //xxxxxxxxxxxxxxxxxxxxxxxxxxxxxxxxxxxxxxxxxxxxxxxxxxxx 
.................... void relay_1_on() 
.................... {     
....................       relay_1=1; 
....................       xuat_buzzer_relay();          
.................... } 
.................... //ham 603 
.................... //xxxxxxxxxxxxxxxxxxxxxxxxxxxxxxxxxxxxxxxxxxxxxxxxxxxx 
.................... void relay_1_off() 
.................... {     
....................       relay_1=0; 
....................       xuat_buzzer_relay();          
.................... } 
.................... //ham 604 
.................... //xxxxxxxxxxxxxxxxxxxxxxxxxxxxxxxxxxxxxxxxxxxxxxxxxxxx 
.................... void relay_2_on() 
.................... {     
....................       relay_2=1; 
....................       xuat_buzzer_relay();          
.................... } 
.................... //ham 607 
.................... //xxxxxxxxxxxxxxxxxxxxxxxxxxxxxxxxxxxxxxxxxxxxxxxxxxxx 
.................... void relay_2_off() 
.................... {     
....................       relay_2=0; 
....................       xuat_buzzer_relay();          
.................... } 
.................... //ham 608 
.................... //xxxxxxxxxxxxxxxxxxxxxxxxxxxxxxxxxxxxxxxxxxxxxxxxxxxx 
.................... void relay_1_relay_2_on() 
.................... {     
....................       relay_1=1;  relay_2=1; 
....................       xuat_buzzer_relay();          
.................... } 
.................... //ham 609 
.................... //xxxxxxxxxxxxxxxxxxxxxxxxxxxxxxxxxxxxxxxxxxxxxxxxxxxx 
.................... void relay_1_relay_2_off() 
.................... {     
....................       relay_1=0;  relay_2=0; 
....................       xuat_buzzer_relay();          
.................... } 
.................... //ham 610 
.................... //xxxxxxxxxxxxxxxxxxxxxxxxxxxxxxxxxxxxxxxxxxxxxxxxxxxx 
.................... void triac_1_on() 
.................... {     
....................       triac_1=1; 
....................       xuat_buzzer_relay();          
.................... } 
.................... //ham 611 
.................... //xxxxxxxxxxxxxxxxxxxxxxxxxxxxxxxxxxxxxxxxxxxxxxxxxxxx 
.................... void triac_1_off() 
.................... {     
....................       triac_1=0; 
....................       xuat_buzzer_relay();          
.................... } 
.................... //ham 612 
.................... //xxxxxxxxxxxxxxxxxxxxxxxxxxxxxxxxxxxxxxxxxxxxxxxxxxxx 
.................... void triac_2_on() 
.................... {     
....................       triac_2=1; 
....................       xuat_buzzer_relay();          
.................... } 
.................... //ham 613 
.................... //xxxxxxxxxxxxxxxxxxxxxxxxxxxxxxxxxxxxxxxxxxxxxxxxxxxx 
.................... void triac_2_off() 
.................... {     
....................       triac_2=0; 
....................       xuat_buzzer_relay();          
.................... } 
.................... //xxxxxxxxxxxxxxxxxxxxxxxxxxxxxxxxxxxxxxxxxxxx 
....................  
....................  
....................  
.................... #include "TV_PICKIT2_SHIFT_KEY4X4_138.c" 
.................... const unsigned char maquetkey[4]= {0x3f,0x7f,0xbf,0xff}; 
.................... unsigned int8  mpt1=0,mpt2=0;   
.................... unsigned int key_nhan() 
.................... {     signed int8 maphim,hang,cot; 
....................       maphim=hang=0xff; 
....................       for(cot=0;cot<4;cot++) 
....................             {    
....................                output_b(maquetkey[cot]); 
....................                if         (!input(pin_b2))      {hang=3;   break;} 
....................                else    if (!input(pin_b3))      {hang=2;   break;} 
....................                else    if (!input(pin_b4))      {hang=1;   break;} 
....................                else    if (!input(pin_b5))      {hang=0;   break;} 
....................             }           
....................          if (hang!=0xff)   maphim   = cot*4 + hang; 
....................          return(maphim); 
.................... } 
.................... unsigned int key_4x4_dw() 
.................... {      
....................       mpt1=key_nhan();          
....................       if (mpt1!=0xff)    
....................       {  delay_ms(1);   
....................          mpt1=key_nhan(); 
....................          do{mpt2=key_nhan();} 
....................          while (mpt2==mpt1); 
....................       }              
....................       return(mpt1); 
.................... } 
....................  
.................... unsigned int key_4x4_up() 
.................... {             
....................       mpt1=key_nhan(); 
....................       if (mpt1!=0xff)    
....................       {   
....................          if (mpt1!=mpt2) 
....................             { 
....................                mpt2=mpt1; 
....................                return(mpt1);  //phim moi 
....................             } 
....................          else 
....................          { 
....................             delay_ms(1); 
....................             mpt1=key_nhan(); 
....................             do 
....................             { 
....................                mpt2=key_nhan(); 
....................                } 
....................             while (mpt2!=mpt1); 
.................... 			mpt2=mpt1; 
....................             return(mpt1);     //thoat vi trung ma phim da nhan 
....................                            
....................          } 
....................       }   
....................       else  
....................       { 
.................... 		   mpt2=mpt1; 
....................          return(mpt1);  //thoat vi khong nhan 
....................           
....................       }       
.................... } 
....................  
....................  
....................  
.................... #include "TV_PICKIT2_SHIFT_32LED_DON.c" 
.................... unsigned int32    y=0,yp_chay=1,yt_chay=0x80000000,y_codinh=0; 
.................... unsigned int16 zt,zt_chay_t=0x8000,zt_chay_p=1,zt_codinh=0; 
.................... unsigned int16 zp,zp_chay_t=0x8000,zp_chay_p=1,zp_codinh=0; 
....................  
.................... unsigned int16 tgdlay=0; 
.................... unsigned int8 dem_led=0;  
.................... signed i32=32,j32=0,ttct_td=1,i16=16,j16=0; 
....................  
.................... unsigned int32    za=1,ya=1,xa=0xfffffffe,zb=0x80000000,yb=0x80000000,xb=0x7fffffff;    
.................... signed ia=1,ja=1;   
.................... void reset_toan_bo_bien() 
.................... {  
....................       ttct_td++;     //chuyen chuong trinh cho tu dong 
*
017C:  INCF   41,F
....................       y=0;      yp_chay=1;      yt_chay=0x80000000;      y_codinh=0; 
017E:  CLRF   1F
0180:  CLRF   1E
0182:  CLRF   1D
0184:  CLRF   1C
0186:  CLRF   23
0188:  CLRF   22
018A:  CLRF   21
018C:  MOVLW  01
018E:  MOVWF  20
0190:  MOVLW  80
0192:  MOVWF  27
0194:  CLRF   26
0196:  CLRF   25
0198:  CLRF   24
019A:  CLRF   2B
019C:  CLRF   2A
019E:  CLRF   29
01A0:  CLRF   28
....................       zt_chay_t=0x8000;    zt_chay_p=1;   zt_codinh=0; 
01A2:  MOVWF  2F
01A4:  CLRF   2E
01A6:  CLRF   31
01A8:  MOVLW  01
01AA:  MOVWF  30
01AC:  CLRF   33
01AE:  CLRF   32
....................       zp_chay_t=0x8000;    zp_chay_p=1;   zp_codinh=0; 
01B0:  MOVLW  80
01B2:  MOVWF  37
01B4:  CLRF   36
01B6:  CLRF   39
01B8:  MOVLW  01
01BA:  MOVWF  38
01BC:  CLRF   3B
01BE:  CLRF   3A
....................       zt=zp=0; 
01C0:  CLRF   35
01C2:  CLRF   34
01C4:  MOVFF  35,2D
01C8:  MOVFF  34,2C
....................       i32=32;j32=0;i16=16,j16=0; 
01CC:  MOVLW  20
01CE:  MOVWF  3F
01D0:  CLRF   40
01D2:  MOVLW  10
01D4:  MOVWF  42
01D6:  CLRF   43
....................       dem_led=0; 
01D8:  CLRF   3E
....................        
....................       za=1;    ya=1;    xa=0xfffffffe;     ia=1;    ja=1; 
01DA:  CLRF   47
01DC:  CLRF   46
01DE:  CLRF   45
01E0:  MOVLW  01
01E2:  MOVWF  44
01E4:  CLRF   4B
01E6:  CLRF   4A
01E8:  CLRF   49
01EA:  MOVWF  48
01EC:  SETF   4F
01EE:  SETF   4E
01F0:  SETF   4D
01F2:  MOVLW  FE
01F4:  MOVWF  4C
01F6:  MOVLW  01
01F8:  MOVWF  5C
01FA:  MOVWF  5D
....................      zb=0x80000000;    yb=0x80000000;    xb=0x7fffffff; 
01FC:  MOVLW  80
01FE:  MOVWF  53
0200:  CLRF   52
0202:  CLRF   51
0204:  CLRF   50
0206:  MOVWF  57
0208:  CLRF   56
020A:  CLRF   55
020C:  CLRF   54
020E:  MOVLW  7F
0210:  MOVWF  5B
0212:  SETF   5A
0214:  SETF   59
0216:  SETF   58
....................      tgdlay = 0; 
0218:  CLRF   3D
021A:  CLRF   3C
021C:  RETURN 0
.................... }  
....................  
.................... void tang_dem_led_delay_1(unsigned int8 dl) 
.................... {  
....................       unsigned int8 i; 
....................       for (i=0; i<dl;i++) 
*
031E:  CLRF   x64
0320:  MOVF   x63,W
0322:  SUBWF  x64,W
0324:  BC    032C
....................       hien_thi_8led_7doan_quet_all(); 
0326:  BRA    02EA
0328:  INCF   x64,F
032A:  BRA    0320
....................       dem_led++; 
032C:  INCF   3E,F
032E:  GOTO   0344 (RETURN)
.................... }  
....................  
.................... void tang_dem_led_delay_0(unsigned int8 dl) 
.................... {  
....................       if (dl>0)      delay_ms(dl);  
*
0244:  MOVF   x63,F
0246:  BZ    024E
0248:  MOVFF  63,64
024C:  RCALL  021E
....................       dem_led++; 
024E:  INCF   3E,F
0250:  GOTO   0344 (RETURN)
.................... }  
....................  
.................... void delay_chon(unsigned int8 dl,chondelay) 
.................... {     
....................    if (!chondelay)   tang_dem_led_delay_0(dl); 
*
0332:  MOVF   x62,F
0334:  BNZ   033E
0336:  MOVFF  61,63
033A:  BRA    0244
033C:  BRA    0344
....................    else              tang_dem_led_delay_1(dl); 
033E:  MOVFF  61,63
0342:  BRA    031E
0344:  RETURN 0
.................... } 
.................... //xxxxxxxxxxxxxxxxxxxxxxxxxxxxxxxxxxxxxxxxxxxx 
.................... //32 led: sang don  phai sang trai 
.................... //xxxxxxxxxxxxxxxxxxxxxxxxxxxxxxxxxxxxxxxxxxxx 
.................... void diem_sang_dich_trai_mat_dan_32led(unsigned int8 dl,chondelay) 
.................... {        
....................    if(ia<33) 
....................    { 
....................       if(ja>0) 
....................       { 
....................          zb = (zb << 1); 
....................          y = xb|zb;         
....................          xuat_32led_don_1dw(y); 
....................          delay_chon(dl,chondelay); 
....................          ja--; 
....................       } 
....................       else  
....................       { 
....................          ia++; 
....................          ja=ia;       
....................          yb = yb>>1; 
....................          xb = xb>>1; 
....................          zb = yb; 
....................       } 
....................    } 
....................    else reset_toan_bo_bien(); 
.................... }   
.................... //xxxxxxxxxxxxxxxxxxxxxxxxxxxxxxxxxxxxxxxxxxxx 
.................... //32 led: sang don  trai sang phai 
.................... //xxxxxxxxxxxxxxxxxxxxxxxxxxxxxxxxxxxxxxxxxxxx 
.................... void diem_sang_dich_phai_mat_dan_32led(unsigned int8 dl,chondelay) 
.................... {        
....................    if(ia<33) 
....................    { 
....................       if(ja>0) 
....................       { 
....................          za = (za >> 1); 
....................          y = xa|za;         
....................          xuat_32led_don_1dw(y); 
....................          delay_chon(dl,chondelay); 
....................          ja--; 
....................       } 
....................       else  
....................       { 
....................          ia++; 
....................          ja=ia;       
....................          ya = ya<<1; 
....................          xa = xa <<1; 
....................          za = ya; 
....................       } 
....................    } 
....................    else reset_toan_bo_bien(); 
.................... }   
.................... //xxxxxxxxxxxxxxxxxxxxxxxxxxxxxxxxxxxxxxxxxxxx 
.................... //32 led: chop tat  
.................... //xxxxxxxxxxxxxxxxxxxxxxxxxxxxxxxxxxxxxxxxxxxx 
.................... void dao_dl_32bit_va_xuat() 
.................... { 
....................    y=~y; 
*
0160:  COMF   1C,F
0162:  COMF   1D,F
0164:  COMF   1E,F
0166:  COMF   1F,F
....................    xuat_32led_don_1dw(y);  
0168:  MOVFF  1F,64
016C:  MOVFF  1E,63
0170:  MOVFF  1D,62
0174:  MOVFF  1C,61
0178:  RCALL  013C
017A:  RETURN 0
.................... } 
.................... void sang_tat_32led(unsigned int8 dl,chondelay) 
.................... {         
....................       if (tgdlay==1)          xuat_32led_don_1dw(y);  
*
0346:  DECFSZ 3C,W
0348:  BRA    0362
034A:  MOVF   3D,F
034C:  BNZ   0362
034E:  MOVFF  1F,64
0352:  MOVFF  1E,63
0356:  MOVFF  1D,62
035A:  MOVFF  1C,61
035E:  RCALL  013C
0360:  BRA    0398
....................       else if (tgdlay==50)    dao_dl_32bit_va_xuat(); 
0362:  MOVF   3C,W
0364:  SUBLW  32
0366:  BNZ   0370
0368:  MOVF   3D,F
036A:  BNZ   0370
036C:  RCALL  0160
036E:  BRA    0398
....................       else if (tgdlay==100)   dao_dl_32bit_va_xuat();           
0370:  MOVF   3C,W
0372:  SUBLW  64
0374:  BNZ   037E
0376:  MOVF   3D,F
0378:  BNZ   037E
037A:  RCALL  0160
037C:  BRA    0398
....................       else if (tgdlay==150)   dao_dl_32bit_va_xuat();                  
037E:  MOVF   3C,W
0380:  SUBLW  96
0382:  BNZ   038C
0384:  MOVF   3D,F
0386:  BNZ   038C
0388:  RCALL  0160
038A:  BRA    0398
....................       else if (tgdlay==200)   
038C:  MOVF   3C,W
038E:  SUBLW  C8
0390:  BNZ   0398
0392:  MOVF   3D,F
0394:  BNZ   0398
....................       { 
.................... //!         ttct_td++;   y=0;        tgdlay=0; 
....................             reset_toan_bo_bien(); 
0396:  RCALL  017C
....................       } 
....................       tgdlay++; 
0398:  INCF   3C,F
039A:  BTFSC  FD8.2
039C:  INCF   3D,F
....................       delay_chon(dl,chondelay); 
039E:  MOVFF  5F,61
03A2:  MOVFF  60,62
03A6:  RCALL  0332
03A8:  GOTO   06FE (RETURN)
.................... } 
.................... //xxxxxxxxxxxxxxxxxxxxxxxxxxxxxxxxxxxxxxxxxxxx 
.................... //32 led: sang dan roi tat dan tu ngoai vao 
.................... //xxxxxxxxxxxxxxxxxxxxxxxxxxxxxxxxxxxxxxxxxxxx 
.................... void sang_tat_dan_ngoai_vao_32led(unsigned int8 dl,chondelay) 
.................... {   
....................    if (dem_led<16) 
03AC:  MOVF   3E,W
03AE:  SUBLW  0F
03B0:  BNC   03F6
....................    {   
....................       xuat_32led_don_2word(zp,zt);         
03B2:  MOVFF  35,6A
03B6:  MOVFF  34,69
03BA:  MOVFF  2D,6C
03BE:  MOVFF  2C,6B
03C2:  RCALL  0118
....................       zp= (zp<<1)+1;  
03C4:  BCF    FD8.0
03C6:  RLCF   34,W
03C8:  MOVWF  x61
03CA:  RLCF   35,W
03CC:  MOVWF  x62
03CE:  MOVLW  01
03D0:  ADDWF  x61,W
03D2:  MOVWF  34
03D4:  MOVLW  00
03D6:  ADDWFC x62,W
03D8:  MOVWF  35
....................       zt= (zt>>1)+0x8000; 
03DA:  BCF    FD8.0
03DC:  RRCF   2D,W
03DE:  MOVWF  x62
03E0:  RRCF   2C,W
03E2:  MOVWF  2C
03E4:  MOVLW  80
03E6:  ADDWF  x62,W
03E8:  MOVWF  2D
....................       delay_chon(dl,chondelay); 
03EA:  MOVFF  5F,61
03EE:  MOVFF  60,62
03F2:  RCALL  0332
....................    } 
03F4:  BRA    0428
....................    else  if (dem_led<32) 
03F6:  MOVF   3E,W
03F8:  SUBLW  1F
03FA:  BNC   0426
....................    {   
....................       xuat_32led_don_2word(zp,zt); 
03FC:  MOVFF  35,6A
0400:  MOVFF  34,69
0404:  MOVFF  2D,6C
0408:  MOVFF  2C,6B
040C:  RCALL  0118
....................       zp= (zp<<1);  
040E:  BCF    FD8.0
0410:  RLCF   34,F
0412:  RLCF   35,F
....................       zt= (zt>>1); 
0414:  BCF    FD8.0
0416:  RRCF   2D,F
0418:  RRCF   2C,F
....................       delay_chon(dl,chondelay); 
041A:  MOVFF  5F,61
041E:  MOVFF  60,62
0422:  RCALL  0332
....................    } 
0424:  BRA    0428
....................    else reset_toan_bo_bien(); 
0426:  RCALL  017C
0428:  GOTO   070C (RETURN)
....................  
.................... }    
.................... //xxxxxxxxxxxxxxxxxxxxxxxxxxxxxxxxxxxxxxxxxxxx 
.................... //32 led: sang dan roi tat dan tu trong ra 
.................... //xxxxxxxxxxxxxxxxxxxxxxxxxxxxxxxxxxxxxxxxxxxx 
.................... void sang_tat_dan_trong_ra_32led(unsigned int8 dl,chondelay) 
.................... {   
....................    if (dem_led<16) 
....................    {    
....................       xuat_32led_don_2word(zp,zt);  
....................       zp= (zp>>1)+0x8000;  
....................       zt= (zt<<1)+1; 
....................       delay_chon(dl,chondelay); 
....................    } 
....................    else  if (dem_led<32) 
....................    {   
....................       xuat_32led_don_2word(zp,zt); 
....................       zp= (zp>>1);  
....................       zt= (zt<<1); 
....................       delay_chon(dl,chondelay); 
....................     } 
....................    else reset_toan_bo_bien(); 
....................          
.................... }    
.................... //xxxxxxxxxxxxxxxxxxxxxxxxxxxxxxxxxxxxxxxxxxxx 
.................... //32 led: 2nhom 16 led sang dan roi tat dan tu phai sang trai 
.................... //xxxxxxxxxxxxxxxxxxxxxxxxxxxxxxxxxxxxxxxxxxxx 
.................... void sang_tat_dan_phai_sang_trai_2x16led(unsigned int8 dl,chondelay) 
.................... {   
....................    if (dem_led<16) 
*
0530:  MOVF   3E,W
0532:  SUBLW  0F
0534:  BNC   0564
....................    {    
....................       xuat_32led_don_2word(zp,zp); 
0536:  MOVFF  35,6A
053A:  MOVFF  34,69
053E:  MOVFF  35,6C
0542:  MOVFF  34,6B
0546:  RCALL  0118
....................       zp= (zp>>1)+0x8000; 
0548:  BCF    FD8.0
054A:  RRCF   35,W
054C:  MOVWF  x62
054E:  RRCF   34,W
0550:  MOVWF  34
0552:  MOVLW  80
0554:  ADDWF  x62,W
0556:  MOVWF  35
....................       delay_chon(dl,chondelay); 
0558:  MOVFF  5F,61
055C:  MOVFF  60,62
0560:  RCALL  0332
....................    } 
0562:  BRA    0590
....................    else  if (dem_led<32) 
0564:  MOVF   3E,W
0566:  SUBLW  1F
0568:  BNC   058E
....................    {   
....................       xuat_32led_don_2word(zp,zp); 
056A:  MOVFF  35,6A
056E:  MOVFF  34,69
0572:  MOVFF  35,6C
0576:  MOVFF  34,6B
057A:  RCALL  0118
....................       zp= (zp>>1); 
057C:  BCF    FD8.0
057E:  RRCF   35,F
0580:  RRCF   34,F
....................       delay_chon(dl,chondelay); 
0582:  MOVFF  5F,61
0586:  MOVFF  60,62
058A:  RCALL  0332
....................     } 
058C:  BRA    0590
....................    else reset_toan_bo_bien(); 
058E:  RCALL  017C
0590:  GOTO   0736 (RETURN)
....................        
.................... }    
.................... //xxxxxxxxxxxxxxxxxxxxxxxxxxxxxxxxxxxxxxxxxxxx 
.................... //32 led: 2nhom 16 led sang dan roi tat dan tu trai sang phai 
.................... //xxxxxxxxxxxxxxxxxxxxxxxxxxxxxxxxxxxxxxxxxxxx 
.................... void sang_tat_dan_trai_sang_phai_2x16led(unsigned int8 dl,chondelay) 
.................... {   
....................    if (dem_led<16) 
....................    {    
....................       xuat_32led_don_2word(zt,zt);   
....................       zt= (zt<<1)+1; 
....................       delay_chon(dl,chondelay); 
....................    } 
....................    else  if (dem_led<32) 
....................    {   
....................       xuat_32led_don_2word(zt,zt); 
....................       zt= (zt<<1); 
....................       delay_chon(dl,chondelay); 
....................     } 
....................    else reset_toan_bo_bien(); 
....................          
.................... }    
.................... //xxxxxxxxxxxxxxxxxxxxxxxxxxxxxxxxxxxxxxxxxxxx 
.................... //32 led: sang dan roi tat dan tu phai sang trai 
.................... //xxxxxxxxxxxxxxxxxxxxxxxxxxxxxxxxxxxxxxxxxxxx 
.................... void sang_tat_dan_pst_32led(unsigned int8 dl,chondelay) 
.................... {         
....................    if (dem_led<32) 
*
04AE:  MOVF   3E,W
04B0:  SUBLW  1F
04B2:  BNC   04FC
....................    {   
....................       xuat_32led_don_1dw(y); 
04B4:  MOVFF  1F,64
04B8:  MOVFF  1E,63
04BC:  MOVFF  1D,62
04C0:  MOVFF  1C,61
04C4:  RCALL  013C
....................       y= (y<<1)+1; 
04C6:  BCF    FD8.0
04C8:  RLCF   1C,W
04CA:  MOVWF  x62
04CC:  RLCF   1D,W
04CE:  MOVWF  x63
04D0:  RLCF   1E,W
04D2:  MOVWF  x64
04D4:  RLCF   1F,W
04D6:  MOVWF  x65
04D8:  MOVLW  01
04DA:  ADDWF  x62,W
04DC:  MOVWF  1C
04DE:  MOVLW  00
04E0:  ADDWFC x63,W
04E2:  MOVWF  1D
04E4:  MOVLW  00
04E6:  ADDWFC x64,W
04E8:  MOVWF  1E
04EA:  MOVLW  00
04EC:  ADDWFC x65,W
04EE:  MOVWF  1F
....................       delay_chon(dl,chondelay); 
04F0:  MOVFF  5F,61
04F4:  MOVFF  60,62
04F8:  RCALL  0332
....................    } 
04FA:  BRA    052C
....................    else  if (dem_led<64) 
04FC:  MOVF   3E,W
04FE:  SUBLW  3F
0500:  BNC   052A
....................    {   
....................       xuat_32led_don_1dw(y);    
0502:  MOVFF  1F,64
0506:  MOVFF  1E,63
050A:  MOVFF  1D,62
050E:  MOVFF  1C,61
0512:  RCALL  013C
....................       y= (y<<1);  
0514:  BCF    FD8.0
0516:  RLCF   1C,F
0518:  RLCF   1D,F
051A:  RLCF   1E,F
051C:  RLCF   1F,F
....................       delay_chon(dl,chondelay); 
051E:  MOVFF  5F,61
0522:  MOVFF  60,62
0526:  RCALL  0332
....................    }  
0528:  BRA    052C
....................    else reset_toan_bo_bien(); 
052A:  RCALL  017C
052C:  GOTO   0728 (RETURN)
....................  
.................... }     
.................... //xxxxxxxxxxxxxxxxxxxxxxxxxxxxxxxxxxxxxxxxxxxx 
.................... //32 led: sang dan roi tat dan tu trai sang phai 
.................... //xxxxxxxxxxxxxxxxxxxxxxxxxxxxxxxxxxxxxxxxxxxx 
.................... void sang_tat_dan_tsp_32led(unsigned int8 dl,chondelay) 
.................... {            
....................       if (dem_led<32) 
....................       {   
....................          xuat_32led_don_1dw(y); 
....................          y= (y>>1)+0x80000000;  
....................          delay_chon(dl,chondelay);       
....................       } 
....................       else 
....................       if (dem_led<64) 
....................       {   
....................          xuat_32led_don_1dw(y);  
....................          y= (y>>1); 
....................          delay_chon(dl,chondelay); 
....................       }  
....................       else reset_toan_bo_bien(); 
....................      
.................... }          
.................... //xxxxxxxxxxxxxxxxxxxxxxxxxxxxxxxxxxxxxxxxxxxx 
.................... //32 led: diem sang di chueyn tu phai sang trai 
.................... //xxxxxxxxxxxxxxxxxxxxxxxxxxxxxxxxxxxxxxxxxxxx 
.................... void diem_sang_di_chuyen_pst_32led(unsigned int8 dl,chondelay) 
.................... {         
....................    if (dem_led==0) 
....................    {   
....................       y=1; 
....................       xuat_32led_don_1dw(y); 
....................       y= (y<<1); 
....................       delay_chon(dl,chondelay); 
....................    } 
....................    else  if (dem_led<33) 
....................    {   
....................       xuat_32led_don_1dw(y);    
....................       y= (y<<1);  
....................       delay_chon(dl,chondelay); 
....................    }  
....................    else  reset_toan_bo_bien(); 
.................... }     
....................  
.................... //xxxxxxxxxxxxxxxxxxxxxxxxxxxxxxxxxxxxxxxxxxxx 
.................... //32 led: diem sang di chueyn tu trai sang phai 
.................... //xxxxxxxxxxxxxxxxxxxxxxxxxxxxxxxxxxxxxxxxxxxx 
.................... void diem_sang_di_chuyen_tsp_32led(unsigned int8 dl,chondelay) 
.................... {         
....................    if (dem_led==0) 
....................    {   
....................       y=0x80000000; 
....................       xuat_32led_don_1dw(y); 
....................       y= (y>>1); 
....................       delay_chon(dl,chondelay); 
....................    } 
....................    else  if (dem_led<33) 
....................    {   
....................       xuat_32led_don_1dw(y);    
....................       y= (y>>1);  
....................       delay_chon(dl,chondelay); 
....................    }  
....................    else reset_toan_bo_bien(); 
....................  
.................... }  
.................... //xxxxxxxxxxxxxxxxxxxxxxxxxxxxxxxxxxxxxxxxxxxx 
.................... //32 led: sang don  phai sang trai 
.................... //xxxxxxxxxxxxxxxxxxxxxxxxxxxxxxxxxxxxxxxxxxxx 
.................... void sang_don_pst_32led(unsigned int8 dl,chondelay) 
.................... {        
....................    if(i32>0) 
*
042C:  BTFSC  3F.7
042E:  BRA    04AA
0430:  MOVF   3F,W
0432:  SUBLW  00
0434:  BC    04AA
....................    { 
....................       if(j32<i32) 
0436:  MOVF   40,W
0438:  XORLW  80
043A:  MOVWF  00
043C:  MOVF   3F,W
043E:  XORLW  80
0440:  SUBWF  00,W
0442:  BC    0484
....................       { 
....................          y = y_codinh|yp_chay; 
0444:  MOVF   28,W
0446:  IORWF  20,W
0448:  MOVWF  1C
044A:  MOVF   29,W
044C:  IORWF  21,W
044E:  MOVWF  1D
0450:  MOVF   2A,W
0452:  IORWF  22,W
0454:  MOVWF  1E
0456:  MOVF   2B,W
0458:  IORWF  23,W
045A:  MOVWF  1F
....................          xuat_32led_don_1dw(y); 
045C:  MOVFF  1F,64
0460:  MOVFF  1E,63
0464:  MOVFF  1D,62
0468:  MOVFF  1C,61
046C:  RCALL  013C
....................          delay_chon(dl,chondelay);        
046E:  MOVFF  5F,61
0472:  MOVFF  60,62
0476:  RCALL  0332
....................          yp_chay = yp_chay <<1; 
0478:  BCF    FD8.0
047A:  RLCF   20,F
047C:  RLCF   21,F
047E:  RLCF   22,F
0480:  RLCF   23,F
....................          j32++; 
0482:  INCF   40,F
....................       } 
....................       if (j32==i32)  
0484:  MOVF   3F,W
0486:  SUBWF  40,W
0488:  BNZ   04A8
....................       { 
....................          i32--; 
048A:  DECF   3F,F
....................          j32=0;          
048C:  CLRF   40
....................          y_codinh=y; 
048E:  MOVFF  1F,2B
0492:  MOVFF  1E,2A
0496:  MOVFF  1D,29
049A:  MOVFF  1C,28
....................          yp_chay = 1; 
049E:  CLRF   23
04A0:  CLRF   22
04A2:  CLRF   21
04A4:  MOVLW  01
04A6:  MOVWF  20
....................       } 
....................    } 
04A8:  BRA    04AC
....................    else reset_toan_bo_bien(); 
04AA:  RCALL  017C
04AC:  RETURN 0
.................... }    
.................... //xxxxxxxxxxxxxxxxxxxxxxxxxxxxxxxxxxxxxxxxxxxx 
.................... //32 led: sang don  phai sang trai 
.................... //xxxxxxxxxxxxxxxxxxxxxxxxxxxxxxxxxxxxxxxxxxxx 
.................... void sang_don_tsp_32led(unsigned int8 dl,chondelay) 
.................... {        
....................    if(i32>0) 
....................    { 
....................       if(j32<i32) 
....................       { 
....................          y = y_codinh|yt_chay; 
....................          xuat_32led_don_1dw(y); 
....................          delay_chon(dl,chondelay); 
....................          yt_chay = yt_chay >>1; 
....................          j32++; 
....................       } 
....................       if (j32==i32)  
....................       { 
....................          i32--; 
....................          j32=0;          
....................          y_codinh=y; 
....................          yt_chay = 0x80000000; 
....................       } 
....................    } 
....................    else reset_toan_bo_bien(); 
....................  
.................... }   
.................... //xxxxxxxxxxxxxxxxxxxxxxxxxxxxxxxxxxxxxxxxxxxx 
.................... //32 led: sang don  tu ngoai vao 
.................... //xxxxxxxxxxxxxxxxxxxxxxxxxxxxxxxxxxxxxxxxxxxx 
.................... void sang_don_tnt_32led(unsigned int8 dl,chondelay) 
.................... {        
....................    if(i16>0) 
....................    { 
....................       if(j16<i16) 
....................       { 
....................          zp = zp_codinh|zp_chay_p; 
....................          zt = zt_codinh|zt_chay_t; 
....................          xuat_32led_don_2word(zt,zp); 
....................          delay_chon(dl,chondelay); 
....................  
....................          zp_chay_p = zp_chay_p <<1;          
....................          zt_chay_t = zt_chay_t >>1; 
....................          j16++; 
....................       } 
....................       if (j16==i16)  
....................       { 
....................          i16--; 
....................          j16=0;          
....................          zt_codinh=zt;  zp_codinh=zp;          
....................          zp_chay_p = 1;   zt_chay_t = 0x8000; 
....................       } 
....................    } 
....................    else reset_toan_bo_bien(); 
....................  
.................... }    
....................  
.................... //xxxxxxxxxxxxxxxxxxxxxxxxxxxxxxxxxxxxxxxxxxxx 
.................... //32 led: sang don  tu ngoai vao 
.................... //xxxxxxxxxxxxxxxxxxxxxxxxxxxxxxxxxxxxxxxxxxxx 
.................... void sang_don_ttr_32led(unsigned int8 dl,chondelay) 
.................... {        
....................    if(i16>0) 
....................    { 
....................       if(j16<i16) 
....................       { 
....................          zp = zp_codinh|zp_chay_t; 
....................          zt = zt_codinh|zt_chay_p; 
....................          xuat_32led_don_2word(zt,zp); 
....................          delay_chon(dl,chondelay); 
....................          zp_chay_t = zp_chay_t >>1;          
....................          zt_chay_p = zt_chay_p <<1; 
....................          j16++; 
....................       } 
....................       if (j16==i16)  
....................       { 
....................          i16--; 
....................          j16=0;          
....................          zt_codinh=zt;   
....................          zp_codinh=zp; 
....................          zp_chay_t = 0x8000;   zt_chay_p = 1; 
....................       } 
....................    } 
....................    else reset_toan_bo_bien(); 
.................... }    
....................  
.................... #include "18F4550.h" 
.................... //////////// Standard Header file for the PIC18F4550 device //////////////// 
.................... /////////////////////////////////////////////////////////////////////////// 
.................... ////        (C) Copyright 1996, 2014 Custom Computer Services          //// 
.................... //// This source code may only be used by licensed users of the CCS C  //// 
.................... //// compiler.  This source code may only be distributed to other      //// 
.................... //// licensed users of the CCS C compiler.  No other use, reproduction //// 
.................... //// or distribution is permitted without written permission.          //// 
.................... //// Derivative programs created using this software in object code    //// 
.................... //// form are not restricted in any way.                               //// 
.................... /////////////////////////////////////////////////////////////////////////// 
.................... #device PIC18F4550 
....................  
.................... #list 
....................  
....................  
.................... signed int8 tt= 1; 
....................  
.................... void phim_up() 
.................... { 
....................     if(!input(up)&&(tt<7)) 
*
0594:  BSF    F93.5
0596:  BTFSC  F81.5
0598:  BRA    05B8
059A:  BTFSC  5E.7
059C:  BRA    05A4
059E:  MOVF   5E,W
05A0:  SUBLW  06
05A2:  BNC   05B8
....................     { 
....................         delay_ms(10); 
05A4:  MOVLW  0A
05A6:  MOVWF  x64
05A8:  RCALL  021E
....................         if (!input(up)) 
05AA:  BSF    F93.5
05AC:  BTFSC  F81.5
05AE:  BRA    05B8
....................         { 
....................             tt++; 
05B0:  INCF   5E,F
....................             while(!input(up)); 
05B2:  BSF    F93.5
05B4:  BTFSS  F81.5
05B6:  BRA    05B2
....................         } 
....................          
....................     } 
05B8:  GOTO   0754 (RETURN)
.................... } 
.................... void phim_dw() 
.................... { 
....................     if(!input(dw)&&(tt>1)) 
05BC:  BSF    F93.4
05BE:  BTFSC  F81.4
05C0:  BRA    05E0
05C2:  BTFSC  5E.7
05C4:  BRA    05E0
05C6:  MOVF   5E,W
05C8:  SUBLW  01
05CA:  BC    05E0
....................     { 
....................         delay_ms(10); 
05CC:  MOVLW  0A
05CE:  MOVWF  x64
05D0:  RCALL  021E
....................         if (!input(dw)) 
05D2:  BSF    F93.4
05D4:  BTFSC  F81.4
05D6:  BRA    05E0
....................         { 
....................             tt++; 
05D8:  INCF   5E,F
....................             while(!input(dw)); 
05DA:  BSF    F93.4
05DC:  BTFSS  F81.4
05DE:  BRA    05DA
....................         } 
....................          
....................     } 
05E0:  GOTO   0756 (RETURN)
.................... } 
.................... void phim_clr() 
.................... { 
....................     if(!input(clr)&&(tt>1)) 
05E4:  BSF    F93.3
05E6:  BTFSC  F81.3
05E8:  BRA    05FA
05EA:  BTFSC  5E.7
05EC:  BRA    05FA
05EE:  MOVF   5E,W
05F0:  SUBLW  01
05F2:  BC    05FA
....................     { 
....................         tt = 1; 
05F4:  MOVLW  01
05F6:  MOVWF  5E
....................         reset_toan_bo_bien();    
05F8:  RCALL  017C
....................     } 
05FA:  GOTO   0758 (RETURN)
.................... } 
.................... void main() 
05FE:  CLRF   FF8
0600:  BCF    FD0.7
0602:  BSF    F93.1
0604:  BSF    F93.0
0606:  MOVLW  31
0608:  MOVWF  FC8
060A:  MOVLW  28
060C:  MOVWF  FC6
060E:  BSF    FC7.7
0610:  BCF    FC7.6
0612:  CLRF   06
0614:  CLRF   0D
0616:  CLRF   0E
0618:  CLRF   0F
061A:  CLRF   10
061C:  CLRF   19
061E:  CLRF   1A
0620:  CLRF   1B
0622:  CLRF   1F
0624:  CLRF   1E
0626:  CLRF   1D
0628:  CLRF   1C
062A:  CLRF   23
062C:  CLRF   22
062E:  CLRF   21
0630:  MOVLW  01
0632:  MOVWF  20
0634:  MOVLW  80
0636:  MOVWF  27
0638:  CLRF   26
063A:  CLRF   25
063C:  CLRF   24
063E:  CLRF   2B
0640:  CLRF   2A
0642:  CLRF   29
0644:  CLRF   28
0646:  MOVWF  2F
0648:  CLRF   2E
064A:  CLRF   31
064C:  MOVLW  01
064E:  MOVWF  30
0650:  CLRF   33
0652:  CLRF   32
0654:  MOVLW  80
0656:  MOVWF  37
0658:  CLRF   36
065A:  CLRF   39
065C:  MOVLW  01
065E:  MOVWF  38
0660:  CLRF   3B
0662:  CLRF   3A
0664:  CLRF   3D
0666:  CLRF   3C
0668:  CLRF   3E
066A:  MOVLW  20
066C:  MOVWF  3F
066E:  CLRF   40
0670:  MOVLW  01
0672:  MOVWF  41
0674:  MOVLW  10
0676:  MOVWF  42
0678:  CLRF   43
067A:  CLRF   47
067C:  CLRF   46
067E:  CLRF   45
0680:  MOVLW  01
0682:  MOVWF  44
0684:  CLRF   4B
0686:  CLRF   4A
0688:  CLRF   49
068A:  MOVWF  48
068C:  SETF   4F
068E:  SETF   4E
0690:  SETF   4D
0692:  MOVLW  FE
0694:  MOVWF  4C
0696:  MOVLW  80
0698:  MOVWF  53
069A:  CLRF   52
069C:  CLRF   51
069E:  CLRF   50
06A0:  MOVWF  57
06A2:  CLRF   56
06A4:  CLRF   55
06A6:  CLRF   54
06A8:  MOVLW  7F
06AA:  MOVWF  5B
06AC:  SETF   5A
06AE:  SETF   59
06B0:  SETF   58
06B2:  MOVLW  01
06B4:  MOVWF  5C
06B6:  MOVWF  5D
06B8:  MOVWF  5E
06BA:  MOVF   FC1,W
06BC:  ANDLW  C0
06BE:  IORLW  0F
06C0:  MOVWF  FC1
06C2:  MOVLW  07
06C4:  MOVWF  FB4
06C6:  SETF   11
06C8:  SETF   12
06CA:  SETF   13
06CC:  SETF   14
06CE:  SETF   15
06D0:  SETF   16
06D2:  SETF   17
06D4:  SETF   18
.................... { 
....................    set_up_port_ic_chot(); 
06D6:  BRA    003C
....................    set_tris_b(0x3c); 
06D8:  MOVLW  3C
06DA:  MOVWF  F93
....................    xuat_32led_don_4byte(0,0,0,0); 
06DC:  CLRF   x71
06DE:  CLRF   x72
06E0:  CLRF   x73
06E2:  CLRF   x74
06E4:  RCALL  00B2
....................     
....................    while(TRUE) 
....................    { 
....................        xuat_4led_7doan_1so(ma7doan[tt]); 
06E6:  CLRF   03
06E8:  MOVF   5E,W
06EA:  RCALL  0004
06EC:  MOVWF  5F
06EE:  MOVWF  x60
06F0:  BRA    0108
....................        if(tt==1) sang_tat_32led(10,0); 
06F2:  DECFSZ 5E,W
06F4:  BRA    06FE
06F6:  MOVLW  0A
06F8:  MOVWF  5F
06FA:  CLRF   x60
06FC:  BRA    0346
....................        if(tt==2) sang_tat_dan_ngoai_vao_32led(10,0); 
06FE:  MOVF   5E,W
0700:  SUBLW  02
0702:  BNZ   070C
0704:  MOVLW  0A
0706:  MOVWF  5F
0708:  CLRF   x60
070A:  BRA    03AC
....................        if(tt==3) sang_don_pst_32led(10,0); 
070C:  MOVF   5E,W
070E:  SUBLW  03
0710:  BNZ   071A
0712:  MOVLW  0A
0714:  MOVWF  5F
0716:  CLRF   x60
0718:  RCALL  042C
....................        if(tt==4) sang_tat_dan_pst_32led(10,0); 
071A:  MOVF   5E,W
071C:  SUBLW  04
071E:  BNZ   0728
0720:  MOVLW  0A
0722:  MOVWF  5F
0724:  CLRF   x60
0726:  BRA    04AE
....................        if(tt==5) sang_tat_dan_phai_sang_trai_2x16led(10,0); 
0728:  MOVF   5E,W
072A:  SUBLW  05
072C:  BNZ   0736
072E:  MOVLW  0A
0730:  MOVWF  5F
0732:  CLRF   x60
0734:  BRA    0530
....................        if(tt==6) sang_don_pst_32led(10,0); 
0736:  MOVF   5E,W
0738:  SUBLW  06
073A:  BNZ   0744
073C:  MOVLW  0A
073E:  MOVWF  5F
0740:  CLRF   x60
0742:  RCALL  042C
....................        if(tt==7) sang_don_pst_32led(10,0); 
0744:  MOVF   5E,W
0746:  SUBLW  07
0748:  BNZ   0752
074A:  MOVLW  0A
074C:  MOVWF  5F
074E:  CLRF   x60
0750:  RCALL  042C
....................        phim_up(); 
0752:  BRA    0594
....................        phim_dw(); 
0754:  BRA    05BC
....................        phim_clr(); 
0756:  BRA    05E4
0758:  BRA    06E6
....................    } 
.................... } 
....................  
075A:  SLEEP 

Configuration Fuses:
   Word  1: CC27   PLL12 CPUDIV1 USBDIV HS FCMEN IESO
   Word  2: 1E3E   PUT BROWNOUT BORV21 VREGEN NOWDT WDT32768
   Word  3: 8700   CCP2C1 PBADEN LPT1OSC MCLR
   Word  4: 00A1   STVREN NOLVP ICSP2 NOXINST NODEBUG
   Word  5: C00F   NOPROTECT NOCPB NOCPD
   Word  6: E00F   NOWRT NOWRTC NOWRTB NOWRTD
   Word  7: 400F   NOEBTR NOEBTRB
