CCS PCH C Compiler, Version 5.078, 43599               19-Oct-20 15:27

               Filename:   D:\Document\TTVXL\TH_VDK_PIC_N1_SANG_THU_2\WEEK4\417\417.lst

               ROM used:   990 bytes (3%)
                           Largest free fragment is 31778
               RAM used:   97 (5%) at main() level
                           106 (5%) worst case
               Stack used: 0 locations
               Stack size: 31

*
0000:  GOTO   02A2
.................... #include "TV_PICKIT2_SHIFT_1.c" 
.................... #include    <18f4550.h> 
.................... //////////// Standard Header file for the PIC18F4550 device //////////////// 
.................... /////////////////////////////////////////////////////////////////////////// 
.................... ////        (C) Copyright 1996, 2014 Custom Computer Services          //// 
.................... //// This source code may only be used by licensed users of the CCS C  //// 
.................... //// compiler.  This source code may only be distributed to other      //// 
.................... //// licensed users of the CCS C compiler.  No other use, reproduction //// 
.................... //// or distribution is permitted without written permission.          //// 
.................... //// Derivative programs created using this software in object code    //// 
.................... //// form are not restricted in any way.                               //// 
.................... /////////////////////////////////////////////////////////////////////////// 
.................... #device PIC18F4550 
0004:  CLRF   FF7
0006:  ADDLW  14
0008:  MOVWF  FF6
000A:  MOVLW  00
000C:  ADDWFC FF7,F
000E:  TBLRD*+
0010:  MOVF   FF5,W
0012:  RETURN 0
0014:  DATA C0,F9
0016:  DATA A4,B0
0018:  DATA 99,92
001A:  DATA 82,F8
001C:  DATA 80,90
001E:  DATA 88,83
0020:  DATA C6,A1
0022:  DATA 86,8E
*
0134:  CLRF   01
0136:  CLRF   02
0138:  CLRF   00
013A:  CLRF   03
013C:  MOVF   x68,W
013E:  BNZ   0144
0140:  MOVF   x67,W
0142:  BZ    0174
0144:  MOVLW  10
0146:  MOVWF  x69
0148:  BCF    FD8.0
014A:  RLCF   x65,F
014C:  RLCF   x66,F
014E:  RLCF   00,F
0150:  RLCF   03,F
0152:  MOVF   x68,W
0154:  SUBWF  03,W
0156:  BNZ   015C
0158:  MOVF   x67,W
015A:  SUBWF  00,W
015C:  BNC   016C
015E:  MOVF   x67,W
0160:  SUBWF  00,F
0162:  BTFSS  FD8.0
0164:  DECF   03,F
0166:  MOVF   x68,W
0168:  SUBWF  03,F
016A:  BSF    FD8.0
016C:  RLCF   01,F
016E:  RLCF   02,F
0170:  DECFSZ x69,F
0172:  BRA    0148
0174:  RETURN 0
....................  
.................... #list 
....................  
.................... #device     adc=10 
.................... #fuses      nowdt,put,hs,noprotect,nolvp,cpudiv1 
.................... #use        delay(clock=20000000) 
*
0042:  CLRF   FEA
0044:  MOVLW  61
0046:  MOVWF  FE9
0048:  MOVF   FEF,W
004A:  BZ    0066
004C:  MOVLW  06
004E:  MOVWF  01
0050:  CLRF   00
0052:  DECFSZ 00,F
0054:  BRA    0052
0056:  DECFSZ 01,F
0058:  BRA    0050
005A:  MOVLW  7B
005C:  MOVWF  00
005E:  DECFSZ 00,F
0060:  BRA    005E
0062:  DECFSZ FEF,F
0064:  BRA    004C
0066:  RETURN 0
.................... #use        i2c(master,slow,sda=pin_b0,scl=pin_b1) 
....................  
.................... //#use        rs232(baud=9600, xmit=pin_c6,rcv=pin_c7) 
.................... //nut nhan: 
.................... #define  bt0     pin_b5 
.................... #define  bt1     pin_b4 
.................... #define  bt2     pin_b3 
.................... #define  bt3     pin_b2 
....................  
.................... #define  on      bt0       //dk led don, motor 
.................... #define  off     bt1 
.................... #define  inv     bt2 
....................  
.................... #define  up      bt0    //dk led don 
.................... #define  dw      bt1 
.................... #define  clr     bt2 
.................... #define  mod     bt3 
....................  
.................... #define  stop    bt3 
....................  
.................... #define  on1     bt0      
.................... #define  off1    bt1 
.................... #define  on2     bt2        
.................... #define  off2    bt3 
....................  
....................  
.................... #define     trigger      pin_e2 
.................... #define     echo         pin_e1 
.................... //   ic74138_a    pin_b6   //output giai ma 2 sang 4 tich cuc muc 0 
.................... //   ic74138_b    pin_b7   //output giai ma 2 sang 4 tich cuc muc 0 
....................  
.................... //          encoder  pin_c0   //rc0/t13cki 
....................  
.................... //          cb_kc    pin_a2   //ra2/an2 
.................... //          pir      pin_a3   //ra3/an3 
.................... //          cbxung   pin_a4   //ra4/t0cki 
.................... //          ledthu   pin_a4   //ra4/t0cki//sw802 
....................  
.................... //          cb_kcsa_trigger  pin_e2   //re2/sdo  dung chung 
.................... //          cb_kcsa_rcho     pin_e1   //re1 
....................  
.................... //          cb_tcs3200_out    pin_e1   //re1 //cam bien mau tcs3200 
.................... //          cb_tcs3200_s0     b12      //lay tu mbi5026 
.................... //          cb_tcs3200_s1     b13      //lay tu mbi5026 
.................... //          cb_tcs3200_s2     b14      //lay tu mbi5026 
.................... //          cb_tcs3200_s3     b15      //lay tu mbi5026 
....................  
.................... //          cb_power  sw803 
.................... //          cb_gas      ain3_pcf8591t   //re1 
.................... //          cb_quang    ain2_pcf8591t    
.................... //          cb_lm35b    ain1_pcf8591t   //ra1/an1 
.................... //          cb_lm35a    ain0_pcf8591t   //re1/an0 
....................  
.................... //xxxxxxxxxxxxxxxxxxxxxxxxxxxxxxxxxxxxxxxxxxxxxxxxx 
.................... #define      enable_573a      pin_d1         //cs0 cua a 
.................... #define      enable_573b      pin_d0         //cs1 cua b 
.................... //xxxxxxxxxxxxxxxxxxxxxxxxxxxxxxxxxxxxxxxxxxxxxxxxx 
.................... #define      ssdo             pin_e2         //chung tat ca 
.................... #define      ssck             pin_e0         //chung tat ca 
.................... //xxxxxxxxxxxxxxxxxxxxxxxxxxxxxxxxxxxxxxxxxxxxxxxxx 
.................... #define      rck_4led7doan    pin_d7         //a - 4 byte 
.................... #define      g_4led7doan      pin_d6         //a - 4 byte 
.................... //xxxxxxxxxxxxxxxxxxxxxxxxxxxxxxxxxxxxxxxxxxxx     
.................... #define      rck_matranled    pin_d7         //b - 3 byte dao 
.................... #define      g_matranled      pin_d6         //b - 3 byte dao 
.................... //xxxxxxxxxxxxxxxxxxxxxxxxxxxxxxxxxxxxxxxxxxxxxxxxx 
.................... #define      rck_32led        pin_d5         //a - 4 byte 
.................... #define      g_32led          pin_d4         //a - 4 byte 
.................... //xxxxxxxxxxxxxxxxxxxxxxxxxxxxxxxxxxxxxxxxxxxx  
.................... #define      rck_8ledquet     pin_d5         //b - 2 byte dao 
.................... #define      g_8ledquet       pin_d4         //b - 2 byte dao 
.................... //xxxxxxxxxxxxxxxxxxxxxxxxxxxxxxxxxxxxxxxxxxxxxxxxx 
.................... #define      rck_lcd20x4      pin_d3         //a - 2 byte dao 
.................... #define      g_lcd20x4         pin_d2         //a - 2 byte dao 
.................... //xxxxxxxxxxxxxxxxxxxxxxxxxxxxxxxxxxxxxxxxxxxx  
.................... #define      rck_buzerelay    pin_d3     //b - 1 byte  
.................... #define      g_buzerelay      pin_d2         //b - 1 byte  
....................  
.................... void xuat_lcd20x4(unsigned int8 lcd_signal,lcd_ins_hthi); 
....................  
.................... void xuat_buzzer_relay(); 
.................... //xxxxxxxxxxxxxxxxxxxxxxxxxxxxxxxxxxxxxxxxxxxx    
.................... #define     chot_2_ic_74573_a_b  output_d(0xfc) 
....................  
.................... unsigned int8 tin_hieu_dk_74573_a; 
.................... #bit g_4a         = tin_hieu_dk_74573_a.6 
.................... #bit g_32a        = tin_hieu_dk_74573_a.4 
.................... #bit g_lcda       = tin_hieu_dk_74573_a.2 
.................... //xxxxxxxxxxxxxxxxxxxxxxxxxxxxxxxxxxxxxxxxxxxx          
.................... #define     mo_32_led_don        g_32a=0; //output_low(g_32led)  
.................... #define     tat_32_led_don       g_32a=1; //output_high(g_32led)  
.................... //xxxxxxxxxxxxxxxxxxxxxxxxxxxxxxxxxxxxxxxxxxxx          
.................... #define     mo_4_led_7doan       g_4a=0;  //output_low(g_4led7doan) 
.................... #define     tat_4_led_7doan      g_4a=1;  //output_high(g_4led7doan) 
.................... //xxxxxxxxxxxxxxxxxxxxxxxxxxxxxxxxxxxxxxxxxxxx  
.................... #define     mo_glcd_lcd           g_lcda=0;   //output_low(g_lcd20x4) 
.................... #define     tat_glcd_lcd          g_lcda=1;   // output_low(g_lcd20x4) 
....................  
.................... unsigned int8 tin_hieu_dk_74573_b;   
.................... #bit g_mtb        = tin_hieu_dk_74573_b.6 
.................... #bit g_8b         = tin_hieu_dk_74573_b.4 
.................... #bit g_rbdcb      = tin_hieu_dk_74573_b.2 
.................... //xxxxxxxxxxxxxxxxxxxxxxxxxxxxxxxxxxxxxxxxxxxx  
.................... #define     mo_led_matran        g_mtb=0; //output_low(g_matranled) 
.................... #define     tat_led_matran       g_mtb=1; //output_low(g_matranled) 
.................... //xxxxxxxxxxxxxxxxxxxxxxxxxxxxxxxxxxxxxxxxxxxx        
.................... #define     mo_8_led_quet        g_8b=0;  //output_low(g_8ledquet) 
.................... #define     tat_8_led_quet       g_8b=1;  //output_low(g_8ledquet) 
.................... //xxxxxxxxxxxxxxxxxxxxxxxxxxxxxxxxxxxxxxxxxxxx          
.................... #define     mo_relay_buzzer_dc   g_rbdcb=0;  //output_low(g_buzerelay) 
.................... #define     tat_relay_buzzer_dc  g_rbdcb=1;  //output_low(g_buzerelay) 
....................  
.................... //xxxxxxxxxxxxxxxxxxxxxxxxxxxxxxxxxxxxxxxxxxxx 
.................... //chuong trinh kiem tra phim bt1 
.................... //xxxxxxxxxxxxxxxxxxxxxxxxxxxxxxxxxxxxxxxxxxxx 
.................... unsigned int8 dl_btn=0; 
.................... int1 phim_bt0(unsigned int16 dl) 
.................... {   
....................     if (!input(bt0)) 
....................     {   
....................       dl_btn++; 
....................        
....................       if (dl_btn>= dl) 
....................          { 
....................             dl_btn =0; 
....................             return(1); 
....................          } 
....................       else return(0); 
....................     } 
....................     else    return(0); 
.................... }  
.................... //xxxxxxxxxxxxxxxxxxxxxxxxxxxxxxxxxxxxxxxxxxxx 
.................... //chuong trinh kiem tra phim bt1 
.................... //xxxxxxxxxxxxxxxxxxxxxxxxxxxxxxxxxxxxxxxxxxxx 
.................... int1 phim_bt1(unsigned int16 dl ) 
.................... {   
....................     if (!input(bt1)) 
....................     {   
....................       dl_btn++; 
....................        
....................       if (dl_btn>= dl) 
....................          { 
....................             dl_btn =0; 
....................             return(1); 
....................          } 
....................       else return(0); 
....................     } 
....................     else    return(0); 
.................... }  
.................... //xxxxxxxxxxxxxxxxxxxxxxxxxxxxxxxxxxxxxxxxxxxx 
.................... //chuong trinh kiem tra phim bt2       
.................... //xxxxxxxxxxxxxxxxxxxxxxxxxxxxxxxxxxxxxxxxxxxx                                     
.................... int1 phim_bt2(unsigned int16 dl ) 
.................... {                                         
....................     if (!input(bt2)) 
....................     {   
....................       dl_btn++; 
....................        
....................       if (dl_btn>= dl) 
....................          { 
....................             dl_btn =0; 
....................             return(1); 
....................          } 
....................       else return(0); 
....................     } 
....................     else    return(0); 
....................                                           
.................... }       
....................  
.................... //xxxxxxxxxxxxxxxxxxxxxxxxxxxxxxxxxxxxxxxxxxxx 
.................... //chuong trinh kiem tra phim bt3 
.................... //xxxxxxxxxxxxxxxxxxxxxxxxxxxxxxxxxxxxxxxxxxxx 
.................... int1 phim_bt3(unsigned int16 dl,  unsigned int8 solan  ) 
.................... {   
....................     if (!input(bt3)) 
....................     {   
....................       dl_btn++; 
....................       if(dl_btn==1) return(1); 
....................       else 
....................       { 
....................          if (dl_btn>= dl) 
....................          dl_btn =solan; 
....................       } 
....................     } 
....................     else    
....................     { 
....................       //dl_btn =0; 
....................       return(0); 
....................     } 
.................... }  
.................... //xxxxxxxxxxxxxxxxxxxxxxxxxxxxxxxxxxxxxxxxxxxx 
.................... //khai bao du lieu 16 bit cho module relay, triac, buzzer, dong co 
.................... //xxxxxxxxxxxxxxxxxxxxxxxxxxxxxxxxxxxxxxxxxxxx 
.................... unsigned int16 rbdc; 
.................... #bit step_motor_enable  = rbdc.0    //1=ena,0=dis 
.................... #bit step_motor_in1     = rbdc.1     
.................... #bit step_motor_in2     = rbdc.2 
.................... #bit step_motor_in3     = rbdc.3 
.................... #bit step_motor_in4     = rbdc.4 
.................... #bit dc_enable          = rbdc.5    //1=ena,0=dis 
.................... #bit pwrkey             = rbdc.6    //khoi tao sim900 
....................  
.................... #bit buzzer             = rbdc.8    //1=on,0=off 
.................... #bit triac_1            = rbdc.9    //1=on,0=off 
.................... #bit triac_2            = rbdc.10   //1=on,0=off 
.................... #bit relay_1            = rbdc.11   //0=on,1=off 
.................... #bit relay_2            = rbdc.12   //0=on,1=off 
....................  
.................... //ham 103 
.................... //xxxxxxxxxxxxxxxxxxxxxxxxxxxxxxxxxxxxxxxxxxxx 
.................... //chuong trinh con khoi tao ic chot 
.................... //xxxxxxxxxxxxxxxxxxxxxxxxxxxxxxxxxxxxxxxxxxxx          
.................... #define     cho_ic_74573_a_goi_du_lieu     output_high(enable_573a) 
.................... #define     chot_ic_74573_a_goi_du_lieu    output_low(enable_573a) 
....................  
.................... #define     cho_ic_74573_b_goi_du_lieu     output_high(enable_573b) 
.................... #define     chot_ic_74573_b_goi_du_lieu    output_low(enable_573b) 
.................... void mo_ic_74573_a_thong_dl(); 
....................  
.................... //xxxxxxxxxxxxxxxxxxxxxxxxxxxxxxxxxxxxxxxxxxxx    
.................... const unsigned char ma7doan[16]= {0xc0,0xf9,0xa4,0xb0,0x99,0x92,0x82,0xf8, 
.................... 0x80,0x90,0x88, 0x83, 0xc6, 0xa1, 0x86, 0x8e}; 
.................... #define     maso0    0xc0 
.................... #define     maso1    0xf9 
.................... #define     maso2    0xa4 
.................... #define     maso3    0xb0 
.................... #define     maso4    0x99 
.................... #define     maso5    0x92 
.................... #define     maso6    0x82 
.................... #define     maso7    0xf8 
....................  
.................... //xxxxxxxxxxxxxxxxxxxxxxxxxxxxxxxxxxxxxxxxxxxx  
.................... //ham 102 
.................... //xxxxxxxxxxxxxxxxxxxxxxxxxxxxxxxxxxxxxxxxxxxx     
.................... //xuat 1 byte ra thanh ghi dich 
.................... //xxxxxxxxxxxxxxxxxxxxxxxxxxxxxxxxxxxxxxxxxxxx     
.................... void xuat_1byte(unsigned int8 bytexuat) 
.................... { 
....................    unsigned int8   sb,x;    
....................    #bit bseri  = x.7 
....................    x = bytexuat; 
0068:  MOVFF  67,69
....................    for (sb=0;sb<8;sb++) 
006C:  CLRF   x68
006E:  MOVF   x68,W
0070:  SUBLW  07
0072:  BNC   0090
....................       {                                                  
....................          output_bit(ssdo,bseri);     
0074:  BTFSC  x69.7
0076:  BRA    007C
0078:  BCF    F8D.2
007A:  BRA    007E
007C:  BSF    F8D.2
007E:  BCF    F96.2
....................          output_low(ssck); output_high(ssck); 
0080:  BCF    F96.0
0082:  BCF    F8D.0
0084:  BCF    F96.0
0086:  BSF    F8D.0
....................          x= x<<1;          
0088:  BCF    FD8.0
008A:  RLCF   x69,F
008C:  INCF   x68,F
008E:  BRA    006E
....................      } 
0090:  RETURN 0
.................... } 
.................... //xxxxxxxxxxxxxxxxxxxxxxxxxxxxxxxxxxxxxxxxxxxx  
.................... //ham 301 
.................... //xxxxxxxxxxxxxxxxxxxxxxxxxxxxxxxxxxxxxxxxxxxx 
.................... //chuong trinh con xuat 4 byte ra 32 led don 
.................... //xxxxxxxxxxxxxxxxxxxxxxxxxxxxxxxxxxxxxxxxxxxx 
.................... void xuat_32led_don_4byte(unsigned int8 bld3,bld2,bld1,bld0) 
.................... {      
....................       xuat_1byte(bld3);           
*
00C0:  MOVFF  61,67
00C4:  RCALL  0068
....................       xuat_1byte(bld2); 
00C6:  MOVFF  62,67
00CA:  RCALL  0068
....................       xuat_1byte(bld1);           
00CC:  MOVFF  63,67
00D0:  RCALL  0068
....................       xuat_1byte(bld0);             
00D2:  MOVFF  64,67
00D6:  RCALL  0068
....................       mo_32_led_don;       
00D8:  BCF    04.4
....................       mo_ic_74573_a_thong_dl();             
00DA:  RCALL  0092
....................       output_high(rck_32led);    output_low(rck_32led); 
00DC:  BCF    F95.5
00DE:  BSF    F8C.5
00E0:  BCF    F95.5
00E2:  BCF    F8C.5
....................       chot_ic_74573_a_goi_du_lieu;       
00E4:  BCF    F95.1
00E6:  BCF    F8C.1
00E8:  RETURN 0
.................... } 
.................... //ham 302 
.................... //xxxxxxxxxxxxxxxxxxxxxxxxxxxxxxxxxxxxxxxxxxxx 
.................... //chuong trinh con xuat 2 word 16 bitra 32 led don 
.................... //xxxxxxxxxxxxxxxxxxxxxxxxxxxxxxxxxxxxxxxxxxxx 
.................... void xuat_32led_don_2word(unsigned int16 wld1, unsigned int16 wld0) 
.................... {      
....................      unsigned int8  b3,b2,b1,b0; 
....................      b3 = wld1>>8;  b2 = wld1;  
....................      b1 = wld0>>8;  b0 = wld0; 
....................      xuat_32led_don_4byte(b3,b2,b1,b0); 
.................... } 
.................... //ham 303 
.................... //xxxxxxxxxxxxxxxxxxxxxxxxxxxxxxxxxxxxxxxxxxxx 
.................... //chuong trinh con xuat 1 double word ra 32 led don 
.................... //xxxxxxxxxxxxxxxxxxxxxxxxxxxxxxxxxxxxxxxxxxxx 
.................... void xuat_32led_don_1dw(unsigned long long dwld) 
.................... {      
....................      unsigned int16  wd1,wd0; 
....................      wd1 = dwld>>16;  wd0 = dwld; 
....................      xuat_32led_don_2word(wd1,wd0); 
.................... } 
....................  
.................... //ham 304 
.................... //xxxxxxxxxxxxxxxxxxxxxxxxxxxxxxxxxxxxxxxxxxxx 
.................... //chuong trinh con mo 32 led don sang 
.................... //xxxxxxxxxxxxxxxxxxxxxxxxxxxxxxxxxxxxxxxxxxxx 
.................... void mo_32led_don() 
.................... {         
....................      xuat_32led_don_1dw(0xffffffff); 
.................... } 
.................... //ham 305 
.................... //xxxxxxxxxxxxxxxxxxxxxxxxxxxxxxxxxxxxxxxxxxxx 
.................... //chuong trinh con tat 32 led don  
.................... //xxxxxxxxxxxxxxxxxxxxxxxxxxxxxxxxxxxxxxxxxxxx 
.................... void tat_32led_don() 
.................... {         
....................      xuat_32led_don_1dw(0); 
.................... } 
.................... //xxxxxxxxxxxxxxxxxxxxxxxxxxxxxxxxxxxxxxxxxxxx     
.................... //xuat 1 bit roi tra lai ket qua sau khi dich di 1 bit 
.................... //xxxxxxxxxxxxxxxxxxxxxxxxxxxxxxxxxxxxxxxxxxxx     
.................... unsigned  int8 xuat_1bit(unsigned int8 bytexuat) 
.................... { 
....................       unsigned int8   xbitx;    
....................       #bit bserix  = xbitx.0 
....................       xbitx = bytexuat; 
....................                                              
....................       output_bit(ssdo,bserix);     
....................       output_low(ssck); output_high(ssck); 
....................       xbitx= xbitx>>1;    
....................       return(xbitx);   
.................... } 
.................... //xxxxxxxxxxxxxxxxxxxxxxxxxxxxxxxxxxxxxxxxxxxx  
.................... //ham 101 
.................... //xxxxxxxxxxxxxxxxxxxxxxxxxxxxxxxxxxxxxxxxxxxx     
.................... //ham khoi tao cac port va ic chot 
.................... //xxxxxxxxxxxxxxxxxxxxxxxxxxxxxxxxxxxxxxxxxxxx     
....................    void set_up_port_ic_chot() 
.................... {      
....................       set_tris_d(0x00);     
*
0024:  MOVLW  00
0026:  MOVWF  F95
....................       set_tris_e(0x00); 
0028:  MOVWF  F96
....................       output_d(0xff); 
002A:  CLRF   F95
002C:  SETF   F8C
....................       tin_hieu_dk_74573_a=0xff;   
002E:  SETF   04
....................       tin_hieu_dk_74573_b=0xff;       
0030:  SETF   05
....................       chot_ic_74573_a_goi_du_lieu; 
0032:  BCF    F95.1
0034:  BCF    F8C.1
....................       chot_ic_74573_b_goi_du_lieu;   
0036:  BCF    F95.0
0038:  BCF    F8C.0
....................       rbdc=0; 
003A:  CLRF   08
003C:  CLRF   07
003E:  GOTO   0386 (RETURN)
.................... } 
.................... //ham 104 
.................... //xxxxxxxxxxxxxxxxxxxxxxxxxxxxxxxxxxxxxxxxxxxx     
.................... //xuat các thieu dieu khien  
.................... //giu nguyen cac trang thai cua 2 module khac 
.................... //xxxxxxxxxxxxxxxxxxxxxxxxxxxxxxxxxxxxxxxxxxxx     
.................... void mo_ic_74573_a_thong_dl() 
.................... {      
....................       output_d(0x00); 
*
0092:  CLRF   F95
0094:  CLRF   F8C
....................       output_bit(g_32led,g_32a); 
0096:  BTFSC  04.4
0098:  BRA    009E
009A:  BCF    F8C.4
009C:  BRA    00A0
009E:  BSF    F8C.4
00A0:  BCF    F95.4
....................       output_bit(g_4led7doan,g_4a); 
00A2:  BTFSC  04.6
00A4:  BRA    00AA
00A6:  BCF    F8C.6
00A8:  BRA    00AC
00AA:  BSF    F8C.6
00AC:  BCF    F95.6
....................       output_bit(g_lcd20x4,g_lcda);   
00AE:  BTFSC  04.2
00B0:  BRA    00B6
00B2:  BCF    F8C.2
00B4:  BRA    00B8
00B6:  BSF    F8C.2
00B8:  BCF    F95.2
....................       cho_ic_74573_a_goi_du_lieu; 
00BA:  BCF    F95.1
00BC:  BSF    F8C.1
00BE:  RETURN 0
.................... } 
.................... void mo_ic_74573_b_thong_dl() 
.................... {      
....................       output_d(0x00); 
....................       output_bit(g_matranled,g_mtb); 
....................       output_bit(g_8ledquet,g_8b); 
....................       output_bit(g_buzerelay,g_rbdcb);  
....................       cho_ic_74573_b_goi_du_lieu; 
.................... } 
.................... //ham 401 
.................... //xxxxxxxxxxxxxxxxxxxxxxxxxxxxxxxxxxxxxxxxxxxx 
.................... //chuong trinh con xuat 4 byte ra 4 led 7 doan 
.................... //xxxxxxxxxxxxxxxxxxxxxxxxxxxxxxxxxxxxxxxxxxxx 
.................... void xuat_4led_7doan_4so(unsigned int bl743,bl742,bl741,bl740) 
.................... {      
....................       xuat_1byte(bl740);   xuat_1byte(bl741); 
*
0176:  MOVFF  66,67
017A:  RCALL  0068
017C:  MOVFF  65,67
0180:  RCALL  0068
....................       xuat_1byte(bl742);   xuat_1byte(bl743); 
0182:  MOVFF  64,67
0186:  RCALL  0068
0188:  MOVFF  63,67
018C:  RCALL  0068
....................        
....................       mo_4_led_7doan; 
018E:  BCF    04.6
....................       mo_ic_74573_a_thong_dl(); 
0190:  RCALL  0092
....................         
....................       output_low(rck_4led7doan);   output_high(rck_4led7doan);  
0192:  BCF    F95.7
0194:  BCF    F8C.7
0196:  BCF    F95.7
0198:  BSF    F8C.7
....................       chot_ic_74573_a_goi_du_lieu; 
019A:  BCF    F95.1
019C:  BCF    F8C.1
019E:  GOTO   029E (RETURN)
.................... } 
.................... //ham 404 
.................... void xuat_4led_7doan_3so(unsigned int bl742,bl741,bl740) 
.................... {      
....................      xuat_4led_7doan_4so(0xff,bl742,bl741,bl740); 
.................... } 
.................... //ham 403 
.................... void xuat_4led_7doan_2so(unsigned int bl741,bl740) 
.................... {      
....................      xuat_4led_7doan_4so(0xff,0xff,bl741,bl740); 
.................... } 
.................... //ham 402 
.................... void xuat_4led_7doan_1so(unsigned int bl740) 
.................... {      
....................      xuat_4led_7doan_4so(0xff,0xff,0xff,bl740); 
.................... } 
....................  
.................... //ham 405 
.................... //xxxxxxxxxxxxxxxxxxxxxxxxxxxxxxxxxxxxxxxxxxxxxxxxxxxxxxxxxxxxx 
.................... //chuong trinh con hien thi du lieu 16 bit tren 4 led 7 doan 
.................... //xxxxxxxxxxxxxxxxxxxxxxxxxxxxxxxxxxxxxxxxxxxxxxxxxxxxxxxxxxxxx 
.................... unsigned char donvi4,chuc4,tram4,ngan4; 
.................... void  xuat_4led_7doan_giaima_xoa_so0 (unsigned int16 tam) 
.................... {          
....................       donvi4 = ma7doan[tam %10];          
01A2:  MOVFF  62,66
01A6:  MOVFF  61,65
01AA:  CLRF   x68
01AC:  MOVLW  0A
01AE:  MOVWF  x67
01B0:  RCALL  0134
01B2:  MOVFF  00,63
01B6:  MOVFF  03,64
01BA:  MOVFF  03,03
01BE:  MOVF   00,W
01C0:  RCALL  0004
01C2:  MOVWF  09
....................       chuc4  = ma7doan[tam/10%10]; 
01C4:  MOVFF  62,66
01C8:  MOVFF  61,65
01CC:  CLRF   x68
01CE:  MOVLW  0A
01D0:  MOVWF  x67
01D2:  RCALL  0134
01D4:  MOVFF  02,64
01D8:  MOVFF  01,63
01DC:  MOVFF  02,66
01E0:  MOVFF  01,65
01E4:  CLRF   x68
01E6:  MOVLW  0A
01E8:  MOVWF  x67
01EA:  RCALL  0134
01EC:  MOVFF  00,63
01F0:  MOVFF  03,64
01F4:  MOVFF  03,03
01F8:  MOVF   00,W
01FA:  RCALL  0004
01FC:  MOVWF  0A
....................       tram4  = ma7doan[tam/100%10];  
01FE:  MOVFF  62,66
0202:  MOVFF  61,65
0206:  CLRF   x68
0208:  MOVLW  64
020A:  MOVWF  x67
020C:  RCALL  0134
020E:  MOVFF  02,64
0212:  MOVFF  01,63
0216:  MOVFF  02,66
021A:  MOVFF  01,65
021E:  CLRF   x68
0220:  MOVLW  0A
0222:  MOVWF  x67
0224:  RCALL  0134
0226:  MOVFF  00,63
022A:  MOVFF  03,64
022E:  MOVFF  03,03
0232:  MOVF   00,W
0234:  RCALL  0004
0236:  MOVWF  0B
....................       ngan4  = ma7doan[tam/1000%10];        
0238:  MOVFF  62,66
023C:  MOVFF  61,65
0240:  MOVLW  03
0242:  MOVWF  x68
0244:  MOVLW  E8
0246:  MOVWF  x67
0248:  RCALL  0134
024A:  MOVFF  02,64
024E:  MOVFF  01,63
0252:  MOVFF  02,66
0256:  MOVFF  01,65
025A:  CLRF   x68
025C:  MOVLW  0A
025E:  MOVWF  x67
0260:  RCALL  0134
0262:  MOVFF  00,63
0266:  MOVFF  03,64
026A:  MOVFF  03,03
026E:  MOVF   00,W
0270:  RCALL  0004
0272:  MOVWF  0C
....................       if (ngan4==0xc0) 
0274:  MOVF   0C,W
0276:  SUBLW  C0
0278:  BNZ   028C
....................       { 
....................          ngan4=0xff; 
027A:  SETF   0C
....................          if (tram4==0xc0) 
027C:  MOVF   0B,W
027E:  SUBLW  C0
0280:  BNZ   028C
....................          { 
....................             tram4=0xff; 
0282:  SETF   0B
....................             if (chuc4==0xc0)   chuc4=0xff; 
0284:  MOVF   0A,W
0286:  SUBLW  C0
0288:  BNZ   028C
028A:  SETF   0A
....................          } 
....................       } 
....................       xuat_4led_7doan_4so(ngan4,tram4,chuc4,donvi4);    
028C:  MOVFF  0C,63
0290:  MOVFF  0B,64
0294:  MOVFF  0A,65
0298:  MOVFF  09,66
029C:  BRA    0176
029E:  GOTO   03D0 (RETURN)
.................... } 
.................... unsigned int8 lcddata=0;  
.................... unsigned int8 lcdcontrol=0; 
.................... unsigned int8 glcddata=0; 
.................... unsigned int8 glcdcontrol=0;  
.................... //ham 701 
.................... //xxxxxxxxxxxxxxxxxxxxxxxxxxxxxxxxxxxxxxxxxxxxxxxxxxxxxxxxxxxxx 
.................... //chuong trinh con xuat du lieu 4 byte ra glcd va lcd 
.................... //xxxxxxxxxxxxxxxxxxxxxxxxxxxxxxxxxxxxxxxxxxxxxxxxxxxxxxxxxxxxx 
.................... void xuat_glcd_lcd() 
.................... {       
....................     xuat_1byte(glcdcontrol);              
....................     xuat_1byte(glcddata); 
....................     xuat_1byte(lcdcontrol);        
....................     xuat_1byte(lcddata);       
....................        
....................     mo_glcd_lcd; 
....................     mo_ic_74573_a_thong_dl();             
....................     output_high(rck_lcd20x4);      
....................     output_low(rck_lcd20x4); 
....................     chot_ic_74573_a_goi_du_lieu; 
.................... } 
.................... //ham 702 
.................... void xuat_lcd20x4(unsigned int8 lcd_signal,lcd_ins_hthi) 
.................... {      
....................     lcdcontrol = ~lcd_signal; 
....................     lcddata    = ~lcd_ins_hthi;       
....................     xuat_glcd_lcd(); 
.................... } 
.................... //ham 703 
.................... void xuat_glcd128x64(unsigned int8 glcd_signal,glcd_ins_hthi) 
.................... {      
....................     glcdcontrol = ~glcd_signal; 
....................     glcddata    = ~glcd_ins_hthi;      
....................     xuat_glcd_lcd(); 
.................... } 
.................... //ham 501 
.................... //xxxxxxxxxxxxxxxxxxxxxxxxxxxxxxxxxxxxxxxxxxxx 
.................... //chuong trinh con xuat 2 byte ra dk 1 led quet sang 
.................... //xxxxxxxxxxxxxxxxxxxxxxxxxxxxxxxxxxxxxxxxxxxx 
.................... void xuat_8led_7doan_quet_1(unsigned int ma,so_hthi) 
.................... {      
....................       xuat_1byte(~ma);   xuat_1byte(~so_hthi); 
....................        
....................       mo_8_led_quet; 
....................       mo_ic_74573_b_thong_dl(); 
....................        
....................       output_high(rck_8ledquet); output_low(rck_8ledquet); 
....................       chot_ic_74573_b_goi_du_lieu; 
.................... } 
.................... //ham 502 
.................... //xxxxxxxxxxxxxxxxxxxxxxxxxxxxxxxxxxxxxxxxxxxx 
.................... //chuong trinh con xuat 2 byte ra tat 8 led quet 
.................... //xxxxxxxxxxxxxxxxxxxxxxxxxxxxxxxxxxxxxxxxxxxx 
.................... void xuat_8led_7doan_quet_tat_led() 
.................... { 
....................    xuat_8led_7doan_quet_1(0xff,0xff); 
.................... } 
.................... //ham 503 
.................... //xxxxxxxxxxxxxxxxxxxxxxxxxxxxxxxxxxxxxxxxxxxx 
.................... //chuong trinh con hien thi led theo thu tu 
.................... //xxxxxxxxxxxxxxxxxxxxxxxxxxxxxxxxxxxxxxxxxxxx 
.................... const unsigned char ttledquet[8]= {0x7f,0xbf,0xdf,0xef,0xf7,0xfb,0xfd,0xfe}; 
.................... void xuat_8led_7doan_quet_2(unsigned int thutuled,so_hthi) 
.................... {          
....................       xuat_1byte(~ (ttledquet[thutuled]));   xuat_1byte(~so_hthi);      
....................       mo_8_led_quet; 
....................       mo_ic_74573_b_thong_dl(); 
....................       output_high(rck_8ledquet); output_low(rck_8ledquet); 
....................       chot_ic_74573_b_goi_du_lieu; 
.................... } 
.................... //ham 504 
.................... //xxxxxxxxxxxxxxxxxxxxxxxxxxxxxxxxxxxxxxxxxxxx 
.................... //chuong trinh con hien thi 8 so tren 8 led quet - co kiem tra 
.................... //xxxxxxxxxxxxxxxxxxxxxxxxxxxxxxxxxxxxxxxxxxxx 
.................... unsigned int8 led_7dq[8]={0xff,0xff,0xff,0xff,0xff,0xff,0xff,0xff}; 
.................... unsigned int8 tt8led=0; 
.................... void hien_thi_8led_7doan_quet() 
.................... {      
....................       for(tt8led=0;tt8led<8;tt8led++) 
....................          if (led_7dq[tt8led]!=0xff) 
....................          {            
....................             xuat_8led_7doan_quet_2(tt8led, led_7dq[tt8led]); 
....................             delay_us(100); 
....................             xuat_8led_7doan_quet_tat_led();            
....................             } 
.................... } 
.................... //ham 505 
.................... //xxxxxxxxxxxxxxxxxxxxxxxxxxxxxxxxxxxxxxxxxxxx 
.................... //chuong trinh con hien thi 8 so tren 8 led quet - khong kiem tra 
.................... //xxxxxxxxxxxxxxxxxxxxxxxxxxxxxxxxxxxxxxxxxxxx 
.................... void hien_thi_8led_7doan_quet_all() 
.................... {      
....................       for(tt8led=0;tt8led<8;tt8led++)          
....................          {            
....................             xuat_8led_7doan_quet_2(tt8led, led_7dq[tt8led]); 
....................             delay_us(100); 
....................             xuat_8led_7doan_quet_tat_led();            
....................             } 
.................... } 
....................  
.................... void delay_quet_8led(unsigned int16 dl) 
.................... {  
....................       unsigned int8 i; 
....................       for (i=0; i<dl;i++) 
....................       hien_thi_8led_7doan_quet_all(); 
.................... }  
....................  
.................... void giai_ma_gan_cho_8led_quet_16_xoa(unsigned int16 x) 
.................... {      
....................       led_7dq[0]= ma7doan [x %10];     
....................       led_7dq[1]= ma7doan [x/10%10]; 
....................       led_7dq[2]= ma7doan [x/100%10];     
....................       led_7dq[3]= ma7doan [x/1000%10]; 
....................       led_7dq[4]= ma7doan [x/10000%10]; 
....................       if (led_7dq[4]==maso0)  
....................       { 
....................             led_7dq[4]=0xff; 
....................             if (led_7dq[3]==maso0)  
....................             { 
....................                led_7dq[3]=0xff; 
....................                if (led_7dq[2]==maso0)  
....................                { 
....................                   led_7dq[2]=0xff; 
....................                   if (led_7dq[1]==maso0)  
....................                   { 
....................                      led_7dq[1]=0xff; 
....................                   } 
....................                } 
....................             } 
....................       } 
....................              
.................... } 
.................... //xxxxxxxxxxxxxxxxxxxxxxxxxxxxxxxxxxxxxxxxxxxx          
.................... void xuat_2byte(unsigned int16 byte2xuat) 
.................... { 
....................    int8 sbb; 
....................    unsigned int16   xx;   //short  bseri; 
....................    #bit bserix  = xx.15 
....................    xx = byte2xuat; 
....................    for (sbb=0;sbb<16;sbb++) 
....................       {                                                  
....................          output_bit(ssdo,bserix);     
....................          output_low(ssck);          
....................          output_high(ssck); 
....................          xx= xx<<1;          
....................      } 
.................... } 
.................... //xxxxxxxxxxxxxxxxxxxxxxxxxxxxxxxxxxxxxxxxxxxx 
.................... //chuong trinh con xuat ra led ma tran 
.................... //xxxxxxxxxxxxxxxxxxxxxxxxxxxxxxxxxxxxxxxxxxxx 
.................... void xuat_matranled(unsigned int16 mahang,unsigned int16 macot1, 
.................... unsigned int16 macot2,unsigned int16 macot3) 
.................... {       
....................       xuat_2byte(macot3); 
....................       xuat_2byte(macot2); 
....................       xuat_2byte(macot1); 
....................       xuat_2byte(mahang); 
....................        
....................       mo_led_matran; 
....................       mo_ic_74573_b_thong_dl(); 
....................        
....................       output_high(rck_matranled); output_low(rck_matranled);  
....................       chot_ic_74573_b_goi_du_lieu; 
.................... } 
.................... //xxxxxxxxxxxxxxxxxxxxxxxxxxxxxxxxxxxxxxxxxxxx 
.................... //chuong trinh con xuat ra led ma tran 
.................... //xxxxxxxxxxxxxxxxxxxxxxxxxxxxxxxxxxxxxxxxxxxx 
.................... void tat_matranled() 
.................... {       
....................       xuat_2byte(0); 
....................       xuat_2byte(0); 
....................       xuat_2byte(0); 
....................       xuat_2byte(0);            
....................       output_high(rck_matranled);  
....................       output_low(rck_matranled); 
.................... } 
.................... unsigned  int8 hieu_chinh_4bit_cao(unsigned int8 xzy) 
.................... { 
....................       int1  btg; 
....................       unsigned int8   bx;    
....................       #bit bit4  = bx.4 
....................       #bit bit5  = bx.5 
....................       #bit bit6  = bx.6 
....................       #bit bit7  = bx.7 
....................       bx=xzy; 
....................       btg=bit4;   bit4=bit7;  bit7=btg; 
....................       btg=bit5;   bit5=bit6;  bit6=btg;       
....................       return(bx);   
.................... } 
.................... //ham 601 
.................... //xxxxxxxxxxxxxxxxxxxxxxxxxxxxxxxxxxxxxxxxxxxxxxxxxxxx 
.................... //module dieu khien relay,triac, buzzer, dong co, sim 
.................... //xxxxxxxxxxxxxxxxxxxxxxxxxxxxxxxxxxxxxxxxxxxxxxxxxxxx 
.................... void xuat_buzzer_relay() 
.................... {      
....................    unsigned int8 rbdc1,rbdc2; 
....................       rbdc1=rbdc; rbdc2=rbdc>>8;       
....................       xuat_1byte(rbdc2);       
....................       xuat_1byte(rbdc1); 
....................       mo_relay_buzzer_dc; 
....................       mo_ic_74573_b_thong_dl(); 
....................        
....................       output_high(rck_buzerelay);   output_low(rck_buzerelay); 
....................       chot_ic_74573_b_goi_du_lieu; 
.................... } 
.................... //ham 602 
.................... //xxxxxxxxxxxxxxxxxxxxxxxxxxxxxxxxxxxxxxxxxxxxxxxxxxxx 
.................... void buzzer_on() 
.................... {     
....................       buzzer=1; 
....................       xuat_buzzer_relay();          
.................... } 
.................... //ham 603 
.................... //xxxxxxxxxxxxxxxxxxxxxxxxxxxxxxxxxxxxxxxxxxxxxxxxxxxx 
.................... void buzzer_off() 
.................... {      
....................       buzzer=0; 
....................       xuat_buzzer_relay(); 
.................... } 
.................... //ham 604 
.................... //xxxxxxxxxxxxxxxxxxxxxxxxxxxxxxxxxxxxxxxxxxxxxxxxxxxx 
.................... void relay_1_on() 
.................... {     
....................       relay_1=1; 
....................       xuat_buzzer_relay();          
.................... } 
.................... //ham 603 
.................... //xxxxxxxxxxxxxxxxxxxxxxxxxxxxxxxxxxxxxxxxxxxxxxxxxxxx 
.................... void relay_1_off() 
.................... {     
....................       relay_1=0; 
....................       xuat_buzzer_relay();          
.................... } 
.................... //ham 604 
.................... //xxxxxxxxxxxxxxxxxxxxxxxxxxxxxxxxxxxxxxxxxxxxxxxxxxxx 
.................... void relay_2_on() 
.................... {     
....................       relay_2=1; 
....................       xuat_buzzer_relay();          
.................... } 
.................... //ham 607 
.................... //xxxxxxxxxxxxxxxxxxxxxxxxxxxxxxxxxxxxxxxxxxxxxxxxxxxx 
.................... void relay_2_off() 
.................... {     
....................       relay_2=0; 
....................       xuat_buzzer_relay();          
.................... } 
.................... //ham 608 
.................... //xxxxxxxxxxxxxxxxxxxxxxxxxxxxxxxxxxxxxxxxxxxxxxxxxxxx 
.................... void relay_1_relay_2_on() 
.................... {     
....................       relay_1=1;  relay_2=1; 
....................       xuat_buzzer_relay();          
.................... } 
.................... //ham 609 
.................... //xxxxxxxxxxxxxxxxxxxxxxxxxxxxxxxxxxxxxxxxxxxxxxxxxxxx 
.................... void relay_1_relay_2_off() 
.................... {     
....................       relay_1=0;  relay_2=0; 
....................       xuat_buzzer_relay();          
.................... } 
.................... //ham 610 
.................... //xxxxxxxxxxxxxxxxxxxxxxxxxxxxxxxxxxxxxxxxxxxxxxxxxxxx 
.................... void triac_1_on() 
.................... {     
....................       triac_1=1; 
....................       xuat_buzzer_relay();          
.................... } 
.................... //ham 611 
.................... //xxxxxxxxxxxxxxxxxxxxxxxxxxxxxxxxxxxxxxxxxxxxxxxxxxxx 
.................... void triac_1_off() 
.................... {     
....................       triac_1=0; 
....................       xuat_buzzer_relay();          
.................... } 
.................... //ham 612 
.................... //xxxxxxxxxxxxxxxxxxxxxxxxxxxxxxxxxxxxxxxxxxxxxxxxxxxx 
.................... void triac_2_on() 
.................... {     
....................       triac_2=1; 
....................       xuat_buzzer_relay();          
.................... } 
.................... //ham 613 
.................... //xxxxxxxxxxxxxxxxxxxxxxxxxxxxxxxxxxxxxxxxxxxxxxxxxxxx 
.................... void triac_2_off() 
.................... {     
....................       triac_2=0; 
....................       xuat_buzzer_relay();          
.................... } 
.................... //xxxxxxxxxxxxxxxxxxxxxxxxxxxxxxxxxxxxxxxxxxxx 
....................  
....................  
....................  
.................... #include "TV_PICKIT2_SHIFT_KEY4X4_138.c" 
.................... const unsigned char maquetkey[4]= {0x3f,0x7f,0xbf,0xff}; 
.................... unsigned int8  mpt1=0,mpt2=0;   
.................... unsigned int key_nhan() 
.................... {     signed int8 maphim,hang,cot; 
....................       maphim=hang=0xff; 
....................       for(cot=0;cot<4;cot++) 
....................             {    
....................                output_b(maquetkey[cot]); 
....................                if         (!input(pin_b2))      {hang=3;   break;} 
....................                else    if (!input(pin_b3))      {hang=2;   break;} 
....................                else    if (!input(pin_b4))      {hang=1;   break;} 
....................                else    if (!input(pin_b5))      {hang=0;   break;} 
....................             }           
....................          if (hang!=0xff)   maphim   = cot*4 + hang; 
....................          return(maphim); 
.................... } 
.................... unsigned int key_4x4_dw() 
.................... {      
....................       mpt1=key_nhan();          
....................       if (mpt1!=0xff)    
....................       {  delay_ms(1);   
....................          mpt1=key_nhan(); 
....................          do{mpt2=key_nhan();} 
....................          while (mpt2==mpt1); 
....................       }              
....................       return(mpt1); 
.................... } 
....................  
.................... unsigned int key_4x4_up() 
.................... {             
....................       mpt1=key_nhan(); 
....................       if (mpt1!=0xff)    
....................       {   
....................          if (mpt1!=mpt2) 
....................             { 
....................                mpt2=mpt1; 
....................                return(mpt1);  //phim moi 
....................             } 
....................          else 
....................          { 
....................             delay_ms(1); 
....................             mpt1=key_nhan(); 
....................             do 
....................             { 
....................                mpt2=key_nhan(); 
....................                } 
....................             while (mpt2!=mpt1); 
.................... 			mpt2=mpt1; 
....................             return(mpt1);     //thoat vi trung ma phim da nhan 
....................                            
....................          } 
....................       }   
....................       else  
....................       { 
.................... 		   mpt2=mpt1; 
....................          return(mpt1);  //thoat vi khong nhan 
....................           
....................       }       
.................... } 
....................  
....................  
....................  
.................... #include "TV_PICKIT2_SHIFT_32LED_DON.c" 
.................... unsigned int32    y=0,yp_chay=1,yt_chay=0x80000000,y_codinh=0; 
.................... unsigned int16 zt,zt_chay_t=0x8000,zt_chay_p=1,zt_codinh=0; 
.................... unsigned int16 zp,zp_chay_t=0x8000,zp_chay_p=1,zp_codinh=0; 
....................  
.................... unsigned int16 tgdlay=0; 
.................... unsigned int8 dem_led=0;  
.................... signed i32=32,j32=0,ttct_td=1,i16=16,j16=0; 
....................  
.................... unsigned int32    za=1,ya=1,xa=0xfffffffe,zb=0x80000000,yb=0x80000000,xb=0x7fffffff;    
.................... signed ia=1,ja=1;   
.................... void reset_toan_bo_bien() 
.................... {  
....................       ttct_td++;     //chuyen chuong trinh cho tu dong 
....................       y=0;      yp_chay=1;      yt_chay=0x80000000;      y_codinh=0; 
....................       zt_chay_t=0x8000;    zt_chay_p=1;   zt_codinh=0; 
....................       zp_chay_t=0x8000;    zp_chay_p=1;   zp_codinh=0; 
....................       zt=zp=0; 
....................       i32=32;j32=0;i16=16,j16=0; 
....................       dem_led=0; 
....................        
....................       za=1;    ya=1;    xa=0xfffffffe;     ia=1;    ja=1; 
....................      zb=0x80000000;    yb=0x80000000;    xb=0x7fffffff; 
....................      tgdlay = 0; 
.................... }  
....................  
.................... void tang_dem_led_delay_1(unsigned int8 dl) 
.................... {  
....................       unsigned int8 i; 
....................       for (i=0; i<dl;i++) 
....................       hien_thi_8led_7doan_quet_all(); 
....................       dem_led++; 
.................... }  
....................  
.................... void tang_dem_led_delay_0(unsigned int8 dl) 
.................... {  
....................       if (dl>0)      delay_ms(dl);  
....................       dem_led++; 
.................... }  
....................  
.................... void delay_chon(unsigned int8 dl,chondelay) 
.................... {     
....................    if (!chondelay)   tang_dem_led_delay_0(dl); 
....................    else              tang_dem_led_delay_1(dl); 
.................... } 
.................... //xxxxxxxxxxxxxxxxxxxxxxxxxxxxxxxxxxxxxxxxxxxx 
.................... //32 led: sang don  phai sang trai 
.................... //xxxxxxxxxxxxxxxxxxxxxxxxxxxxxxxxxxxxxxxxxxxx 
.................... void diem_sang_dich_trai_mat_dan_32led(unsigned int8 dl,chondelay) 
.................... {        
....................    if(ia<33) 
....................    { 
....................       if(ja>0) 
....................       { 
....................          zb = (zb << 1); 
....................          y = xb|zb;         
....................          xuat_32led_don_1dw(y); 
....................          delay_chon(dl,chondelay); 
....................          ja--; 
....................       } 
....................       else  
....................       { 
....................          ia++; 
....................          ja=ia;       
....................          yb = yb>>1; 
....................          xb = xb>>1; 
....................          zb = yb; 
....................       } 
....................    } 
....................    else reset_toan_bo_bien(); 
.................... }   
.................... //xxxxxxxxxxxxxxxxxxxxxxxxxxxxxxxxxxxxxxxxxxxx 
.................... //32 led: sang don  trai sang phai 
.................... //xxxxxxxxxxxxxxxxxxxxxxxxxxxxxxxxxxxxxxxxxxxx 
.................... void diem_sang_dich_phai_mat_dan_32led(unsigned int8 dl,chondelay) 
.................... {        
....................    if(ia<33) 
....................    { 
....................       if(ja>0) 
....................       { 
....................          za = (za >> 1); 
....................          y = xa|za;         
....................          xuat_32led_don_1dw(y); 
....................          delay_chon(dl,chondelay); 
....................          ja--; 
....................       } 
....................       else  
....................       { 
....................          ia++; 
....................          ja=ia;       
....................          ya = ya<<1; 
....................          xa = xa <<1; 
....................          za = ya; 
....................       } 
....................    } 
....................    else reset_toan_bo_bien(); 
.................... }   
.................... //xxxxxxxxxxxxxxxxxxxxxxxxxxxxxxxxxxxxxxxxxxxx 
.................... //32 led: chop tat  
.................... //xxxxxxxxxxxxxxxxxxxxxxxxxxxxxxxxxxxxxxxxxxxx 
.................... void dao_dl_32bit_va_xuat() 
.................... { 
....................    y=~y; 
....................    xuat_32led_don_1dw(y);  
.................... } 
.................... void sang_tat_32led(unsigned int8 dl,chondelay) 
.................... {         
....................       if (tgdlay==1)          xuat_32led_don_1dw(y);  
....................       else if (tgdlay==50)    dao_dl_32bit_va_xuat(); 
....................       else if (tgdlay==100)   dao_dl_32bit_va_xuat();           
....................       else if (tgdlay==150)   dao_dl_32bit_va_xuat();                  
....................       else if (tgdlay==200)   
....................       { 
.................... //!         ttct_td++;   y=0;        tgdlay=0; 
....................             reset_toan_bo_bien(); 
....................       } 
....................       tgdlay++; 
....................       delay_chon(dl,chondelay); 
.................... } 
.................... //xxxxxxxxxxxxxxxxxxxxxxxxxxxxxxxxxxxxxxxxxxxx 
.................... //32 led: sang dan roi tat dan tu ngoai vao 
.................... //xxxxxxxxxxxxxxxxxxxxxxxxxxxxxxxxxxxxxxxxxxxx 
.................... void sang_tat_dan_ngoai_vao_32led(unsigned int8 dl,chondelay) 
.................... {   
....................    if (dem_led<16) 
....................    {   
....................       xuat_32led_don_2word(zp,zt);         
....................       zp= (zp<<1)+1;  
....................       zt= (zt>>1)+0x8000; 
....................       delay_chon(dl,chondelay); 
....................    } 
....................    else  if (dem_led<32) 
....................    {   
....................       xuat_32led_don_2word(zp,zt); 
....................       zp= (zp<<1);  
....................       zt= (zt>>1); 
....................       delay_chon(dl,chondelay); 
....................    } 
....................    else reset_toan_bo_bien(); 
....................  
.................... }    
.................... //xxxxxxxxxxxxxxxxxxxxxxxxxxxxxxxxxxxxxxxxxxxx 
.................... //32 led: sang dan roi tat dan tu trong ra 
.................... //xxxxxxxxxxxxxxxxxxxxxxxxxxxxxxxxxxxxxxxxxxxx 
.................... void sang_tat_dan_trong_ra_32led(unsigned int8 dl,chondelay) 
.................... {   
....................    if (dem_led<16) 
....................    {    
....................       xuat_32led_don_2word(zp,zt);  
....................       zp= (zp>>1)+0x8000;  
....................       zt= (zt<<1)+1; 
....................       delay_chon(dl,chondelay); 
....................    } 
....................    else  if (dem_led<32) 
....................    {   
....................       xuat_32led_don_2word(zp,zt); 
....................       zp= (zp>>1);  
....................       zt= (zt<<1); 
....................       delay_chon(dl,chondelay); 
....................     } 
....................    else reset_toan_bo_bien(); 
....................          
.................... }    
.................... //xxxxxxxxxxxxxxxxxxxxxxxxxxxxxxxxxxxxxxxxxxxx 
.................... //32 led: 2nhom 16 led sang dan roi tat dan tu phai sang trai 
.................... //xxxxxxxxxxxxxxxxxxxxxxxxxxxxxxxxxxxxxxxxxxxx 
.................... void sang_tat_dan_phai_sang_trai_2x16led(unsigned int8 dl,chondelay) 
.................... {   
....................    if (dem_led<16) 
....................    {    
....................       xuat_32led_don_2word(zp,zp); 
....................       zp= (zp>>1)+0x8000; 
....................       delay_chon(dl,chondelay); 
....................    } 
....................    else  if (dem_led<32) 
....................    {   
....................       xuat_32led_don_2word(zp,zp); 
....................       zp= (zp>>1); 
....................       delay_chon(dl,chondelay); 
....................     } 
....................    else reset_toan_bo_bien(); 
....................        
.................... }    
.................... //xxxxxxxxxxxxxxxxxxxxxxxxxxxxxxxxxxxxxxxxxxxx 
.................... //32 led: 2nhom 16 led sang dan roi tat dan tu trai sang phai 
.................... //xxxxxxxxxxxxxxxxxxxxxxxxxxxxxxxxxxxxxxxxxxxx 
.................... void sang_tat_dan_trai_sang_phai_2x16led(unsigned int8 dl,chondelay) 
.................... {   
....................    if (dem_led<16) 
....................    {    
....................       xuat_32led_don_2word(zt,zt);   
....................       zt= (zt<<1)+1; 
....................       delay_chon(dl,chondelay); 
....................    } 
....................    else  if (dem_led<32) 
....................    {   
....................       xuat_32led_don_2word(zt,zt); 
....................       zt= (zt<<1); 
....................       delay_chon(dl,chondelay); 
....................     } 
....................    else reset_toan_bo_bien(); 
....................          
.................... }    
.................... //xxxxxxxxxxxxxxxxxxxxxxxxxxxxxxxxxxxxxxxxxxxx 
.................... //32 led: sang dan roi tat dan tu phai sang trai 
.................... //xxxxxxxxxxxxxxxxxxxxxxxxxxxxxxxxxxxxxxxxxxxx 
.................... void sang_tat_dan_pst_32led(unsigned int8 dl,chondelay) 
.................... {         
....................    if (dem_led<32) 
....................    {   
....................       xuat_32led_don_1dw(y); 
....................       y= (y<<1)+1; 
....................       delay_chon(dl,chondelay); 
....................    } 
....................    else  if (dem_led<64) 
....................    {   
....................       xuat_32led_don_1dw(y);    
....................       y= (y<<1);  
....................       delay_chon(dl,chondelay); 
....................    }  
....................    else reset_toan_bo_bien(); 
....................  
.................... }     
.................... //xxxxxxxxxxxxxxxxxxxxxxxxxxxxxxxxxxxxxxxxxxxx 
.................... //32 led: sang dan roi tat dan tu trai sang phai 
.................... //xxxxxxxxxxxxxxxxxxxxxxxxxxxxxxxxxxxxxxxxxxxx 
.................... void sang_tat_dan_tsp_32led(unsigned int8 dl,chondelay) 
.................... {            
....................       if (dem_led<32) 
....................       {   
....................          xuat_32led_don_1dw(y); 
....................          y= (y>>1)+0x80000000;  
....................          delay_chon(dl,chondelay);       
....................       } 
....................       else 
....................       if (dem_led<64) 
....................       {   
....................          xuat_32led_don_1dw(y);  
....................          y= (y>>1); 
....................          delay_chon(dl,chondelay); 
....................       }  
....................       else reset_toan_bo_bien(); 
....................      
.................... }          
.................... //xxxxxxxxxxxxxxxxxxxxxxxxxxxxxxxxxxxxxxxxxxxx 
.................... //32 led: diem sang di chueyn tu phai sang trai 
.................... //xxxxxxxxxxxxxxxxxxxxxxxxxxxxxxxxxxxxxxxxxxxx 
.................... void diem_sang_di_chuyen_pst_32led(unsigned int8 dl,chondelay) 
.................... {         
....................    if (dem_led==0) 
....................    {   
....................       y=1; 
....................       xuat_32led_don_1dw(y); 
....................       y= (y<<1); 
....................       delay_chon(dl,chondelay); 
....................    } 
....................    else  if (dem_led<33) 
....................    {   
....................       xuat_32led_don_1dw(y);    
....................       y= (y<<1);  
....................       delay_chon(dl,chondelay); 
....................    }  
....................    else  reset_toan_bo_bien(); 
.................... }     
....................  
.................... //xxxxxxxxxxxxxxxxxxxxxxxxxxxxxxxxxxxxxxxxxxxx 
.................... //32 led: diem sang di chueyn tu trai sang phai 
.................... //xxxxxxxxxxxxxxxxxxxxxxxxxxxxxxxxxxxxxxxxxxxx 
.................... void diem_sang_di_chuyen_tsp_32led(unsigned int8 dl,chondelay) 
.................... {         
....................    if (dem_led==0) 
....................    {   
....................       y=0x80000000; 
....................       xuat_32led_don_1dw(y); 
....................       y= (y>>1); 
....................       delay_chon(dl,chondelay); 
....................    } 
....................    else  if (dem_led<33) 
....................    {   
....................       xuat_32led_don_1dw(y);    
....................       y= (y>>1);  
....................       delay_chon(dl,chondelay); 
....................    }  
....................    else reset_toan_bo_bien(); 
....................  
.................... }  
.................... //xxxxxxxxxxxxxxxxxxxxxxxxxxxxxxxxxxxxxxxxxxxx 
.................... //32 led: sang don  phai sang trai 
.................... //xxxxxxxxxxxxxxxxxxxxxxxxxxxxxxxxxxxxxxxxxxxx 
.................... void sang_don_pst_32led(unsigned int8 dl,chondelay) 
.................... {        
....................    if(i32>0) 
....................    { 
....................       if(j32<i32) 
....................       { 
....................          y = y_codinh|yp_chay; 
....................          xuat_32led_don_1dw(y); 
....................          delay_chon(dl,chondelay);        
....................          yp_chay = yp_chay <<1; 
....................          j32++; 
....................       } 
....................       if (j32==i32)  
....................       { 
....................          i32--; 
....................          j32=0;          
....................          y_codinh=y; 
....................          yp_chay = 1; 
....................       } 
....................    } 
....................    else reset_toan_bo_bien(); 
.................... }    
.................... //xxxxxxxxxxxxxxxxxxxxxxxxxxxxxxxxxxxxxxxxxxxx 
.................... //32 led: sang don  phai sang trai 
.................... //xxxxxxxxxxxxxxxxxxxxxxxxxxxxxxxxxxxxxxxxxxxx 
.................... void sang_don_tsp_32led(unsigned int8 dl,chondelay) 
.................... {        
....................    if(i32>0) 
....................    { 
....................       if(j32<i32) 
....................       { 
....................          y = y_codinh|yt_chay; 
....................          xuat_32led_don_1dw(y); 
....................          delay_chon(dl,chondelay); 
....................          yt_chay = yt_chay >>1; 
....................          j32++; 
....................       } 
....................       if (j32==i32)  
....................       { 
....................          i32--; 
....................          j32=0;          
....................          y_codinh=y; 
....................          yt_chay = 0x80000000; 
....................       } 
....................    } 
....................    else reset_toan_bo_bien(); 
....................  
.................... }   
.................... //xxxxxxxxxxxxxxxxxxxxxxxxxxxxxxxxxxxxxxxxxxxx 
.................... //32 led: sang don  tu ngoai vao 
.................... //xxxxxxxxxxxxxxxxxxxxxxxxxxxxxxxxxxxxxxxxxxxx 
.................... void sang_don_tnt_32led(unsigned int8 dl,chondelay) 
.................... {        
....................    if(i16>0) 
....................    { 
....................       if(j16<i16) 
....................       { 
....................          zp = zp_codinh|zp_chay_p; 
....................          zt = zt_codinh|zt_chay_t; 
....................          xuat_32led_don_2word(zt,zp); 
....................          delay_chon(dl,chondelay); 
....................  
....................          zp_chay_p = zp_chay_p <<1;          
....................          zt_chay_t = zt_chay_t >>1; 
....................          j16++; 
....................       } 
....................       if (j16==i16)  
....................       { 
....................          i16--; 
....................          j16=0;          
....................          zt_codinh=zt;  zp_codinh=zp;          
....................          zp_chay_p = 1;   zt_chay_t = 0x8000; 
....................       } 
....................    } 
....................    else reset_toan_bo_bien(); 
....................  
.................... }    
....................  
.................... //xxxxxxxxxxxxxxxxxxxxxxxxxxxxxxxxxxxxxxxxxxxx 
.................... //32 led: sang don  tu ngoai vao 
.................... //xxxxxxxxxxxxxxxxxxxxxxxxxxxxxxxxxxxxxxxxxxxx 
.................... void sang_don_ttr_32led(unsigned int8 dl,chondelay) 
.................... {        
....................    if(i16>0) 
....................    { 
....................       if(j16<i16) 
....................       { 
....................          zp = zp_codinh|zp_chay_t; 
....................          zt = zt_codinh|zt_chay_p; 
....................          xuat_32led_don_2word(zt,zp); 
....................          delay_chon(dl,chondelay); 
....................          zp_chay_t = zp_chay_t >>1;          
....................          zt_chay_p = zt_chay_p <<1; 
....................          j16++; 
....................       } 
....................       if (j16==i16)  
....................       { 
....................          i16--; 
....................          j16=0;          
....................          zt_codinh=zt;   
....................          zp_codinh=zp; 
....................          zp_chay_t = 0x8000;   zt_chay_p = 1; 
....................       } 
....................    } 
....................    else reset_toan_bo_bien(); 
.................... }    
....................  
.................... #include "18F4550.h" 
.................... //////////// Standard Header file for the PIC18F4550 device //////////////// 
.................... /////////////////////////////////////////////////////////////////////////// 
.................... ////        (C) Copyright 1996, 2014 Custom Computer Services          //// 
.................... //// This source code may only be used by licensed users of the CCS C  //// 
.................... //// compiler.  This source code may only be distributed to other      //// 
.................... //// licensed users of the CCS C compiler.  No other use, reproduction //// 
.................... //// or distribution is permitted without written permission.          //// 
.................... //// Derivative programs created using this software in object code    //// 
.................... //// form are not restricted in any way.                               //// 
.................... /////////////////////////////////////////////////////////////////////////// 
.................... #device PIC18F4550 
....................  
.................... #list 
....................  
....................  
.................... unsigned int16 dem; 
.................... unsigned int flag=0; 
....................  
....................  
.................... void phim_on() { 
....................    if(!input(on)){ 
*
00EA:  BSF    F93.5
00EC:  BTFSC  F81.5
00EE:  BRA    010C
....................       delay_ms(20); 
00F0:  MOVLW  14
00F2:  MOVWF  x61
00F4:  RCALL  0042
....................       while (!input(on)) 
00F6:  BSF    F93.5
00F8:  BTFSC  F81.5
00FA:  BRA    0102
....................       flag = 1; 
00FC:  MOVLW  01
00FE:  MOVWF  x60
0100:  BRA    00F6
....................       xuat_32led_don_4byte(0xff,0xff,0xff,0xff); 
0102:  SETF   x61
0104:  SETF   x62
0106:  SETF   x63
0108:  SETF   x64
010A:  RCALL  00C0
....................    } 
010C:  GOTO   0394 (RETURN)
.................... } 
....................  
....................  
....................  
.................... void phim_off() { 
....................    if(!input(off)){ 
0110:  BSF    F93.4
0112:  BTFSC  F81.4
0114:  BRA    0130
....................       delay_ms(20); 
0116:  MOVLW  14
0118:  MOVWF  x61
011A:  RCALL  0042
....................       while (!input(off)) 
011C:  BSF    F93.4
011E:  BTFSC  F81.4
0120:  BRA    0126
....................       flag = 0; 
0122:  CLRF   x60
0124:  BRA    011C
....................       xuat_32led_don_4byte(0,0,0,0); 
0126:  CLRF   x61
0128:  CLRF   x62
012A:  CLRF   x63
012C:  CLRF   x64
012E:  RCALL  00C0
....................    } 
0130:  GOTO   0396 (RETURN)
.................... } 
....................  
....................  
.................... void main() 
*
02A2:  CLRF   FF8
02A4:  BCF    FD0.7
02A6:  BSF    F93.1
02A8:  BSF    F93.0
02AA:  MOVLW  31
02AC:  MOVWF  FC8
02AE:  MOVLW  28
02B0:  MOVWF  FC6
02B2:  BSF    FC7.7
02B4:  BCF    FC7.6
02B6:  CLRF   06
02B8:  CLRF   0D
02BA:  CLRF   0E
02BC:  CLRF   0F
02BE:  CLRF   10
02C0:  CLRF   19
02C2:  CLRF   1A
02C4:  CLRF   1B
02C6:  CLRF   1F
02C8:  CLRF   1E
02CA:  CLRF   1D
02CC:  CLRF   1C
02CE:  CLRF   23
02D0:  CLRF   22
02D2:  CLRF   21
02D4:  MOVLW  01
02D6:  MOVWF  20
02D8:  MOVLW  80
02DA:  MOVWF  27
02DC:  CLRF   26
02DE:  CLRF   25
02E0:  CLRF   24
02E2:  CLRF   2B
02E4:  CLRF   2A
02E6:  CLRF   29
02E8:  CLRF   28
02EA:  MOVWF  2F
02EC:  CLRF   2E
02EE:  CLRF   31
02F0:  MOVLW  01
02F2:  MOVWF  30
02F4:  CLRF   33
02F6:  CLRF   32
02F8:  MOVLW  80
02FA:  MOVWF  37
02FC:  CLRF   36
02FE:  CLRF   39
0300:  MOVLW  01
0302:  MOVWF  38
0304:  CLRF   3B
0306:  CLRF   3A
0308:  CLRF   3D
030A:  CLRF   3C
030C:  CLRF   3E
030E:  MOVLW  20
0310:  MOVWF  3F
0312:  CLRF   40
0314:  MOVLW  01
0316:  MOVWF  41
0318:  MOVLW  10
031A:  MOVWF  42
031C:  CLRF   43
031E:  CLRF   47
0320:  CLRF   46
0322:  CLRF   45
0324:  MOVLW  01
0326:  MOVWF  44
0328:  CLRF   4B
032A:  CLRF   4A
032C:  CLRF   49
032E:  MOVWF  48
0330:  SETF   4F
0332:  SETF   4E
0334:  SETF   4D
0336:  MOVLW  FE
0338:  MOVWF  4C
033A:  MOVLW  80
033C:  MOVWF  53
033E:  CLRF   52
0340:  CLRF   51
0342:  CLRF   50
0344:  MOVWF  57
0346:  CLRF   56
0348:  CLRF   55
034A:  CLRF   54
034C:  MOVLW  7F
034E:  MOVWF  5B
0350:  SETF   5A
0352:  SETF   59
0354:  SETF   58
0356:  MOVLW  01
0358:  MOVWF  5C
035A:  MOVWF  5D
035C:  CLRF   x60
035E:  MOVF   FC1,W
0360:  ANDLW  C0
0362:  IORLW  0F
0364:  MOVWF  FC1
0366:  MOVLW  07
0368:  MOVWF  FB4
036A:  SETF   11
036C:  SETF   12
036E:  SETF   13
0370:  SETF   14
0372:  SETF   15
0374:  SETF   16
0376:  SETF   17
0378:  SETF   18
.................... { 
....................    setup_timer_0(T0_EXT_L_TO_H|T0_DIV_1); 
037A:  MOVLW  A8
037C:  MOVWF  FD5
....................    set_timer0(90); 
037E:  CLRF   FD7
0380:  MOVLW  5A
0382:  MOVWF  FD6
....................    set_up_port_ic_chot(); 
0384:  BRA    0024
....................    set_tris_b(0x3c); 
0386:  MOVLW  3C
0388:  MOVWF  F93
....................    dem = get_timer0(); 
038A:  MOVF   FD6,W
038C:  MOVWF  5E
038E:  MOVFF  FD7,5F
....................    while(TRUE) 
....................    { 
....................       phim_on(); 
0392:  BRA    00EA
....................       phim_off(); 
0394:  BRA    0110
....................       if (flag==1) { 
0396:  DECFSZ x60,W
0398:  BRA    03D2
....................          if (dem != get_timer0()) { 
039A:  MOVF   FD6,W
039C:  MOVFF  FD7,03
03A0:  SUBWF  5E,W
03A2:  BNZ   03AA
03A4:  MOVF   03,W
03A6:  SUBWF  5F,W
03A8:  BZ    03D0
....................             dem = get_timer0(); 
03AA:  MOVF   FD6,W
03AC:  MOVWF  5E
03AE:  MOVFF  FD7,5F
....................             if(dem>=101) {set_timer0(90); dem=0;} 
03B2:  MOVF   5F,F
03B4:  BNZ   03BC
03B6:  MOVF   5E,W
03B8:  SUBLW  64
03BA:  BC    03C6
03BC:  CLRF   FD7
03BE:  MOVLW  5A
03C0:  MOVWF  FD6
03C2:  CLRF   5F
03C4:  CLRF   5E
....................             xuat_4led_7doan_giaima_xoa_so0(dem); 
03C6:  MOVFF  5F,62
03CA:  MOVFF  5E,61
03CE:  BRA    01A2
....................          } 
....................       } 
03D0:  BRA    03DA
....................       else 
....................       { 
....................         set_timer0(dem); 
03D2:  MOVFF  5F,FD7
03D6:  MOVFF  5E,FD6
....................       } 
03DA:  BRA    0392
....................       
....................    } 
.................... } 
....................  
03DC:  SLEEP 

Configuration Fuses:
   Word  1: CC27   PLL12 CPUDIV1 USBDIV HS FCMEN IESO
   Word  2: 1E3E   PUT BROWNOUT BORV21 VREGEN NOWDT WDT32768
   Word  3: 8700   CCP2C1 PBADEN LPT1OSC MCLR
   Word  4: 00A1   STVREN NOLVP ICSP2 NOXINST NODEBUG
   Word  5: C00F   NOPROTECT NOCPB NOCPD
   Word  6: E00F   NOWRT NOWRTC NOWRTB NOWRTD
   Word  7: 400F   NOEBTR NOEBTRB
