CCS PCH C Compiler, Version 5.078, 43599               19-Oct-20 13:59

               Filename:   D:\Document\TTVXL\TH_VDK_PIC_N1_SANG_THU_2\WEEK4\411\411.lst

               ROM used:   590 bytes (2%)
                           Largest free fragment is 32178
               RAM used:   98 (5%) at main() level
                           108 (5%) worst case
               Stack used: 0 locations
               Stack size: 31

*
0000:  GOTO   0102
.................... #include "TV_PICKIT2_SHIFT_1.c" 
.................... #include    <18f4550.h> 
.................... //////////// Standard Header file for the PIC18F4550 device //////////////// 
.................... /////////////////////////////////////////////////////////////////////////// 
.................... ////        (C) Copyright 1996, 2014 Custom Computer Services          //// 
.................... //// This source code may only be used by licensed users of the CCS C  //// 
.................... //// compiler.  This source code may only be distributed to other      //// 
.................... //// licensed users of the CCS C compiler.  No other use, reproduction //// 
.................... //// or distribution is permitted without written permission.          //// 
.................... //// Derivative programs created using this software in object code    //// 
.................... //// form are not restricted in any way.                               //// 
.................... /////////////////////////////////////////////////////////////////////////// 
.................... #device PIC18F4550 
0004:  CLRF   FF7
0006:  ADDLW  14
0008:  MOVWF  FF6
000A:  MOVLW  00
000C:  ADDWFC FF7,F
000E:  TBLRD*+
0010:  MOVF   FF5,W
0012:  RETURN 0
0014:  DATA C0,F9
0016:  DATA A4,B0
0018:  DATA 99,92
001A:  DATA 82,F8
001C:  DATA 80,90
001E:  DATA 88,83
0020:  DATA C6,A1
0022:  DATA 86,8E
*
00C6:  MOVF   x62,W
00C8:  CLRF   01
00CA:  SUBWF  x61,W
00CC:  BC    00D4
00CE:  MOVFF  61,00
00D2:  BRA    00EC
00D4:  CLRF   00
00D6:  MOVLW  08
00D8:  MOVWF  x63
00DA:  RLCF   x61,F
00DC:  RLCF   00,F
00DE:  MOVF   x62,W
00E0:  SUBWF  00,W
00E2:  BTFSC  FD8.0
00E4:  MOVWF  00
00E6:  RLCF   01,F
00E8:  DECFSZ x63,F
00EA:  BRA    00DA
00EC:  RETURN 0
....................  
.................... #list 
....................  
.................... #device     adc=10 
.................... #fuses      nowdt,put,hs,noprotect,nolvp,cpudiv1 
.................... #use        delay(clock=20000000) 
.................... #use        i2c(master,slow,sda=pin_b0,scl=pin_b1) 
....................  
.................... //#use        rs232(baud=9600, xmit=pin_c6,rcv=pin_c7) 
.................... //nut nhan: 
.................... #define  bt0     pin_b5 
.................... #define  bt1     pin_b4 
.................... #define  bt2     pin_b3 
.................... #define  bt3     pin_b2 
....................  
.................... #define  on      bt0       //dk led don, motor 
.................... #define  off     bt1 
.................... #define  inv     bt2 
....................  
.................... #define  up      bt0    //dk led don 
.................... #define  dw      bt1 
.................... #define  clr     bt2 
.................... #define  mod     bt3 
....................  
.................... #define  stop    bt3 
....................  
.................... #define  on1     bt0      
.................... #define  off1    bt1 
.................... #define  on2     bt2        
.................... #define  off2    bt3 
....................  
....................  
.................... #define     trigger      pin_e2 
.................... #define     echo         pin_e1 
.................... //   ic74138_a    pin_b6   //output giai ma 2 sang 4 tich cuc muc 0 
.................... //   ic74138_b    pin_b7   //output giai ma 2 sang 4 tich cuc muc 0 
....................  
.................... //          encoder  pin_c0   //rc0/t13cki 
....................  
.................... //          cb_kc    pin_a2   //ra2/an2 
.................... //          pir      pin_a3   //ra3/an3 
.................... //          cbxung   pin_a4   //ra4/t0cki 
.................... //          ledthu   pin_a4   //ra4/t0cki//sw802 
....................  
.................... //          cb_kcsa_trigger  pin_e2   //re2/sdo  dung chung 
.................... //          cb_kcsa_rcho     pin_e1   //re1 
....................  
.................... //          cb_tcs3200_out    pin_e1   //re1 //cam bien mau tcs3200 
.................... //          cb_tcs3200_s0     b12      //lay tu mbi5026 
.................... //          cb_tcs3200_s1     b13      //lay tu mbi5026 
.................... //          cb_tcs3200_s2     b14      //lay tu mbi5026 
.................... //          cb_tcs3200_s3     b15      //lay tu mbi5026 
....................  
.................... //          cb_power  sw803 
.................... //          cb_gas      ain3_pcf8591t   //re1 
.................... //          cb_quang    ain2_pcf8591t    
.................... //          cb_lm35b    ain1_pcf8591t   //ra1/an1 
.................... //          cb_lm35a    ain0_pcf8591t   //re1/an0 
....................  
.................... //xxxxxxxxxxxxxxxxxxxxxxxxxxxxxxxxxxxxxxxxxxxxxxxxx 
.................... #define      enable_573a      pin_d1         //cs0 cua a 
.................... #define      enable_573b      pin_d0         //cs1 cua b 
.................... //xxxxxxxxxxxxxxxxxxxxxxxxxxxxxxxxxxxxxxxxxxxxxxxxx 
.................... #define      ssdo             pin_e2         //chung tat ca 
.................... #define      ssck             pin_e0         //chung tat ca 
.................... //xxxxxxxxxxxxxxxxxxxxxxxxxxxxxxxxxxxxxxxxxxxxxxxxx 
.................... #define      rck_4led7doan    pin_d7         //a - 4 byte 
.................... #define      g_4led7doan      pin_d6         //a - 4 byte 
.................... //xxxxxxxxxxxxxxxxxxxxxxxxxxxxxxxxxxxxxxxxxxxx     
.................... #define      rck_matranled    pin_d7         //b - 3 byte dao 
.................... #define      g_matranled      pin_d6         //b - 3 byte dao 
.................... //xxxxxxxxxxxxxxxxxxxxxxxxxxxxxxxxxxxxxxxxxxxxxxxxx 
.................... #define      rck_32led        pin_d5         //a - 4 byte 
.................... #define      g_32led          pin_d4         //a - 4 byte 
.................... //xxxxxxxxxxxxxxxxxxxxxxxxxxxxxxxxxxxxxxxxxxxx  
.................... #define      rck_8ledquet     pin_d5         //b - 2 byte dao 
.................... #define      g_8ledquet       pin_d4         //b - 2 byte dao 
.................... //xxxxxxxxxxxxxxxxxxxxxxxxxxxxxxxxxxxxxxxxxxxxxxxxx 
.................... #define      rck_lcd20x4      pin_d3         //a - 2 byte dao 
.................... #define      g_lcd20x4         pin_d2         //a - 2 byte dao 
.................... //xxxxxxxxxxxxxxxxxxxxxxxxxxxxxxxxxxxxxxxxxxxx  
.................... #define      rck_buzerelay    pin_d3     //b - 1 byte  
.................... #define      g_buzerelay      pin_d2         //b - 1 byte  
....................  
.................... void xuat_lcd20x4(unsigned int8 lcd_signal,lcd_ins_hthi); 
....................  
.................... void xuat_buzzer_relay(); 
.................... //xxxxxxxxxxxxxxxxxxxxxxxxxxxxxxxxxxxxxxxxxxxx    
.................... #define     chot_2_ic_74573_a_b  output_d(0xfc) 
....................  
.................... unsigned int8 tin_hieu_dk_74573_a; 
.................... #bit g_4a         = tin_hieu_dk_74573_a.6 
.................... #bit g_32a        = tin_hieu_dk_74573_a.4 
.................... #bit g_lcda       = tin_hieu_dk_74573_a.2 
.................... //xxxxxxxxxxxxxxxxxxxxxxxxxxxxxxxxxxxxxxxxxxxx          
.................... #define     mo_32_led_don        g_32a=0; //output_low(g_32led)  
.................... #define     tat_32_led_don       g_32a=1; //output_high(g_32led)  
.................... //xxxxxxxxxxxxxxxxxxxxxxxxxxxxxxxxxxxxxxxxxxxx          
.................... #define     mo_4_led_7doan       g_4a=0;  //output_low(g_4led7doan) 
.................... #define     tat_4_led_7doan      g_4a=1;  //output_high(g_4led7doan) 
.................... //xxxxxxxxxxxxxxxxxxxxxxxxxxxxxxxxxxxxxxxxxxxx  
.................... #define     mo_glcd_lcd           g_lcda=0;   //output_low(g_lcd20x4) 
.................... #define     tat_glcd_lcd          g_lcda=1;   // output_low(g_lcd20x4) 
....................  
.................... unsigned int8 tin_hieu_dk_74573_b;   
.................... #bit g_mtb        = tin_hieu_dk_74573_b.6 
.................... #bit g_8b         = tin_hieu_dk_74573_b.4 
.................... #bit g_rbdcb      = tin_hieu_dk_74573_b.2 
.................... //xxxxxxxxxxxxxxxxxxxxxxxxxxxxxxxxxxxxxxxxxxxx  
.................... #define     mo_led_matran        g_mtb=0; //output_low(g_matranled) 
.................... #define     tat_led_matran       g_mtb=1; //output_low(g_matranled) 
.................... //xxxxxxxxxxxxxxxxxxxxxxxxxxxxxxxxxxxxxxxxxxxx        
.................... #define     mo_8_led_quet        g_8b=0;  //output_low(g_8ledquet) 
.................... #define     tat_8_led_quet       g_8b=1;  //output_low(g_8ledquet) 
.................... //xxxxxxxxxxxxxxxxxxxxxxxxxxxxxxxxxxxxxxxxxxxx          
.................... #define     mo_relay_buzzer_dc   g_rbdcb=0;  //output_low(g_buzerelay) 
.................... #define     tat_relay_buzzer_dc  g_rbdcb=1;  //output_low(g_buzerelay) 
....................  
.................... //xxxxxxxxxxxxxxxxxxxxxxxxxxxxxxxxxxxxxxxxxxxx 
.................... //chuong trinh kiem tra phim bt1 
.................... //xxxxxxxxxxxxxxxxxxxxxxxxxxxxxxxxxxxxxxxxxxxx 
.................... unsigned int8 dl_btn=0; 
.................... int1 phim_bt0(unsigned int16 dl) 
.................... {   
....................     if (!input(bt0)) 
....................     {   
....................       dl_btn++; 
....................        
....................       if (dl_btn>= dl) 
....................          { 
....................             dl_btn =0; 
....................             return(1); 
....................          } 
....................       else return(0); 
....................     } 
....................     else    return(0); 
.................... }  
.................... //xxxxxxxxxxxxxxxxxxxxxxxxxxxxxxxxxxxxxxxxxxxx 
.................... //chuong trinh kiem tra phim bt1 
.................... //xxxxxxxxxxxxxxxxxxxxxxxxxxxxxxxxxxxxxxxxxxxx 
.................... int1 phim_bt1(unsigned int16 dl ) 
.................... {   
....................     if (!input(bt1)) 
....................     {   
....................       dl_btn++; 
....................        
....................       if (dl_btn>= dl) 
....................          { 
....................             dl_btn =0; 
....................             return(1); 
....................          } 
....................       else return(0); 
....................     } 
....................     else    return(0); 
.................... }  
.................... //xxxxxxxxxxxxxxxxxxxxxxxxxxxxxxxxxxxxxxxxxxxx 
.................... //chuong trinh kiem tra phim bt2       
.................... //xxxxxxxxxxxxxxxxxxxxxxxxxxxxxxxxxxxxxxxxxxxx                                     
.................... int1 phim_bt2(unsigned int16 dl ) 
.................... {                                         
....................     if (!input(bt2)) 
....................     {   
....................       dl_btn++; 
....................        
....................       if (dl_btn>= dl) 
....................          { 
....................             dl_btn =0; 
....................             return(1); 
....................          } 
....................       else return(0); 
....................     } 
....................     else    return(0); 
....................                                           
.................... }       
....................  
.................... //xxxxxxxxxxxxxxxxxxxxxxxxxxxxxxxxxxxxxxxxxxxx 
.................... //chuong trinh kiem tra phim bt3 
.................... //xxxxxxxxxxxxxxxxxxxxxxxxxxxxxxxxxxxxxxxxxxxx 
.................... int1 phim_bt3(unsigned int16 dl,  unsigned int8 solan  ) 
.................... {   
....................     if (!input(bt3)) 
....................     {   
....................       dl_btn++; 
....................       if(dl_btn==1) return(1); 
....................       else 
....................       { 
....................          if (dl_btn>= dl) 
....................          dl_btn =solan; 
....................       } 
....................     } 
....................     else    
....................     { 
....................       //dl_btn =0; 
....................       return(0); 
....................     } 
.................... }  
.................... //xxxxxxxxxxxxxxxxxxxxxxxxxxxxxxxxxxxxxxxxxxxx 
.................... //khai bao du lieu 16 bit cho module relay, triac, buzzer, dong co 
.................... //xxxxxxxxxxxxxxxxxxxxxxxxxxxxxxxxxxxxxxxxxxxx 
.................... unsigned int16 rbdc; 
.................... #bit step_motor_enable  = rbdc.0    //1=ena,0=dis 
.................... #bit step_motor_in1     = rbdc.1     
.................... #bit step_motor_in2     = rbdc.2 
.................... #bit step_motor_in3     = rbdc.3 
.................... #bit step_motor_in4     = rbdc.4 
.................... #bit dc_enable          = rbdc.5    //1=ena,0=dis 
.................... #bit pwrkey             = rbdc.6    //khoi tao sim900 
....................  
.................... #bit buzzer             = rbdc.8    //1=on,0=off 
.................... #bit triac_1            = rbdc.9    //1=on,0=off 
.................... #bit triac_2            = rbdc.10   //1=on,0=off 
.................... #bit relay_1            = rbdc.11   //0=on,1=off 
.................... #bit relay_2            = rbdc.12   //0=on,1=off 
....................  
.................... //ham 103 
.................... //xxxxxxxxxxxxxxxxxxxxxxxxxxxxxxxxxxxxxxxxxxxx 
.................... //chuong trinh con khoi tao ic chot 
.................... //xxxxxxxxxxxxxxxxxxxxxxxxxxxxxxxxxxxxxxxxxxxx          
.................... #define     cho_ic_74573_a_goi_du_lieu     output_high(enable_573a) 
.................... #define     chot_ic_74573_a_goi_du_lieu    output_low(enable_573a) 
....................  
.................... #define     cho_ic_74573_b_goi_du_lieu     output_high(enable_573b) 
.................... #define     chot_ic_74573_b_goi_du_lieu    output_low(enable_573b) 
.................... void mo_ic_74573_a_thong_dl(); 
....................  
.................... //xxxxxxxxxxxxxxxxxxxxxxxxxxxxxxxxxxxxxxxxxxxx    
.................... const unsigned char ma7doan[16]= {0xc0,0xf9,0xa4,0xb0,0x99,0x92,0x82,0xf8, 
.................... 0x80,0x90,0x88, 0x83, 0xc6, 0xa1, 0x86, 0x8e}; 
.................... #define     maso0    0xc0 
.................... #define     maso1    0xf9 
.................... #define     maso2    0xa4 
.................... #define     maso3    0xb0 
.................... #define     maso4    0x99 
.................... #define     maso5    0x92 
.................... #define     maso6    0x82 
.................... #define     maso7    0xf8 
....................  
.................... //xxxxxxxxxxxxxxxxxxxxxxxxxxxxxxxxxxxxxxxxxxxx  
.................... //ham 102 
.................... //xxxxxxxxxxxxxxxxxxxxxxxxxxxxxxxxxxxxxxxxxxxx     
.................... //xuat 1 byte ra thanh ghi dich 
.................... //xxxxxxxxxxxxxxxxxxxxxxxxxxxxxxxxxxxxxxxxxxxx     
.................... void xuat_1byte(unsigned int8 bytexuat) 
.................... { 
....................    unsigned int8   sb,x;    
....................    #bit bseri  = x.7 
....................    x = bytexuat; 
*
0042:  MOVFF  69,6B
....................    for (sb=0;sb<8;sb++) 
0046:  CLRF   x6A
0048:  MOVF   x6A,W
004A:  SUBLW  07
004C:  BNC   006A
....................       {                                                  
....................          output_bit(ssdo,bseri);     
004E:  BTFSC  x6B.7
0050:  BRA    0056
0052:  BCF    F8D.2
0054:  BRA    0058
0056:  BSF    F8D.2
0058:  BCF    F96.2
....................          output_low(ssck); output_high(ssck); 
005A:  BCF    F96.0
005C:  BCF    F8D.0
005E:  BCF    F96.0
0060:  BSF    F8D.0
....................          x= x<<1;          
0062:  BCF    FD8.0
0064:  RLCF   x6B,F
0066:  INCF   x6A,F
0068:  BRA    0048
....................      } 
006A:  RETURN 0
.................... } 
.................... //xxxxxxxxxxxxxxxxxxxxxxxxxxxxxxxxxxxxxxxxxxxx  
.................... //ham 301 
.................... //xxxxxxxxxxxxxxxxxxxxxxxxxxxxxxxxxxxxxxxxxxxx 
.................... //chuong trinh con xuat 4 byte ra 32 led don 
.................... //xxxxxxxxxxxxxxxxxxxxxxxxxxxxxxxxxxxxxxxxxxxx 
.................... void xuat_32led_don_4byte(unsigned int8 bld3,bld2,bld1,bld0) 
.................... {      
....................       xuat_1byte(bld3);           
....................       xuat_1byte(bld2); 
....................       xuat_1byte(bld1);           
....................       xuat_1byte(bld0);             
....................       mo_32_led_don;       
....................       mo_ic_74573_a_thong_dl();             
....................       output_high(rck_32led);    output_low(rck_32led); 
....................       chot_ic_74573_a_goi_du_lieu;       
.................... } 
.................... //ham 302 
.................... //xxxxxxxxxxxxxxxxxxxxxxxxxxxxxxxxxxxxxxxxxxxx 
.................... //chuong trinh con xuat 2 word 16 bitra 32 led don 
.................... //xxxxxxxxxxxxxxxxxxxxxxxxxxxxxxxxxxxxxxxxxxxx 
.................... void xuat_32led_don_2word(unsigned int16 wld1, unsigned int16 wld0) 
.................... {      
....................      unsigned int8  b3,b2,b1,b0; 
....................      b3 = wld1>>8;  b2 = wld1;  
....................      b1 = wld0>>8;  b0 = wld0; 
....................      xuat_32led_don_4byte(b3,b2,b1,b0); 
.................... } 
.................... //ham 303 
.................... //xxxxxxxxxxxxxxxxxxxxxxxxxxxxxxxxxxxxxxxxxxxx 
.................... //chuong trinh con xuat 1 double word ra 32 led don 
.................... //xxxxxxxxxxxxxxxxxxxxxxxxxxxxxxxxxxxxxxxxxxxx 
.................... void xuat_32led_don_1dw(unsigned long long dwld) 
.................... {      
....................      unsigned int16  wd1,wd0; 
....................      wd1 = dwld>>16;  wd0 = dwld; 
....................      xuat_32led_don_2word(wd1,wd0); 
.................... } 
....................  
.................... //ham 304 
.................... //xxxxxxxxxxxxxxxxxxxxxxxxxxxxxxxxxxxxxxxxxxxx 
.................... //chuong trinh con mo 32 led don sang 
.................... //xxxxxxxxxxxxxxxxxxxxxxxxxxxxxxxxxxxxxxxxxxxx 
.................... void mo_32led_don() 
.................... {         
....................      xuat_32led_don_1dw(0xffffffff); 
.................... } 
.................... //ham 305 
.................... //xxxxxxxxxxxxxxxxxxxxxxxxxxxxxxxxxxxxxxxxxxxx 
.................... //chuong trinh con tat 32 led don  
.................... //xxxxxxxxxxxxxxxxxxxxxxxxxxxxxxxxxxxxxxxxxxxx 
.................... void tat_32led_don() 
.................... {         
....................      xuat_32led_don_1dw(0); 
.................... } 
.................... //xxxxxxxxxxxxxxxxxxxxxxxxxxxxxxxxxxxxxxxxxxxx     
.................... //xuat 1 bit roi tra lai ket qua sau khi dich di 1 bit 
.................... //xxxxxxxxxxxxxxxxxxxxxxxxxxxxxxxxxxxxxxxxxxxx     
.................... unsigned  int8 xuat_1bit(unsigned int8 bytexuat) 
.................... { 
....................       unsigned int8   xbitx;    
....................       #bit bserix  = xbitx.0 
....................       xbitx = bytexuat; 
....................                                              
....................       output_bit(ssdo,bserix);     
....................       output_low(ssck); output_high(ssck); 
....................       xbitx= xbitx>>1;    
....................       return(xbitx);   
.................... } 
.................... //xxxxxxxxxxxxxxxxxxxxxxxxxxxxxxxxxxxxxxxxxxxx  
.................... //ham 101 
.................... //xxxxxxxxxxxxxxxxxxxxxxxxxxxxxxxxxxxxxxxxxxxx     
.................... //ham khoi tao cac port va ic chot 
.................... //xxxxxxxxxxxxxxxxxxxxxxxxxxxxxxxxxxxxxxxxxxxx     
....................    void set_up_port_ic_chot() 
.................... {      
....................       set_tris_d(0x00);     
*
0024:  MOVLW  00
0026:  MOVWF  F95
....................       set_tris_e(0x00); 
0028:  MOVWF  F96
....................       output_d(0xff); 
002A:  CLRF   F95
002C:  SETF   F8C
....................       tin_hieu_dk_74573_a=0xff;   
002E:  SETF   04
....................       tin_hieu_dk_74573_b=0xff;       
0030:  SETF   05
....................       chot_ic_74573_a_goi_du_lieu; 
0032:  BCF    F95.1
0034:  BCF    F8C.1
....................       chot_ic_74573_b_goi_du_lieu;   
0036:  BCF    F95.0
0038:  BCF    F8C.0
....................       rbdc=0; 
003A:  CLRF   08
003C:  CLRF   07
003E:  GOTO   01DC (RETURN)
.................... } 
.................... //ham 104 
.................... //xxxxxxxxxxxxxxxxxxxxxxxxxxxxxxxxxxxxxxxxxxxx     
.................... //xuat các thieu dieu khien  
.................... //giu nguyen cac trang thai cua 2 module khac 
.................... //xxxxxxxxxxxxxxxxxxxxxxxxxxxxxxxxxxxxxxxxxxxx     
.................... void mo_ic_74573_a_thong_dl() 
.................... {      
....................       output_d(0x00); 
*
006C:  CLRF   F95
006E:  CLRF   F8C
....................       output_bit(g_32led,g_32a); 
0070:  BTFSC  04.4
0072:  BRA    0078
0074:  BCF    F8C.4
0076:  BRA    007A
0078:  BSF    F8C.4
007A:  BCF    F95.4
....................       output_bit(g_4led7doan,g_4a); 
007C:  BTFSC  04.6
007E:  BRA    0084
0080:  BCF    F8C.6
0082:  BRA    0086
0084:  BSF    F8C.6
0086:  BCF    F95.6
....................       output_bit(g_lcd20x4,g_lcda);   
0088:  BTFSC  04.2
008A:  BRA    0090
008C:  BCF    F8C.2
008E:  BRA    0092
0090:  BSF    F8C.2
0092:  BCF    F95.2
....................       cho_ic_74573_a_goi_du_lieu; 
0094:  BCF    F95.1
0096:  BSF    F8C.1
0098:  GOTO   00B8 (RETURN)
.................... } 
.................... void mo_ic_74573_b_thong_dl() 
.................... {      
....................       output_d(0x00); 
....................       output_bit(g_matranled,g_mtb); 
....................       output_bit(g_8ledquet,g_8b); 
....................       output_bit(g_buzerelay,g_rbdcb);  
....................       cho_ic_74573_b_goi_du_lieu; 
.................... } 
.................... //ham 401 
.................... //xxxxxxxxxxxxxxxxxxxxxxxxxxxxxxxxxxxxxxxxxxxx 
.................... //chuong trinh con xuat 4 byte ra 4 led 7 doan 
.................... //xxxxxxxxxxxxxxxxxxxxxxxxxxxxxxxxxxxxxxxxxxxx 
.................... void xuat_4led_7doan_4so(unsigned int bl743,bl742,bl741,bl740) 
.................... {      
....................       xuat_1byte(bl740);   xuat_1byte(bl741); 
009C:  MOVFF  68,69
00A0:  RCALL  0042
00A2:  MOVFF  67,69
00A6:  RCALL  0042
....................       xuat_1byte(bl742);   xuat_1byte(bl743); 
00A8:  MOVFF  66,69
00AC:  RCALL  0042
00AE:  MOVFF  65,69
00B2:  RCALL  0042
....................        
....................       mo_4_led_7doan; 
00B4:  BCF    04.6
....................       mo_ic_74573_a_thong_dl(); 
00B6:  BRA    006C
....................         
....................       output_low(rck_4led7doan);   output_high(rck_4led7doan);  
00B8:  BCF    F95.7
00BA:  BCF    F8C.7
00BC:  BCF    F95.7
00BE:  BSF    F8C.7
....................       chot_ic_74573_a_goi_du_lieu; 
00C0:  BCF    F95.1
00C2:  BCF    F8C.1
00C4:  RETURN 0
.................... } 
.................... //ham 404 
.................... void xuat_4led_7doan_3so(unsigned int bl742,bl741,bl740) 
.................... {      
....................      xuat_4led_7doan_4so(0xff,bl742,bl741,bl740); 
*
00EE:  SETF   x65
00F0:  MOVFF  62,66
00F4:  MOVFF  63,67
00F8:  MOVFF  64,68
00FC:  RCALL  009C
00FE:  GOTO   023E (RETURN)
.................... } 
.................... //ham 403 
.................... void xuat_4led_7doan_2so(unsigned int bl741,bl740) 
.................... {      
....................      xuat_4led_7doan_4so(0xff,0xff,bl741,bl740); 
.................... } 
.................... //ham 402 
.................... void xuat_4led_7doan_1so(unsigned int bl740) 
.................... {      
....................      xuat_4led_7doan_4so(0xff,0xff,0xff,bl740); 
.................... } 
....................  
.................... //ham 405 
.................... //xxxxxxxxxxxxxxxxxxxxxxxxxxxxxxxxxxxxxxxxxxxxxxxxxxxxxxxxxxxxx 
.................... //chuong trinh con hien thi du lieu 16 bit tren 4 led 7 doan 
.................... //xxxxxxxxxxxxxxxxxxxxxxxxxxxxxxxxxxxxxxxxxxxxxxxxxxxxxxxxxxxxx 
.................... unsigned char donvi4,chuc4,tram4,ngan4; 
.................... void  xuat_4led_7doan_giaima_xoa_so0 (unsigned int16 tam) 
.................... {          
....................       donvi4 = ma7doan[tam %10];          
....................       chuc4  = ma7doan[tam/10%10]; 
....................       tram4  = ma7doan[tam/100%10];  
....................       ngan4  = ma7doan[tam/1000%10];        
....................       if (ngan4==0xc0) 
....................       { 
....................          ngan4=0xff; 
....................          if (tram4==0xc0) 
....................          { 
....................             tram4=0xff; 
....................             if (chuc4==0xc0)   chuc4=0xff; 
....................          } 
....................       } 
....................       xuat_4led_7doan_4so(ngan4,tram4,chuc4,donvi4);    
.................... } 
.................... unsigned int8 lcddata=0;  
.................... unsigned int8 lcdcontrol=0; 
.................... unsigned int8 glcddata=0; 
.................... unsigned int8 glcdcontrol=0;  
.................... //ham 701 
.................... //xxxxxxxxxxxxxxxxxxxxxxxxxxxxxxxxxxxxxxxxxxxxxxxxxxxxxxxxxxxxx 
.................... //chuong trinh con xuat du lieu 4 byte ra glcd va lcd 
.................... //xxxxxxxxxxxxxxxxxxxxxxxxxxxxxxxxxxxxxxxxxxxxxxxxxxxxxxxxxxxxx 
.................... void xuat_glcd_lcd() 
.................... {       
....................     xuat_1byte(glcdcontrol);              
....................     xuat_1byte(glcddata); 
....................     xuat_1byte(lcdcontrol);        
....................     xuat_1byte(lcddata);       
....................        
....................     mo_glcd_lcd; 
....................     mo_ic_74573_a_thong_dl();             
....................     output_high(rck_lcd20x4);      
....................     output_low(rck_lcd20x4); 
....................     chot_ic_74573_a_goi_du_lieu; 
.................... } 
.................... //ham 702 
.................... void xuat_lcd20x4(unsigned int8 lcd_signal,lcd_ins_hthi) 
.................... {      
....................     lcdcontrol = ~lcd_signal; 
....................     lcddata    = ~lcd_ins_hthi;       
....................     xuat_glcd_lcd(); 
.................... } 
.................... //ham 703 
.................... void xuat_glcd128x64(unsigned int8 glcd_signal,glcd_ins_hthi) 
.................... {      
....................     glcdcontrol = ~glcd_signal; 
....................     glcddata    = ~glcd_ins_hthi;      
....................     xuat_glcd_lcd(); 
.................... } 
.................... //ham 501 
.................... //xxxxxxxxxxxxxxxxxxxxxxxxxxxxxxxxxxxxxxxxxxxx 
.................... //chuong trinh con xuat 2 byte ra dk 1 led quet sang 
.................... //xxxxxxxxxxxxxxxxxxxxxxxxxxxxxxxxxxxxxxxxxxxx 
.................... void xuat_8led_7doan_quet_1(unsigned int ma,so_hthi) 
.................... {      
....................       xuat_1byte(~ma);   xuat_1byte(~so_hthi); 
....................        
....................       mo_8_led_quet; 
....................       mo_ic_74573_b_thong_dl(); 
....................        
....................       output_high(rck_8ledquet); output_low(rck_8ledquet); 
....................       chot_ic_74573_b_goi_du_lieu; 
.................... } 
.................... //ham 502 
.................... //xxxxxxxxxxxxxxxxxxxxxxxxxxxxxxxxxxxxxxxxxxxx 
.................... //chuong trinh con xuat 2 byte ra tat 8 led quet 
.................... //xxxxxxxxxxxxxxxxxxxxxxxxxxxxxxxxxxxxxxxxxxxx 
.................... void xuat_8led_7doan_quet_tat_led() 
.................... { 
....................    xuat_8led_7doan_quet_1(0xff,0xff); 
.................... } 
.................... //ham 503 
.................... //xxxxxxxxxxxxxxxxxxxxxxxxxxxxxxxxxxxxxxxxxxxx 
.................... //chuong trinh con hien thi led theo thu tu 
.................... //xxxxxxxxxxxxxxxxxxxxxxxxxxxxxxxxxxxxxxxxxxxx 
.................... const unsigned char ttledquet[8]= {0x7f,0xbf,0xdf,0xef,0xf7,0xfb,0xfd,0xfe}; 
.................... void xuat_8led_7doan_quet_2(unsigned int thutuled,so_hthi) 
.................... {          
....................       xuat_1byte(~ (ttledquet[thutuled]));   xuat_1byte(~so_hthi);      
....................       mo_8_led_quet; 
....................       mo_ic_74573_b_thong_dl(); 
....................       output_high(rck_8ledquet); output_low(rck_8ledquet); 
....................       chot_ic_74573_b_goi_du_lieu; 
.................... } 
.................... //ham 504 
.................... //xxxxxxxxxxxxxxxxxxxxxxxxxxxxxxxxxxxxxxxxxxxx 
.................... //chuong trinh con hien thi 8 so tren 8 led quet - co kiem tra 
.................... //xxxxxxxxxxxxxxxxxxxxxxxxxxxxxxxxxxxxxxxxxxxx 
.................... unsigned int8 led_7dq[8]={0xff,0xff,0xff,0xff,0xff,0xff,0xff,0xff}; 
.................... unsigned int8 tt8led=0; 
.................... void hien_thi_8led_7doan_quet() 
.................... {      
....................       for(tt8led=0;tt8led<8;tt8led++) 
....................          if (led_7dq[tt8led]!=0xff) 
....................          {            
....................             xuat_8led_7doan_quet_2(tt8led, led_7dq[tt8led]); 
....................             delay_us(100); 
....................             xuat_8led_7doan_quet_tat_led();            
....................             } 
.................... } 
.................... //ham 505 
.................... //xxxxxxxxxxxxxxxxxxxxxxxxxxxxxxxxxxxxxxxxxxxx 
.................... //chuong trinh con hien thi 8 so tren 8 led quet - khong kiem tra 
.................... //xxxxxxxxxxxxxxxxxxxxxxxxxxxxxxxxxxxxxxxxxxxx 
.................... void hien_thi_8led_7doan_quet_all() 
.................... {      
....................       for(tt8led=0;tt8led<8;tt8led++)          
....................          {            
....................             xuat_8led_7doan_quet_2(tt8led, led_7dq[tt8led]); 
....................             delay_us(100); 
....................             xuat_8led_7doan_quet_tat_led();            
....................             } 
.................... } 
....................  
.................... void delay_quet_8led(unsigned int16 dl) 
.................... {  
....................       unsigned int8 i; 
....................       for (i=0; i<dl;i++) 
....................       hien_thi_8led_7doan_quet_all(); 
.................... }  
....................  
.................... void giai_ma_gan_cho_8led_quet_16_xoa(unsigned int16 x) 
.................... {      
....................       led_7dq[0]= ma7doan [x %10];     
....................       led_7dq[1]= ma7doan [x/10%10]; 
....................       led_7dq[2]= ma7doan [x/100%10];     
....................       led_7dq[3]= ma7doan [x/1000%10]; 
....................       led_7dq[4]= ma7doan [x/10000%10]; 
....................       if (led_7dq[4]==maso0)  
....................       { 
....................             led_7dq[4]=0xff; 
....................             if (led_7dq[3]==maso0)  
....................             { 
....................                led_7dq[3]=0xff; 
....................                if (led_7dq[2]==maso0)  
....................                { 
....................                   led_7dq[2]=0xff; 
....................                   if (led_7dq[1]==maso0)  
....................                   { 
....................                      led_7dq[1]=0xff; 
....................                   } 
....................                } 
....................             } 
....................       } 
....................              
.................... } 
.................... //xxxxxxxxxxxxxxxxxxxxxxxxxxxxxxxxxxxxxxxxxxxx          
.................... void xuat_2byte(unsigned int16 byte2xuat) 
.................... { 
....................    int8 sbb; 
....................    unsigned int16   xx;   //short  bseri; 
....................    #bit bserix  = xx.15 
....................    xx = byte2xuat; 
....................    for (sbb=0;sbb<16;sbb++) 
....................       {                                                  
....................          output_bit(ssdo,bserix);     
....................          output_low(ssck);          
....................          output_high(ssck); 
....................          xx= xx<<1;          
....................      } 
.................... } 
.................... //xxxxxxxxxxxxxxxxxxxxxxxxxxxxxxxxxxxxxxxxxxxx 
.................... //chuong trinh con xuat ra led ma tran 
.................... //xxxxxxxxxxxxxxxxxxxxxxxxxxxxxxxxxxxxxxxxxxxx 
.................... void xuat_matranled(unsigned int16 mahang,unsigned int16 macot1, 
.................... unsigned int16 macot2,unsigned int16 macot3) 
.................... {       
....................       xuat_2byte(macot3); 
....................       xuat_2byte(macot2); 
....................       xuat_2byte(macot1); 
....................       xuat_2byte(mahang); 
....................        
....................       mo_led_matran; 
....................       mo_ic_74573_b_thong_dl(); 
....................        
....................       output_high(rck_matranled); output_low(rck_matranled);  
....................       chot_ic_74573_b_goi_du_lieu; 
.................... } 
.................... //xxxxxxxxxxxxxxxxxxxxxxxxxxxxxxxxxxxxxxxxxxxx 
.................... //chuong trinh con xuat ra led ma tran 
.................... //xxxxxxxxxxxxxxxxxxxxxxxxxxxxxxxxxxxxxxxxxxxx 
.................... void tat_matranled() 
.................... {       
....................       xuat_2byte(0); 
....................       xuat_2byte(0); 
....................       xuat_2byte(0); 
....................       xuat_2byte(0);            
....................       output_high(rck_matranled);  
....................       output_low(rck_matranled); 
.................... } 
.................... unsigned  int8 hieu_chinh_4bit_cao(unsigned int8 xzy) 
.................... { 
....................       int1  btg; 
....................       unsigned int8   bx;    
....................       #bit bit4  = bx.4 
....................       #bit bit5  = bx.5 
....................       #bit bit6  = bx.6 
....................       #bit bit7  = bx.7 
....................       bx=xzy; 
....................       btg=bit4;   bit4=bit7;  bit7=btg; 
....................       btg=bit5;   bit5=bit6;  bit6=btg;       
....................       return(bx);   
.................... } 
.................... //ham 601 
.................... //xxxxxxxxxxxxxxxxxxxxxxxxxxxxxxxxxxxxxxxxxxxxxxxxxxxx 
.................... //module dieu khien relay,triac, buzzer, dong co, sim 
.................... //xxxxxxxxxxxxxxxxxxxxxxxxxxxxxxxxxxxxxxxxxxxxxxxxxxxx 
.................... void xuat_buzzer_relay() 
.................... {      
....................    unsigned int8 rbdc1,rbdc2; 
....................       rbdc1=rbdc; rbdc2=rbdc>>8;       
....................       xuat_1byte(rbdc2);       
....................       xuat_1byte(rbdc1); 
....................       mo_relay_buzzer_dc; 
....................       mo_ic_74573_b_thong_dl(); 
....................        
....................       output_high(rck_buzerelay);   output_low(rck_buzerelay); 
....................       chot_ic_74573_b_goi_du_lieu; 
.................... } 
.................... //ham 602 
.................... //xxxxxxxxxxxxxxxxxxxxxxxxxxxxxxxxxxxxxxxxxxxxxxxxxxxx 
.................... void buzzer_on() 
.................... {     
....................       buzzer=1; 
....................       xuat_buzzer_relay();          
.................... } 
.................... //ham 603 
.................... //xxxxxxxxxxxxxxxxxxxxxxxxxxxxxxxxxxxxxxxxxxxxxxxxxxxx 
.................... void buzzer_off() 
.................... {      
....................       buzzer=0; 
....................       xuat_buzzer_relay(); 
.................... } 
.................... //ham 604 
.................... //xxxxxxxxxxxxxxxxxxxxxxxxxxxxxxxxxxxxxxxxxxxxxxxxxxxx 
.................... void relay_1_on() 
.................... {     
....................       relay_1=1; 
....................       xuat_buzzer_relay();          
.................... } 
.................... //ham 603 
.................... //xxxxxxxxxxxxxxxxxxxxxxxxxxxxxxxxxxxxxxxxxxxxxxxxxxxx 
.................... void relay_1_off() 
.................... {     
....................       relay_1=0; 
....................       xuat_buzzer_relay();          
.................... } 
.................... //ham 604 
.................... //xxxxxxxxxxxxxxxxxxxxxxxxxxxxxxxxxxxxxxxxxxxxxxxxxxxx 
.................... void relay_2_on() 
.................... {     
....................       relay_2=1; 
....................       xuat_buzzer_relay();          
.................... } 
.................... //ham 607 
.................... //xxxxxxxxxxxxxxxxxxxxxxxxxxxxxxxxxxxxxxxxxxxxxxxxxxxx 
.................... void relay_2_off() 
.................... {     
....................       relay_2=0; 
....................       xuat_buzzer_relay();          
.................... } 
.................... //ham 608 
.................... //xxxxxxxxxxxxxxxxxxxxxxxxxxxxxxxxxxxxxxxxxxxxxxxxxxxx 
.................... void relay_1_relay_2_on() 
.................... {     
....................       relay_1=1;  relay_2=1; 
....................       xuat_buzzer_relay();          
.................... } 
.................... //ham 609 
.................... //xxxxxxxxxxxxxxxxxxxxxxxxxxxxxxxxxxxxxxxxxxxxxxxxxxxx 
.................... void relay_1_relay_2_off() 
.................... {     
....................       relay_1=0;  relay_2=0; 
....................       xuat_buzzer_relay();          
.................... } 
.................... //ham 610 
.................... //xxxxxxxxxxxxxxxxxxxxxxxxxxxxxxxxxxxxxxxxxxxxxxxxxxxx 
.................... void triac_1_on() 
.................... {     
....................       triac_1=1; 
....................       xuat_buzzer_relay();          
.................... } 
.................... //ham 611 
.................... //xxxxxxxxxxxxxxxxxxxxxxxxxxxxxxxxxxxxxxxxxxxxxxxxxxxx 
.................... void triac_1_off() 
.................... {     
....................       triac_1=0; 
....................       xuat_buzzer_relay();          
.................... } 
.................... //ham 612 
.................... //xxxxxxxxxxxxxxxxxxxxxxxxxxxxxxxxxxxxxxxxxxxxxxxxxxxx 
.................... void triac_2_on() 
.................... {     
....................       triac_2=1; 
....................       xuat_buzzer_relay();          
.................... } 
.................... //ham 613 
.................... //xxxxxxxxxxxxxxxxxxxxxxxxxxxxxxxxxxxxxxxxxxxxxxxxxxxx 
.................... void triac_2_off() 
.................... {     
....................       triac_2=0; 
....................       xuat_buzzer_relay();          
.................... } 
.................... //xxxxxxxxxxxxxxxxxxxxxxxxxxxxxxxxxxxxxxxxxxxx 
....................  
....................  
....................  
.................... #include "TV_PICKIT2_SHIFT_KEY4X4_138.c" 
.................... const unsigned char maquetkey[4]= {0x3f,0x7f,0xbf,0xff}; 
.................... unsigned int8  mpt1=0,mpt2=0;   
.................... unsigned int key_nhan() 
.................... {     signed int8 maphim,hang,cot; 
....................       maphim=hang=0xff; 
....................       for(cot=0;cot<4;cot++) 
....................             {    
....................                output_b(maquetkey[cot]); 
....................                if         (!input(pin_b2))      {hang=3;   break;} 
....................                else    if (!input(pin_b3))      {hang=2;   break;} 
....................                else    if (!input(pin_b4))      {hang=1;   break;} 
....................                else    if (!input(pin_b5))      {hang=0;   break;} 
....................             }           
....................          if (hang!=0xff)   maphim   = cot*4 + hang; 
....................          return(maphim); 
.................... } 
.................... unsigned int key_4x4_dw() 
.................... {      
....................       mpt1=key_nhan();          
....................       if (mpt1!=0xff)    
....................       {  delay_ms(1);   
....................          mpt1=key_nhan(); 
....................          do{mpt2=key_nhan();} 
....................          while (mpt2==mpt1); 
....................       }              
....................       return(mpt1); 
.................... } 
....................  
.................... unsigned int key_4x4_up() 
.................... {             
....................       mpt1=key_nhan(); 
....................       if (mpt1!=0xff)    
....................       {   
....................          if (mpt1!=mpt2) 
....................             { 
....................                mpt2=mpt1; 
....................                return(mpt1);  //phim moi 
....................             } 
....................          else 
....................          { 
....................             delay_ms(1); 
....................             mpt1=key_nhan(); 
....................             do 
....................             { 
....................                mpt2=key_nhan(); 
....................                } 
....................             while (mpt2!=mpt1); 
.................... 			mpt2=mpt1; 
....................             return(mpt1);     //thoat vi trung ma phim da nhan 
....................                            
....................          } 
....................       }   
....................       else  
....................       { 
.................... 		   mpt2=mpt1; 
....................          return(mpt1);  //thoat vi khong nhan 
....................           
....................       }       
.................... } 
....................  
....................  
....................  
.................... #include "TV_PICKIT2_SHIFT_32LED_DON.c" 
.................... unsigned int32    y=0,yp_chay=1,yt_chay=0x80000000,y_codinh=0; 
.................... unsigned int16 zt,zt_chay_t=0x8000,zt_chay_p=1,zt_codinh=0; 
.................... unsigned int16 zp,zp_chay_t=0x8000,zp_chay_p=1,zp_codinh=0; 
....................  
.................... unsigned int16 tgdlay=0; 
.................... unsigned int8 dem_led=0;  
.................... signed i32=32,j32=0,ttct_td=1,i16=16,j16=0; 
....................  
.................... unsigned int32    za=1,ya=1,xa=0xfffffffe,zb=0x80000000,yb=0x80000000,xb=0x7fffffff;    
.................... signed ia=1,ja=1;   
.................... void reset_toan_bo_bien() 
.................... {  
....................       ttct_td++;     //chuyen chuong trinh cho tu dong 
....................       y=0;      yp_chay=1;      yt_chay=0x80000000;      y_codinh=0; 
....................       zt_chay_t=0x8000;    zt_chay_p=1;   zt_codinh=0; 
....................       zp_chay_t=0x8000;    zp_chay_p=1;   zp_codinh=0; 
....................       zt=zp=0; 
....................       i32=32;j32=0;i16=16,j16=0; 
....................       dem_led=0; 
....................        
....................       za=1;    ya=1;    xa=0xfffffffe;     ia=1;    ja=1; 
....................      zb=0x80000000;    yb=0x80000000;    xb=0x7fffffff; 
....................      tgdlay = 0; 
.................... }  
....................  
.................... void tang_dem_led_delay_1(unsigned int8 dl) 
.................... {  
....................       unsigned int8 i; 
....................       for (i=0; i<dl;i++) 
....................       hien_thi_8led_7doan_quet_all(); 
....................       dem_led++; 
.................... }  
....................  
.................... void tang_dem_led_delay_0(unsigned int8 dl) 
.................... {  
....................       if (dl>0)      delay_ms(dl);  
....................       dem_led++; 
.................... }  
....................  
.................... void delay_chon(unsigned int8 dl,chondelay) 
.................... {     
....................    if (!chondelay)   tang_dem_led_delay_0(dl); 
....................    else              tang_dem_led_delay_1(dl); 
.................... } 
.................... //xxxxxxxxxxxxxxxxxxxxxxxxxxxxxxxxxxxxxxxxxxxx 
.................... //32 led: sang don  phai sang trai 
.................... //xxxxxxxxxxxxxxxxxxxxxxxxxxxxxxxxxxxxxxxxxxxx 
.................... void diem_sang_dich_trai_mat_dan_32led(unsigned int8 dl,chondelay) 
.................... {        
....................    if(ia<33) 
....................    { 
....................       if(ja>0) 
....................       { 
....................          zb = (zb << 1); 
....................          y = xb|zb;         
....................          xuat_32led_don_1dw(y); 
....................          delay_chon(dl,chondelay); 
....................          ja--; 
....................       } 
....................       else  
....................       { 
....................          ia++; 
....................          ja=ia;       
....................          yb = yb>>1; 
....................          xb = xb>>1; 
....................          zb = yb; 
....................       } 
....................    } 
....................    else reset_toan_bo_bien(); 
.................... }   
.................... //xxxxxxxxxxxxxxxxxxxxxxxxxxxxxxxxxxxxxxxxxxxx 
.................... //32 led: sang don  trai sang phai 
.................... //xxxxxxxxxxxxxxxxxxxxxxxxxxxxxxxxxxxxxxxxxxxx 
.................... void diem_sang_dich_phai_mat_dan_32led(unsigned int8 dl,chondelay) 
.................... {        
....................    if(ia<33) 
....................    { 
....................       if(ja>0) 
....................       { 
....................          za = (za >> 1); 
....................          y = xa|za;         
....................          xuat_32led_don_1dw(y); 
....................          delay_chon(dl,chondelay); 
....................          ja--; 
....................       } 
....................       else  
....................       { 
....................          ia++; 
....................          ja=ia;       
....................          ya = ya<<1; 
....................          xa = xa <<1; 
....................          za = ya; 
....................       } 
....................    } 
....................    else reset_toan_bo_bien(); 
.................... }   
.................... //xxxxxxxxxxxxxxxxxxxxxxxxxxxxxxxxxxxxxxxxxxxx 
.................... //32 led: chop tat  
.................... //xxxxxxxxxxxxxxxxxxxxxxxxxxxxxxxxxxxxxxxxxxxx 
.................... void dao_dl_32bit_va_xuat() 
.................... { 
....................    y=~y; 
....................    xuat_32led_don_1dw(y);  
.................... } 
.................... void sang_tat_32led(unsigned int8 dl,chondelay) 
.................... {         
....................       if (tgdlay==1)          xuat_32led_don_1dw(y);  
....................       else if (tgdlay==50)    dao_dl_32bit_va_xuat(); 
....................       else if (tgdlay==100)   dao_dl_32bit_va_xuat();           
....................       else if (tgdlay==150)   dao_dl_32bit_va_xuat();                  
....................       else if (tgdlay==200)   
....................       { 
.................... //!         ttct_td++;   y=0;        tgdlay=0; 
....................             reset_toan_bo_bien(); 
....................       } 
....................       tgdlay++; 
....................       delay_chon(dl,chondelay); 
.................... } 
.................... //xxxxxxxxxxxxxxxxxxxxxxxxxxxxxxxxxxxxxxxxxxxx 
.................... //32 led: sang dan roi tat dan tu ngoai vao 
.................... //xxxxxxxxxxxxxxxxxxxxxxxxxxxxxxxxxxxxxxxxxxxx 
.................... void sang_tat_dan_ngoai_vao_32led(unsigned int8 dl,chondelay) 
.................... {   
....................    if (dem_led<16) 
....................    {   
....................       xuat_32led_don_2word(zp,zt);         
....................       zp= (zp<<1)+1;  
....................       zt= (zt>>1)+0x8000; 
....................       delay_chon(dl,chondelay); 
....................    } 
....................    else  if (dem_led<32) 
....................    {   
....................       xuat_32led_don_2word(zp,zt); 
....................       zp= (zp<<1);  
....................       zt= (zt>>1); 
....................       delay_chon(dl,chondelay); 
....................    } 
....................    else reset_toan_bo_bien(); 
....................  
.................... }    
.................... //xxxxxxxxxxxxxxxxxxxxxxxxxxxxxxxxxxxxxxxxxxxx 
.................... //32 led: sang dan roi tat dan tu trong ra 
.................... //xxxxxxxxxxxxxxxxxxxxxxxxxxxxxxxxxxxxxxxxxxxx 
.................... void sang_tat_dan_trong_ra_32led(unsigned int8 dl,chondelay) 
.................... {   
....................    if (dem_led<16) 
....................    {    
....................       xuat_32led_don_2word(zp,zt);  
....................       zp= (zp>>1)+0x8000;  
....................       zt= (zt<<1)+1; 
....................       delay_chon(dl,chondelay); 
....................    } 
....................    else  if (dem_led<32) 
....................    {   
....................       xuat_32led_don_2word(zp,zt); 
....................       zp= (zp>>1);  
....................       zt= (zt<<1); 
....................       delay_chon(dl,chondelay); 
....................     } 
....................    else reset_toan_bo_bien(); 
....................          
.................... }    
.................... //xxxxxxxxxxxxxxxxxxxxxxxxxxxxxxxxxxxxxxxxxxxx 
.................... //32 led: 2nhom 16 led sang dan roi tat dan tu phai sang trai 
.................... //xxxxxxxxxxxxxxxxxxxxxxxxxxxxxxxxxxxxxxxxxxxx 
.................... void sang_tat_dan_phai_sang_trai_2x16led(unsigned int8 dl,chondelay) 
.................... {   
....................    if (dem_led<16) 
....................    {    
....................       xuat_32led_don_2word(zp,zp); 
....................       zp= (zp>>1)+0x8000; 
....................       delay_chon(dl,chondelay); 
....................    } 
....................    else  if (dem_led<32) 
....................    {   
....................       xuat_32led_don_2word(zp,zp); 
....................       zp= (zp>>1); 
....................       delay_chon(dl,chondelay); 
....................     } 
....................    else reset_toan_bo_bien(); 
....................        
.................... }    
.................... //xxxxxxxxxxxxxxxxxxxxxxxxxxxxxxxxxxxxxxxxxxxx 
.................... //32 led: 2nhom 16 led sang dan roi tat dan tu trai sang phai 
.................... //xxxxxxxxxxxxxxxxxxxxxxxxxxxxxxxxxxxxxxxxxxxx 
.................... void sang_tat_dan_trai_sang_phai_2x16led(unsigned int8 dl,chondelay) 
.................... {   
....................    if (dem_led<16) 
....................    {    
....................       xuat_32led_don_2word(zt,zt);   
....................       zt= (zt<<1)+1; 
....................       delay_chon(dl,chondelay); 
....................    } 
....................    else  if (dem_led<32) 
....................    {   
....................       xuat_32led_don_2word(zt,zt); 
....................       zt= (zt<<1); 
....................       delay_chon(dl,chondelay); 
....................     } 
....................    else reset_toan_bo_bien(); 
....................          
.................... }    
.................... //xxxxxxxxxxxxxxxxxxxxxxxxxxxxxxxxxxxxxxxxxxxx 
.................... //32 led: sang dan roi tat dan tu phai sang trai 
.................... //xxxxxxxxxxxxxxxxxxxxxxxxxxxxxxxxxxxxxxxxxxxx 
.................... void sang_tat_dan_pst_32led(unsigned int8 dl,chondelay) 
.................... {         
....................    if (dem_led<32) 
....................    {   
....................       xuat_32led_don_1dw(y); 
....................       y= (y<<1)+1; 
....................       delay_chon(dl,chondelay); 
....................    } 
....................    else  if (dem_led<64) 
....................    {   
....................       xuat_32led_don_1dw(y);    
....................       y= (y<<1);  
....................       delay_chon(dl,chondelay); 
....................    }  
....................    else reset_toan_bo_bien(); 
....................  
.................... }     
.................... //xxxxxxxxxxxxxxxxxxxxxxxxxxxxxxxxxxxxxxxxxxxx 
.................... //32 led: sang dan roi tat dan tu trai sang phai 
.................... //xxxxxxxxxxxxxxxxxxxxxxxxxxxxxxxxxxxxxxxxxxxx 
.................... void sang_tat_dan_tsp_32led(unsigned int8 dl,chondelay) 
.................... {            
....................       if (dem_led<32) 
....................       {   
....................          xuat_32led_don_1dw(y); 
....................          y= (y>>1)+0x80000000;  
....................          delay_chon(dl,chondelay);       
....................       } 
....................       else 
....................       if (dem_led<64) 
....................       {   
....................          xuat_32led_don_1dw(y);  
....................          y= (y>>1); 
....................          delay_chon(dl,chondelay); 
....................       }  
....................       else reset_toan_bo_bien(); 
....................      
.................... }          
.................... //xxxxxxxxxxxxxxxxxxxxxxxxxxxxxxxxxxxxxxxxxxxx 
.................... //32 led: diem sang di chueyn tu phai sang trai 
.................... //xxxxxxxxxxxxxxxxxxxxxxxxxxxxxxxxxxxxxxxxxxxx 
.................... void diem_sang_di_chuyen_pst_32led(unsigned int8 dl,chondelay) 
.................... {         
....................    if (dem_led==0) 
....................    {   
....................       y=1; 
....................       xuat_32led_don_1dw(y); 
....................       y= (y<<1); 
....................       delay_chon(dl,chondelay); 
....................    } 
....................    else  if (dem_led<33) 
....................    {   
....................       xuat_32led_don_1dw(y);    
....................       y= (y<<1);  
....................       delay_chon(dl,chondelay); 
....................    }  
....................    else  reset_toan_bo_bien(); 
.................... }     
....................  
.................... //xxxxxxxxxxxxxxxxxxxxxxxxxxxxxxxxxxxxxxxxxxxx 
.................... //32 led: diem sang di chueyn tu trai sang phai 
.................... //xxxxxxxxxxxxxxxxxxxxxxxxxxxxxxxxxxxxxxxxxxxx 
.................... void diem_sang_di_chuyen_tsp_32led(unsigned int8 dl,chondelay) 
.................... {         
....................    if (dem_led==0) 
....................    {   
....................       y=0x80000000; 
....................       xuat_32led_don_1dw(y); 
....................       y= (y>>1); 
....................       delay_chon(dl,chondelay); 
....................    } 
....................    else  if (dem_led<33) 
....................    {   
....................       xuat_32led_don_1dw(y);    
....................       y= (y>>1);  
....................       delay_chon(dl,chondelay); 
....................    }  
....................    else reset_toan_bo_bien(); 
....................  
.................... }  
.................... //xxxxxxxxxxxxxxxxxxxxxxxxxxxxxxxxxxxxxxxxxxxx 
.................... //32 led: sang don  phai sang trai 
.................... //xxxxxxxxxxxxxxxxxxxxxxxxxxxxxxxxxxxxxxxxxxxx 
.................... void sang_don_pst_32led(unsigned int8 dl,chondelay) 
.................... {        
....................    if(i32>0) 
....................    { 
....................       if(j32<i32) 
....................       { 
....................          y = y_codinh|yp_chay; 
....................          xuat_32led_don_1dw(y); 
....................          delay_chon(dl,chondelay);        
....................          yp_chay = yp_chay <<1; 
....................          j32++; 
....................       } 
....................       if (j32==i32)  
....................       { 
....................          i32--; 
....................          j32=0;          
....................          y_codinh=y; 
....................          yp_chay = 1; 
....................       } 
....................    } 
....................    else reset_toan_bo_bien(); 
.................... }    
.................... //xxxxxxxxxxxxxxxxxxxxxxxxxxxxxxxxxxxxxxxxxxxx 
.................... //32 led: sang don  phai sang trai 
.................... //xxxxxxxxxxxxxxxxxxxxxxxxxxxxxxxxxxxxxxxxxxxx 
.................... void sang_don_tsp_32led(unsigned int8 dl,chondelay) 
.................... {        
....................    if(i32>0) 
....................    { 
....................       if(j32<i32) 
....................       { 
....................          y = y_codinh|yt_chay; 
....................          xuat_32led_don_1dw(y); 
....................          delay_chon(dl,chondelay); 
....................          yt_chay = yt_chay >>1; 
....................          j32++; 
....................       } 
....................       if (j32==i32)  
....................       { 
....................          i32--; 
....................          j32=0;          
....................          y_codinh=y; 
....................          yt_chay = 0x80000000; 
....................       } 
....................    } 
....................    else reset_toan_bo_bien(); 
....................  
.................... }   
.................... //xxxxxxxxxxxxxxxxxxxxxxxxxxxxxxxxxxxxxxxxxxxx 
.................... //32 led: sang don  tu ngoai vao 
.................... //xxxxxxxxxxxxxxxxxxxxxxxxxxxxxxxxxxxxxxxxxxxx 
.................... void sang_don_tnt_32led(unsigned int8 dl,chondelay) 
.................... {        
....................    if(i16>0) 
....................    { 
....................       if(j16<i16) 
....................       { 
....................          zp = zp_codinh|zp_chay_p; 
....................          zt = zt_codinh|zt_chay_t; 
....................          xuat_32led_don_2word(zt,zp); 
....................          delay_chon(dl,chondelay); 
....................  
....................          zp_chay_p = zp_chay_p <<1;          
....................          zt_chay_t = zt_chay_t >>1; 
....................          j16++; 
....................       } 
....................       if (j16==i16)  
....................       { 
....................          i16--; 
....................          j16=0;          
....................          zt_codinh=zt;  zp_codinh=zp;          
....................          zp_chay_p = 1;   zt_chay_t = 0x8000; 
....................       } 
....................    } 
....................    else reset_toan_bo_bien(); 
....................  
.................... }    
....................  
.................... //xxxxxxxxxxxxxxxxxxxxxxxxxxxxxxxxxxxxxxxxxxxx 
.................... //32 led: sang don  tu ngoai vao 
.................... //xxxxxxxxxxxxxxxxxxxxxxxxxxxxxxxxxxxxxxxxxxxx 
.................... void sang_don_ttr_32led(unsigned int8 dl,chondelay) 
.................... {        
....................    if(i16>0) 
....................    { 
....................       if(j16<i16) 
....................       { 
....................          zp = zp_codinh|zp_chay_t; 
....................          zt = zt_codinh|zt_chay_p; 
....................          xuat_32led_don_2word(zt,zp); 
....................          delay_chon(dl,chondelay); 
....................          zp_chay_t = zp_chay_t >>1;          
....................          zt_chay_p = zt_chay_p <<1; 
....................          j16++; 
....................       } 
....................       if (j16==i16)  
....................       { 
....................          i16--; 
....................          j16=0;          
....................          zt_codinh=zt;   
....................          zp_codinh=zp; 
....................          zp_chay_t = 0x8000;   zt_chay_p = 1; 
....................       } 
....................    } 
....................    else reset_toan_bo_bien(); 
.................... }    
....................  
.................... #include "18F4550.h" 
.................... //////////// Standard Header file for the PIC18F4550 device //////////////// 
.................... /////////////////////////////////////////////////////////////////////////// 
.................... ////        (C) Copyright 1996, 2014 Custom Computer Services          //// 
.................... //// This source code may only be used by licensed users of the CCS C  //// 
.................... //// compiler.  This source code may only be distributed to other      //// 
.................... //// licensed users of the CCS C compiler.  No other use, reproduction //// 
.................... //// or distribution is permitted without written permission.          //// 
.................... //// Derivative programs created using this software in object code    //// 
.................... //// form are not restricted in any way.                               //// 
.................... /////////////////////////////////////////////////////////////////////////// 
.................... #device PIC18F4550 
....................  
.................... #list 
....................  
....................  
.................... int dem = 0; 
....................  
....................  
.................... void main() 
0102:  CLRF   FF8
0104:  BCF    FD0.7
0106:  BSF    F93.1
0108:  BSF    F93.0
010A:  MOVLW  31
010C:  MOVWF  FC8
010E:  MOVLW  28
0110:  MOVWF  FC6
0112:  BSF    FC7.7
0114:  BCF    FC7.6
0116:  CLRF   06
0118:  CLRF   0D
011A:  CLRF   0E
011C:  CLRF   0F
011E:  CLRF   10
0120:  CLRF   19
0122:  CLRF   1A
0124:  CLRF   1B
0126:  CLRF   1F
0128:  CLRF   1E
012A:  CLRF   1D
012C:  CLRF   1C
012E:  CLRF   23
0130:  CLRF   22
0132:  CLRF   21
0134:  MOVLW  01
0136:  MOVWF  20
0138:  MOVLW  80
013A:  MOVWF  27
013C:  CLRF   26
013E:  CLRF   25
0140:  CLRF   24
0142:  CLRF   2B
0144:  CLRF   2A
0146:  CLRF   29
0148:  CLRF   28
014A:  MOVWF  2F
014C:  CLRF   2E
014E:  CLRF   31
0150:  MOVLW  01
0152:  MOVWF  30
0154:  CLRF   33
0156:  CLRF   32
0158:  MOVLW  80
015A:  MOVWF  37
015C:  CLRF   36
015E:  CLRF   39
0160:  MOVLW  01
0162:  MOVWF  38
0164:  CLRF   3B
0166:  CLRF   3A
0168:  CLRF   3D
016A:  CLRF   3C
016C:  CLRF   3E
016E:  MOVLW  20
0170:  MOVWF  3F
0172:  CLRF   40
0174:  MOVLW  01
0176:  MOVWF  41
0178:  MOVLW  10
017A:  MOVWF  42
017C:  CLRF   43
017E:  CLRF   47
0180:  CLRF   46
0182:  CLRF   45
0184:  MOVLW  01
0186:  MOVWF  44
0188:  CLRF   4B
018A:  CLRF   4A
018C:  CLRF   49
018E:  MOVWF  48
0190:  SETF   4F
0192:  SETF   4E
0194:  SETF   4D
0196:  MOVLW  FE
0198:  MOVWF  4C
019A:  MOVLW  80
019C:  MOVWF  53
019E:  CLRF   52
01A0:  CLRF   51
01A2:  CLRF   50
01A4:  MOVWF  57
01A6:  CLRF   56
01A8:  CLRF   55
01AA:  CLRF   54
01AC:  MOVLW  7F
01AE:  MOVWF  5B
01B0:  SETF   5A
01B2:  SETF   59
01B4:  SETF   58
01B6:  MOVLW  01
01B8:  MOVWF  5C
01BA:  MOVWF  5D
01BC:  CLRF   5E
01BE:  MOVF   FC1,W
01C0:  ANDLW  C0
01C2:  IORLW  0F
01C4:  MOVWF  FC1
01C6:  MOVLW  07
01C8:  MOVWF  FB4
01CA:  SETF   11
01CC:  SETF   12
01CE:  SETF   13
01D0:  SETF   14
01D2:  SETF   15
01D4:  SETF   16
01D6:  SETF   17
01D8:  SETF   18
.................... { 
....................    set_up_port_ic_chot(); 
01DA:  BRA    0024
....................    setup_timer_0(T0_EXT_L_TO_H|T0_DIV_1|T0_8_BIT); 
01DC:  MOVLW  E8
01DE:  MOVWF  FD5
....................    set_timer0(0); 
01E0:  CLRF   FD7
01E2:  CLRF   FD6
....................    xuat_4led_7doan_4so(0xff,0xff,0xff,0xff); 
01E4:  SETF   x65
01E6:  SETF   x66
01E8:  SETF   x67
01EA:  SETF   x68
01EC:  RCALL  009C
....................    while(TRUE) 
....................    { 
....................       dem = get_timer0(); 
01EE:  MOVF   FD6,W
01F0:  MOVWF  5E
....................       xuat_4led_7doan_3so(ma7doan[dem/100],ma7doan[dem/10%10],ma7doan[dem%10]); 
01F2:  MOVFF  5E,61
01F6:  MOVLW  64
01F8:  MOVWF  x62
01FA:  RCALL  00C6
01FC:  CLRF   03
01FE:  MOVF   01,W
0200:  RCALL  0004
0202:  MOVWF  5F
0204:  MOVFF  5E,61
0208:  MOVLW  0A
020A:  MOVWF  x62
020C:  RCALL  00C6
020E:  MOVFF  01,61
0212:  MOVLW  0A
0214:  MOVWF  x62
0216:  RCALL  00C6
0218:  CLRF   03
021A:  MOVF   00,W
021C:  RCALL  0004
021E:  MOVWF  x60
0220:  MOVFF  5E,61
0224:  MOVLW  0A
0226:  MOVWF  x62
0228:  RCALL  00C6
022A:  CLRF   03
022C:  MOVF   00,W
022E:  RCALL  0004
0230:  MOVWF  x61
0232:  MOVFF  5F,62
0236:  MOVFF  60,63
023A:  MOVWF  x64
023C:  BRA    00EE
....................       if(dem>101) set_timer0(1); 
023E:  MOVF   5E,W
0240:  SUBLW  65
0242:  BC    024A
0244:  CLRF   FD7
0246:  MOVLW  01
0248:  MOVWF  FD6
024A:  BRA    01EE
....................        
....................    } 
.................... } 
....................  
024C:  SLEEP 

Configuration Fuses:
   Word  1: CC27   PLL12 CPUDIV1 USBDIV HS FCMEN IESO
   Word  2: 1E3E   PUT BROWNOUT BORV21 VREGEN NOWDT WDT32768
   Word  3: 8700   CCP2C1 PBADEN LPT1OSC MCLR
   Word  4: 00A1   STVREN NOLVP ICSP2 NOXINST NODEBUG
   Word  5: C00F   NOPROTECT NOCPB NOCPD
   Word  6: E00F   NOWRT NOWRTC NOWRTB NOWRTD
   Word  7: 400F   NOEBTR NOEBTRB
