
ROM used:   652/32768 (2%)
            652/32768 (2%) including unused fragments

            0.4 Average locations per line
            2.3 Average locations per statement

RAM used:   32/2048 (2%) at main() level
            50/2048 (2%) worst case

Stack used: 0 worst case (0 in main + 0 for interrupts)
Stack size: 31

Lines Stmts  %   Files
----- ----- ---  -----
   58    39  14  BT310.c
  703   244  86  TV_PICKIT2_SHIFT_1.c
  852     0   0  ..\..\..\..\MPLABX\PICC\Devices\18F4550.H
  168     0   0  ..\..\..\..\MPLABX\PICC\Drivers\stdint.h
----- -----
 1781   283 Total

Page ROM  %  RAM    Vol Diff  Functions:
---- --- --- ---    --- ----  ----------
0     38   3    1             @delay_ms1
0     42   3    3    271  4.3  XUAT_1BYTE
0     44   3    4    231  2.3  XUAT_32LED_DON_4BYTE
0     36   3    8    245  3.1  XUAT_32LED_DON_2WORD
0     30   2    0    152  1.8  SET_UP_PORT_IC_CHOT
0     48   4    0    119  1.7  MO_IC_74573_A_THONG_DL
0    326  25    3   1124  5.4  left_to_right_reserver
0     84   6    0     98  2.5  MAIN
 Inline         0             @cinit1

Program metrics:
    Functions               7
    Statements              283
    Comments                359
    Volume (V)              3243
    Difficulty (D)          21.2
    Effort to implement (E) 68631
    Time to implement (T)   1 hours, 4 minutes
    Est Delivered Bugs (B)  1
    Cyclomatic Complexity   6
    Maintainability (MI)    29

 Segment     Used  Free
-----------  ----  ----
00000-00002     4  0  
00004-07FFE   648  32116  



