
ROM used:   1872/32768 (6%)
            1872/32768 (6%) including unused fragments

            0.3 Average locations per line
            1.4 Average locations per statement

RAM used:   1139/2048 (56%) at main() level
            1159/2048 (57%) worst case

Stack used: 7 worst case (7 in main + 0 for interrupts)
Stack size: 31

Lines Stmts  %   Files
----- ----- ---  -----
  182   113   9  802.c
  703   247  19  TV_PICKIT2_SHIFT_1.c
  837     0   0  ..\..\..\TT - VDK - HK 1 - 20-21\1 - PHAN MEM\PICC\Devices\18f4550.h
   62    50   4  TV_PICKIT2_SHIFT_KEY4X4_138.c
  395   247  19  TV_PICKIT2_SHIFT_32LED_DON.c
  101    25   2  TV_PICKIT2_SHIFT_LCD.c
  276    88   7  TV_PICKIT2_SHIFT_GLCD128X64.c
   36    17   1  TV_PICKIT2_SHIFT_DS18B20.c
  230    54   4  ..\..\..\TT - VDK - HK 1 - 20-21\1 - PHAN MEM\PICC\Drivers\touch.c
   88    62   5  TV_PICKIT2_SHIFT_DS1307_I2C.c
 2229   257  19  ..\..\..\TT - VDK - HK 1 - 20-21\1 - PHAN MEM\PICC\Drivers\math.h
  540   163  12  ..\..\..\TT - VDK - HK 1 - 20-21\1 - PHAN MEM\PICC\Drivers\graphics.c
----- -----
 5679  1323 Total

Page ROM  %  RAM   Vol Diff  Functions:
---- --- --- ---   --- ----  ----------
0     40   1    1             @delay_ms1
0    106   3    3             @I2C_READ_1
0    118   3    1             @I2C_WRITE_1
0     46   1    3   271  4.3  xuat_1byte
0     44   1    4   231  2.3  xuat_32led_don_4byte
0     30   1    0   152  1.8  set_up_port_ic_chot
0     46   1    0   119  1.7  mo_ic_74573_a_thong_dl
0     44   1    0   172  1.8  xuat_glcd_lcd
0     20   1    2    80  2.7  xuat_lcd20x4
0     26   1    1   102  2.1  lcd_xuat_8bit
0     22   1    1    61  1.6  lcd_command
0     22   1    1    61  1.6  lcd_data
0     92   2    0   245  1.8  setup_lcd
0     42   1    0   174  1.8  thiet_lap_thoi_gian_hien_tai
0    144   4    0   253  1.4  nap_thoi_gian_htai_vao_ds13b07
0    226   6    0   351  1.9  doc_thoi_gian_tu_realtime
0    292   8    1   750  2.8  hien_thi_thoi_gian_ds13b07
0     26   1    1    42  1.4  dispMode
0     50   1    0   202  4.4  phim_mode
0     32   1    0   691  7.1  phim_up
0     32   1    0   691  7.1  phim_dw
0    326   9    0   607  5.1  MAIN
0      8   0    0   691  7.1  @const1255
0     34   1    2   461  3.7  @PSTRINGC_906
 Inline         0             @cinit1

Program metrics:
    Functions               21
    Statements              1323
    Comments                1064
    Volume (V)              11389
    Difficulty (D)          65.5
    Effort to implement (E) 746313
    Time to implement (T)   11 hours, 31 minutes
    Est Delivered Bugs (B)  3
    Cyclomatic Complexity   36
    Maintainability (MI)    21

 Segment     Used  Free
-----------  ----  ----
00000-00002     4  0  
00004-07FFE  1868  30896  



