
ROM used:   462/32768 (1%)
            462/32768 (1%) including unused fragments

            0.3 Average locations per line
            1.8 Average locations per statement

RAM used:   31/2048 (2%) at main() level
            51/2048 (2%) worst case

Stack used: 0 worst case (0 in main + 0 for interrupts)
Stack size: 31

Lines Stmts  %   Files
----- ----- ---  -----
   29    16   6  BT311.c
  703   244  94  TV_PICKIT2_SHIFT_1.c
  852     0   0  ..\..\..\..\MPLABX\PICC\Devices\18F4550.H
  168     0   0  ..\..\..\..\MPLABX\PICC\Drivers\stdint.h
----- -----
 1752   260 Total

Page ROM  %  RAM    Vol Diff  Functions:
---- --- --- ---    --- ----  ----------
0     40   4    1             @delay_ms1
0     42   5    3    271  4.3  XUAT_1BYTE
0     44   5    4    231  2.3  XUAT_32LED_DON_4BYTE
0     38   4    8    245  3.1  XUAT_32LED_DON_2WORD
0     30   3    0    152  1.8  SET_UP_PORT_IC_CHOT
0     48   5    0    119  1.7  MO_IC_74573_A_THONG_DL
0    132  14    5    281  6.4  left_to_right_reserver
0     84   9    0     78  2.3  MAIN
 Inline         0             @cinit1

Program metrics:
    Functions               7
    Statements              260
    Comments                358
    Volume (V)              2158
    Difficulty (D)          22.0
    Effort to implement (E) 47543
    Time to implement (T)   44 minutes
    Est Delivered Bugs (B)  0
    Cyclomatic Complexity   3
    Maintainability (MI)    33

 Segment     Used  Free
-----------  ----  ----
00000-00002     4  0  
00004-07FFE   458  32306  



