CCS PCH C Compiler, Version 5.078, 43599               19-Oct-20 15:35

               Filename:   D:\Document\TTVXL\TH_VDK_PIC_N1_SANG_THU_2\WEEK4\421\421.lst

               ROM used:   2340 bytes (7%)
                           Largest free fragment is 30428
               RAM used:   98 (5%) at main() level
                           123 (6%) worst case
               Stack used: 6 locations
               Stack size: 31

*
0000:  GOTO   0708
.................... #include "TV_PICKIT2_SHIFT_1.c" 
.................... #include    <18f4550.h> 
.................... //////////// Standard Header file for the PIC18F4550 device //////////////// 
.................... /////////////////////////////////////////////////////////////////////////// 
.................... ////        (C) Copyright 1996, 2014 Custom Computer Services          //// 
.................... //// This source code may only be used by licensed users of the CCS C  //// 
.................... //// compiler.  This source code may only be distributed to other      //// 
.................... //// licensed users of the CCS C compiler.  No other use, reproduction //// 
.................... //// or distribution is permitted without written permission.          //// 
.................... //// Derivative programs created using this software in object code    //// 
.................... //// form are not restricted in any way.                               //// 
.................... /////////////////////////////////////////////////////////////////////////// 
.................... #device PIC18F4550 
0004:  CLRF   FF7
0006:  ADDLW  14
0008:  MOVWF  FF6
000A:  MOVLW  00
000C:  ADDWFC FF7,F
000E:  TBLRD*+
0010:  MOVF   FF5,W
0012:  RETURN 0
0014:  DATA C0,F9
0016:  DATA A4,B0
0018:  DATA 99,92
001A:  DATA 82,F8
001C:  DATA 80,90
001E:  DATA 88,83
0020:  DATA C6,A1
0022:  DATA 86,8E
0024:  CLRF   FF7
0026:  ADDLW  34
0028:  MOVWF  FF6
002A:  MOVLW  00
002C:  ADDWFC FF7,F
002E:  TBLRD*+
0030:  MOVF   FF5,W
0032:  RETURN 0
0034:  DATA 7F,BF
0036:  DATA DF,EF
0038:  DATA F7,FB
003A:  DATA FD,FE
*
014C:  CLRF   01
014E:  CLRF   02
0150:  CLRF   00
0152:  CLRF   03
0154:  MOVF   x69,W
0156:  BNZ   015C
0158:  MOVF   x68,W
015A:  BZ    018C
015C:  MOVLW  10
015E:  MOVWF  x6A
0160:  BCF    FD8.0
0162:  RLCF   x66,F
0164:  RLCF   x67,F
0166:  RLCF   00,F
0168:  RLCF   03,F
016A:  MOVF   x69,W
016C:  SUBWF  03,W
016E:  BNZ   0174
0170:  MOVF   x68,W
0172:  SUBWF  00,W
0174:  BNC   0184
0176:  MOVF   x68,W
0178:  SUBWF  00,F
017A:  BTFSS  FD8.0
017C:  DECF   03,F
017E:  MOVF   x69,W
0180:  SUBWF  03,F
0182:  BSF    FD8.0
0184:  RLCF   01,F
0186:  RLCF   02,F
0188:  DECFSZ x6A,F
018A:  BRA    0160
018C:  RETURN 0
....................  
.................... #list 
....................  
.................... #device     adc=10 
.................... #fuses      nowdt,put,hs,noprotect,nolvp,cpudiv1 
.................... #use        delay(clock=20000000) 
*
005A:  CLRF   FEA
005C:  MOVLW  67
005E:  MOVWF  FE9
0060:  MOVF   FEF,W
0062:  BZ    007E
0064:  MOVLW  06
0066:  MOVWF  01
0068:  CLRF   00
006A:  DECFSZ 00,F
006C:  BRA    006A
006E:  DECFSZ 01,F
0070:  BRA    0068
0072:  MOVLW  7B
0074:  MOVWF  00
0076:  DECFSZ 00,F
0078:  BRA    0076
007A:  DECFSZ FEF,F
007C:  BRA    0064
007E:  RETURN 0
.................... #use        i2c(master,slow,sda=pin_b0,scl=pin_b1) 
....................  
.................... //#use        rs232(baud=9600, xmit=pin_c6,rcv=pin_c7) 
.................... //nut nhan: 
.................... #define  bt0     pin_b5 
.................... #define  bt1     pin_b4 
.................... #define  bt2     pin_b3 
.................... #define  bt3     pin_b2 
....................  
.................... #define  on      bt0       //dk led don, motor 
.................... #define  off     bt1 
.................... #define  inv     bt2 
....................  
.................... #define  up      bt0    //dk led don 
.................... #define  dw      bt1 
.................... #define  clr     bt2 
.................... #define  mod     bt3 
....................  
.................... #define  stop    bt3 
....................  
.................... #define  on1     bt0      
.................... #define  off1    bt1 
.................... #define  on2     bt2        
.................... #define  off2    bt3 
....................  
....................  
.................... #define     trigger      pin_e2 
.................... #define     echo         pin_e1 
.................... //   ic74138_a    pin_b6   //output giai ma 2 sang 4 tich cuc muc 0 
.................... //   ic74138_b    pin_b7   //output giai ma 2 sang 4 tich cuc muc 0 
....................  
.................... //          encoder  pin_c0   //rc0/t13cki 
....................  
.................... //          cb_kc    pin_a2   //ra2/an2 
.................... //          pir      pin_a3   //ra3/an3 
.................... //          cbxung   pin_a4   //ra4/t0cki 
.................... //          ledthu   pin_a4   //ra4/t0cki//sw802 
....................  
.................... //          cb_kcsa_trigger  pin_e2   //re2/sdo  dung chung 
.................... //          cb_kcsa_rcho     pin_e1   //re1 
....................  
.................... //          cb_tcs3200_out    pin_e1   //re1 //cam bien mau tcs3200 
.................... //          cb_tcs3200_s0     b12      //lay tu mbi5026 
.................... //          cb_tcs3200_s1     b13      //lay tu mbi5026 
.................... //          cb_tcs3200_s2     b14      //lay tu mbi5026 
.................... //          cb_tcs3200_s3     b15      //lay tu mbi5026 
....................  
.................... //          cb_power  sw803 
.................... //          cb_gas      ain3_pcf8591t   //re1 
.................... //          cb_quang    ain2_pcf8591t    
.................... //          cb_lm35b    ain1_pcf8591t   //ra1/an1 
.................... //          cb_lm35a    ain0_pcf8591t   //re1/an0 
....................  
.................... //xxxxxxxxxxxxxxxxxxxxxxxxxxxxxxxxxxxxxxxxxxxxxxxxx 
.................... #define      enable_573a      pin_d1         //cs0 cua a 
.................... #define      enable_573b      pin_d0         //cs1 cua b 
.................... //xxxxxxxxxxxxxxxxxxxxxxxxxxxxxxxxxxxxxxxxxxxxxxxxx 
.................... #define      ssdo             pin_e2         //chung tat ca 
.................... #define      ssck             pin_e0         //chung tat ca 
.................... //xxxxxxxxxxxxxxxxxxxxxxxxxxxxxxxxxxxxxxxxxxxxxxxxx 
.................... #define      rck_4led7doan    pin_d7         //a - 4 byte 
.................... #define      g_4led7doan      pin_d6         //a - 4 byte 
.................... //xxxxxxxxxxxxxxxxxxxxxxxxxxxxxxxxxxxxxxxxxxxx     
.................... #define      rck_matranled    pin_d7         //b - 3 byte dao 
.................... #define      g_matranled      pin_d6         //b - 3 byte dao 
.................... //xxxxxxxxxxxxxxxxxxxxxxxxxxxxxxxxxxxxxxxxxxxxxxxxx 
.................... #define      rck_32led        pin_d5         //a - 4 byte 
.................... #define      g_32led          pin_d4         //a - 4 byte 
.................... //xxxxxxxxxxxxxxxxxxxxxxxxxxxxxxxxxxxxxxxxxxxx  
.................... #define      rck_8ledquet     pin_d5         //b - 2 byte dao 
.................... #define      g_8ledquet       pin_d4         //b - 2 byte dao 
.................... //xxxxxxxxxxxxxxxxxxxxxxxxxxxxxxxxxxxxxxxxxxxxxxxxx 
.................... #define      rck_lcd20x4      pin_d3         //a - 2 byte dao 
.................... #define      g_lcd20x4         pin_d2         //a - 2 byte dao 
.................... //xxxxxxxxxxxxxxxxxxxxxxxxxxxxxxxxxxxxxxxxxxxx  
.................... #define      rck_buzerelay    pin_d3     //b - 1 byte  
.................... #define      g_buzerelay      pin_d2         //b - 1 byte  
....................  
.................... void xuat_lcd20x4(unsigned int8 lcd_signal,lcd_ins_hthi); 
....................  
.................... void xuat_buzzer_relay(); 
.................... //xxxxxxxxxxxxxxxxxxxxxxxxxxxxxxxxxxxxxxxxxxxx    
.................... #define     chot_2_ic_74573_a_b  output_d(0xfc) 
....................  
.................... unsigned int8 tin_hieu_dk_74573_a; 
.................... #bit g_4a         = tin_hieu_dk_74573_a.6 
.................... #bit g_32a        = tin_hieu_dk_74573_a.4 
.................... #bit g_lcda       = tin_hieu_dk_74573_a.2 
.................... //xxxxxxxxxxxxxxxxxxxxxxxxxxxxxxxxxxxxxxxxxxxx          
.................... #define     mo_32_led_don        g_32a=0; //output_low(g_32led)  
.................... #define     tat_32_led_don       g_32a=1; //output_high(g_32led)  
.................... //xxxxxxxxxxxxxxxxxxxxxxxxxxxxxxxxxxxxxxxxxxxx          
.................... #define     mo_4_led_7doan       g_4a=0;  //output_low(g_4led7doan) 
.................... #define     tat_4_led_7doan      g_4a=1;  //output_high(g_4led7doan) 
.................... //xxxxxxxxxxxxxxxxxxxxxxxxxxxxxxxxxxxxxxxxxxxx  
.................... #define     mo_glcd_lcd           g_lcda=0;   //output_low(g_lcd20x4) 
.................... #define     tat_glcd_lcd          g_lcda=1;   // output_low(g_lcd20x4) 
....................  
.................... unsigned int8 tin_hieu_dk_74573_b;   
.................... #bit g_mtb        = tin_hieu_dk_74573_b.6 
.................... #bit g_8b         = tin_hieu_dk_74573_b.4 
.................... #bit g_rbdcb      = tin_hieu_dk_74573_b.2 
.................... //xxxxxxxxxxxxxxxxxxxxxxxxxxxxxxxxxxxxxxxxxxxx  
.................... #define     mo_led_matran        g_mtb=0; //output_low(g_matranled) 
.................... #define     tat_led_matran       g_mtb=1; //output_low(g_matranled) 
.................... //xxxxxxxxxxxxxxxxxxxxxxxxxxxxxxxxxxxxxxxxxxxx        
.................... #define     mo_8_led_quet        g_8b=0;  //output_low(g_8ledquet) 
.................... #define     tat_8_led_quet       g_8b=1;  //output_low(g_8ledquet) 
.................... //xxxxxxxxxxxxxxxxxxxxxxxxxxxxxxxxxxxxxxxxxxxx          
.................... #define     mo_relay_buzzer_dc   g_rbdcb=0;  //output_low(g_buzerelay) 
.................... #define     tat_relay_buzzer_dc  g_rbdcb=1;  //output_low(g_buzerelay) 
....................  
.................... //xxxxxxxxxxxxxxxxxxxxxxxxxxxxxxxxxxxxxxxxxxxx 
.................... //chuong trinh kiem tra phim bt1 
.................... //xxxxxxxxxxxxxxxxxxxxxxxxxxxxxxxxxxxxxxxxxxxx 
.................... unsigned int8 dl_btn=0; 
.................... int1 phim_bt0(unsigned int16 dl) 
.................... {   
....................     if (!input(bt0)) 
....................     {   
....................       dl_btn++; 
....................        
....................       if (dl_btn>= dl) 
....................          { 
....................             dl_btn =0; 
....................             return(1); 
....................          } 
....................       else return(0); 
....................     } 
....................     else    return(0); 
.................... }  
.................... //xxxxxxxxxxxxxxxxxxxxxxxxxxxxxxxxxxxxxxxxxxxx 
.................... //chuong trinh kiem tra phim bt1 
.................... //xxxxxxxxxxxxxxxxxxxxxxxxxxxxxxxxxxxxxxxxxxxx 
.................... int1 phim_bt1(unsigned int16 dl ) 
.................... {   
....................     if (!input(bt1)) 
....................     {   
....................       dl_btn++; 
....................        
....................       if (dl_btn>= dl) 
....................          { 
....................             dl_btn =0; 
....................             return(1); 
....................          } 
....................       else return(0); 
....................     } 
....................     else    return(0); 
.................... }  
.................... //xxxxxxxxxxxxxxxxxxxxxxxxxxxxxxxxxxxxxxxxxxxx 
.................... //chuong trinh kiem tra phim bt2       
.................... //xxxxxxxxxxxxxxxxxxxxxxxxxxxxxxxxxxxxxxxxxxxx                                     
.................... int1 phim_bt2(unsigned int16 dl ) 
.................... {                                         
....................     if (!input(bt2)) 
....................     {   
....................       dl_btn++; 
....................        
....................       if (dl_btn>= dl) 
....................          { 
....................             dl_btn =0; 
....................             return(1); 
....................          } 
....................       else return(0); 
....................     } 
....................     else    return(0); 
....................                                           
.................... }       
....................  
.................... //xxxxxxxxxxxxxxxxxxxxxxxxxxxxxxxxxxxxxxxxxxxx 
.................... //chuong trinh kiem tra phim bt3 
.................... //xxxxxxxxxxxxxxxxxxxxxxxxxxxxxxxxxxxxxxxxxxxx 
.................... int1 phim_bt3(unsigned int16 dl,  unsigned int8 solan  ) 
.................... {   
....................     if (!input(bt3)) 
....................     {   
....................       dl_btn++; 
....................       if(dl_btn==1) return(1); 
....................       else 
....................       { 
....................          if (dl_btn>= dl) 
....................          dl_btn =solan; 
....................       } 
....................     } 
....................     else    
....................     { 
....................       //dl_btn =0; 
....................       return(0); 
....................     } 
.................... }  
.................... //xxxxxxxxxxxxxxxxxxxxxxxxxxxxxxxxxxxxxxxxxxxx 
.................... //khai bao du lieu 16 bit cho module relay, triac, buzzer, dong co 
.................... //xxxxxxxxxxxxxxxxxxxxxxxxxxxxxxxxxxxxxxxxxxxx 
.................... unsigned int16 rbdc; 
.................... #bit step_motor_enable  = rbdc.0    //1=ena,0=dis 
.................... #bit step_motor_in1     = rbdc.1     
.................... #bit step_motor_in2     = rbdc.2 
.................... #bit step_motor_in3     = rbdc.3 
.................... #bit step_motor_in4     = rbdc.4 
.................... #bit dc_enable          = rbdc.5    //1=ena,0=dis 
.................... #bit pwrkey             = rbdc.6    //khoi tao sim900 
....................  
.................... #bit buzzer             = rbdc.8    //1=on,0=off 
.................... #bit triac_1            = rbdc.9    //1=on,0=off 
.................... #bit triac_2            = rbdc.10   //1=on,0=off 
.................... #bit relay_1            = rbdc.11   //0=on,1=off 
.................... #bit relay_2            = rbdc.12   //0=on,1=off 
....................  
.................... //ham 103 
.................... //xxxxxxxxxxxxxxxxxxxxxxxxxxxxxxxxxxxxxxxxxxxx 
.................... //chuong trinh con khoi tao ic chot 
.................... //xxxxxxxxxxxxxxxxxxxxxxxxxxxxxxxxxxxxxxxxxxxx          
.................... #define     cho_ic_74573_a_goi_du_lieu     output_high(enable_573a) 
.................... #define     chot_ic_74573_a_goi_du_lieu    output_low(enable_573a) 
....................  
.................... #define     cho_ic_74573_b_goi_du_lieu     output_high(enable_573b) 
.................... #define     chot_ic_74573_b_goi_du_lieu    output_low(enable_573b) 
.................... void mo_ic_74573_a_thong_dl(); 
....................  
.................... //xxxxxxxxxxxxxxxxxxxxxxxxxxxxxxxxxxxxxxxxxxxx    
.................... const unsigned char ma7doan[16]= {0xc0,0xf9,0xa4,0xb0,0x99,0x92,0x82,0xf8, 
.................... 0x80,0x90,0x88, 0x83, 0xc6, 0xa1, 0x86, 0x8e}; 
.................... #define     maso0    0xc0 
.................... #define     maso1    0xf9 
.................... #define     maso2    0xa4 
.................... #define     maso3    0xb0 
.................... #define     maso4    0x99 
.................... #define     maso5    0x92 
.................... #define     maso6    0x82 
.................... #define     maso7    0xf8 
....................  
.................... //xxxxxxxxxxxxxxxxxxxxxxxxxxxxxxxxxxxxxxxxxxxx  
.................... //ham 102 
.................... //xxxxxxxxxxxxxxxxxxxxxxxxxxxxxxxxxxxxxxxxxxxx     
.................... //xuat 1 byte ra thanh ghi dich 
.................... //xxxxxxxxxxxxxxxxxxxxxxxxxxxxxxxxxxxxxxxxxxxx     
.................... void xuat_1byte(unsigned int8 bytexuat) 
.................... { 
....................    unsigned int8   sb,x;    
....................    #bit bseri  = x.7 
....................    x = bytexuat; 
0080:  MOVFF  78,7A
....................    for (sb=0;sb<8;sb++) 
0084:  CLRF   x79
0086:  MOVF   x79,W
0088:  SUBLW  07
008A:  BNC   00A8
....................       {                                                  
....................          output_bit(ssdo,bseri);     
008C:  BTFSC  x7A.7
008E:  BRA    0094
0090:  BCF    F8D.2
0092:  BRA    0096
0094:  BSF    F8D.2
0096:  BCF    F96.2
....................          output_low(ssck); output_high(ssck); 
0098:  BCF    F96.0
009A:  BCF    F8D.0
009C:  BCF    F96.0
009E:  BSF    F8D.0
....................          x= x<<1;          
00A0:  BCF    FD8.0
00A2:  RLCF   x7A,F
00A4:  INCF   x79,F
00A6:  BRA    0086
....................      } 
00A8:  RETURN 0
.................... } 
.................... //xxxxxxxxxxxxxxxxxxxxxxxxxxxxxxxxxxxxxxxxxxxx  
.................... //ham 301 
.................... //xxxxxxxxxxxxxxxxxxxxxxxxxxxxxxxxxxxxxxxxxxxx 
.................... //chuong trinh con xuat 4 byte ra 32 led don 
.................... //xxxxxxxxxxxxxxxxxxxxxxxxxxxxxxxxxxxxxxxxxxxx 
.................... void xuat_32led_don_4byte(unsigned int8 bld3,bld2,bld1,bld0) 
.................... {      
....................       xuat_1byte(bld3);           
*
00D8:  MOVFF  74,78
00DC:  RCALL  0080
....................       xuat_1byte(bld2); 
00DE:  MOVFF  75,78
00E2:  RCALL  0080
....................       xuat_1byte(bld1);           
00E4:  MOVFF  76,78
00E8:  RCALL  0080
....................       xuat_1byte(bld0);             
00EA:  MOVFF  77,78
00EE:  RCALL  0080
....................       mo_32_led_don;       
00F0:  BCF    04.4
....................       mo_ic_74573_a_thong_dl();             
00F2:  RCALL  00AA
....................       output_high(rck_32led);    output_low(rck_32led); 
00F4:  BCF    F95.5
00F6:  BSF    F8C.5
00F8:  BCF    F95.5
00FA:  BCF    F8C.5
....................       chot_ic_74573_a_goi_du_lieu;       
00FC:  BCF    F95.1
00FE:  BCF    F8C.1
0100:  RETURN 0
.................... } 
.................... //ham 302 
.................... //xxxxxxxxxxxxxxxxxxxxxxxxxxxxxxxxxxxxxxxxxxxx 
.................... //chuong trinh con xuat 2 word 16 bitra 32 led don 
.................... //xxxxxxxxxxxxxxxxxxxxxxxxxxxxxxxxxxxxxxxxxxxx 
.................... void xuat_32led_don_2word(unsigned int16 wld1, unsigned int16 wld0) 
.................... {      
....................      unsigned int8  b3,b2,b1,b0; 
....................      b3 = wld1>>8;  b2 = wld1;  
*
02BA:  MOVFF  6D,70
02BE:  MOVFF  6C,71
....................      b1 = wld0>>8;  b0 = wld0; 
02C2:  MOVFF  6F,72
02C6:  MOVFF  6E,73
....................      xuat_32led_don_4byte(b3,b2,b1,b0); 
02CA:  MOVFF  70,74
02CE:  MOVFF  71,75
02D2:  MOVFF  72,76
02D6:  MOVFF  73,77
02DA:  RCALL  00D8
02DC:  RETURN 0
.................... } 
.................... //ham 303 
.................... //xxxxxxxxxxxxxxxxxxxxxxxxxxxxxxxxxxxxxxxxxxxx 
.................... //chuong trinh con xuat 1 double word ra 32 led don 
.................... //xxxxxxxxxxxxxxxxxxxxxxxxxxxxxxxxxxxxxxxxxxxx 
.................... void xuat_32led_don_1dw(unsigned long long dwld) 
.................... {      
....................      unsigned int16  wd1,wd0; 
....................      wd1 = dwld>>16;  wd0 = dwld; 
02DE:  MOVFF  66,68
02E2:  MOVFF  67,69
02E6:  MOVFF  65,6B
02EA:  MOVFF  64,6A
....................      xuat_32led_don_2word(wd1,wd0); 
02EE:  MOVFF  69,6D
02F2:  MOVFF  68,6C
02F6:  MOVFF  6B,6F
02FA:  MOVFF  6A,6E
02FE:  RCALL  02BA
0300:  RETURN 0
.................... } 
....................  
.................... //ham 304 
.................... //xxxxxxxxxxxxxxxxxxxxxxxxxxxxxxxxxxxxxxxxxxxx 
.................... //chuong trinh con mo 32 led don sang 
.................... //xxxxxxxxxxxxxxxxxxxxxxxxxxxxxxxxxxxxxxxxxxxx 
.................... void mo_32led_don() 
.................... {         
....................      xuat_32led_don_1dw(0xffffffff); 
.................... } 
.................... //ham 305 
.................... //xxxxxxxxxxxxxxxxxxxxxxxxxxxxxxxxxxxxxxxxxxxx 
.................... //chuong trinh con tat 32 led don  
.................... //xxxxxxxxxxxxxxxxxxxxxxxxxxxxxxxxxxxxxxxxxxxx 
.................... void tat_32led_don() 
.................... {         
....................      xuat_32led_don_1dw(0); 
.................... } 
.................... //xxxxxxxxxxxxxxxxxxxxxxxxxxxxxxxxxxxxxxxxxxxx     
.................... //xuat 1 bit roi tra lai ket qua sau khi dich di 1 bit 
.................... //xxxxxxxxxxxxxxxxxxxxxxxxxxxxxxxxxxxxxxxxxxxx     
.................... unsigned  int8 xuat_1bit(unsigned int8 bytexuat) 
.................... { 
....................       unsigned int8   xbitx;    
....................       #bit bserix  = xbitx.0 
....................       xbitx = bytexuat; 
....................                                              
....................       output_bit(ssdo,bserix);     
....................       output_low(ssck); output_high(ssck); 
....................       xbitx= xbitx>>1;    
....................       return(xbitx);   
.................... } 
.................... //xxxxxxxxxxxxxxxxxxxxxxxxxxxxxxxxxxxxxxxxxxxx  
.................... //ham 101 
.................... //xxxxxxxxxxxxxxxxxxxxxxxxxxxxxxxxxxxxxxxxxxxx     
.................... //ham khoi tao cac port va ic chot 
.................... //xxxxxxxxxxxxxxxxxxxxxxxxxxxxxxxxxxxxxxxxxxxx     
....................    void set_up_port_ic_chot() 
.................... {      
....................       set_tris_d(0x00);     
*
003C:  MOVLW  00
003E:  MOVWF  F95
....................       set_tris_e(0x00); 
0040:  MOVWF  F96
....................       output_d(0xff); 
0042:  CLRF   F95
0044:  SETF   F8C
....................       tin_hieu_dk_74573_a=0xff;   
0046:  SETF   04
....................       tin_hieu_dk_74573_b=0xff;       
0048:  SETF   05
....................       chot_ic_74573_a_goi_du_lieu; 
004A:  BCF    F95.1
004C:  BCF    F8C.1
....................       chot_ic_74573_b_goi_du_lieu;   
004E:  BCF    F95.0
0050:  BCF    F8C.0
....................       rbdc=0; 
0052:  CLRF   08
0054:  CLRF   07
0056:  GOTO   07EE (RETURN)
.................... } 
.................... //ham 104 
.................... //xxxxxxxxxxxxxxxxxxxxxxxxxxxxxxxxxxxxxxxxxxxx     
.................... //xuat các thieu dieu khien  
.................... //giu nguyen cac trang thai cua 2 module khac 
.................... //xxxxxxxxxxxxxxxxxxxxxxxxxxxxxxxxxxxxxxxxxxxx     
.................... void mo_ic_74573_a_thong_dl() 
.................... {      
....................       output_d(0x00); 
*
00AA:  CLRF   F95
00AC:  CLRF   F8C
....................       output_bit(g_32led,g_32a); 
00AE:  BTFSC  04.4
00B0:  BRA    00B6
00B2:  BCF    F8C.4
00B4:  BRA    00B8
00B6:  BSF    F8C.4
00B8:  BCF    F95.4
....................       output_bit(g_4led7doan,g_4a); 
00BA:  BTFSC  04.6
00BC:  BRA    00C2
00BE:  BCF    F8C.6
00C0:  BRA    00C4
00C2:  BSF    F8C.6
00C4:  BCF    F95.6
....................       output_bit(g_lcd20x4,g_lcda);   
00C6:  BTFSC  04.2
00C8:  BRA    00CE
00CA:  BCF    F8C.2
00CC:  BRA    00D0
00CE:  BSF    F8C.2
00D0:  BCF    F95.2
....................       cho_ic_74573_a_goi_du_lieu; 
00D2:  BCF    F95.1
00D4:  BSF    F8C.1
00D6:  RETURN 0
.................... } 
.................... void mo_ic_74573_b_thong_dl() 
.................... {      
....................       output_d(0x00); 
*
03D0:  CLRF   F95
03D2:  CLRF   F8C
....................       output_bit(g_matranled,g_mtb); 
03D4:  BTFSC  05.6
03D6:  BRA    03DC
03D8:  BCF    F8C.6
03DA:  BRA    03DE
03DC:  BSF    F8C.6
03DE:  BCF    F95.6
....................       output_bit(g_8ledquet,g_8b); 
03E0:  BTFSC  05.4
03E2:  BRA    03E8
03E4:  BCF    F8C.4
03E6:  BRA    03EA
03E8:  BSF    F8C.4
03EA:  BCF    F95.4
....................       output_bit(g_buzerelay,g_rbdcb);  
03EC:  BTFSC  05.2
03EE:  BRA    03F4
03F0:  BCF    F8C.2
03F2:  BRA    03F6
03F4:  BSF    F8C.2
03F6:  BCF    F95.2
....................       cho_ic_74573_b_goi_du_lieu; 
03F8:  BCF    F95.0
03FA:  BSF    F8C.0
03FC:  RETURN 0
.................... } 
.................... //ham 401 
.................... //xxxxxxxxxxxxxxxxxxxxxxxxxxxxxxxxxxxxxxxxxxxx 
.................... //chuong trinh con xuat 4 byte ra 4 led 7 doan 
.................... //xxxxxxxxxxxxxxxxxxxxxxxxxxxxxxxxxxxxxxxxxxxx 
.................... void xuat_4led_7doan_4so(unsigned int bl743,bl742,bl741,bl740) 
.................... {      
....................       xuat_1byte(bl740);   xuat_1byte(bl741); 
*
018E:  MOVFF  67,78
0192:  RCALL  0080
0194:  MOVFF  66,78
0198:  RCALL  0080
....................       xuat_1byte(bl742);   xuat_1byte(bl743); 
019A:  MOVFF  65,78
019E:  RCALL  0080
01A0:  MOVFF  64,78
01A4:  RCALL  0080
....................        
....................       mo_4_led_7doan; 
01A6:  BCF    04.6
....................       mo_ic_74573_a_thong_dl(); 
01A8:  RCALL  00AA
....................         
....................       output_low(rck_4led7doan);   output_high(rck_4led7doan);  
01AA:  BCF    F95.7
01AC:  BCF    F8C.7
01AE:  BCF    F95.7
01B0:  BSF    F8C.7
....................       chot_ic_74573_a_goi_du_lieu; 
01B2:  BCF    F95.1
01B4:  BCF    F8C.1
01B6:  GOTO   02B6 (RETURN)
.................... } 
.................... //ham 404 
.................... void xuat_4led_7doan_3so(unsigned int bl742,bl741,bl740) 
.................... {      
....................      xuat_4led_7doan_4so(0xff,bl742,bl741,bl740); 
.................... } 
.................... //ham 403 
.................... void xuat_4led_7doan_2so(unsigned int bl741,bl740) 
.................... {      
....................      xuat_4led_7doan_4so(0xff,0xff,bl741,bl740); 
.................... } 
.................... //ham 402 
.................... void xuat_4led_7doan_1so(unsigned int bl740) 
.................... {      
....................      xuat_4led_7doan_4so(0xff,0xff,0xff,bl740); 
.................... } 
....................  
.................... //ham 405 
.................... //xxxxxxxxxxxxxxxxxxxxxxxxxxxxxxxxxxxxxxxxxxxxxxxxxxxxxxxxxxxxx 
.................... //chuong trinh con hien thi du lieu 16 bit tren 4 led 7 doan 
.................... //xxxxxxxxxxxxxxxxxxxxxxxxxxxxxxxxxxxxxxxxxxxxxxxxxxxxxxxxxxxxx 
.................... unsigned char donvi4,chuc4,tram4,ngan4; 
.................... void  xuat_4led_7doan_giaima_xoa_so0 (unsigned int16 tam) 
.................... {          
....................       donvi4 = ma7doan[tam %10];          
01BA:  MOVFF  63,67
01BE:  MOVFF  62,66
01C2:  CLRF   x69
01C4:  MOVLW  0A
01C6:  MOVWF  x68
01C8:  RCALL  014C
01CA:  MOVFF  00,64
01CE:  MOVFF  03,65
01D2:  MOVFF  03,03
01D6:  MOVF   00,W
01D8:  RCALL  0004
01DA:  MOVWF  09
....................       chuc4  = ma7doan[tam/10%10]; 
01DC:  MOVFF  63,67
01E0:  MOVFF  62,66
01E4:  CLRF   x69
01E6:  MOVLW  0A
01E8:  MOVWF  x68
01EA:  RCALL  014C
01EC:  MOVFF  02,65
01F0:  MOVFF  01,64
01F4:  MOVFF  02,67
01F8:  MOVFF  01,66
01FC:  CLRF   x69
01FE:  MOVLW  0A
0200:  MOVWF  x68
0202:  RCALL  014C
0204:  MOVFF  00,64
0208:  MOVFF  03,65
020C:  MOVFF  03,03
0210:  MOVF   00,W
0212:  RCALL  0004
0214:  MOVWF  0A
....................       tram4  = ma7doan[tam/100%10];  
0216:  MOVFF  63,67
021A:  MOVFF  62,66
021E:  CLRF   x69
0220:  MOVLW  64
0222:  MOVWF  x68
0224:  RCALL  014C
0226:  MOVFF  02,65
022A:  MOVFF  01,64
022E:  MOVFF  02,67
0232:  MOVFF  01,66
0236:  CLRF   x69
0238:  MOVLW  0A
023A:  MOVWF  x68
023C:  RCALL  014C
023E:  MOVFF  00,64
0242:  MOVFF  03,65
0246:  MOVFF  03,03
024A:  MOVF   00,W
024C:  RCALL  0004
024E:  MOVWF  0B
....................       ngan4  = ma7doan[tam/1000%10];        
0250:  MOVFF  63,67
0254:  MOVFF  62,66
0258:  MOVLW  03
025A:  MOVWF  x69
025C:  MOVLW  E8
025E:  MOVWF  x68
0260:  RCALL  014C
0262:  MOVFF  02,65
0266:  MOVFF  01,64
026A:  MOVFF  02,67
026E:  MOVFF  01,66
0272:  CLRF   x69
0274:  MOVLW  0A
0276:  MOVWF  x68
0278:  RCALL  014C
027A:  MOVFF  00,64
027E:  MOVFF  03,65
0282:  MOVFF  03,03
0286:  MOVF   00,W
0288:  RCALL  0004
028A:  MOVWF  0C
....................       if (ngan4==0xc0) 
028C:  MOVF   0C,W
028E:  SUBLW  C0
0290:  BNZ   02A4
....................       { 
....................          ngan4=0xff; 
0292:  SETF   0C
....................          if (tram4==0xc0) 
0294:  MOVF   0B,W
0296:  SUBLW  C0
0298:  BNZ   02A4
....................          { 
....................             tram4=0xff; 
029A:  SETF   0B
....................             if (chuc4==0xc0)   chuc4=0xff; 
029C:  MOVF   0A,W
029E:  SUBLW  C0
02A0:  BNZ   02A4
02A2:  SETF   0A
....................          } 
....................       } 
....................       xuat_4led_7doan_4so(ngan4,tram4,chuc4,donvi4);    
02A4:  MOVFF  0C,64
02A8:  MOVFF  0B,65
02AC:  MOVFF  0A,66
02B0:  MOVFF  09,67
02B4:  BRA    018E
02B6:  GOTO   0838 (RETURN)
.................... } 
.................... unsigned int8 lcddata=0;  
.................... unsigned int8 lcdcontrol=0; 
.................... unsigned int8 glcddata=0; 
.................... unsigned int8 glcdcontrol=0;  
.................... //ham 701 
.................... //xxxxxxxxxxxxxxxxxxxxxxxxxxxxxxxxxxxxxxxxxxxxxxxxxxxxxxxxxxxxx 
.................... //chuong trinh con xuat du lieu 4 byte ra glcd va lcd 
.................... //xxxxxxxxxxxxxxxxxxxxxxxxxxxxxxxxxxxxxxxxxxxxxxxxxxxxxxxxxxxxx 
.................... void xuat_glcd_lcd() 
.................... {       
....................     xuat_1byte(glcdcontrol);              
....................     xuat_1byte(glcddata); 
....................     xuat_1byte(lcdcontrol);        
....................     xuat_1byte(lcddata);       
....................        
....................     mo_glcd_lcd; 
....................     mo_ic_74573_a_thong_dl();             
....................     output_high(rck_lcd20x4);      
....................     output_low(rck_lcd20x4); 
....................     chot_ic_74573_a_goi_du_lieu; 
.................... } 
.................... //ham 702 
.................... void xuat_lcd20x4(unsigned int8 lcd_signal,lcd_ins_hthi) 
.................... {      
....................     lcdcontrol = ~lcd_signal; 
....................     lcddata    = ~lcd_ins_hthi;       
....................     xuat_glcd_lcd(); 
.................... } 
.................... //ham 703 
.................... void xuat_glcd128x64(unsigned int8 glcd_signal,glcd_ins_hthi) 
.................... {      
....................     glcdcontrol = ~glcd_signal; 
....................     glcddata    = ~glcd_ins_hthi;      
....................     xuat_glcd_lcd(); 
.................... } 
.................... //ham 501 
.................... //xxxxxxxxxxxxxxxxxxxxxxxxxxxxxxxxxxxxxxxxxxxx 
.................... //chuong trinh con xuat 2 byte ra dk 1 led quet sang 
.................... //xxxxxxxxxxxxxxxxxxxxxxxxxxxxxxxxxxxxxxxxxxxx 
.................... void xuat_8led_7doan_quet_1(unsigned int ma,so_hthi) 
.................... {      
....................       xuat_1byte(~ma);   xuat_1byte(~so_hthi); 
*
0430:  MOVF   x68,W
0432:  MOVWF  x6A
0434:  COMF   x6A,F
0436:  MOVFF  6A,78
043A:  RCALL  0080
043C:  MOVFF  69,6A
0440:  COMF   x6A,F
0442:  MOVFF  6A,78
0446:  RCALL  0080
....................        
....................       mo_8_led_quet; 
0448:  BCF    05.4
....................       mo_ic_74573_b_thong_dl(); 
044A:  RCALL  03D0
....................        
....................       output_high(rck_8ledquet); output_low(rck_8ledquet); 
044C:  BCF    F95.5
044E:  BSF    F8C.5
0450:  BCF    F95.5
0452:  BCF    F8C.5
....................       chot_ic_74573_b_goi_du_lieu; 
0454:  BCF    F95.0
0456:  BCF    F8C.0
0458:  GOTO   0462 (RETURN)
.................... } 
.................... //ham 502 
.................... //xxxxxxxxxxxxxxxxxxxxxxxxxxxxxxxxxxxxxxxxxxxx 
.................... //chuong trinh con xuat 2 byte ra tat 8 led quet 
.................... //xxxxxxxxxxxxxxxxxxxxxxxxxxxxxxxxxxxxxxxxxxxx 
.................... void xuat_8led_7doan_quet_tat_led() 
.................... { 
....................    xuat_8led_7doan_quet_1(0xff,0xff); 
045C:  SETF   x68
045E:  SETF   x69
0460:  BRA    0430
0462:  GOTO   0492 (RETURN)
.................... } 
.................... //ham 503 
.................... //xxxxxxxxxxxxxxxxxxxxxxxxxxxxxxxxxxxxxxxxxxxx 
.................... //chuong trinh con hien thi led theo thu tu 
.................... //xxxxxxxxxxxxxxxxxxxxxxxxxxxxxxxxxxxxxxxxxxxx 
.................... const unsigned char ttledquet[8]= {0x7f,0xbf,0xdf,0xef,0xf7,0xfb,0xfd,0xfe}; 
.................... void xuat_8led_7doan_quet_2(unsigned int thutuled,so_hthi) 
.................... {          
....................       xuat_1byte(~ (ttledquet[thutuled]));   xuat_1byte(~so_hthi);      
*
03FE:  CLRF   03
0400:  MOVF   x69,W
0402:  RCALL  0024
0404:  MOVWF  01
0406:  MOVWF  x6B
0408:  COMF   x6B,F
040A:  MOVFF  6B,78
040E:  RCALL  0080
0410:  MOVFF  6A,6B
0414:  COMF   x6B,F
0416:  MOVFF  6B,78
041A:  RCALL  0080
....................       mo_8_led_quet; 
041C:  BCF    05.4
....................       mo_ic_74573_b_thong_dl(); 
041E:  RCALL  03D0
....................       output_high(rck_8ledquet); output_low(rck_8ledquet); 
0420:  BCF    F95.5
0422:  BSF    F8C.5
0424:  BCF    F95.5
0426:  BCF    F8C.5
....................       chot_ic_74573_b_goi_du_lieu; 
0428:  BCF    F95.0
042A:  BCF    F8C.0
042C:  GOTO   0486 (RETURN)
.................... } 
.................... //ham 504 
.................... //xxxxxxxxxxxxxxxxxxxxxxxxxxxxxxxxxxxxxxxxxxxx 
.................... //chuong trinh con hien thi 8 so tren 8 led quet - co kiem tra 
.................... //xxxxxxxxxxxxxxxxxxxxxxxxxxxxxxxxxxxxxxxxxxxx 
.................... unsigned int8 led_7dq[8]={0xff,0xff,0xff,0xff,0xff,0xff,0xff,0xff}; 
.................... unsigned int8 tt8led=0; 
.................... void hien_thi_8led_7doan_quet() 
.................... {      
....................       for(tt8led=0;tt8led<8;tt8led++) 
....................          if (led_7dq[tt8led]!=0xff) 
....................          {            
....................             xuat_8led_7doan_quet_2(tt8led, led_7dq[tt8led]); 
....................             delay_us(100); 
....................             xuat_8led_7doan_quet_tat_led();            
....................             } 
.................... } 
.................... //ham 505 
.................... //xxxxxxxxxxxxxxxxxxxxxxxxxxxxxxxxxxxxxxxxxxxx 
.................... //chuong trinh con hien thi 8 so tren 8 led quet - khong kiem tra 
.................... //xxxxxxxxxxxxxxxxxxxxxxxxxxxxxxxxxxxxxxxxxxxx 
.................... void hien_thi_8led_7doan_quet_all() 
.................... {      
....................       for(tt8led=0;tt8led<8;tt8led++)          
*
0466:  CLRF   19
0468:  MOVF   19,W
046A:  SUBLW  07
046C:  BNC   0496
....................          {            
....................             xuat_8led_7doan_quet_2(tt8led, led_7dq[tt8led]); 
046E:  CLRF   03
0470:  MOVF   19,W
0472:  ADDLW  11
0474:  MOVWF  FE9
0476:  MOVLW  00
0478:  ADDWFC 03,W
047A:  MOVWF  FEA
047C:  MOVFF  FEF,6A
0480:  MOVFF  19,69
0484:  BRA    03FE
....................             delay_us(100); 
0486:  MOVLW  A6
0488:  MOVWF  00
048A:  DECFSZ 00,F
048C:  BRA    048A
048E:  NOP   
....................             xuat_8led_7doan_quet_tat_led();            
0490:  BRA    045C
0492:  INCF   19,F
0494:  BRA    0468
....................             } 
0496:  GOTO   04A4 (RETURN)
.................... } 
....................  
.................... void delay_quet_8led(unsigned int16 dl) 
.................... {  
....................       unsigned int8 i; 
....................       for (i=0; i<dl;i++) 
....................       hien_thi_8led_7doan_quet_all(); 
.................... }  
....................  
.................... void giai_ma_gan_cho_8led_quet_16_xoa(unsigned int16 x) 
.................... {      
....................       led_7dq[0]= ma7doan [x %10];     
....................       led_7dq[1]= ma7doan [x/10%10]; 
....................       led_7dq[2]= ma7doan [x/100%10];     
....................       led_7dq[3]= ma7doan [x/1000%10]; 
....................       led_7dq[4]= ma7doan [x/10000%10]; 
....................       if (led_7dq[4]==maso0)  
....................       { 
....................             led_7dq[4]=0xff; 
....................             if (led_7dq[3]==maso0)  
....................             { 
....................                led_7dq[3]=0xff; 
....................                if (led_7dq[2]==maso0)  
....................                { 
....................                   led_7dq[2]=0xff; 
....................                   if (led_7dq[1]==maso0)  
....................                   { 
....................                      led_7dq[1]=0xff; 
....................                   } 
....................                } 
....................             } 
....................       } 
....................              
.................... } 
.................... //xxxxxxxxxxxxxxxxxxxxxxxxxxxxxxxxxxxxxxxxxxxx          
.................... void xuat_2byte(unsigned int16 byte2xuat) 
.................... { 
....................    int8 sbb; 
....................    unsigned int16   xx;   //short  bseri; 
....................    #bit bserix  = xx.15 
....................    xx = byte2xuat; 
....................    for (sbb=0;sbb<16;sbb++) 
....................       {                                                  
....................          output_bit(ssdo,bserix);     
....................          output_low(ssck);          
....................          output_high(ssck); 
....................          xx= xx<<1;          
....................      } 
.................... } 
.................... //xxxxxxxxxxxxxxxxxxxxxxxxxxxxxxxxxxxxxxxxxxxx 
.................... //chuong trinh con xuat ra led ma tran 
.................... //xxxxxxxxxxxxxxxxxxxxxxxxxxxxxxxxxxxxxxxxxxxx 
.................... void xuat_matranled(unsigned int16 mahang,unsigned int16 macot1, 
.................... unsigned int16 macot2,unsigned int16 macot3) 
.................... {       
....................       xuat_2byte(macot3); 
....................       xuat_2byte(macot2); 
....................       xuat_2byte(macot1); 
....................       xuat_2byte(mahang); 
....................        
....................       mo_led_matran; 
....................       mo_ic_74573_b_thong_dl(); 
....................        
....................       output_high(rck_matranled); output_low(rck_matranled);  
....................       chot_ic_74573_b_goi_du_lieu; 
.................... } 
.................... //xxxxxxxxxxxxxxxxxxxxxxxxxxxxxxxxxxxxxxxxxxxx 
.................... //chuong trinh con xuat ra led ma tran 
.................... //xxxxxxxxxxxxxxxxxxxxxxxxxxxxxxxxxxxxxxxxxxxx 
.................... void tat_matranled() 
.................... {       
....................       xuat_2byte(0); 
....................       xuat_2byte(0); 
....................       xuat_2byte(0); 
....................       xuat_2byte(0);            
....................       output_high(rck_matranled);  
....................       output_low(rck_matranled); 
.................... } 
.................... unsigned  int8 hieu_chinh_4bit_cao(unsigned int8 xzy) 
.................... { 
....................       int1  btg; 
....................       unsigned int8   bx;    
....................       #bit bit4  = bx.4 
....................       #bit bit5  = bx.5 
....................       #bit bit6  = bx.6 
....................       #bit bit7  = bx.7 
....................       bx=xzy; 
....................       btg=bit4;   bit4=bit7;  bit7=btg; 
....................       btg=bit5;   bit5=bit6;  bit6=btg;       
....................       return(bx);   
.................... } 
.................... //ham 601 
.................... //xxxxxxxxxxxxxxxxxxxxxxxxxxxxxxxxxxxxxxxxxxxxxxxxxxxx 
.................... //module dieu khien relay,triac, buzzer, dong co, sim 
.................... //xxxxxxxxxxxxxxxxxxxxxxxxxxxxxxxxxxxxxxxxxxxxxxxxxxxx 
.................... void xuat_buzzer_relay() 
.................... {      
....................    unsigned int8 rbdc1,rbdc2; 
....................       rbdc1=rbdc; rbdc2=rbdc>>8;       
....................       xuat_1byte(rbdc2);       
....................       xuat_1byte(rbdc1); 
....................       mo_relay_buzzer_dc; 
....................       mo_ic_74573_b_thong_dl(); 
....................        
....................       output_high(rck_buzerelay);   output_low(rck_buzerelay); 
....................       chot_ic_74573_b_goi_du_lieu; 
.................... } 
.................... //ham 602 
.................... //xxxxxxxxxxxxxxxxxxxxxxxxxxxxxxxxxxxxxxxxxxxxxxxxxxxx 
.................... void buzzer_on() 
.................... {     
....................       buzzer=1; 
....................       xuat_buzzer_relay();          
.................... } 
.................... //ham 603 
.................... //xxxxxxxxxxxxxxxxxxxxxxxxxxxxxxxxxxxxxxxxxxxxxxxxxxxx 
.................... void buzzer_off() 
.................... {      
....................       buzzer=0; 
....................       xuat_buzzer_relay(); 
.................... } 
.................... //ham 604 
.................... //xxxxxxxxxxxxxxxxxxxxxxxxxxxxxxxxxxxxxxxxxxxxxxxxxxxx 
.................... void relay_1_on() 
.................... {     
....................       relay_1=1; 
....................       xuat_buzzer_relay();          
.................... } 
.................... //ham 603 
.................... //xxxxxxxxxxxxxxxxxxxxxxxxxxxxxxxxxxxxxxxxxxxxxxxxxxxx 
.................... void relay_1_off() 
.................... {     
....................       relay_1=0; 
....................       xuat_buzzer_relay();          
.................... } 
.................... //ham 604 
.................... //xxxxxxxxxxxxxxxxxxxxxxxxxxxxxxxxxxxxxxxxxxxxxxxxxxxx 
.................... void relay_2_on() 
.................... {     
....................       relay_2=1; 
....................       xuat_buzzer_relay();          
.................... } 
.................... //ham 607 
.................... //xxxxxxxxxxxxxxxxxxxxxxxxxxxxxxxxxxxxxxxxxxxxxxxxxxxx 
.................... void relay_2_off() 
.................... {     
....................       relay_2=0; 
....................       xuat_buzzer_relay();          
.................... } 
.................... //ham 608 
.................... //xxxxxxxxxxxxxxxxxxxxxxxxxxxxxxxxxxxxxxxxxxxxxxxxxxxx 
.................... void relay_1_relay_2_on() 
.................... {     
....................       relay_1=1;  relay_2=1; 
....................       xuat_buzzer_relay();          
.................... } 
.................... //ham 609 
.................... //xxxxxxxxxxxxxxxxxxxxxxxxxxxxxxxxxxxxxxxxxxxxxxxxxxxx 
.................... void relay_1_relay_2_off() 
.................... {     
....................       relay_1=0;  relay_2=0; 
....................       xuat_buzzer_relay();          
.................... } 
.................... //ham 610 
.................... //xxxxxxxxxxxxxxxxxxxxxxxxxxxxxxxxxxxxxxxxxxxxxxxxxxxx 
.................... void triac_1_on() 
.................... {     
....................       triac_1=1; 
....................       xuat_buzzer_relay();          
.................... } 
.................... //ham 611 
.................... //xxxxxxxxxxxxxxxxxxxxxxxxxxxxxxxxxxxxxxxxxxxxxxxxxxxx 
.................... void triac_1_off() 
.................... {     
....................       triac_1=0; 
....................       xuat_buzzer_relay();          
.................... } 
.................... //ham 612 
.................... //xxxxxxxxxxxxxxxxxxxxxxxxxxxxxxxxxxxxxxxxxxxxxxxxxxxx 
.................... void triac_2_on() 
.................... {     
....................       triac_2=1; 
....................       xuat_buzzer_relay();          
.................... } 
.................... //ham 613 
.................... //xxxxxxxxxxxxxxxxxxxxxxxxxxxxxxxxxxxxxxxxxxxxxxxxxxxx 
.................... void triac_2_off() 
.................... {     
....................       triac_2=0; 
....................       xuat_buzzer_relay();          
.................... } 
.................... //xxxxxxxxxxxxxxxxxxxxxxxxxxxxxxxxxxxxxxxxxxxx 
....................  
....................  
....................  
.................... #include "TV_PICKIT2_SHIFT_KEY4X4_138.c" 
.................... const unsigned char maquetkey[4]= {0x3f,0x7f,0xbf,0xff}; 
.................... unsigned int8  mpt1=0,mpt2=0;   
.................... unsigned int key_nhan() 
.................... {     signed int8 maphim,hang,cot; 
....................       maphim=hang=0xff; 
....................       for(cot=0;cot<4;cot++) 
....................             {    
....................                output_b(maquetkey[cot]); 
....................                if         (!input(pin_b2))      {hang=3;   break;} 
....................                else    if (!input(pin_b3))      {hang=2;   break;} 
....................                else    if (!input(pin_b4))      {hang=1;   break;} 
....................                else    if (!input(pin_b5))      {hang=0;   break;} 
....................             }           
....................          if (hang!=0xff)   maphim   = cot*4 + hang; 
....................          return(maphim); 
.................... } 
.................... unsigned int key_4x4_dw() 
.................... {      
....................       mpt1=key_nhan();          
....................       if (mpt1!=0xff)    
....................       {  delay_ms(1);   
....................          mpt1=key_nhan(); 
....................          do{mpt2=key_nhan();} 
....................          while (mpt2==mpt1); 
....................       }              
....................       return(mpt1); 
.................... } 
....................  
.................... unsigned int key_4x4_up() 
.................... {             
....................       mpt1=key_nhan(); 
....................       if (mpt1!=0xff)    
....................       {   
....................          if (mpt1!=mpt2) 
....................             { 
....................                mpt2=mpt1; 
....................                return(mpt1);  //phim moi 
....................             } 
....................          else 
....................          { 
....................             delay_ms(1); 
....................             mpt1=key_nhan(); 
....................             do 
....................             { 
....................                mpt2=key_nhan(); 
....................                } 
....................             while (mpt2!=mpt1); 
.................... 			mpt2=mpt1; 
....................             return(mpt1);     //thoat vi trung ma phim da nhan 
....................                            
....................          } 
....................       }   
....................       else  
....................       { 
.................... 		   mpt2=mpt1; 
....................          return(mpt1);  //thoat vi khong nhan 
....................           
....................       }       
.................... } 
....................  
....................  
....................  
.................... #include "TV_PICKIT2_SHIFT_32LED_DON.c" 
.................... unsigned int32    y=0,yp_chay=1,yt_chay=0x80000000,y_codinh=0; 
.................... unsigned int16 zt,zt_chay_t=0x8000,zt_chay_p=1,zt_codinh=0; 
.................... unsigned int16 zp,zp_chay_t=0x8000,zp_chay_p=1,zp_codinh=0; 
....................  
.................... unsigned int16 tgdlay=0; 
.................... unsigned int8 dem_led=0;  
.................... signed i32=32,j32=0,ttct_td=1,i16=16,j16=0; 
....................  
.................... unsigned int32    za=1,ya=1,xa=0xfffffffe,zb=0x80000000,yb=0x80000000,xb=0x7fffffff;    
.................... signed ia=1,ja=1;   
.................... void reset_toan_bo_bien() 
.................... {  
....................       ttct_td++;     //chuyen chuong trinh cho tu dong 
*
031E:  INCF   41,F
....................       y=0;      yp_chay=1;      yt_chay=0x80000000;      y_codinh=0; 
0320:  CLRF   1F
0322:  CLRF   1E
0324:  CLRF   1D
0326:  CLRF   1C
0328:  CLRF   23
032A:  CLRF   22
032C:  CLRF   21
032E:  MOVLW  01
0330:  MOVWF  20
0332:  MOVLW  80
0334:  MOVWF  27
0336:  CLRF   26
0338:  CLRF   25
033A:  CLRF   24
033C:  CLRF   2B
033E:  CLRF   2A
0340:  CLRF   29
0342:  CLRF   28
....................       zt_chay_t=0x8000;    zt_chay_p=1;   zt_codinh=0; 
0344:  MOVWF  2F
0346:  CLRF   2E
0348:  CLRF   31
034A:  MOVLW  01
034C:  MOVWF  30
034E:  CLRF   33
0350:  CLRF   32
....................       zp_chay_t=0x8000;    zp_chay_p=1;   zp_codinh=0; 
0352:  MOVLW  80
0354:  MOVWF  37
0356:  CLRF   36
0358:  CLRF   39
035A:  MOVLW  01
035C:  MOVWF  38
035E:  CLRF   3B
0360:  CLRF   3A
....................       zt=zp=0; 
0362:  CLRF   35
0364:  CLRF   34
0366:  MOVFF  35,2D
036A:  MOVFF  34,2C
....................       i32=32;j32=0;i16=16,j16=0; 
036E:  MOVLW  20
0370:  MOVWF  3F
0372:  CLRF   40
0374:  MOVLW  10
0376:  MOVWF  42
0378:  CLRF   43
....................       dem_led=0; 
037A:  CLRF   3E
....................        
....................       za=1;    ya=1;    xa=0xfffffffe;     ia=1;    ja=1; 
037C:  CLRF   47
037E:  CLRF   46
0380:  CLRF   45
0382:  MOVLW  01
0384:  MOVWF  44
0386:  CLRF   4B
0388:  CLRF   4A
038A:  CLRF   49
038C:  MOVWF  48
038E:  SETF   4F
0390:  SETF   4E
0392:  SETF   4D
0394:  MOVLW  FE
0396:  MOVWF  4C
0398:  MOVLW  01
039A:  MOVWF  5C
039C:  MOVWF  5D
....................      zb=0x80000000;    yb=0x80000000;    xb=0x7fffffff; 
039E:  MOVLW  80
03A0:  MOVWF  53
03A2:  CLRF   52
03A4:  CLRF   51
03A6:  CLRF   50
03A8:  MOVWF  57
03AA:  CLRF   56
03AC:  CLRF   55
03AE:  CLRF   54
03B0:  MOVLW  7F
03B2:  MOVWF  5B
03B4:  SETF   5A
03B6:  SETF   59
03B8:  SETF   58
....................      tgdlay = 0; 
03BA:  CLRF   3D
03BC:  CLRF   3C
03BE:  RETURN 0
.................... }  
....................  
.................... void tang_dem_led_delay_1(unsigned int8 dl) 
.................... {  
....................       unsigned int8 i; 
....................       for (i=0; i<dl;i++) 
*
049A:  CLRF   x67
049C:  MOVF   x66,W
049E:  SUBWF  x67,W
04A0:  BC    04A8
....................       hien_thi_8led_7doan_quet_all(); 
04A2:  BRA    0466
04A4:  INCF   x67,F
04A6:  BRA    049C
....................       dem_led++; 
04A8:  INCF   3E,F
04AA:  GOTO   04C0 (RETURN)
.................... }  
....................  
.................... void tang_dem_led_delay_0(unsigned int8 dl) 
.................... {  
....................       if (dl>0)      delay_ms(dl);  
*
03C0:  MOVF   x66,F
03C2:  BZ    03CA
03C4:  MOVFF  66,67
03C8:  RCALL  005A
....................       dem_led++; 
03CA:  INCF   3E,F
03CC:  GOTO   04C0 (RETURN)
.................... }  
....................  
.................... void delay_chon(unsigned int8 dl,chondelay) 
.................... {     
....................    if (!chondelay)   tang_dem_led_delay_0(dl); 
*
04AE:  MOVF   x65,F
04B0:  BNZ   04BA
04B2:  MOVFF  64,66
04B6:  BRA    03C0
04B8:  BRA    04C0
....................    else              tang_dem_led_delay_1(dl); 
04BA:  MOVFF  64,66
04BE:  BRA    049A
04C0:  RETURN 0
.................... } 
.................... //xxxxxxxxxxxxxxxxxxxxxxxxxxxxxxxxxxxxxxxxxxxx 
.................... //32 led: sang don  phai sang trai 
.................... //xxxxxxxxxxxxxxxxxxxxxxxxxxxxxxxxxxxxxxxxxxxx 
.................... void diem_sang_dich_trai_mat_dan_32led(unsigned int8 dl,chondelay) 
.................... {        
....................    if(ia<33) 
....................    { 
....................       if(ja>0) 
....................       { 
....................          zb = (zb << 1); 
....................          y = xb|zb;         
....................          xuat_32led_don_1dw(y); 
....................          delay_chon(dl,chondelay); 
....................          ja--; 
....................       } 
....................       else  
....................       { 
....................          ia++; 
....................          ja=ia;       
....................          yb = yb>>1; 
....................          xb = xb>>1; 
....................          zb = yb; 
....................       } 
....................    } 
....................    else reset_toan_bo_bien(); 
.................... }   
.................... //xxxxxxxxxxxxxxxxxxxxxxxxxxxxxxxxxxxxxxxxxxxx 
.................... //32 led: sang don  trai sang phai 
.................... //xxxxxxxxxxxxxxxxxxxxxxxxxxxxxxxxxxxxxxxxxxxx 
.................... void diem_sang_dich_phai_mat_dan_32led(unsigned int8 dl,chondelay) 
.................... {        
....................    if(ia<33) 
....................    { 
....................       if(ja>0) 
....................       { 
....................          za = (za >> 1); 
....................          y = xa|za;         
....................          xuat_32led_don_1dw(y); 
....................          delay_chon(dl,chondelay); 
....................          ja--; 
....................       } 
....................       else  
....................       { 
....................          ia++; 
....................          ja=ia;       
....................          ya = ya<<1; 
....................          xa = xa <<1; 
....................          za = ya; 
....................       } 
....................    } 
....................    else reset_toan_bo_bien(); 
.................... }   
.................... //xxxxxxxxxxxxxxxxxxxxxxxxxxxxxxxxxxxxxxxxxxxx 
.................... //32 led: chop tat  
.................... //xxxxxxxxxxxxxxxxxxxxxxxxxxxxxxxxxxxxxxxxxxxx 
.................... void dao_dl_32bit_va_xuat() 
.................... { 
....................    y=~y; 
*
0302:  COMF   1C,F
0304:  COMF   1D,F
0306:  COMF   1E,F
0308:  COMF   1F,F
....................    xuat_32led_don_1dw(y);  
030A:  MOVFF  1F,67
030E:  MOVFF  1E,66
0312:  MOVFF  1D,65
0316:  MOVFF  1C,64
031A:  RCALL  02DE
031C:  RETURN 0
.................... } 
.................... void sang_tat_32led(unsigned int8 dl,chondelay) 
.................... {         
....................       if (tgdlay==1)          xuat_32led_don_1dw(y);  
*
04C2:  DECFSZ 3C,W
04C4:  BRA    04DE
04C6:  MOVF   3D,F
04C8:  BNZ   04DE
04CA:  MOVFF  1F,67
04CE:  MOVFF  1E,66
04D2:  MOVFF  1D,65
04D6:  MOVFF  1C,64
04DA:  RCALL  02DE
04DC:  BRA    0514
....................       else if (tgdlay==50)    dao_dl_32bit_va_xuat(); 
04DE:  MOVF   3C,W
04E0:  SUBLW  32
04E2:  BNZ   04EC
04E4:  MOVF   3D,F
04E6:  BNZ   04EC
04E8:  RCALL  0302
04EA:  BRA    0514
....................       else if (tgdlay==100)   dao_dl_32bit_va_xuat();           
04EC:  MOVF   3C,W
04EE:  SUBLW  64
04F0:  BNZ   04FA
04F2:  MOVF   3D,F
04F4:  BNZ   04FA
04F6:  RCALL  0302
04F8:  BRA    0514
....................       else if (tgdlay==150)   dao_dl_32bit_va_xuat();                  
04FA:  MOVF   3C,W
04FC:  SUBLW  96
04FE:  BNZ   0508
0500:  MOVF   3D,F
0502:  BNZ   0508
0504:  RCALL  0302
0506:  BRA    0514
....................       else if (tgdlay==200)   
0508:  MOVF   3C,W
050A:  SUBLW  C8
050C:  BNZ   0514
050E:  MOVF   3D,F
0510:  BNZ   0514
....................       { 
.................... //!         ttct_td++;   y=0;        tgdlay=0; 
....................             reset_toan_bo_bien(); 
0512:  RCALL  031E
....................       } 
....................       tgdlay++; 
0514:  INCF   3C,F
0516:  BTFSC  FD8.2
0518:  INCF   3D,F
....................       delay_chon(dl,chondelay); 
051A:  MOVFF  62,64
051E:  MOVFF  63,65
0522:  RCALL  04AE
0524:  RETURN 0
.................... } 
.................... //xxxxxxxxxxxxxxxxxxxxxxxxxxxxxxxxxxxxxxxxxxxx 
.................... //32 led: sang dan roi tat dan tu ngoai vao 
.................... //xxxxxxxxxxxxxxxxxxxxxxxxxxxxxxxxxxxxxxxxxxxx 
.................... void sang_tat_dan_ngoai_vao_32led(unsigned int8 dl,chondelay) 
.................... {   
....................    if (dem_led<16) 
0526:  MOVF   3E,W
0528:  SUBLW  0F
052A:  BNC   0570
....................    {   
....................       xuat_32led_don_2word(zp,zt);         
052C:  MOVFF  35,6D
0530:  MOVFF  34,6C
0534:  MOVFF  2D,6F
0538:  MOVFF  2C,6E
053C:  RCALL  02BA
....................       zp= (zp<<1)+1;  
053E:  BCF    FD8.0
0540:  RLCF   34,W
0542:  MOVWF  x64
0544:  RLCF   35,W
0546:  MOVWF  x65
0548:  MOVLW  01
054A:  ADDWF  x64,W
054C:  MOVWF  34
054E:  MOVLW  00
0550:  ADDWFC x65,W
0552:  MOVWF  35
....................       zt= (zt>>1)+0x8000; 
0554:  BCF    FD8.0
0556:  RRCF   2D,W
0558:  MOVWF  x65
055A:  RRCF   2C,W
055C:  MOVWF  2C
055E:  MOVLW  80
0560:  ADDWF  x65,W
0562:  MOVWF  2D
....................       delay_chon(dl,chondelay); 
0564:  MOVFF  62,64
0568:  MOVFF  63,65
056C:  RCALL  04AE
....................    } 
056E:  BRA    05A2
....................    else  if (dem_led<32) 
0570:  MOVF   3E,W
0572:  SUBLW  1F
0574:  BNC   05A0
....................    {   
....................       xuat_32led_don_2word(zp,zt); 
0576:  MOVFF  35,6D
057A:  MOVFF  34,6C
057E:  MOVFF  2D,6F
0582:  MOVFF  2C,6E
0586:  RCALL  02BA
....................       zp= (zp<<1);  
0588:  BCF    FD8.0
058A:  RLCF   34,F
058C:  RLCF   35,F
....................       zt= (zt>>1); 
058E:  BCF    FD8.0
0590:  RRCF   2D,F
0592:  RRCF   2C,F
....................       delay_chon(dl,chondelay); 
0594:  MOVFF  62,64
0598:  MOVFF  63,65
059C:  RCALL  04AE
....................    } 
059E:  BRA    05A2
....................    else reset_toan_bo_bien(); 
05A0:  RCALL  031E
05A2:  RETURN 0
....................  
.................... }    
.................... //xxxxxxxxxxxxxxxxxxxxxxxxxxxxxxxxxxxxxxxxxxxx 
.................... //32 led: sang dan roi tat dan tu trong ra 
.................... //xxxxxxxxxxxxxxxxxxxxxxxxxxxxxxxxxxxxxxxxxxxx 
.................... void sang_tat_dan_trong_ra_32led(unsigned int8 dl,chondelay) 
.................... {   
....................    if (dem_led<16) 
....................    {    
....................       xuat_32led_don_2word(zp,zt);  
....................       zp= (zp>>1)+0x8000;  
....................       zt= (zt<<1)+1; 
....................       delay_chon(dl,chondelay); 
....................    } 
....................    else  if (dem_led<32) 
....................    {   
....................       xuat_32led_don_2word(zp,zt); 
....................       zp= (zp>>1);  
....................       zt= (zt<<1); 
....................       delay_chon(dl,chondelay); 
....................     } 
....................    else reset_toan_bo_bien(); 
....................          
.................... }    
.................... //xxxxxxxxxxxxxxxxxxxxxxxxxxxxxxxxxxxxxxxxxxxx 
.................... //32 led: 2nhom 16 led sang dan roi tat dan tu phai sang trai 
.................... //xxxxxxxxxxxxxxxxxxxxxxxxxxxxxxxxxxxxxxxxxxxx 
.................... void sang_tat_dan_phai_sang_trai_2x16led(unsigned int8 dl,chondelay) 
.................... {   
....................    if (dem_led<16) 
*
06A6:  MOVF   3E,W
06A8:  SUBLW  0F
06AA:  BNC   06DA
....................    {    
....................       xuat_32led_don_2word(zp,zp); 
06AC:  MOVFF  35,6D
06B0:  MOVFF  34,6C
06B4:  MOVFF  35,6F
06B8:  MOVFF  34,6E
06BC:  RCALL  02BA
....................       zp= (zp>>1)+0x8000; 
06BE:  BCF    FD8.0
06C0:  RRCF   35,W
06C2:  MOVWF  x65
06C4:  RRCF   34,W
06C6:  MOVWF  34
06C8:  MOVLW  80
06CA:  ADDWF  x65,W
06CC:  MOVWF  35
....................       delay_chon(dl,chondelay); 
06CE:  MOVFF  62,64
06D2:  MOVFF  63,65
06D6:  RCALL  04AE
....................    } 
06D8:  BRA    0706
....................    else  if (dem_led<32) 
06DA:  MOVF   3E,W
06DC:  SUBLW  1F
06DE:  BNC   0704
....................    {   
....................       xuat_32led_don_2word(zp,zp); 
06E0:  MOVFF  35,6D
06E4:  MOVFF  34,6C
06E8:  MOVFF  35,6F
06EC:  MOVFF  34,6E
06F0:  RCALL  02BA
....................       zp= (zp>>1); 
06F2:  BCF    FD8.0
06F4:  RRCF   35,F
06F6:  RRCF   34,F
....................       delay_chon(dl,chondelay); 
06F8:  MOVFF  62,64
06FC:  MOVFF  63,65
0700:  RCALL  04AE
....................     } 
0702:  BRA    0706
....................    else reset_toan_bo_bien(); 
0704:  RCALL  031E
0706:  RETURN 0
....................        
.................... }    
.................... //xxxxxxxxxxxxxxxxxxxxxxxxxxxxxxxxxxxxxxxxxxxx 
.................... //32 led: 2nhom 16 led sang dan roi tat dan tu trai sang phai 
.................... //xxxxxxxxxxxxxxxxxxxxxxxxxxxxxxxxxxxxxxxxxxxx 
.................... void sang_tat_dan_trai_sang_phai_2x16led(unsigned int8 dl,chondelay) 
.................... {   
....................    if (dem_led<16) 
....................    {    
....................       xuat_32led_don_2word(zt,zt);   
....................       zt= (zt<<1)+1; 
....................       delay_chon(dl,chondelay); 
....................    } 
....................    else  if (dem_led<32) 
....................    {   
....................       xuat_32led_don_2word(zt,zt); 
....................       zt= (zt<<1); 
....................       delay_chon(dl,chondelay); 
....................     } 
....................    else reset_toan_bo_bien(); 
....................          
.................... }    
.................... //xxxxxxxxxxxxxxxxxxxxxxxxxxxxxxxxxxxxxxxxxxxx 
.................... //32 led: sang dan roi tat dan tu phai sang trai 
.................... //xxxxxxxxxxxxxxxxxxxxxxxxxxxxxxxxxxxxxxxxxxxx 
.................... void sang_tat_dan_pst_32led(unsigned int8 dl,chondelay) 
.................... {         
....................    if (dem_led<32) 
*
0626:  MOVF   3E,W
0628:  SUBLW  1F
062A:  BNC   0674
....................    {   
....................       xuat_32led_don_1dw(y); 
062C:  MOVFF  1F,67
0630:  MOVFF  1E,66
0634:  MOVFF  1D,65
0638:  MOVFF  1C,64
063C:  RCALL  02DE
....................       y= (y<<1)+1; 
063E:  BCF    FD8.0
0640:  RLCF   1C,W
0642:  MOVWF  x65
0644:  RLCF   1D,W
0646:  MOVWF  x66
0648:  RLCF   1E,W
064A:  MOVWF  x67
064C:  RLCF   1F,W
064E:  MOVWF  x68
0650:  MOVLW  01
0652:  ADDWF  x65,W
0654:  MOVWF  1C
0656:  MOVLW  00
0658:  ADDWFC x66,W
065A:  MOVWF  1D
065C:  MOVLW  00
065E:  ADDWFC x67,W
0660:  MOVWF  1E
0662:  MOVLW  00
0664:  ADDWFC x68,W
0666:  MOVWF  1F
....................       delay_chon(dl,chondelay); 
0668:  MOVFF  62,64
066C:  MOVFF  63,65
0670:  RCALL  04AE
....................    } 
0672:  BRA    06A4
....................    else  if (dem_led<64) 
0674:  MOVF   3E,W
0676:  SUBLW  3F
0678:  BNC   06A2
....................    {   
....................       xuat_32led_don_1dw(y);    
067A:  MOVFF  1F,67
067E:  MOVFF  1E,66
0682:  MOVFF  1D,65
0686:  MOVFF  1C,64
068A:  RCALL  02DE
....................       y= (y<<1);  
068C:  BCF    FD8.0
068E:  RLCF   1C,F
0690:  RLCF   1D,F
0692:  RLCF   1E,F
0694:  RLCF   1F,F
....................       delay_chon(dl,chondelay); 
0696:  MOVFF  62,64
069A:  MOVFF  63,65
069E:  RCALL  04AE
....................    }  
06A0:  BRA    06A4
....................    else reset_toan_bo_bien(); 
06A2:  RCALL  031E
06A4:  RETURN 0
....................  
.................... }     
.................... //xxxxxxxxxxxxxxxxxxxxxxxxxxxxxxxxxxxxxxxxxxxx 
.................... //32 led: sang dan roi tat dan tu trai sang phai 
.................... //xxxxxxxxxxxxxxxxxxxxxxxxxxxxxxxxxxxxxxxxxxxx 
.................... void sang_tat_dan_tsp_32led(unsigned int8 dl,chondelay) 
.................... {            
....................       if (dem_led<32) 
....................       {   
....................          xuat_32led_don_1dw(y); 
....................          y= (y>>1)+0x80000000;  
....................          delay_chon(dl,chondelay);       
....................       } 
....................       else 
....................       if (dem_led<64) 
....................       {   
....................          xuat_32led_don_1dw(y);  
....................          y= (y>>1); 
....................          delay_chon(dl,chondelay); 
....................       }  
....................       else reset_toan_bo_bien(); 
....................      
.................... }          
.................... //xxxxxxxxxxxxxxxxxxxxxxxxxxxxxxxxxxxxxxxxxxxx 
.................... //32 led: diem sang di chueyn tu phai sang trai 
.................... //xxxxxxxxxxxxxxxxxxxxxxxxxxxxxxxxxxxxxxxxxxxx 
.................... void diem_sang_di_chuyen_pst_32led(unsigned int8 dl,chondelay) 
.................... {         
....................    if (dem_led==0) 
....................    {   
....................       y=1; 
....................       xuat_32led_don_1dw(y); 
....................       y= (y<<1); 
....................       delay_chon(dl,chondelay); 
....................    } 
....................    else  if (dem_led<33) 
....................    {   
....................       xuat_32led_don_1dw(y);    
....................       y= (y<<1);  
....................       delay_chon(dl,chondelay); 
....................    }  
....................    else  reset_toan_bo_bien(); 
.................... }     
....................  
.................... //xxxxxxxxxxxxxxxxxxxxxxxxxxxxxxxxxxxxxxxxxxxx 
.................... //32 led: diem sang di chueyn tu trai sang phai 
.................... //xxxxxxxxxxxxxxxxxxxxxxxxxxxxxxxxxxxxxxxxxxxx 
.................... void diem_sang_di_chuyen_tsp_32led(unsigned int8 dl,chondelay) 
.................... {         
....................    if (dem_led==0) 
....................    {   
....................       y=0x80000000; 
....................       xuat_32led_don_1dw(y); 
....................       y= (y>>1); 
....................       delay_chon(dl,chondelay); 
....................    } 
....................    else  if (dem_led<33) 
....................    {   
....................       xuat_32led_don_1dw(y);    
....................       y= (y>>1);  
....................       delay_chon(dl,chondelay); 
....................    }  
....................    else reset_toan_bo_bien(); 
....................  
.................... }  
.................... //xxxxxxxxxxxxxxxxxxxxxxxxxxxxxxxxxxxxxxxxxxxx 
.................... //32 led: sang don  phai sang trai 
.................... //xxxxxxxxxxxxxxxxxxxxxxxxxxxxxxxxxxxxxxxxxxxx 
.................... void sang_don_pst_32led(unsigned int8 dl,chondelay) 
.................... {        
....................    if(i32>0) 
*
05A4:  BTFSC  3F.7
05A6:  BRA    0622
05A8:  MOVF   3F,W
05AA:  SUBLW  00
05AC:  BC    0622
....................    { 
....................       if(j32<i32) 
05AE:  MOVF   40,W
05B0:  XORLW  80
05B2:  MOVWF  00
05B4:  MOVF   3F,W
05B6:  XORLW  80
05B8:  SUBWF  00,W
05BA:  BC    05FC
....................       { 
....................          y = y_codinh|yp_chay; 
05BC:  MOVF   28,W
05BE:  IORWF  20,W
05C0:  MOVWF  1C
05C2:  MOVF   29,W
05C4:  IORWF  21,W
05C6:  MOVWF  1D
05C8:  MOVF   2A,W
05CA:  IORWF  22,W
05CC:  MOVWF  1E
05CE:  MOVF   2B,W
05D0:  IORWF  23,W
05D2:  MOVWF  1F
....................          xuat_32led_don_1dw(y); 
05D4:  MOVFF  1F,67
05D8:  MOVFF  1E,66
05DC:  MOVFF  1D,65
05E0:  MOVFF  1C,64
05E4:  RCALL  02DE
....................          delay_chon(dl,chondelay);        
05E6:  MOVFF  62,64
05EA:  MOVFF  63,65
05EE:  RCALL  04AE
....................          yp_chay = yp_chay <<1; 
05F0:  BCF    FD8.0
05F2:  RLCF   20,F
05F4:  RLCF   21,F
05F6:  RLCF   22,F
05F8:  RLCF   23,F
....................          j32++; 
05FA:  INCF   40,F
....................       } 
....................       if (j32==i32)  
05FC:  MOVF   3F,W
05FE:  SUBWF  40,W
0600:  BNZ   0620
....................       { 
....................          i32--; 
0602:  DECF   3F,F
....................          j32=0;          
0604:  CLRF   40
....................          y_codinh=y; 
0606:  MOVFF  1F,2B
060A:  MOVFF  1E,2A
060E:  MOVFF  1D,29
0612:  MOVFF  1C,28
....................          yp_chay = 1; 
0616:  CLRF   23
0618:  CLRF   22
061A:  CLRF   21
061C:  MOVLW  01
061E:  MOVWF  20
....................       } 
....................    } 
0620:  BRA    0624
....................    else reset_toan_bo_bien(); 
0622:  RCALL  031E
0624:  RETURN 0
.................... }    
.................... //xxxxxxxxxxxxxxxxxxxxxxxxxxxxxxxxxxxxxxxxxxxx 
.................... //32 led: sang don  phai sang trai 
.................... //xxxxxxxxxxxxxxxxxxxxxxxxxxxxxxxxxxxxxxxxxxxx 
.................... void sang_don_tsp_32led(unsigned int8 dl,chondelay) 
.................... {        
....................    if(i32>0) 
....................    { 
....................       if(j32<i32) 
....................       { 
....................          y = y_codinh|yt_chay; 
....................          xuat_32led_don_1dw(y); 
....................          delay_chon(dl,chondelay); 
....................          yt_chay = yt_chay >>1; 
....................          j32++; 
....................       } 
....................       if (j32==i32)  
....................       { 
....................          i32--; 
....................          j32=0;          
....................          y_codinh=y; 
....................          yt_chay = 0x80000000; 
....................       } 
....................    } 
....................    else reset_toan_bo_bien(); 
....................  
.................... }   
.................... //xxxxxxxxxxxxxxxxxxxxxxxxxxxxxxxxxxxxxxxxxxxx 
.................... //32 led: sang don  tu ngoai vao 
.................... //xxxxxxxxxxxxxxxxxxxxxxxxxxxxxxxxxxxxxxxxxxxx 
.................... void sang_don_tnt_32led(unsigned int8 dl,chondelay) 
.................... {        
....................    if(i16>0) 
....................    { 
....................       if(j16<i16) 
....................       { 
....................          zp = zp_codinh|zp_chay_p; 
....................          zt = zt_codinh|zt_chay_t; 
....................          xuat_32led_don_2word(zt,zp); 
....................          delay_chon(dl,chondelay); 
....................  
....................          zp_chay_p = zp_chay_p <<1;          
....................          zt_chay_t = zt_chay_t >>1; 
....................          j16++; 
....................       } 
....................       if (j16==i16)  
....................       { 
....................          i16--; 
....................          j16=0;          
....................          zt_codinh=zt;  zp_codinh=zp;          
....................          zp_chay_p = 1;   zt_chay_t = 0x8000; 
....................       } 
....................    } 
....................    else reset_toan_bo_bien(); 
....................  
.................... }    
....................  
.................... //xxxxxxxxxxxxxxxxxxxxxxxxxxxxxxxxxxxxxxxxxxxx 
.................... //32 led: sang don  tu ngoai vao 
.................... //xxxxxxxxxxxxxxxxxxxxxxxxxxxxxxxxxxxxxxxxxxxx 
.................... void sang_don_ttr_32led(unsigned int8 dl,chondelay) 
.................... {        
....................    if(i16>0) 
....................    { 
....................       if(j16<i16) 
....................       { 
....................          zp = zp_codinh|zp_chay_t; 
....................          zt = zt_codinh|zt_chay_p; 
....................          xuat_32led_don_2word(zt,zp); 
....................          delay_chon(dl,chondelay); 
....................          zp_chay_t = zp_chay_t >>1;          
....................          zt_chay_p = zt_chay_p <<1; 
....................          j16++; 
....................       } 
....................       if (j16==i16)  
....................       { 
....................          i16--; 
....................          j16=0;          
....................          zt_codinh=zt;   
....................          zp_codinh=zp; 
....................          zp_chay_t = 0x8000;   zt_chay_p = 1; 
....................       } 
....................    } 
....................    else reset_toan_bo_bien(); 
.................... }    
....................  
.................... #include "18F4550.h" 
.................... //////////// Standard Header file for the PIC18F4550 device //////////////// 
.................... /////////////////////////////////////////////////////////////////////////// 
.................... ////        (C) Copyright 1996, 2014 Custom Computer Services          //// 
.................... //// This source code may only be used by licensed users of the CCS C  //// 
.................... //// compiler.  This source code may only be distributed to other      //// 
.................... //// licensed users of the CCS C compiler.  No other use, reproduction //// 
.................... //// or distribution is permitted without written permission.          //// 
.................... //// Derivative programs created using this software in object code    //// 
.................... //// form are not restricted in any way.                               //// 
.................... /////////////////////////////////////////////////////////////////////////// 
.................... #device PIC18F4550 
....................  
.................... #list 
....................  
....................  
.................... unsigned int16 dem; 
.................... unsigned int flag=0; 
.................... int8 tt = 0; 
....................  
....................  
.................... void phim_on() { 
....................    if(!input(on)){ 
*
0102:  BSF    F93.5
0104:  BTFSC  F81.5
0106:  BRA    0124
....................       delay_ms(20); 
0108:  MOVLW  14
010A:  MOVWF  x67
010C:  RCALL  005A
....................       while (!input(on)) 
010E:  BSF    F93.5
0110:  BTFSC  F81.5
0112:  BRA    011A
....................       flag = 1; 
0114:  MOVLW  01
0116:  MOVWF  x60
0118:  BRA    010E
....................       xuat_32led_don_4byte(0xff,0xff,0xff,0xff); 
011A:  SETF   x74
011C:  SETF   x75
011E:  SETF   x76
0120:  SETF   x77
0122:  RCALL  00D8
....................    } 
0124:  GOTO   07FC (RETURN)
.................... } 
....................  
....................  
....................  
.................... void phim_off() { 
....................    if(!input(off)){ 
0128:  BSF    F93.4
012A:  BTFSC  F81.4
012C:  BRA    0148
....................       delay_ms(20); 
012E:  MOVLW  14
0130:  MOVWF  x67
0132:  RCALL  005A
....................       while (!input(off)) 
0134:  BSF    F93.4
0136:  BTFSC  F81.4
0138:  BRA    013E
....................       flag = 0; 
013A:  CLRF   x60
013C:  BRA    0134
....................       xuat_32led_don_4byte(0,0,0,0); 
013E:  CLRF   x74
0140:  CLRF   x75
0142:  CLRF   x76
0144:  CLRF   x77
0146:  RCALL  00D8
....................    } 
0148:  GOTO   07FE (RETURN)
.................... } 
....................  
....................  
.................... void main() 
*
0708:  CLRF   FF8
070A:  BCF    FD0.7
070C:  BSF    F93.1
070E:  BSF    F93.0
0710:  MOVLW  31
0712:  MOVWF  FC8
0714:  MOVLW  28
0716:  MOVWF  FC6
0718:  BSF    FC7.7
071A:  BCF    FC7.6
071C:  CLRF   06
071E:  CLRF   0D
0720:  CLRF   0E
0722:  CLRF   0F
0724:  CLRF   10
0726:  CLRF   19
0728:  CLRF   1A
072A:  CLRF   1B
072C:  CLRF   1F
072E:  CLRF   1E
0730:  CLRF   1D
0732:  CLRF   1C
0734:  CLRF   23
0736:  CLRF   22
0738:  CLRF   21
073A:  MOVLW  01
073C:  MOVWF  20
073E:  MOVLW  80
0740:  MOVWF  27
0742:  CLRF   26
0744:  CLRF   25
0746:  CLRF   24
0748:  CLRF   2B
074A:  CLRF   2A
074C:  CLRF   29
074E:  CLRF   28
0750:  MOVWF  2F
0752:  CLRF   2E
0754:  CLRF   31
0756:  MOVLW  01
0758:  MOVWF  30
075A:  CLRF   33
075C:  CLRF   32
075E:  MOVLW  80
0760:  MOVWF  37
0762:  CLRF   36
0764:  CLRF   39
0766:  MOVLW  01
0768:  MOVWF  38
076A:  CLRF   3B
076C:  CLRF   3A
076E:  CLRF   3D
0770:  CLRF   3C
0772:  CLRF   3E
0774:  MOVLW  20
0776:  MOVWF  3F
0778:  CLRF   40
077A:  MOVLW  01
077C:  MOVWF  41
077E:  MOVLW  10
0780:  MOVWF  42
0782:  CLRF   43
0784:  CLRF   47
0786:  CLRF   46
0788:  CLRF   45
078A:  MOVLW  01
078C:  MOVWF  44
078E:  CLRF   4B
0790:  CLRF   4A
0792:  CLRF   49
0794:  MOVWF  48
0796:  SETF   4F
0798:  SETF   4E
079A:  SETF   4D
079C:  MOVLW  FE
079E:  MOVWF  4C
07A0:  MOVLW  80
07A2:  MOVWF  53
07A4:  CLRF   52
07A6:  CLRF   51
07A8:  CLRF   50
07AA:  MOVWF  57
07AC:  CLRF   56
07AE:  CLRF   55
07B0:  CLRF   54
07B2:  MOVLW  7F
07B4:  MOVWF  5B
07B6:  SETF   5A
07B8:  SETF   59
07BA:  SETF   58
07BC:  MOVLW  01
07BE:  MOVWF  5C
07C0:  MOVWF  5D
07C2:  CLRF   x60
07C4:  CLRF   x61
07C6:  MOVF   FC1,W
07C8:  ANDLW  C0
07CA:  IORLW  0F
07CC:  MOVWF  FC1
07CE:  MOVLW  07
07D0:  MOVWF  FB4
07D2:  SETF   11
07D4:  SETF   12
07D6:  SETF   13
07D8:  SETF   14
07DA:  SETF   15
07DC:  SETF   16
07DE:  SETF   17
07E0:  SETF   18
.................... { 
....................    setup_timer_0(T0_EXT_L_TO_H|T0_DIV_1); 
07E2:  MOVLW  A8
07E4:  MOVWF  FD5
....................    set_timer0(90); 
07E6:  CLRF   FD7
07E8:  MOVLW  5A
07EA:  MOVWF  FD6
....................    set_up_port_ic_chot(); 
07EC:  BRA    003C
....................    set_tris_b(0x3c); 
07EE:  MOVLW  3C
07F0:  MOVWF  F93
....................    dem = get_timer0(); 
07F2:  MOVF   FD6,W
07F4:  MOVWF  5E
07F6:  MOVFF  FD7,5F
....................    while(TRUE) 
....................    { 
....................       phim_on(); 
07FA:  BRA    0102
....................       phim_off(); 
07FC:  BRA    0128
....................       if (flag==1) { 
07FE:  DECFSZ x60,W
0800:  BRA    083A
....................          if (dem != get_timer0()) { 
0802:  MOVF   FD6,W
0804:  MOVFF  FD7,03
0808:  SUBWF  5E,W
080A:  BNZ   0812
080C:  MOVF   03,W
080E:  SUBWF  5F,W
0810:  BZ    0838
....................             dem = get_timer0(); 
0812:  MOVF   FD6,W
0814:  MOVWF  5E
0816:  MOVFF  FD7,5F
....................             if(dem>=101) {set_timer0(90); dem=0;} 
081A:  MOVF   5F,F
081C:  BNZ   0824
081E:  MOVF   5E,W
0820:  SUBLW  64
0822:  BC    082E
0824:  CLRF   FD7
0826:  MOVLW  5A
0828:  MOVWF  FD6
082A:  CLRF   5F
082C:  CLRF   5E
....................             xuat_4led_7doan_giaima_xoa_so0(dem); 
082E:  MOVFF  5F,63
0832:  MOVFF  5E,62
0836:  BRA    01BA
....................          } 
....................       } 
0838:  BRA    0842
....................       else 
....................       { 
....................         set_timer0(dem); 
083A:  MOVFF  5F,FD7
083E:  MOVFF  5E,FD6
....................       } 
....................       tt = ttct_td; 
0842:  MOVFF  41,61
....................       if(tt==1) sang_tat_32led(10,0); 
0846:  DECFSZ x61,W
0848:  BRA    0852
084A:  MOVLW  0A
084C:  MOVWF  x62
084E:  CLRF   x63
0850:  RCALL  04C2
....................       if(tt==2) sang_tat_dan_ngoai_vao_32led(10,0); 
0852:  MOVF   x61,W
0854:  SUBLW  02
0856:  BNZ   0860
0858:  MOVLW  0A
085A:  MOVWF  x62
085C:  CLRF   x63
085E:  RCALL  0526
....................       if(tt==3) sang_don_pst_32led(10,0); 
0860:  MOVF   x61,W
0862:  SUBLW  03
0864:  BNZ   086E
0866:  MOVLW  0A
0868:  MOVWF  x62
086A:  CLRF   x63
086C:  RCALL  05A4
....................       if(tt==4) sang_tat_dan_pst_32led(10,0); 
086E:  MOVF   x61,W
0870:  SUBLW  04
0872:  BNZ   087C
0874:  MOVLW  0A
0876:  MOVWF  x62
0878:  CLRF   x63
087A:  RCALL  0626
....................       if(tt==5) sang_tat_dan_phai_sang_trai_2x16led(10,0); 
087C:  MOVF   x61,W
087E:  SUBLW  05
0880:  BNZ   088A
0882:  MOVLW  0A
0884:  MOVWF  x62
0886:  CLRF   x63
0888:  RCALL  06A6
....................       if(tt==6) sang_don_pst_32led(10,0); 
088A:  MOVF   x61,W
088C:  SUBLW  06
088E:  BNZ   0898
0890:  MOVLW  0A
0892:  MOVWF  x62
0894:  CLRF   x63
0896:  RCALL  05A4
....................       if(tt==7) sang_don_pst_32led(10,0); 
0898:  MOVF   x61,W
089A:  SUBLW  07
089C:  BNZ   08A6
089E:  MOVLW  0A
08A0:  MOVWF  x62
08A2:  CLRF   x63
08A4:  RCALL  05A4
....................       if(tt==8) sang_tat_32led(10,0); 
08A6:  MOVF   x61,W
08A8:  SUBLW  08
08AA:  BNZ   08B4
08AC:  MOVLW  0A
08AE:  MOVWF  x62
08B0:  CLRF   x63
08B2:  RCALL  04C2
....................       if(tt==9) sang_tat_dan_ngoai_vao_32led(10,0); 
08B4:  MOVF   x61,W
08B6:  SUBLW  09
08B8:  BNZ   08C2
08BA:  MOVLW  0A
08BC:  MOVWF  x62
08BE:  CLRF   x63
08C0:  RCALL  0526
....................       if(tt==10) sang_don_pst_32led(10,0); 
08C2:  MOVF   x61,W
08C4:  SUBLW  0A
08C6:  BNZ   08D0
08C8:  MOVLW  0A
08CA:  MOVWF  x62
08CC:  CLRF   x63
08CE:  RCALL  05A4
....................       if(tt==11) sang_tat_dan_pst_32led(10,0); 
08D0:  MOVF   x61,W
08D2:  SUBLW  0B
08D4:  BNZ   08DE
08D6:  MOVLW  0A
08D8:  MOVWF  x62
08DA:  CLRF   x63
08DC:  RCALL  0626
....................       if(tt==12) sang_tat_dan_phai_sang_trai_2x16led(10,0); 
08DE:  MOVF   x61,W
08E0:  SUBLW  0C
08E2:  BNZ   08EC
08E4:  MOVLW  0A
08E6:  MOVWF  x62
08E8:  CLRF   x63
08EA:  RCALL  06A6
....................       if(tt==13) sang_don_pst_32led(10,0); 
08EC:  MOVF   x61,W
08EE:  SUBLW  0D
08F0:  BNZ   08FA
08F2:  MOVLW  0A
08F4:  MOVWF  x62
08F6:  CLRF   x63
08F8:  RCALL  05A4
....................       if(tt==14) sang_don_pst_32led(10,0); 
08FA:  MOVF   x61,W
08FC:  SUBLW  0E
08FE:  BNZ   0908
0900:  MOVLW  0A
0902:  MOVWF  x62
0904:  CLRF   x63
0906:  RCALL  05A4
....................       if(tt==15) sang_don_pst_32led(10,0); 
0908:  MOVF   x61,W
090A:  SUBLW  0F
090C:  BNZ   0916
090E:  MOVLW  0A
0910:  MOVWF  x62
0912:  CLRF   x63
0914:  RCALL  05A4
....................       if(tt>15) ttct_td =1; 
0916:  MOVF   x61,W
0918:  SUBLW  0F
091A:  BC    0920
091C:  MOVLW  01
091E:  MOVWF  41
0920:  BRA    07FA
....................    } 
.................... } 
....................  
0922:  SLEEP 

Configuration Fuses:
   Word  1: CC27   PLL12 CPUDIV1 USBDIV HS FCMEN IESO
   Word  2: 1E3E   PUT BROWNOUT BORV21 VREGEN NOWDT WDT32768
   Word  3: 8700   CCP2C1 PBADEN LPT1OSC MCLR
   Word  4: 00A1   STVREN NOLVP ICSP2 NOXINST NODEBUG
   Word  5: C00F   NOPROTECT NOCPB NOCPD
   Word  6: E00F   NOWRT NOWRTC NOWRTB NOWRTD
   Word  7: 400F   NOEBTR NOEBTRB
