
ROM used:   354/32768 (1%)
            354/32768 (1%) including unused fragments

            0.2 Average locations per line
            1.4 Average locations per statement

RAM used:   29/2048 (1%) at main() level
            35/2048 (2%) worst case

Stack used: 0 worst case (0 in main + 0 for interrupts)
Stack size: 31

Lines Stmts  %   Files
----- ----- ---  -----
   20    13   5  304.c
  703   244  95  TV_PICKIT2_SHIFT_1.c
  852     0   0  ..\..\..\..\MPLABX\PICC\Devices\18F4550.H
  168     0   0  ..\..\..\..\MPLABX\PICC\Drivers\stdint.h
----- -----
 1743   257 Total

Page ROM  %  RAM    Vol Diff  Functions:
---- --- --- ---    --- ----  ----------
0     40   6    1             @delay_ms1
0     42   6    3    271  4.3  XUAT_1BYTE
0     44   6    4    231  2.3  XUAT_32LED_DON_4BYTE
0     30   4    0    152  1.8  SET_UP_PORT_IC_CHOT
0     48   7    0    119  1.7  MO_IC_74573_A_THONG_DL
0    146  21    2    376  6.6  MAIN
 Inline         0             @cinit1

Program metrics:
    Functions               5
    Statements              257
    Comments                358
    Volume (V)              1668
    Difficulty (D)          16.4
    Effort to implement (E) 27278
    Time to implement (T)   25 minutes
    Est Delivered Bugs (B)  0
    Cyclomatic Complexity   3
    Maintainability (MI)    103

 Segment     Used  Free
-----------  ----  ----
00000-00002     4  0  
00004-07FFE   350  32414  



